ARM GAS  /tmp/ccqlbkPj.s 			page 1


   1              		.cpu cortex-m0
   2              		.fpu softvfp
   3              		.eabi_attribute 20, 1
   4              		.eabi_attribute 21, 1
   5              		.eabi_attribute 23, 3
   6              		.eabi_attribute 24, 1
   7              		.eabi_attribute 25, 1
   8              		.eabi_attribute 26, 1
   9              		.eabi_attribute 30, 2
  10              		.eabi_attribute 34, 0
  11              		.eabi_attribute 18, 4
  12              		.code	16
  13              		.file	"board.c"
  14              		.text
  15              	.Ltext0:
  16              		.section	.gnu.lto_.profile.999abebb1ae46e6,"",%progbits
  17 0000 789C6366 		.ascii	"x\234cf```a\200\000F\006+U\000\001\015\000h"
  17      60606061 
  17      80004606 
  17      2B550001 
  17      0D0068
  18              		.text
  19              		.section	.gnu.lto_.jmpfuncs.999abebb1ae46e6,"",%progbits
  20 0000 789C6366 		.ascii	"x\234cf\300\016x\24143\0203\202\030L@\014\000\001\375"
  20      C00E78A1 
  20      34331033 
  20      82184C40 
  20      0C0001FD 
  21 0014 0017     		.ascii	"\000\027"
  22              		.text
  23              		.section	.gnu.lto_.inline.999abebb1ae46e6,"",%progbits
  24 0000 789C6366 		.ascii	"x\234cf\300\016\\\24043\003\203\262\022#\003\223C\303"
  24      C00E5CA0 
  24      34330383 
  24      B2122303 
  24      9343C3
  25 0013 176606B6 		.ascii	"\027f\006\266\005\362L AF\006V1\240\030\220\005\027"
  25      05F24C20 
  25      41460656 
  25      31A01890 
  25      0517
  26 0025 E182114C 		.ascii	"\341\202\021L\014\314L\250r\014\000\341\034\004\336"
  26      0CCC4CA8 
  26      720C00E1 
  26      1C04DE
  27              		.text
  28              		.section	.gnu.lto_.pureconst.999abebb1ae46e6,"",%progbits
  29 0000 789C6366 		.ascii	"x\234cf```g\200\000f\006)F\011&\006\000\001\234\000"
  29      60606067 
  29      80006606 
  29      29460926 
  29      0600019C 
  30 0015 43       		.ascii	"C"
  31              		.text
  32              		.section	.gnu.lto_stm32_gpio_init.999abebb1ae46e6,"",%progbits
  33 0000 789CA597 		.ascii	"x\234\245\227\333S\024G\024\306\373\364\354\016\263"
  33      DB531447 
ARM GAS  /tmp/ccqlbkPj.s 			page 2


  33      14C6FBF4 
  33      EC0EB3
  34 000f BB444D1E 		.ascii	"\273DM\036\022\213\227\244\364\301\252T\221\207<\247"
  34      128B97A4 
  34      F4C1AA54 
  34      91873CA7 
  35 001f 2A7F80FF 		.ascii	"*\177\200\377D\022S\261|\011V*\257\224\275\\\024\203"
  35      441253B1 
  35      7C09562A 
  35      AF94BD5C 
  35      1483
  36 0031 840DA242 		.ascii	"\204\015\242B(\012!\"r\021\002\032\344\"\311\210\211"
  36      280A2122 
  36      7211021A 
  36      E422C988 
  36      89
  37 0042 20AB5C94 		.ascii	" \253\\\224K\300\313\242\200B\020q\205(\013.\223\356"
  37      4BC0CBA2 
  37      80421071 
  37      85280B2E 
  37      93EE
  38 0054 333DEC2C 		.ascii	"3=\354,YR\314\206*z\231\235\331\357\373\3169\375\353"
  38      5952CC86 
  38      2A7A999D 
  38      D9EFFBCE 
  38      39FDEB
  39 0067 6215F2EF 		.ascii	"b\025\362\357\2374\376\033\332A\310{\374\025\024\002"
  39      9F34FE1B 
  39      DA41C87B 
  39      FC151402 
  40 0077 34D04F88 		.ascii	"4\320O\210_\243\000\342\017\002\344\010\205#0G\303\024"
  40      5FA300E2 
  40      0F02E408 
  40      85233047 
  40      C314
  41 0089 027A7D89 		.ascii	"\002z}\211o_5c\354E\325\330\267\254\370\263\010%d\211"
  41      6F5F3563 
  41      EC45D5D8 
  41      B7ACF8B3 
  41      08256489 
  42 009d 9A3A5003 		.ascii	"\232:P\003\373\010\177(\234\023\035\363\2519\374\241"
  42      FB087F28 
  42      9C131DF3 
  42      A939FCA1 
  43 00ad 5DE63DB8 		.ascii	"]\346=\270\000*\360\327\246wtf\030S\325W\357\271\366"
  43      002AF0D7 
  43      A6777466 
  43      1853D557 
  43      EFB9F6
  44 00c0 5012A1DC 		.ascii	"P\022\241\334\214/n\261\250b\321\304\342\021\213W,\251"
  44      8C2F6EB1 
  44      A862D1C4 
  44      E2118B57 
  44      2CA9
  45 00d2 6221649A 		.ascii	"b!d\232K\210 3\224\212We\002\272[\233C\037\013\321\327"
  45      4B882033 
  45      948A5765 
ARM GAS  /tmp/ccqlbkPj.s 			page 3


  45      02BA5B9B 
  45      431F0BD1 
  46 00e7 5484EAEB 		.ascii	"T\204\352\353\255n\367\314\322\010\245\354l\036s\211"
  46      AD6EF7CC 
  46      D208A5EC 
  46      6C1E7389 
  47 00f7 08A1E981 		.ascii	"\010\241\351\201!\015\337\"\3422\353|e\207V\016e\020"
  47      210DDF22 
  47      E232EB7C 
  47      6587560E 
  47      6510
  48 0109 A10AD442 		.ascii	"\241\012\324B\032\324A\032\336\230Z\375q\306\227^\317"
  48      1AD4411A 
  48      DE985AFD 
  48      71C6975E 
  48      CF
  49 011a 72FC5A84 		.ascii	"r\374Z\204\272\240\036\312\341%V\003\015\220N& {Y5}"
  49      BAA01ECA 
  49      E1255603 
  49      0D904E26 
  49      207B5935 
  50 012f 14D36AFD 		.ascii	"\024\323j\375YY\223[\350\002c+\224\300E\256\303\363"
  50      5959935B 
  50      E802632B 
  50      94C045AE 
  50      C3F3
  51 0141 148178CA 		.ascii	"\024\201x\312\201Qc\314\250\011\322\271\274Pi\005\323"
  51      815163CC 
  51      A809D2B9 
  51      BC506905 
  51      D3
  52 0152 CBED40E8 		.ascii	"\313\355@\350\347\230P\263\231xE&\226B\245\3455\347"
  52      E79850B3 
  52      99784526 
  52      9642A5E5 
  52      35E7
  53 0164 144C6C18 		.ascii	"\024Ll\030\307\242;\011\264$\031\371R\314\351\262\210"
  53      C7A23B09 
  53      B42419F9 
  53      52CCE9B2 
  53      88
  54 0175 ACDA236B 		.ascii	"\254\332#k\333\022\002\241\363KL\247\025\023w\267\016"
  54      DB1202A1 
  54      F34B4CA7 
  54      151377B7 
  54      0E
  55 0186 85A829E3 		.ascii	"\205\250)\343q\220\347\012\352\210m\005m\361\263\362"
  55      7190E70A 
  55      EA886D05 
  55      6DF1B3F2 
  56 0196 72A1A427 		.ascii	"r\241\244'\323\036\223\355\020ez\355e\246n\277\314\316"
  56      D31E93ED 
  56      10657AED 
  56      65A66EBF 
  56      CCCE
  57 01a8 98CE551E 		.ascii	"\230\316U\036o\024\250\0142q\263\373\023\305\007\342"
  57      6F14A80C 
ARM GAS  /tmp/ccqlbkPj.s 			page 4


  57      3271B3FB 
  57      13C507E2 
  58 01b8 13ED8DCB 		.ascii	"\023\355\215\313\267}b6\356\017\304eGQo\211*.U\334\303"
  58      B77D6236 
  58      EE0FC465 
  58      47516F89 
  58      2A2E55DC 
  59 01cd C1F1C50A 		.ascii	"\301\361\305\012eo%cY\223\035\325=\251\254\227\345L"
  59      656F2563 
  59      59931DD5 
  59      3DA9AC97 
  59      E54C
  60 01df 1AC6FB11 		.ascii	"\032\306\373\021\232\002]\240p\260\340W\356\376\233"
  60      9A025DA0 
  60      70B0E057 
  60      EEFE9B
  61 01ee 7037F1D3 		.ascii	"p7\361\323a/\377XW\327\251N\034x\012\007Pw\021\270\306"
  61      612FFF58 
  61      57D7A94E 
  61      1C780A07 
  61      507711B8 
  62 0203 9F18852C 		.ascii	"\237\030\205,\335\350\263zq\264\341A\217Ky\0333\314"
  62      DDE8B37A 
  62      71B4E141 
  62      8F4B791B 
  62      33CC
  63 0215 B5F6BC81 		.ascii	"\265\366\274\201D.\032t't\271\216.\247\013\207\333\224"
  63      442E1A74 
  63      2774B98E 
  63      2EA70B87 
  63      DB94
  64 0227 CC3556C2 		.ascii	"\3145V\302x\327<Q1O;v\036\274\254-,n\343m(\363\007\304"
  64      78D73C51 
  64      314F3B76 
  64      1EBCAC2D 
  64      2C6EE36D 
  65 023f 535EF81D 		.ascii	"S^\370\0352\341\017\331\255\205\351\343\272\302\273"
  65      32E10FD9 
  65      AD85E9E3 
  65      BAC2BB
  66 024e 156093C1 		.ascii	"\025`\223\301\334w#\324\0077\260cR\251i\252\262\304"
  66      DC7723D4 
  66      0737B063 
  66      52A969AA 
  66      B2C4
  67 0260 83FABA22 		.ascii	"\203\372\272\"\262\364@\272\010O\240\0272q\256\341\341"
  67      B2F440BA 
  67      084FA017 
  67      3271AEE1 
  67      E1
  68 0271 2A77DC59 		.ascii	"*w\334Y\243\237\011\202\010'\332\200'\316\022\205\315"
  68      A39F0982 
  68      0827DA80 
  68      27CE1285 
  68      CD
  69 0282 A711DCE4 		.ascii	"\247\021\334\344\022\004\372\260\013\033aS\320\261\271"
  69      1204FAB0 
ARM GAS  /tmp/ccqlbkPj.s 			page 5


  69      0B1B6153 
  69      D0B1B9
  70 0291 287FD5B7 		.ascii	"(\177\325\267\0216U\264\015\2022\354\332\311\366\036"
  70      113655B4 
  70      0D8232EC 
  70      DAC9F61E 
  71 02a1 8A7B64B2 		.ascii	"\212{d\2626W\025\343\275\205a\025S\021nC\272\030X\260"
  71      365715E3 
  71      BD856115 
  71      53116E43 
  71      BA1858B0 
  72 02b5 61B77936 		.ascii	"a\267y6h\004\372\345\376k\036\251rK\303\3559\350\273"
  72      6804FAE5 
  72      FE6B1EA9 
  72      724BC3ED 
  72      39E8BB
  73 02c8 85FE00EA 		.ascii	"\205\376\000\352\273\244\376 \352\207\312\"\347<\022"
  73      BBA4FE20 
  73      EA87CA22 
  73      E73C12
  74 02d7 65C3E028 		.ascii	"e\303\340(\017I\217pr\036w\320\303-=\356\242G\264\372"
  74      0F498F70 
  74      721E77D0 
  74      C32D3DEE 
  74      A247B4FA 
  75 02eb A741D363 		.ascii	"\247A\323c\244n\244\216\277=l\3251\232\224\307\010z"
  75      A46EA48E 
  75      BF3D6CD5 
  75      319A94C7 
  75      087A
  76 02fd A8D26314 		.ascii	"\250\322c\024=N7\226\257\356D\217\212u\336\3011\253"
  76      3D4E3796 
  76      AFEE448F 
  76      8A75DEC1 
  76      31AB
  77 030f 8AE41CFE 		.ascii	"\212\344\034\376D\207\024\3510\216\016\335\013\254\306"
  77      448714E9 
  77      308E0EDD 
  77      0BACC6
  78 031e 6B8E620F 		.ascii	"k\216b\017\201\011\253\204\261\244\014\356\241\201&"
  78      8109AB84 
  78      B1A40CEE 
  78      A18126
  79 032d 0DEEA381 		.ascii	"\015\356\243\201\377|\347\211\0244\340\333\351\201U"
  79      FF7CE789 
  79      1434E0DB 
  79      E98155
  80 033c 4072FA0F 		.ascii	"@r\372\017Q\337#\365C\250?0x=\352B\375\206Z\3775\016"
  80      51DF23F5 
  80      43A83F30 
  80      783DEA42 
  80      FD865AFF 
  81 0352 E1A409F1 		.ascii	"\341\244\011\361\256\244\016\206G\210l\270\245\252\300"
  81      AEA40E86 
  81      47886CB8 
  81      A5AAC0
  82 0361 DCEF2C0F 		.ascii	"\334\357,\017\017\206\3076\315\3301\300J\331Y\232\247"
ARM GAS  /tmp/ccqlbkPj.s 			page 6


  82      0F86C736 
  82      CDD831C0 
  82      4AD9599A 
  82      A7
  83 0372 1BC6A75B 		.ascii	"\033\306\247[\237\001S\377q\006l\206~:1\364\375&\364"
  83      9F0153FF 
  83      71066C86 
  83      7E3A31F4 
  83      FD26F4
  84 0385 3358BC37 		.ascii	"3X\27471\364O,\350\237n\011}9\207\236\247\021%n\011"
  84      31F44F2C 
  84      E89F6E09 
  84      7D39879E 
  84      A711256E 
  85 039a FD2C423F 		.ascii	"\375,B?\207\203\2710\025l\261\017\346\261m0\372\215"
  85      8783B930 
  85      156CB10F 
  85      E6B16D30 
  85      FA8D
  86 03ac BB4FE229 		.ascii	"\273O\342)\377\313\242\\H\300<\216\346V~E)\305\321\350"
  86      FFCBA25C 
  86      48C03C8E 
  86      E6567E45 
  86      29C5D1E8 
  87 03c0 40E0991D 		.ascii	"@\340\231\035s'\026\346\354\027,\314\321\3409\2577\216"
  87      732716E6 
  87      EC172CCC 
  87      D1E039AF 
  87      378E
  88 03d2 69E7828B 		.ascii	"i\347\202\213\026\323(\370\002\023/w\350#om0\315\357"
  88      16D328F8 
  88      02132F77 
  88      E8236F6D 
  88      30CDEF
  89 03e5 85ED4C3B 		.ascii	"\205\355L;\367xi1\215\036K\350qf~\345\262&\317&\336"
  89      F7786931 
  89      8D1E4BE8 
  89      71667EE5 
  89      B226CF26 
  90 03fa AF653BD3 		.ascii	"\257e;\323\316\035\376\266\230F\207W\350\360\312_\367"
  90      CE1DFEB6 
  90      98468757 
  90      E8F0CA5F 
  90      F7
  91 040b 5495FF7A 		.ascii	"T\225\377z\261<\336\372\327v\254\235{\254XX\243G\204"
  91      B13CDEFA 
  91      D776AC9D 
  91      7BAC5858 
  91      A34784
  92 041e B73E8E63 		.ascii	"\267>\216c\347\202\253\026\307(\270\206\241\263\037"
  92      E782AB16 
  92      C728B886 
  92      A1B31F
  93 042d 75464C8E 		.ascii	"uFL\216su\216\321\233\377Cq\024\241\273\330\234\035"
  93      73758ED1 
  93      9BFF4371 
  93      14A1BBD8 
ARM GAS  /tmp/ccqlbkPj.s 			page 7


  93      9C1D
  94 043f DE61521C 		.ascii	"\336aR\034@\212\327\223\246\330p@1\243\011)\0367)\366"
  94      408AD793 
  94      A6D87040 
  94      31A30929 
  94      1E3729F6 
  95 0453 5351BA2F 		.ascii	"SQ\272/1\305YTR\234M\267\242\370\022\247\230\247\021"
  95      31C55954 
  95      529C4DB7 
  95      A2F812A7 
  95      98A711
  96 0466 256E4971 		.ascii	"%nIq\016\025\024\347R1\226\252\201\347\367\275\266\261"
  96      0E1514E7 
  96      523196AA 
  96      81E7F7BD 
  96      B6B1
  97 0478 ACDBC652 		.ascii	"\254\333\306R\226]0\230\032G\361Q*)\026\022p\214\306"
  97      965D3098 
  97      1A47F151 
  97      2A291612 
  97      708CC6
  98 048b 268DD43A 		.ascii	"&\215\324:\2214'\235G%\265(x\234n\242\326\271\340wT"
  98      9134279D 
  98      4725B528 
  98      789C6EA2 
  98      D6B9E077 
  99 04a0 528B82F9 		.ascii	"R\213\202\371Tl\235\371\305\331N\260\250\375\220\300"
  99      546C9DF9 
  99      C5D94EB0 
  99      A8FD90C0 
 100 04b0 096A83D6 		.ascii	"\011j\203\326\271E\001\225\320\242\305\367<s\034\243"
 100      B9450195 
 100      D0A2C5F7 
 100      3C731CA3 
 101 04c0 CE050BA9 		.ascii	"\316\005\013\251d\024\005\003\366\256\216%%\370\003"
 101      64140503 
 101      F6AE8E25 
 101      25F803
 102 04cf 9540A260 		.ascii	"\225@\242`\021\335\004\244s\301\223T\002\211\202\305"
 102      11DD04A4 
 102      73C19354 
 102      028982C5 
 103 04df 52F021F8 		.ascii	"R\360!\370\365+\373qG\022\361\345\022\304\227J\276\353"
 103      F52BFB71 
 103      4712F1E5 
 103      12C4974A 
 103      BEEB
 104 04f1 B52F323E 		.ascii	"\265/2>\377\346\313\217\016\020\367\301\303\2072\016"
 104      FFE6CB8F 
 104      0E10F7C1 
 104      C387320E 
 105 0501 AB0732BE 		.ascii	"\253\0072\276\376\352\320\301\177\000^mK\366"
 105      FEEAD0C1 
 105      7F005E6D 
 105      4BF6
 106              		.text
 107              		.section	.gnu.lto___early_init.999abebb1ae46e6,"",%progbits
ARM GAS  /tmp/ccqlbkPj.s 			page 8


 108 0000 789C758D 		.ascii	"x\234u\215;\012\302P\020E\347N\202\004\323\210\225\270"
 108      3B0AC250 
 108      1045E74E 
 108      8204D388 
 108      95B8
 109 0012 013B37E2 		.ascii	"\001;7\342*\374\364\202}\360\005#XIJ\013\261\020\304"
 109      2AFCF482 
 109      7DF00523 
 109      58494A0B 
 109      B110C4
 110 0025 1FE816D2 		.ascii	"\037\350\026\322+6\0266\242\205Z\010\026\212U\224\240"
 110      2B361636 
 110      A2855A08 
 110      168A5594 
 110      A0
 111 0036 F38C9D38 		.ascii	"\363\214\2358p\231\2019\234k\320\357d%KIR\002\203\300"
 111      70998139 
 111      9C6BD0EF 
 111      64254B49 
 111      520283C0 
 112 004a FE8AC8B5 		.ascii	"\376\212\310\265\030\320\007\201\352\214:\316|c\370"
 112      18D00781 
 112      EA8C3ACE 
 112      7C63F8
 113 0059 C1B463E7 		.ascii	"\301\264c\347\006J\251k\177\237ifB&\272s\254\301\020"
 113      064AA96B 
 113      7F9F6966 
 113      4226BA73 
 113      ACC110
 114 006c 3912E6E6 		.ascii	"9\022\346\346E\033;\341\011\223\212\177\030!\001\331"
 114      451B3BE1 
 114      09938A7F 
 114      182101D9 
 115 007c F374A05E 		.ascii	"\363t\240^\257C\367\2627M\242\243\274\264\377\304\254"
 115      AF43F7B2 
 115      374DA2A3 
 115      BCB4FFC4 
 115      AC
 116 008d B7B14523 		.ascii	"\267\261E#\010\027\320\260\266\364\326\355\031;O\325"
 116      0817D0B0 
 116      B6F4D6ED 
 116      193B4FD5 
 117 009d 5256C8B8 		.ascii	"RV\310\270\263\0100\206C\241\340\032}\330\377H\361b"
 117      B3083086 
 117      43A1E01A 
 117      7DD8FF48 
 117      F162
 118 00af F2257770 		.ascii	"\362%wp\203\250\360!IWBW\011`\225\252\305Z%_\2467C\213"
 118      83A8F021 
 118      49574257 
 118      096095AA 
 118      C55A255F 
 119 00c7 4CCD     		.ascii	"L\315"
 120              		.text
 121              		.section	.gnu.lto_boardInit.999abebb1ae46e6,"",%progbits
 122 0000 789C6366 		.ascii	"x\234cf\300\004R@\\\002\304\\@\314\310\314\300\3104"
 122      C0045240 
ARM GAS  /tmp/ccqlbkPj.s 			page 9


 122      5C02C45C 
 122      40CCC8CC 
 122      C0C834
 123 0013 E11C0343 		.ascii	"\341\034\003C#\007\023##\210\301\300\310P\317\304X\317"
 123      23071323 
 123      2388C1C0 
 123      C850CFC4 
 123      58CF
 124 0025 F892E923 		.ascii	"\370\222\351#\023\343\204\003\253gp\253/mhh\370\320"
 124      13E38403 
 124      AB6770AB 
 124      2F6D6868 
 124      F8D0
 125 0037 F457A255 		.ascii	"\364W\242U\342'\023\003\303g&\2101\214\313\031\325\031"
 125      E2271303 
 125      C3672688 
 125      318CCB19 
 125      D519
 126 0049 806A3EB6 		.ascii	"\200j>\266\374\275\316\315\326\002T#\000\221c\\\301"
 126      FCBDCECD 
 126      D6025423 
 126      0091635C 
 126      C1
 127 005a C8C608A4 		.ascii	"\310\306\010\244\327\013\035h\370\377\177\361\3645\177"
 127      D70B1D68 
 127      F8FF7FF1 
 127      F4357F
 128 0069 5980C24F 		.ascii	"Y\200\302O\200\030d\376S&&\020\315|\217\221\021\244"
 128      801864FE 
 128      53262610 
 128      CD7C8F91 
 128      11A4
 129 007b 1064D213 		.ascii	"\020d\322\023&F\220\020P\001GR~bQ\212^2\003\000[}+\222"
 129      26469010 
 129      50014752 
 129      7E62518A 
 129      5E320300 
 130              		.text
 131              		.section	.gnu.lto_.symbol_nodes.999abebb1ae46e6,"",%progbits
 132 0000 789C4DC8 		.ascii	"x\234M\310\273\011\200@\020\006\341\371w\223\013\254"
 132      BB098040 
 132      1006E1F9 
 132      77930BAC 
 133 0010 CF76F642 		.ascii	"\317v\366BC\033P\016k\271\330\032\254\300G\003\242\240"
 133      431B500E 
 133      6BB9D81A 
 133      ACC04703 
 133      A2A0
 134 0022 82930C7C 		.ascii	"\202\223\014|\016\264\274\331\252\200~\206\010\206\322"
 134      0EB4BCD9 
 134      AA807E86 
 134      0886D2
 135 0031 35D8A6D0 		.ascii	"5\330\246\320'cI\330\256\260?\350P\370\003\344\234p"
 135      276349D8 
 135      AEB03FE8 
 135      50F803E4 
 135      9C70
ARM GAS  /tmp/ccqlbkPj.s 			page 10


 136 0043 C1B49C72 		.ascii	"\301\264\234r9\365>\027n&\031\252"
 136      39F53E17 
 136      6E2619AA 
 137              		.text
 138              		.section	.gnu.lto_.refs.999abebb1ae46e6,"",%progbits
 139 0000 789C6366 		.ascii	"x\234cf```d\200\002\000\000=\000\005"
 139      60606064 
 139      80020000 
 139      3D0005
 140              		.text
 141              		.section	.gnu.lto_.decls.999abebb1ae46e6,"",%progbits
 142 0000 789CAD58 		.ascii	"x\234\255X{P\024G\032\237\236\336]\226\315\002^a%V*"
 142      7B501447 
 142      1A9F9EDE 
 142      5D96CD02 
 142      5E612556 
 143 0015 7547C815 		.ascii	"uG\310\025\225\272\312\271\212\227\344\256\352.\247"
 143      95BACAB9 
 143      8A97E4AE 
 143      EA2EA7
 144 0024 80067326 		.ascii	"\200\006s&P\253\251\324\325\375\261G`\215T\020(X\357"
 144      50ABA9D4 
 144      D5FDB147 
 144      608D5410 
 144      2858EF
 145 0037 CC3F5703 		.ascii	"\314?W\003\213FA\344\241\030\005\324U\300\005y*\017"
 145      8B4641E4 
 145      A11805D4 
 145      55C00579 
 145      2A0F
 146 0049 45141654 		.ascii	"E\024\026TDT\302\205\370H\010\272b\020|B\024|\003\367"
 146      4454C285 
 146      F84808BA 
 146      62107C42 
 146      147C03F7 
 147 005d 75F7EECC 		.ascii	"u\367\356\314\3568$\271\253\233\342\333\351o\372\327"
 147      EE3824B9 
 147      AB9BE2DB 
 147      E96FFAD7 
 148 006d BFFEBABF 		.ascii	"\277\376\272\277G\017\2039\216\3735\342\270i\270\302"
 148      470F8339 
 148      8EFB35E2 
 148      B869B8C2 
 149 007d 66735C2E 		.ascii	"fs\\.\317q*x\026\315I\027\321\253@j@\352@\016r\317_"
 149      CF712A78 
 149      16CD4917 
 149      D1AB406A 
 149      40EA400E 
 150 0094 A4DFCF35 		.ascii	"\244\337\3175\356U\220!\220\357AZA\374A\364 /\301<s"
 150      EE559021 
 150      90EF415A 
 150      41FC41F4 
 150      202FC13C 
 151 00a9 41FE04F2 		.ascii	"A\376\004\362G\220w@^D\254o\000\344\002\310\333\240"
 151      47907740 
 151      5E44AC6F 
 151      00E402C8 
ARM GAS  /tmp/ccqlbkPj.s 			page 11


 151      DBA0
 152 00bb 07820480 		.ascii	"\007\202\004\200\370\222>\220Y \277\000\361\003\371"
 152      F8923E90 
 152      5920BF00 
 152      F103F9
 153 00ca 1DC89B20 		.ascii	"\035\310\233 \274k\316ph\303\037\267\030y\333Cl\305"
 153      BC6BCE70 
 153      68C31FB7 
 153      1879DB43 
 153      6CC5
 154 00dc 2E7B9640 		.ascii	".{\226@_\205\3539v\365U\315\260\016\262>\344\261~\344"
 154      5F85EB39 
 154      76F555CD 
 154      B00EB23E 
 154      E4B17EE4 
 155 00f0 7A26BF7E 		.ascii	"z&\277~\340Qs\315\370\271\027Fx\344\257\013\"\352\221"
 155      E05173CD 
 155      F8B91746 
 155      78E4AF0B 
 155      22EA91
 156 0103 FCAEED1A 		.ascii	"\374\256\355\032P\365:\025Q[\236\016~\255z\251@\200"
 156      50F53A15 
 156      515B9E0E 
 156      7EAD7AA9 
 156      4080
 157 0115 2BD72ACC 		.ascii	"+\327*\314R\241\350\027\221\035\275\214\312\321\313"
 157      52A1E817 
 157      911DBD8C 
 157      CAD1CB
 158 0124 C05A815E 		.ascii	"\300Z\201^\202\337\277\251\030\323D\311\330\200\012"
 158      82DFBFA9 
 158      18D344C9 
 158      D8800A
 159 0133 F388B44B 		.ascii	"\363\210\264K\266_\375Z\367\306~\030\266Ap\364\362\322"
 159      B65FFD5A 
 159      F7C67E18 
 159      B64170F4 
 159      F2D2
 160 0145 74771CBB 		.ascii	"tw\034\2736i\202v\011\216\272\261\346\361n\377\035\202"
 160      36698276 
 160      098EBAB1 
 160      E6F16EFF 
 160      1D82
 161 0157 2D5D989A 		.ascii	"-]\230\232\236F\224\014\355G\030U\2427\250\311\320f"
 161      9E46940C 
 161      ED471855 
 161      A237A8C9 
 161      D066
 162 0169 B657A120 		.ascii	"\266W\241 \030\330\221w\357\016\302\301\224=\363\202"
 162      18D89177 
 162      EF0EC2C1 
 162      943DF382 
 163 0179 FD1DE0B0 		.ascii	"\375\035\340\260\3259\237\2344;2\204g\323\323\230\021"
 163      D5399F9C 
 163      343B3284 
 163      67D3D398 
 163      11
ARM GAS  /tmp/ccqlbkPj.s 			page 12


 164 018a 547B1054 		.ascii	"T{\020T\273\011j(\301\376\3359\347}\260\201\022T\215"
 164      BB096A28 
 164      C1FEDD39 
 164      E77DB081 
 164      12548D
 165 019d B736FB00 		.ascii	"\2676\373\000C]\235m\304\256\351\022\034\323\323\177"
 165      435D9D6D 
 165      C4AEE912 
 165      1CD3D37F 
 166 01ad A6E36B3D 		.ascii	"\246\343k=\306\327\272\307\327\321\361v\373\205j5\376"
 166      C6D7BAC7 
 166      D7D1F176 
 166      FB856A35 
 166      FE
 167 01be 031D7FC3 		.ascii	"\003\035\177\303\352\034#\253p\012c\205\307\357\007"
 167      EA1C23AB 
 167      700A6385 
 167      C7EF07
 168 01cd 6C3F2874 		.ascii	"l?(tP+\020\242,\007<X\016\270Y\016R\226\263\333F\"\351"
 168      502B10A2 
 168      2C073C58 
 168      0EB8590E 
 168      5296B3DB 
 169 01e4 6E3B3021 		.ascii	"n;0!JsT\367\371\320\355\376=Q\013{.nT\343\177\3219\322"
 169      4A7354F7 
 169      F9D0EDFE 
 169      3D510B7B 
 169      2E6E54E3 
 170 01fc F6B56C22 		.ascii	"\366\265l\"]\257\352\350\306])z\\\352KU\022\344\001"
 170      5DAFEAE8 
 170      C65D297A 
 170      5CEA4B55 
 170      12E401
 171 020f E4515BEB 		.ascii	"\344Q[\353\243N\035\316D\024\276i\203\363\264\016o\241"
 171      A34E1DCE 
 171      4414BE69 
 171      83F3B40E 
 171      6FA1
 172 0221 0ADF755D 		.ascii	"\012\337u](\361G!\272Rp\300Xk\331`\244UX\210Z\220\016"
 172      28F14721 
 172      BA5270C0 
 172      586BD960 
 172      A4555888 
 173 0238 358B9651 		.ascii	"5\213\226Q^rm\020\204t\342\\\337.\177N\364-:\202B\000"
 173      5E726D10 
 173      8474E25C 
 173      DF2E7F4E 
 173      F42D3A82 
 174 024e 41B1A809 		.ascii	"A\261\250\011\036\036\202\207@|\362Yk\206\032\351B\224"
 174      1E1E8287 
 174      407CF259 
 174      6B861AE9 
 174      4294
 175 0260 071D5318 		.ascii	"\007\035S\030DM(\376<\377EAP\241\243`\302a\311\004\260"
 175      444D28FE 
 175      3CFF4541 
 175      50A1A360 
ARM GAS  /tmp/ccqlbkPj.s 			page 13


 175      C261C904 
 176 0275 480A8C8E 		.ascii	"H\012\214\216\322\265:\240\265\376<Z\030\221\336{\373"
 176      D2B53AA0 
 176      B5FE3C5A 
 176      1891DE7B 
 176      FB
 177 0286 5A001E65 		.ascii	"Z\000\036e\313\027r\20630\276\307\224\215\371\326a-"
 177      CB177286 
 177      3330BEC7 
 177      948DF9D6 
 177      612D
 178 0298 7EC894D2 		.ascii	"~\310\224\322\202mUj\272\305Z\242\366\225\347n\320\342"
 178      826D556A 
 178      BAC55AA2 
 178      F695E76E 
 178      D0E2
 179 02aa A7ACEF71 		.ascii	"\247\254\357q\317p#\306\031,f\317\014>\272\257\247\300"
 179      CF7023C6 
 179      192C66CF 
 179      0C3EBAAF 
 179      A7C0
 180 02bc 59446DCC 		.ascii	"YDm\314\031\336\255\302\331\254\357\344\305\36574x+"
 180      19DEADC2 
 180      D9ACEFE4 
 180      C5F53734 
 180      782B
 181 02ce 53763C3C 		.ascii	"Sv<<\333\031@\201s\210\372\215\375\363-Z\\\314\372\362"
 181      DB194081 
 181      7388FA8D 
 181      FDF32D5A 
 181      5CCCFAF2 
 182 02e2 CAB6AEE7 		.ascii	"\312\266\256\347q)S\334\271\245g\271\325\326\331\263"
 182      712953DC 
 182      B9A567B9 
 182      D5D6D9B3 
 183 02f2 D71757B0 		.ascii	"\327\027W\260\276\211\211\234t\036W3\245|\260'\337\217"
 183      BE89899C 
 183      741E5733 
 183      A57CB027 
 183      DF8F
 184 0304 025F27EA 		.ascii	"\002_'\352\351\322\242\307\376\270\221\365=\030\376"
 184      E9D2A2C7 
 184      FEB891F5 
 184      3D18FE
 185 0313 D281700B 		.ascii	"\322\201p\013S\256<\274\322\301\342e\036\215\227\307"
 185      53AE3CBC 
 185      D2C1E265 
 185      1E8D97C7 
 186 0323 B5152FE0 		.ascii	"\265\025/\340v\3327\313y\252\366\226/\012\366\270\002"
 186      76DA37CB 
 186      79AAF696 
 186      2F0AF6B8 
 186      02
 187 0334 8343826D 		.ascii	"\203C\202mB\206u,;k\360\275|\253P:\007\265\202\007\332"
 187      4286752C 
 187      3B6BF0BD 
 187      7CAB503A 
ARM GAS  /tmp/ccqlbkPj.s 			page 14


 187      07B58207 
 188 0349 C0035750 		.ascii	"\300\003WP\240\264\301\257\223d\376\015\374p\004m\333"
 188      A0B4C1AF 
 188      9364FE0D 
 188      FC70046D 
 188      DB
 189 035a 58A9E99A 		.ascii	"X\251\351\232G\221\016E\244\035\211\320\"\021\372\245"
 189      47910E45 
 189      A41D89D0 
 189      2211FAA5 
 190 036a 1CDA8364 		.ascii	"\034\332\203d\330l\021\333)\307\236\224cw\210\330\263"
 190      D86C11DB 
 190      29C79E94 
 190      637788D8 
 190      B3
 191 037b 72EC1939 		.ascii	"r\354\03196K\304\036\227c;\344\330\235\"\366+9\366\337"
 191      364BC41E 
 191      97633BE4 
 191      D89D22F6 
 191      2B39F6DF 
 192 038f 72EC2611 		.ascii	"r\354&\021{B\331^i\307\266\213\320nes%h\246\010mW\266"
 192      7B42D95E 
 192      69C7B68B 
 192      D06E6573 
 192      2568A608 
 193 03a6 5682168A 		.ascii	"V\202\026\212\320s\312\233+AsD\350i9\264\313c]y\264"
 193      D073CA9B 
 193      2B417344 
 193      E86939B4 
 193      CB635D79 
 194 03bb 900BC242 		.ascii	"\220\013\302B\013\207\352\001\320@\373\010\034\222\013"
 194      0B87EA01 
 194      D040FB08 
 194      1C920B
 195 03ca 5D853CEB 		.ascii	"]\205<\353C\301\350k\220\357@.\201|\013r\001d\020\344"
 195      43C1E86B 
 195      90EF402E 
 195      817C0B72 
 195      016410E4 
 196 03de 32483FC8 		.ascii	"2H?\310E\220\001\220\363 N\220oP0\315bjI\261hI\257\362"
 196      45900190 
 196      F3204E90 
 196      6F5030CD 
 196      626A49B1 
 197 03f6 0E53A349 		.ascii	"\016S\243IUpNUh\004D \234\273Zr\"\217sse\267^p1\235"
 197      55704E55 
 197      68044420 
 197      9CBB5A72 
 197      228F7373 
 198 0410 525E1365 		.ascii	"R^\023e\202\242\224\267\253\243E\215B\002)\351\256O"
 198      82A294B7 
 198      ABA3458D 
 198      420229E9 
 198      AE4F
 199 0422 B5E87BC0 		.ascii	"\265\350{\3006Je\206\314@/\245\345\243k\260\352\377"
 199      364A6586 
 199      CC402FA5 
ARM GAS  /tmp/ccqlbkPj.s 			page 15


 199      E5A36BB0 
 199      EAFF
 200 0434 D70E404A 		.ascii	"\327\016@J\026\334\265\336\365\321gJ\365\221Z#\235\231"
 200      16DCB5DE 
 200      F5D1674A 
 200      F5915A23 
 200      9D99
 201 0446 43484F8F 		.ascii	"CHO\217\003\270\003\372\311\272\276\365<;\017x2z\333"
 201      03B803FA 
 201      C9BABEF5 
 201      3C3B0F78 
 201      327ADB
 202 0459 FE9138FC 		.ascii	"\376\2218\374\224\345\372T\377\372\014=\336\200\251"
 202      94E5FA54 
 202      FFFA0C3D 
 202      DE80A9
 203 0468 925D5F58 		.ascii	"\222]_X\250\305\233\231\362(\267\254L\205\013\230\322"
 203      A8C59B99 
 203      F228B7AC 
 203      4C850B98 
 203      D2
 204 0479 B2A76254 		.ascii	"\262\247bT\213w2\245\355t\3329\035.aJ\177\376\036\273"
 204      8B7732A5 
 204      ED74DA39 
 204      1D2E614A 
 204      7FFE1EBB 
 205 048d 3FB633A5 		.ascii	"?\2663\245g*\367\236\017\256\304^\245\316\237\225\272"
 205      672AF79E 
 205      0FAEC45E 
 205      A5CE9F95 
 205      BA
 206 049e C28B43E3 		.ascii	"\302\213C\343\230V\025jDAwQ\216\032W3h\356\325\374>"
 206      9856156A 
 206      44417751 
 206      8E1A5733 
 206      68EED5FC 
 207 04b3 156EC25E 		.ascii	"\025n\302^gR\020;\223\276\270\365\250AKUr\000\203'\366"
 207      6752103B 
 207      93BEB8F5 
 207      A8414B55 
 207      72008327 
 208 04c8 0EF45EF5 		.ascii	"\016\364^\365\025\317\235\241\013\257\220\242\377\000"
 208      15CF9DA1 
 208      0BAF90A2 
 208      FF00
 209 04d6 3C784FF2 		.ascii	"<xO\362F\220\347\271\003\345^]\016\265~\024\366g\214"
 209      4690E7B9 
 209      03E55E5D 
 209      0EB57E14 
 209      F6678C
 210 04e9 7863023C 		.ascii	"xc\002<\020\344\252\365\367\341\3418;w\352\007\357f"
 210      10E4AAF5 
 210      F7E1E138 
 210      3B77EA07 
 210      EF66
 211 04fb E9DCC4C5 		.ascii	"\351\334\304\305\2476\323\323\344\021\020\377 \021?"
 211      A736D3D3 
ARM GAS  /tmp/ccqlbkPj.s 			page 16


 211      E41110FF 
 211      20113F
 212 050a 403FCAFC 		.ascii	"@?\312\374P\221\031\035\032\315\031D\270\235\255/k\353"
 212      5091191D 
 212      1ACD1944 
 212      B89DAD2F 
 212      6BEB
 213 051c F8691E9F 		.ascii	"\370i\036\237\244\212*\263\355\350lDj\250\015\370\306"
 213      A48A2AB3 
 213      EDE86C44 
 213      6AA80DF8 
 213      C6
 214 052d 8A724623 		.ascii	"\212rF#\255Va\353\034:\355c\230\366\031\370Ud\227J("
 214      AD5661EB 
 214      1C3AED63 
 214      98F619F8 
 214      5564974A 
 215 0542 0B329BB0 		.ascii	"\0132\233\2600\205\363p\3733W\204M\201\025O!b&\305\234"
 215      3085F370 
 215      FB335784 
 215      4D81154F 
 215      216226C5 
 216 0557 11D26DC7 		.ascii	"\021\322m\307\254\232\362y\224\367\211\"\357(\022s\246"
 216      AC9AF279 
 216      94F78922 
 216      EF281273 
 216      A6
 217 0568 A5046909 		.ascii	"\245\004i\011B\2262`{\367\315\316;\032lUQ\3337M\034"
 217      42963260 
 217      7BF7CDCE 
 217      3B1A6C55 
 217      51DB374D 
 218 057d EAD7C359 		.ascii	"\352\327\303Y0\233\032\357<R\322C\223\211\234\277wa"
 218      309B1AEF 
 218      3C52D243 
 218      93899CBF 
 218      7761
 219 058f 8A747EB6 		.ascii	"\212t~\266r\365\207\031Z\257\251\035\351\314\212\351"
 219      72F58719 
 219      5AAFA91D 
 219      E9CC8AE9 
 220 059f 99A1F9AE 		.ascii	"\231\241\371\256WB\222J\322*\011\230\254\322\312\207"
 220      5742924A 
 220      D22A0998 
 220      ACD2CA87 
 221 05af 20810F46 		.ascii	" \201\017Fi<[%5\275\331\352\003\351\016\220\347m\337"
 221      693C5B25 
 221      35BDD9EA 
 221      03E90E90 
 221      E76DDF
 222 05c2 9B339A15 		.ascii	"\2333\232\0250\0338\323f\344\344\274\010a\314\226K{"
 222      301B38D3 
 222      66E4E4BC 
 222      0861CC96 
 222      4B7B
 223 05d4 A774781D 		.ascii	"\247tx\035]/j\177\322uT\2053\231\"LuM\372\341\\\246"
 223      5D2F6A7F 
ARM GAS  /tmp/ccqlbkPj.s 			page 17


 223      D2755485 
 223      3399224C 
 223      754DFAE1 
 224 05ea EC1CE8BB 		.ascii	"\354\034\350\273\355\207\013\250\242\257\034\373\266"
 224      ED870BA8 
 224      A2AF1CFB 
 224      B6
 225 05f7 524D7CEA 		.ascii	"RM|\352\276Bh\255\251qm\017\2515\267`\315\231\374\014"
 225      BE4268AD 
 225      A9716D0F 
 225      A935B760 
 225      CD99FC0C 
 226 060b 67886701 		.ascii	"g\210g\001\271\016\000V\206\011\234\254z+\254:\033\214"
 226      B90E0056 
 226      86099CAC 
 226      7A2BAC3A 
 226      1B8C
 227 061d DC029203 		.ascii	"\334\002\222\003\262\021$\013d\023H>\310f\220\\\220"
 227      B211240B 
 227      6413483E 
 227      C866905C 
 227      90
 228 062e 3CDEA35E 		.ascii	"<\336\243^\326\226\270\353\345m\371\314\362S\346\260"
 228      D696B8EB 
 228      E56DF9CC 
 228      F253E6B0 
 229 063e 08BDA30C 		.ascii	"\010\275\243\014\3658\274*E\354\210\034+;\355\273D$"
 229      F538BC2A 
 229      45EC881C 
 229      2B3BEDBB 
 229      4424
 230 0650 BCB87823 		.ascii	"\274\270x#\273\344\254\325\"\366\246\3626I\264\247E"
 230      BBE4ACD5 
 230      22F6A6F2 
 230      3649B4A7 
 230      45
 231 0661 E8E7725A 		.ascii	"\350\347rZ\371\221\330-B7(CE\013\322\234m%\360\302\217"
 231      F991D82D 
 231      42372843 
 231      450BD29C 
 231      6D25F0C2 
 232 0676 510604C5 		.ascii	"Q\006\004\305:esE^g\225\207[o(\356\202]J\254\212\022"
 232      3A657345 
 232      5E679587 
 232      5B6F28EE 
 232      825D4AAC 
 233 068c 721801E4 		.ascii	"r\030\001\344\271\350\344\277\250o\177\250s\237/gb\265"
 233      B9E8E4BF 
 233      A86F7FA8 
 233      739F2F67 
 233      62B5
 234 069e 681B100D 		.ascii	"h\033\020\015K\205\207\014z\356|q\207\007*\200\250\370"
 234      4B85870C 
 234      7AEE7C71 
 234      87072A80 
 234      A8F8
 235 06b0 5F2304E2 		.ascii	"_#\004\342w\354\326\371\223j\257\363d\033\357y\236|"
ARM GAS  /tmp/ccqlbkPj.s 			page 18


 235      77ECD6F9 
 235      936AAFF3 
 235      641BEF79 
 235      9E7C
 236 06c2 C1EBDD76 		.ascii	"\301\353\335v@\223\234\007\217\232\354\376\264\266;"
 236      40939C07 
 236      8F9AECFE 
 236      B4B63B
 237 06d1 69021C3C 		.ascii	"i\002\034<:2\301\336V_!\352\263\356\302f=.d\311\261"
 237      3A32C1DE 
 237      565F21EA 
 237      B3EEC266 
 237      3D2E64C9 
 238 06e6 3BB77842 		.ascii	";\267xB\215mL)\031\357\375A\213\355L\331[\333\374\021"
 238      8D6D4C29 
 238      19EFFD41 
 238      8BED4CD9 
 238      5BDBFC11 
 239 06fa AE65ED06 		.ascii	"\256e\355\006[\325)\214\033\231\322q\2472\313\03773"
 239      5BD5298C 
 239      1B99D271 
 239      A732CB1F 
 239      3733
 240 070c A5BC2C7B 		.ascii	"\245\274,{\030\343V\252\370nl\317\270\256w\277\177\006"
 240      18E356AA 
 240      F86E6CCF 
 240      B8AE77BF 
 240      7F06
 241 071e B2AAD9DC 		.ascii	"\262\252\331\3340\204\340\177\274\016DKO\021x\254|\006"
 241      3084E07F 
 241      BC0E444B 
 241      4F1178AC 
 241      7C06
 242 0730 27D04238 		.ascii	"'\320B8pPX\010\336%\330]r\254W6\000\366\033\011[\250"
 242      70505808 
 242      DE25D85D 
 242      72AC5736 
 242      00F61B09 
 243 0746 C82B41BF 		.ascii	"\310+A\277\223\240;\345P\357WD\000_\226\300\273\225"
 243      93A03BE5 
 243      50EF5744 
 243      005F96C0 
 243      BB95
 244 0758 6DF000F7 		.ascii	"m\360\000\367K\340bef\311\212+\022\326&\307z\204\256"
 244      4BE06265 
 244      66C98A2B 
 244      12D626C7 
 244      7A84AE
 245 076b 67106DE7 		.ascii	"g\020m\347_F;x\322U\356\212\240\012\210\240\022\210"
 245      5F463B78 
 245      D255EE8A 
 245      A00A88A0 
 245      1288
 246 077d 903D20FB 		.ascii	"\220= \373@JA\366\202\224\201\330=\253\355\245P-\031"
 246      404A41F6 
 246      829481D8 
 246      3DABEDA5 
ARM GAS  /tmp/ccqlbkPj.s 			page 19


 246      502D19
 247 0790 F47CAD3D 		.ascii	"\364|\255=vx]3\306\307\251\317\370\372\333\365\327\325"
 247      76785D33 
 247      C6C7A9CF 
 247      F8FADBF5 
 247      D7D5
 248 07a2 28304469 		.ascii	"(0DiRT\005s\375\327\363\216h\020\252\204A\373y1?\312"
 248      52540573 
 248      FDD7F38E 
 248      6810AA84 
 248      41FB7931 
 249 07b8 DDF941FE 		.ascii	"\335\371A\376\377\255\334\226\245\016tMg\233i:\356'"
 249      FFADDC96 
 249      A50E744D 
 249      679B693A 
 249      EE27
 250 07ca E7022AC7 		.ascii	"\347\002*\307\335C"
 250      DD43
 251 07d0 DFAABC32 		.ascii	"\337\252\2742\243\332+3jx\366\246UC\323b\260\246\355"
 251      A3DA2B33 
 251      6A78F6A6 
 251      5543D362 
 251      B0A6ED
 252 07e3 B88AA685 		.ascii	"\270\212\246\205MM\377k\333\\=\254\243i\261\202\250"
 252      4D4DFF6B 
 252      DB5C3DAC 
 252      A369B182 
 252      A8
 253 07f4 E727CFFD 		.ascii	"\347'\317\375\022\367\262\250vN\3466\250\361E\246l\355"
 253      12F7B2A8 
 253      764EE636 
 253      A8F145A6 
 253      6CED
 254 0806 CEFB3BBE 		.ascii	"\316\373;\276L\333\352\306\206\222\021?\024\354z'\020"
 254      4CDBEAC6 
 254      8692113F 
 254      14EC7A27 
 254      10
 255 0817 9C4FEEA9 		.ascii	"\234O\356\251H1\"\313=\010\313m\202\273\270\032\357"
 255      483122CB 
 255      3D08CB6D 
 255      82BBB81A 
 255      EF
 256 0828 DA2908B6 		.ascii	"\332)\010\266\311t\352~\002\256\227\203\033\224\335"
 256      C974EA7E 
 256      02AE9783 
 256      1B94DD
 257 0837 5F0BFD75 		.ascii	"_\013\375u\324\375M.7\034\206=:\004\333\320\000\322"
 257      D4FD4D2E 
 257      371C863D 
 257      3A04DBD0 
 257      00D2
 258 0849 281E23C0 		.ascii	"(\036#\300>*\261\037\220\263K\331@=t\007\"\243I)2:\206"
 258      3E2AB11F 
 258      90B34BD9 
 258      403D7407 
 258      22A34929 
ARM GAS  /tmp/ccqlbkPj.s 			page 20


 259 0860 060FFBE2 		.ascii	"\006\017\373\342!\026\031Cg\034\245>\356\242W\013E\257"
 259      21161943 
 259      671CA53E 
 259      EEA2570B 
 259      45AF
 260 0872 05289B25 		.ascii	"\005(\233%\2476)\025=\267\301\350\010\330\371c6\303"
 260      A7362915 
 260      3DB7C1E8 
 260      08D8F963 
 260      36C3
 261 0884 6CC365FB 		.ascii	"l\303e\373\3725^\221\2404\232S\032\372\354Z\346\244"
 261      FA355E91 
 261      A0349A53 
 261      1AFAEC5A 
 261      E6A4
 262 0896 D6CBF347 		.ascii	"\326\313\363G\275<\177\314\345\371c\324\363_92\272\374"
 262      BD3C7FCC 
 262      E5F963D4 
 262      F35F3932 
 262      BAFC
 263 08a8 15438EFB 		.ascii	"\025C\216\373\371\361\206Z\371@\340\312h\314\034\360"
 263      F9F1865A 
 263      F940E0CA 
 263      68CC1CF0 
 264 08b8 53F12CAA 		.ascii	"S\361,\252\310\227/\022!}\373\036\350\3503R\213\333"
 264      C8972F12 
 264      217DFB1E 
 264      E8E83352 
 264      8BDB
 265 08ca 78FAF0FC 		.ascii	"x\372\360\374t\366z\375\214\037\316\332y\362\341\314"
 265      74F67AFD 
 265      8C1FCEDA 
 265      79F2E1CC 
 266 08da C1BBBE9C 		.ascii	"\301\273\276\2345t\366;\324\370>\013\270K\307\363\212"
 266      3574F63B 
 266      D4F83E0B 
 266      B84BC7F3 
 266      8A
 267 08eb 79FA85CC 		.ascii	"y\372\205\314\271\273\354\024\034`\344\353T\233\200"
 267      B9BBEC14 
 267      1C60E4EB 
 267      549B80
 268 08fa E828D4C1 		.ascii	"\350(\324\301K\237\226\240\315l;\316\223OK]i7/\351\361"
 268      4B9F96A0 
 268      CD6C3BCE 
 268      934F4B5D 
 268      69372FE9 
 269 090f 2463E92E 		.ascii	"$c\351.*7\275\266G\350\2659\217Z\243\200CpNO\377\212"
 269      2A37BDB6 
 269      47E8B539 
 269      8F5AA380 
 269      43704E4F 
 270 0925 6ED309C6 		.ascii	"n\323\011\306\340\021\\'\010\017\332\207x(p\374k0\370"
 270      E0115C27 
 270      080FDA87 
 270      782870FC 
 270      6B30F8
ARM GAS  /tmp/ccqlbkPj.s 			page 21


 271 0938 F27647A6 		.ascii	"\362vG\246wf\221\257Z\222\371\235\256\375%\367\200T"
 271      776691AF 
 271      5A92F99D 
 271      AEFD25F7 
 271      8054
 272 094a CBEA05A1 		.ascii	"\313\352\005\241\246O\222\343\223L\361\211\361\026\315"
 272      A64F92E3 
 272      934CF189 
 272      F116CD
 273 0959 BB1F7C18 		.ascii	"\273\037|\030\024\316i?N\212I\211\233\033\313\351M&"
 273      14CE693F 
 273      4E8A4989 
 273      9B1BCBE9 
 273      4D26
 274 096b 734C4AC2 		.ascii	"sLJ\302g\264\323\227>]\012\255YlXlBR\354\247\264k\301"
 274      67B4D397 
 274      3E5D0AAD 
 274      596C586C 
 274      4252ECA7 
 275 0982 DCB906F1 		.ascii	"\334\271\006\361/)\325\260*&\301\220\234\224bI5,_\361"
 275      2F29D5B0 
 275      2A26C190 
 275      9C946249 
 275      352C5FF1 
 276 0996 FE8250F6 		.ascii	"\376\202P\366\273d\336\332\265\244\307\224\220\0207"
 276      BB64DEDA 
 276      B5A4C794 
 276      901037
 277 09a5 7715F782 		.ascii	"w\025\367\2021<\334\264\342\263ds\204y\245vM|\242\005"
 277      313CDCB4 
 277      E2B36473 
 277      8479A576 
 277      4D7CA205 
 278 09b9 182D3A93 		.ascii	"\030-:\223\311\335\374\255aMj\212!>16aM\234\331\220"
 278      C9DDFCAD 
 278      614D6A8A 
 278      213E3136 
 278      614D9CD9 
 279 09ce 68FE6742 		.ascii	"h\376gB\374\307\206\3251\261\253\342\023\315\006S\234"
 279      FCC786D5 
 279      31B1ABE2 
 279      13CD0653 
 279      9C
 280 09df 7965CC9A 		.ascii	"ye\314\232\004\213\311\002\004\251\300\026\254\204N"
 280      048BC902 
 280      04A9C016 
 280      AC844E
 281 09ee FD2CD560 		.ascii	"\375,\325`J\265\304\001#@\370p\243*|\311\273F\034\276"
 281      4AB5C401 
 281      2340F870 
 281      A32A7CC9 
 281      BB461CBE 
 282 0a02 D4A85D14 		.ascii	"\324\250]\024\035\026j\\\276\2026\346\223\206fQd\330"
 282      1D166A5C 
 282      BE8236E6 
 282      93866651 
 282      64D8
ARM GAS  /tmp/ccqlbkPj.s 			page 22


 283 0a14 E20F8C3E 		.ascii	"\342\017\214>\244\303u\237\017wUXD8\214X\016\017\"\303"
 283      A4C3759F 
 283      0F775558 
 283      44388C58 
 283      0E0F22C3 
 284 0a28 084E4D28 		.ascii	"\010NM(B\351\357\002\034n\014}S\266\364\330\244\325"
 284      42E9EF02 
 284      1C6E0C7D 
 284      53B6F4D8 
 284      A4D5
 285 0a3a AB93120D 		.ascii	"\253\223\022\015\346\265\026X\265\307\302\351\226\255"
 285      E6B51658 
 285      B5C7C2E9 
 285      96AD
 286 0a48 9CB760DE 		.ascii	"\234\267`\336\332\267\300\026\275\307\306[\324\357G"
 286      DAB7C016 
 286      BDC7C65B 
 286      D4EF47
 287 0a57 452C366A 		.ascii	"E,6j\242V\3745z\261\321'jy\364\342\305\021Fu\364\207"
 287      A256FC35 
 287      7AB1D127 
 287      6A79F4E2 
 287      C5114675 
 288 0a6d D11146BC 		.ascii	"\321\021F\274\024$*\302\210>\242[4\377-q\213H\023\247"
 288      14242AC2 
 288      883EA25B 
 288      34FF2D71 
 288      8B4813A7 
 289 0a81 9A2DEAD8 		.ascii	"\232-\352\330\004p\321\333?\341\200e\313\"\014\357F"
 289      0470D1DB 
 289      3FE18065 
 289      CB220CEF 
 289      46
 290 0a92 2F8DFA47 		.ascii	"/\215\372G\250A\232\031\354@\221\252\260\345F\243zY"
 290      A8419A19 
 290      EC4091AA 
 290      B0E546A3 
 290      7A59
 291 0aa4 54F85F8C 		.ascii	"T\370_\214\252EK\214\313\310O\244zuR\2349E\223Dv7\305"
 291      AA454B8C 
 291      CBC84FA4 
 291      7A75529C 
 291      39459344 
 292 0abb 272935D9 		.ascii	"')5\331l\216KQ'\257I\216K\301Iq)\252\230\225)\011\344"
 292      6C8E4B51 
 292      27AF498E 
 292      4BC14971 
 292      29AA9895 
 293 0ad2 67959EAE 		.ascii	"g\225\236\256\000\314X\223l\262h\242\027E\304Xb4\321"
 293      00CC5893 
 293      6CB268A2 
 293      1745C458 
 293      6234D1
 294 0ae5 61EC164E 		.ascii	"a\354\026Nn~\024\021\233\224\2702\376\023\223\305W\014"
 294      6E7E1411 
 294      9B94B832 
 294      FE1393C5 
ARM GAS  /tmp/ccqlbkPj.s 			page 23


 294      570C
 295 0af7 B540DA72 		.ascii	"\265@\332r\273\221\365\377\007\353\305x\034"
 295      BB91F5FF 
 295      07EBC578 
 295      1C
 296              		.text
 297              		.section	.gnu.lto_.symtab.999abebb1ae46e6,"",%progbits
 298 0000 5F5F6561 		.ascii	"__early_init\000\000\000\000\000\000\000\000\000\000"
 298      726C795F 
 298      696E6974 
 298      00000000 
 298      00000000 
 299 0016 0000AE00 		.ascii	"\000\000\256\000\000\000boardInit\000\000\000\000\000"
 299      0000626F 
 299      61726449 
 299      6E697400 
 299      00000000 
 300 002a 00000000 		.ascii	"\000\000\000\000\000\000\000\260\000\000\000stm32_c"
 300      000000B0 
 300      00000073 
 300      746D3332 
 300      5F63
 301 003c 6C6F636B 		.ascii	"lock_init\000\000\002\000\000\000\000\000\000\000\000"
 301      5F696E69 
 301      74000002 
 301      00000000 
 301      00000000 
 302 0050 00B20000 		.ascii	"\000\262\000\000\000"
 302      00
 303              		.text
 304              		.section	.gnu.lto_.opts,"",%progbits
 305 0000 272D666E 		.ascii	"'-fno-trapv' '-mcpu=cortex-m0' '-mthumb' '-ggdb' '-"
 305      6F2D7472 
 305      61707627 
 305      20272D6D 
 305      6370753D 
 306 0033 4F332720 		.ascii	"O3' '-fomit-frame-pointer' '-falign-functions=16' '"
 306      272D666F 
 306      6D69742D 
 306      6672616D 
 306      652D706F 
 307 0066 2D666675 		.ascii	"-ffunction-sections' '-fdata-sections' '-fno-common"
 307      6E637469 
 307      6F6E2D73 
 307      65637469 
 307      6F6E7327 
 308 0099 2720272D 		.ascii	"' '-flto'\000"
 308      666C746F 
 308      2700
 309              		.text
 310              		.comm	__gnu_lto_v1,1,1
 311              		.comm	__gnu_lto_slim,1,1
 312              		.ident	"GCC: (15:4.9.3+svn231177-1) 4.9.3 20150529 (prerelease)"
ARM GAS  /tmp/ccqlbkPj.s 			page 24


DEFINED SYMBOLS
                            *ABS*:0000000000000000 board.c
                            *COM*:0000000000000001 __gnu_lto_v1
                            *COM*:0000000000000001 __gnu_lto_slim

NO UNDEFINED SYMBOLS
