ARM GAS  /tmp/ccY5t8EJ.s 			page 1


   1              		.cpu cortex-m0
   2              		.fpu softvfp
   3              		.eabi_attribute 20, 1
   4              		.eabi_attribute 21, 1
   5              		.eabi_attribute 23, 3
   6              		.eabi_attribute 24, 1
   7              		.eabi_attribute 25, 1
   8              		.eabi_attribute 26, 1
   9              		.eabi_attribute 30, 2
  10              		.eabi_attribute 34, 0
  11              		.eabi_attribute 18, 4
  12              		.code	16
  13              		.file	"chcore_v6m.c"
  14              		.text
  15              	.Ltext0:
  16              		.section	.gnu.lto_.profile.4f52ab35bbe1cc2d,"",%progbits
  17 0000 789C6366 		.ascii	"x\234cf```a\200\000F\0069a\000\000\303\000:"
  17      60606061 
  17      80004606 
  17      39610000 
  17      C3003A
  18              		.text
  19              		.section	.gnu.lto_.jmpfuncs.4f52ab35bbe1cc2d,"",%progbits
  20 0000 789C6366 		.ascii	"x\234cf\300\016\270\2414\023\0203\002A=\003\003\000"
  20      C00EB8A1 
  20      34131033 
  20      02413D03 
  20      0300
  21 0012 03260094 		.ascii	"\003&\000\224"
  22              		.text
  23              		.section	.gnu.lto_.inline.4f52ab35bbe1cc2d,"",%progbits
  24 0000 789C6366 		.ascii	"x\234cf\300\016b\2404\023\003\003;\033#\003\023\307"
  24      C00E62A0 
  24      34130303 
  24      3B1B2303 
  24      13C7
  25 0012 013B06B6 		.ascii	"\001;\006\266\005\362L 1F\006\001aFf\206\314\217L\214"
  25      05F24C20 
  25      31460601 
  25      61466686 
  25      CC8F4C8C 
  26 0026 3D4BFB67 		.ascii	"=K\373gs\277`\372\311\304\360\361\377\377\377\374\014"
  26      73BF60FA 
  26      C9C4F0F1 
  26      FFFFFFFC 
  26      0C
  27 0037 8CCB19A5 		.ascii	"\214\313\031\245\030\0302 \024#\003\003\013P9X\033\313"
  27      18183220 
  27      14230303 
  27      0B503958 
  27      1BCB
  28 0049 02790106 		.ascii	"\002y\001\006\241w\211,`C\271\301\022\000_\342\021\017"
  28      A177892C 
  28      6043B9C1 
  28      12005FE2 
  28      110F
  29              		.text
ARM GAS  /tmp/ccY5t8EJ.s 			page 2


  30              		.section	.gnu.lto_.pureconst.4f52ab35bbe1cc2d,"",%progbits
  31 0000 789C6366 		.ascii	"x\234cf```e\200\000&\006+F+\000\001y\000\200"
  31      60606065 
  31      80002606 
  31      2B462B00 
  31      01790080 
  32              		.text
  33              		.section	.gnu.lto_NMI_Handler.4f52ab35bbe1cc2d,"",%progbits
  34 0000 789C9552 		.ascii	"x\234\225R\337KSa\030\376\336\357\034\317V\0333\242"
  34      DF4B5361 
  34      18FEDEEF 
  34      1CCF561B 
  34      33A2
  35 0012 ABDD6C20 		.ascii	"\253\335l \341\215\354\010Bt#\021^y1\022\367\007H\234"
  35      E18DEC08 
  35      42742311 
  35      5E793112 
  35      F707489C 
  36 0026 668E9C67 		.ascii	"f\216\234gl3\354\"<[\313\241\221JRm\027\242]H\376\326"
  36      6C33EC22 
  36      3C5BCBA1 
  36      914A526D 
  36      17A25D48 
  37 003c 7EE7D45C 		.ascii	"~\347\324\\\020&\226%E\032Y6\374\201\011&\232\225\216"
  37      10269625 
  37      451A5936 
  37      FC810926 
  37      9A958E
  38 004f B0F5BD67 		.ascii	"\260\365\275gK\232z\3238\373\316\371\336\367y\336\367"
  38      4B9A7AD3 
  38      38FBCEF9 
  38      DEF779DE 
  38      F7
  39 0060 F99EF7E3 		.ascii	"\371\236\367\343\310\336\237\221\375\3339BV\331\033"
  39      C8DE9F91 
  39      FDDB3942 
  39      56D91B
  40 006f 3802B4F1 		.ascii	"8\002\264\361\025!>-\005\300\017\002\244\232B5,\323"
  40      15213E2D 
  40      05C00F02 
  40      A49A4235 
  40      2CD3
  41 0081 750A8DD1 		.ascii	"u\012\215\321\256\220.\273MQ\224\2657\257}EQ\210SB6"
  41      AE902EBB 
  41      4D5194B5 
  41      37AF7D45 
  41      51885342 
  42 0096 68B20EDC 		.ascii	"h\262\016\334\206l\302@7\336Mh\271<\300\317\201\336"
  42      866CC240 
  42      37DE4D68 
  42      B93CC0CF 
  42      81DE
  43 00a8 EF13BA2F 		.ascii	"\357\023\272/4N\301\214\333\310\265\261\220\200[\312"
  43      344EC18C 
  43      DBC8B5B1 
  43      90805BCA 
  44 00b8 E3F6EAF4 		.ascii	"\343\366\352\364\\,3\353\226\242\370c\265\363/\364\312"
ARM GAS  /tmp/ccY5t8EJ.s 			page 3


  44      5C2C33EB 
  44      96A2F863 
  44      B5F32FF4 
  44      CA
  45 00c9 98128825 		.ascii	"\230\022\210%\022\2468\345\240\0358V\026:\300\010\235"
  45      12A638E5 
  45      A01D3856 
  45      163AC008 
  45      9D
  46 00da 604C0965 		.ascii	"`L\011e\224\365\300\366\264N\0100\001\207\240\013\262"
  46      94F5C0F6 
  46      B44E0830 
  46      0187A00B 
  46      B2
  47 00eb 92BDA11B 		.ascii	"\222\275\241\033\004 \204b\204a:>\376\210\032\270\343"
  47      04208462 
  47      84613A3E 
  47      FE881AB8 
  47      E3
  48 00fc AA80F076 		.ascii	"\252\200\360vM\235^m\261\226\370\326`\010+\255\376F"
  48      4D9D5E6D 
  48      B196F8D6 
  48      60082BAD 
  48      FE46
  49 010e 259138C1 		.ascii	"%\2218\301\204\363\320\263_\023\350\205\254\276\303"
  49      84F3D0B3 
  49      5F13E885 
  49      ACBEC3
  50 011d 51061A5C 		.ascii	"Q\006\032\\\016\006\363\302T\303 \2540\247\256<\211"
  50      0E06F3C2 
  50      54C320AC 
  50      30A7AE3C 
  50      89
  51 012e D30C4105 		.ascii	"\323\014A\005\021\262\300\232\243E\213\224\342\233\233"
  51      11B2C09A 
  51      A3458B94 
  51      E29B9B
  52 013d 01DF5CE2 		.ascii	"\001\337\\\342k\013\227\2463\3266\027\023T\211\033\024"
  52      6B0B97A6 
  52      33D63617 
  52      1354891B 
  52      14
  53 014e 761F01CB 		.ascii	"v\037\001\313@\037\010\254m?[\331!.2D\323P\303H\246"
  53      401F08AC 
  53      6D3F5BD9 
  53      212E3244 
  53      D350C348 
  54 0163 A90E9A95 		.ascii	"\251\016\232\225\2209N\005$\255l\275}\246\341Y?\270"
  54      90394E05 
  54      24AD6CBD 
  54      7DA6E159 
  54      3FB8
  55 0175 0326D589 		.ascii	"\003&\325\211\226~%\256c\021\270\013\374&\305\012\367"
  55      967E25AE 
  55      6311B80B 
  55      FC26C50A 
  55      F7
ARM GAS  /tmp/ccY5t8EJ.s 			page 4


  56 0186 802753E0 		.ascii	"\200'S\340\217\241\004,\207\3251\363\001\374\357\203"
  56      8FA1042C 
  56      87D531F3 
  56      01FCEF83 
  57 0196 376BE775 		.ascii	"7k\347u(b\223R\214M\001U]\353B\010e\220K\241\232\325"
  57      28629352 
  57      8C4D0155 
  57      5DEB4208 
  57      65904BA1 
  58 01ac 902189E0 		.ascii	"\220!\211\340X\350\337\341Q3\201\373\314\2404\022\207"
  58      58E8DFE1 
  58      513381FB 
  58      CCA03412 
  58      87
  59 01bd 756783A3 		.ascii	"ug\203\243a!I\3421\224B0r\375s\3378\317\325\203z\344"
  59      612149E2 
  59      31944230 
  59      72FD73DF 
  59      38CFD583 
  60 01d3 4F2F038E 		.ascii	"O/\003\216\344\234\267\273\205\235)\363\360`\337\001"
  60      E49CB7BB 
  60      859D29F3 
  60      F060DF01 
  61 01e3 3CC4F23C 		.ascii	"<\304\362<Q\335\034n\333\345f\240\024\363)?\351.?\011"
  61      51DD1C6E 
  61      DBE566A0 
  61      14F3293F 
  61      E92E3F09 
  62 01f7 3C52BD7C 		.ascii	"<R\275|\254\336\007\322\014,\375ye\253\2113u\246\314"
  62      ACDE07D2 
  62      0C2CFD79 
  62      65AB8933 
  62      75A6CC
  63 020a D420E3FA 		.ascii	"\324 \343\372\314/\337A\325\314\201\277fN\366\327f\240"
  63      CC2FDF41 
  63      D5CC81BF 
  63      664EF6D7 
  63      66A0
  64 021c 99113493 		.ascii	"\231\0214\223g\231AH*\370\335s$]\300Bi\2529\227\336"
  64      67994148 
  64      2AF8DD73 
  64      245DC042 
  64      69AA3997 
  65 0231 3C16B9B2 		.ascii	"<\026\271\262\310&8\204)>=\025\0352\022\030\306D\306"
  65      C8263884 
  65      293E3D15 
  65      1D321218 
  65      C644C6
  66 0244 1EC14F54 		.ascii	"\036\301OT\301#\352JfQ\360x\260\365'oZJ\011\326\"cr"
  66      C123EA4A 
  66      6651F078 
  66      B0F5276F 
  66      5A4A09D6 
  67 025b 65347240 		.ascii	"e4r@\025\034E\301\360\224\211\233\005_\354\362\222\026"
  67      151C45C1 
  67      F094899B 
  67      055FECF2 
ARM GAS  /tmp/ccY5t8EJ.s 			page 5


  67      9216
  68 026d B5A06B0B 		.ascii	"\265\240k\013\354r\261;\3100\271\026\213\270\363\310"
  68      EC72B13B 
  68      C830B916 
  68      8BB8F3C8 
  69 027d 1E51929D 		.ascii	"\036Q\222\235N\271Bt\311n\257G<Yl-\260V\211R\231$\273"
  69      4EB94274 
  69      C96EAF47 
  69      3C596C2D 
  69      B0568952 
  70 0294 ED25E78F 		.ascii	"\355%\347\2179-\022\341%o\225Kp\333=\225\345\336\374"
  70      392D12E1 
  70      256F954B 
  70      70DB3D95 
  70      E5DEFC
  71 02a7 FDC9F62A 		.ascii	"\375\311\366*/R\305\002\253\255\320&\0260\256XX!\225"
  71      2F52C502 
  71      ABADD026 
  71      1630AE58 
  71      582195
  72 02ba 579EB18B 		.ascii	"W\236\261\213\222\323\343\360\224\234\225$K\031\321"
  72      92D3E3F0 
  72      949C9524 
  72      4B19D1
  73 02c9 5B8B6DE6 		.ascii	"[\213m\346\243\2719f\227\307E\270|71xe\327\251\322\""
  73      A3B93966 
  73      97C745B8 
  73      7C373178 
  73      65D7A9D2 
  74 02de B72CD9BC 		.ascii	"\267,\331\274\247\245sz\253\255\030s9\014D\250\373\177"
  74      A7A5737A 
  74      ABAD1873 
  74      390C44A8 
  74      FB7F
  75 02f0 A59611AD 		.ascii	"\245\226\021\255\344\3628\354f\007\3218\355N\331}\201"
  75      E4F238EC 
  75      6607D138 
  75      ED4ED97D 
  75      81
  76 0301 FC01107E 		.ascii	"\374\001\020~\211j"
  76      896A
  77              		.text
  78              		.section	.gnu.lto__port_irq_epilogue.4f52ab35bbe1cc2d,"",%progbits
  79 0000 789C9554 		.ascii	"x\234\225T\353O\223W\030?\317y/-\264\202\331\2279\226"
  79      EB4F9357 
  79      183FCF79 
  79      2F2DB482 
  79      D9973996 
  80 0014 0C124234 		.ascii	"\014\022B4\231R\247\013_6\262-|r\031\231\201?\300\270"
  80      9952A70B 
  80      5F36B22D 
  80      7C721999 
  80      813FC0B8 
  81 0028 D74E88D4 		.ascii	"\327N\210\3246m]\330\007\343[\350`\022'\242\303\261"
  81      366D5DD8 
  81      07E35BE8 
  81      601227A2 
ARM GAS  /tmp/ccY5t8EJ.s 			page 6


  81      C3B1
  82 003a 31860B23 		.ascii	"1\206\013#\223\341\000\335\225\213\263\023Ddr1\010x"
  82      93E100DD 
  82      958BB313 
  82      44647231 
  82      0878
  83 004c 61D83492 		.ascii	"a\3304\222h\302\030\214\011t\244v\317s\372*+\262\017"
  83      68C2188C 
  83      0974A476 
  83      CF73FA2A 
  83      2BB20F
  84 005f 36EDE939 		.ascii	"6\355\3519\317\355\367{~\347\"\261'?o\341\357\272\302"
  84      CFEDF77B 
  84      7EE722B1 
  84      273F6FE1 
  84      EFBAC2
  85 0072 D81CFE83 		.ascii	"\330\034\376\203\211\001?6\310\230\317\314\271T\233"
  85      89013F36 
  85      C898CFCC 
  85      B9549B
  86 0081 CDF444F5 		.ascii	"\315\364D\365\301z\246[%.w\275\200+\345\272\015W2\250"
  86      C17AA65B 
  86      252E77BD 
  86      802BE5BA 
  86      0D5732A8 
  87 0095 B120E5D1 		.ascii	"\261 \345\321D\005\240\011\003v\210K\262\242\302!\270"
  87      4405A009 
  87      0376884B 
  87      B2A2C221 
  87      B8
  88 00a6 CFE7381C 		.ascii	"\317\3478\034\0134\327X66\352\272>\033\352\334\360\301"
  88      0B34D758 
  88      3636EABA 
  88      3E1BEADC 
  88      F0C1
  89 00b8 8630676C 		.ascii	"\2060gl\236\307\200\341k\330\210!3W\316\204\270\264"
  89      9EC780E1 
  89      6BD88821 
  89      3357CE84 
  89      B8B4
  90 00ca 1D18CEDB 		.ascii	"\035\030\316\333[\376\036\260\334\343a\016i\264\354"
  90      5BFE1EB0 
  90      DCE3610E 
  90      69B4EC
  91 00d9 38DE57A3 		.ascii	"8\336W\243\322\222\313\264\014u\3771i\312h\320\365\222"
  91      D292CBB4 
  91      0C75FF31 
  91      69CA68D0 
  91      F592
  92 00eb 40FF39FD 		.ascii	"@\3779\375u9\314%8\015\022\326\203&H\201o \205\241\211"
  92      7539CC25 
  92      380D12D6 
  92      83264881 
  92      6F2085A1 
  93 0100 41336450 		.ascii	"A3dP\370\234?2nQ\375\210\275>\206\011g@\005\306\210"
  93      F89C3F32 
  93      6E51FD88 
ARM GAS  /tmp/ccY5t8EJ.s 			page 7


  93      BD3E8609 
  93      674005C6 
  94 0115 D7C9D101 		.ascii	"\327\311\321\001\263\224%0?\032\017\005\223\323\277"
  94      B3942530 
  94      3F1A0F05 
  94      93D3BF
  95 0124 C4AAC1FB 		.ascii	"\304\252\301\373\015\203V\275O\367\007\243\321\3240"
  95      0D8356BD 
  95      4FF707A3 
  95      D1D430
  96 0133 97E1DBF8 		.ascii	"\227\341\333\370\342\006\355\026H\307\264\246\211\007"
  96      E206ED16 
  96      48C7B4A6 
  96      8907
  97 0141 8124E915 		.ascii	"\201$\351\025Q\342\323HY\205U\224\230\255hx\270\273"
  97      51E2D348 
  97      59855594 
  97      98AD6878 
  97      B8BB
  98 0153 AA54FF0A 		.ascii	"\252T\377\012\247\321\327\260\210\002\255k\026i\203"
  98      A7D1D7B0 
  98      8802AD6B 
  98      166983
  99 0162 F4D66702 		.ascii	"\364\326g\002z4\3329W\367\371KM\031I\034\210\267,<\212"
  99      7A34DA39 
  99      57F7F94B 
  99      4D19491C 
  99      88B72C3C 
 100 0177 0051C568 		.ascii	"\000Q\305h\302\236T\013\016&\306\356b\027$\363\024\347"
 100      C29E540B 
 100      0E26C6EE 
 100      621724F3 
 100      14E7
 101 0189 F42F8D82 		.ascii	"\364/\215\202\377fiC\245J\215-r\352\353Hce\255\020\320"
 101      FF666943 
 101      A54A8D2D 
 101      72EAEB48 
 101      6365AD10 
 102 019e 3C178D46 		.ascii	"<\027\215F\223\031\2345 \247P\230\332l\3516\370B\325"
 102      93199C35 
 102      20A75098 
 102      DA6CE936 
 102      F842D5
 103 01b1 6543DBE2 		.ascii	"eC\333\342\345!\034\241\016\213\327-8\365\317&\006\347"
 103      E5211CA1 
 103      0E8BD72D 
 103      38F5CF26 
 103      06E7
 104 01c3 409DE7B0 		.ascii	"@\235\347\260\312SU1\221\305\340;r\361xW\340\263\024"
 104      CA535531 
 104      91C5E03B 
 104      72F17857 
 104      E0B314
 105 01d6 06DF9343 		.ascii	"\006\337\223CZ\275\013\360\003A\300\217bdg\001\335\375"
 105      5ABD0BF0 
 105      0341C08F 
 105      62646701 
ARM GAS  /tmp/ccY5t8EJ.s 			page 8


 105      DDFD
 106 01e8 E5A716E4 		.ascii	"\345\247\026\344\324\016\250\323k\322\302<\2012\206"
 106      D40EA8D3 
 106      6BD2C23C 
 106      813286
 107 01f7 A77B3B12 		.ascii	"\247{;\022dl\025~\202T\034\177\006\231\021\357\217{"
 107      646C157E 
 107      82541C7F 
 107      069911EF 
 107      8F7B
 108 0209 23523C89 		.ascii	"#R<\211K\313\303\262\301O^\205E22h\027H\0358\342\276"
 108      4BCBC3B2 
 108      C14F5E85 
 108      45323268 
 108      17481D38 
 109 021f 5F24BC13 		.ascii	"_$\274\023]\225\027\222S\207\014\274D\312\232^\032\351"
 109      5D951792 
 109      53870CBC 
 109      44CA9A5E 
 109      1AE9
 110 0231 3109BC4E 		.ascii	"1\011\274N\302CK}\233\036\266\240\005\272@^\304\322"
 110      C2434B7D 
 110      9B1EB6A0 
 110      05BA405E 
 110      C4D2
 111 0243 0CCE2387 		.ascii	"\014\316#\2071(\011V\367F\266S=*O\236[Pr\243\374\223"
 111      31280956 
 111      F746B653 
 111      3D2A4F9E 
 111      5B5072A3 
 112 0259 996E9558 		.ascii	"\231n\225X,r\205lc\300iE\242\242\005CJk\312\306\352"
 112      2C72856C 
 112      63C06945 
 112      A2A20543 
 112      4A6BCAC6 
 113 026e B7C52228 		.ascii	"\267\305\"(\010\021\356\035\356[J\020';\030\333\247"
 113      0811EE1D 
 113      EE5B4A10 
 113      273B18DB 
 113      A7
 114 027f 5F709FE2 		.ascii	"_p\237\342\022U\252=Y>S\237\030K4\221\311\210\300\002"
 114      1255AA3D 
 114      593E539F 
 114      184B3491 
 114      C988C002 
 115 0293 472FFBFA 		.ascii	"G/\373\372ei\004\304\276\374~\325_\030;\301\223\335"
 115      656904C4 
 115      BEFC7ED5 
 115      5F183BC1 
 115      93DD
 116 02a5 F680FF94 		.ascii	"\366\200\377\224\3760\032\005:{\027\326<{\001\252o\022"
 116      FE301A05 
 116      3A7B17D6 
 116      3C7B01AA 
 116      6F12
 117 02b7 9A56F78E 		.ascii	"\232V\367\216\277\034\257ict\023\005\030\262*Ol\341"
 117      BF1CAF69 
ARM GAS  /tmp/ccY5t8EJ.s 			page 9


 117      63741305 
 117      18B22A4F 
 117      6CE1
 118 02c9 AF42D28B 		.ascii	"\257B\322\213\342&\261\020Izgz\351\204\224\372\247!"
 118      E226B110 
 118      497A677A 
 118      E98494FA 
 118      A721
 119 02db A98532AA 		.ascii	"\251\2052\252o/\373\022\205\244\335\217$\035n;\254\220"
 119      6F2FFB12 
 119      85A4DD8F 
 119      241D6E3B 
 119      AC90
 120 02ed A43D2429 		.ascii	"\244=$)\236e\270\004B\276\331\266\236\022\305h\352\326"
 120      9E65B804 
 120      42BED9B6 
 120      9E12C568 
 120      EAD6
 121 02ff 8DF68889 		.ascii	"\215\366\210\211T\221c\252\3205k\255j\223\352\240\326"
 121      549163AA 
 121      D0356BAD 
 121      6A93EAA0 
 121      D6
 122 0310 8707EBB9 		.ascii	"\207\007\353\2710\267\242|\320K\255P\315\321\223\221"
 122      30B7A27C 
 122      D04BAD50 
 122      CDD19391 
 123 0320 755B5EA4 		.ascii	"u[^\244g\3402\324\301_\342]\201>\330\202\276\343\355"
 123      67E032D4 
 123      C15FE25D 
 123      813ED882 
 123      BEE3ED
 124 0333 378F248A 		.ascii	"7\217$\212\213\200\264\315\014\256`\316\004\224\006"
 124      8B80B4CD 
 124      0CAE60CE 
 124      049406
 125 0342 6A0C392D 		.ascii	"j\0149-\030\363\305\310\321\026~pY\377P7\207\371\272"
 125      18F3C5C8 
 125      D1167E70 
 125      59FF5037 
 125      87F9BA
 126 0355 794E8DF5 		.ascii	"yN\215\365\303A\274kIL\\\255wVb\357\334\035\272f\246"
 126      C341BC6B 
 126      494C5CAD 
 126      775662EF 
 126      DC1DBA66 
 127 036a 7A44FDB7 		.ascii	"zD\375\267\307\227Jf\263\317J\330\305B\371\302\351\235"
 127      C7974A66 
 127      B3CF4AD8 
 127      C542F9C2 
 127      E99D
 128 037c 4617FFA5 		.ascii	"F\027\377\245\374\374\377S\276*(\223\2120 (\257\320"
 128      FCFCFF53 
 128      BE2A2893 
 128      8A302028 
 128      AFD0
 129 038e 09BC1AE6 		.ascii	"\011\274\032\346\311\363\002j\020\371\020\220\302\232"
ARM GAS  /tmp/ccY5t8EJ.s 			page 10


 129      C9F3026A 
 129      10F91090 
 129      C29A
 130 039c 33624093 		.ascii	"3b@\223MO\0114\264\0024\2746\220\031]\327\014 U\274"
 130      4D4F0934 
 130      B40234BC 
 130      3690195D 
 130      D70C2055 
 131 03b1 2C93E00B 		.ascii	",\223\340\013\214\274\031{\022\350\335\001\262\242\276"
 131      8CBC197B 
 131      12E8DD01 
 131      B2A2BE
 132 03c0 5B33336D 		.ascii	"[33m\217\277N\217Ms:\034\316\3756\227\323\355\365\330"
 132      8FBF4E8F 
 132      4D733A1C 
 132      CEFD3697 
 132      D3EDF5D8 
 133 03d4 DEC8CBCD 		.ascii	"\336\310\313\315\311-\266i\005\232\323m\337\365^\226"
 133      C92DB669 
 133      059AD36D 
 133      DFF55E96 
 134 03e4 235363BC 		.ascii	"#Sc\274\310-k\336b\227\352\266{\016\024y\263\327\316"
 134      C82D6BDE 
 134      6297EAB6 
 134      7B0E1479 
 134      B3D7CE
 135 03f7 B7177B29 		.ascii	"\267\027{)\333\226\223\233\277#\337\226\203\351\266"
 135      DB96939B 
 135      BF23DF96 
 135      83E9B6
 136 0406 1DFBB5A2 		.ascii	"\035\373\265\242\003{\3546\315\341)\364\354\332\253"
 136      037BEC36 
 136      CDE129F4 
 136      ECDAAB
 137 0415 6999054F 		.ascii	"i\231\005O\213^\300\314\232\313S\270'\255\220\231\034"
 137      8B5EC0CC 
 137      9ACB53B8 
 137      27AD9099 
 137      1C
 138 0426 7687D3FD 		.ascii	"v\207\323\375>\263\346\346\345\247el\335\234\346\362"
 138      3EB3E6E6 
 138      E5A7656C 
 138      DD9CE6F2 
 139 0436 B89894ED 		.ascii	"\270\230\224\355fI^\247\353\355ww\272\235Z\276w\267"
 139      66495EA7 
 139      EBED7777 
 139      BA9D5ABE 
 139      77B7
 140 0448 B6CF9A9B 		.ascii	"\266\317\232\233\237G\276\315\030\304\270\233\375\013"
 140      9F47BECD 
 140      18C4B89B 
 140      FD0B
 141 0456 F76C5D5F 		.ascii	"\367l]_"
 142              		.text
 143              		.section	.gnu.lto_.symbol_nodes.4f52ab35bbe1cc2d,"",%progbits
 144 0000 789C4DC8 		.ascii	"x\234M\310\261\015\200 \000\005\321\373@\301\020\216"
 144      B10D8020 
ARM GAS  /tmp/ccY5t8EJ.s 			page 11


 144      0005D1FB 
 144      40C1108E 
 145 0010 E62E9FD2 		.ascii	"\346.\237\322\322\011\214\205\273\330(8\222&j\302u\357"
 145      D2098C85 
 145      BBD82838 
 145      92266AC2 
 145      75EF
 146 0022 2230F215 		.ascii	"\"0\362\025\016\031\346\0126\313\232\011\247\254~\250"
 146      0E19E60A 
 146      36CB9A09 
 146      A7AC7EA8 
 147 0032 C9E11D94 		.ascii	"\311\341\035\224\351\361%\307\336UN\277K&*\261\355m"
 147      E9F125C7 
 147      DE554EBF 
 147      4B262AB1 
 147      ED6D
 148 0044 E006C1A5 		.ascii	"\340\006\301\245\031X"
 148      1958
 149              		.text
 150              		.section	.gnu.lto_.refs.4f52ab35bbe1cc2d,"",%progbits
 151 0000 789C6366 		.ascii	"x\234cf``\340d\200\000&F&&~&f\001\006\000\001\235\000"
 151      6060E064 
 151      80002646 
 151      26267E26 
 151      66010600 
 152 0017 38       		.ascii	"8"
 153              		.text
 154              		.section	.gnu.lto_.decls.4f52ab35bbe1cc2d,"",%progbits
 155 0000 789C9556 		.ascii	"x\234\225VmPSW\032\276\347\236\020\310M\014\016\356"
 155      6D505357 
 155      1ABEE79E 
 155      10C84D0C 
 155      0EEE
 156 0012 B62E7F16 		.ascii	"\266.\177\026\331\016\323\356Xc\355Lg\377\354\324\255"
 156      D90ED3EE 
 156      5863ED4C 
 156      67FFECD4 
 156      AD
 157 0023 33BB6576 		.ascii	"3\273evl\231:\373c\247?\356\322\220\232LC\2027a\305"
 157      6C993AFB 
 157      63A73FEE 
 157      D2909A4C 
 157      43823761 
 158 0038 E9FEB88A 		.ascii	"\351\376\270\212\037\024?\260h)\260\226FI\245\202 \005"
 158      1F143FB0 
 158      6829B096 
 158      4649A582 
 158      2005
 159 004a 3F101458 		.ascii	"?\020\024X-\026\371P@\212Z\312\247TE\304\006\244\362"
 159      2D16F950 
 159      408A5ACA 
 159      A75445C4 
 159      06A4F2
 160 005d 2564DF73 		.ascii	"%d\337sNn\022\002\314\354\236\341\345\346=\3679\317"
 160      4E6E1202 
 160      CCEC9EE1 
 160      E5E63DF7 
ARM GAS  /tmp/ccY5t8EJ.s 			page 12


 160      39CF
 161 006f 79DEF7BE 		.ascii	"y\336\367\276\367=\027s\034\367\022\3428/\2149-\307"
 161      F73D1773 
 161      1CF712E2 
 161      382F8C39 
 161      2DC7
 162 0081 7DCC731C 		.ascii	"}\314s\034\206\271\0040\230\346\336\345\330\010\003"
 162      86B90430 
 162      98E6DEE5 
 162      D80803
 163 0090 3B0D5609 		.ascii	";\015V\011v\016\354\002X\035\267x\020\214\306\267^\017"
 163      760EEC02 
 163      581DB778 
 163      108CC6B7 
 163      5E0F
 164 00a2 A603BB03 		.ascii	"\246\003\273\003\326\007\266\006\354\021\330(\330\270"
 164      D607B606 
 164      EC11D828 
 164      D8B8
 165 00b0 0FAFF6AD 		.ascii	"\017\257\366\255\231\004{\0166\317\261\2151Z\314M\366"
 165      99047B0E 
 165      36CFB18D 
 165      315ACC4D 
 165      F6
 166 00c1 5E19C27D 		.ascii	"^\031\302}&\204\277\332\247y<h\257.0\025\360]&q\300"
 166      2684BFDA 
 166      A7793C68 
 166      AF2E3015 
 166      F05D2671 
 167 00d6 1542E43A 		.ascii	"\025B\344:\301\332|Z\011o8\314k\300t(\240\245.(\326"
 167      C1DA7C5A 
 167      096F38CC 
 167      6BC07428 
 167      A0A52E28 
 168 00eb D031C6A3 		.ascii	"\3201\306\243\213e\023\255\332\207<\322\0131\304\255"
 168      8B6513AD 
 168      DA873CD2 
 168      0B31C4AD 
 169 00fb CE6ECC55 		.ascii	"\316n\314U\203\253\023T\304\255\231\035\354T\275\370"
 169      83AB1354 
 169      C4AD991D 
 169      EC54BDF8 
 170 010b 990CE370 		.ascii	"\231\014\343p\272\274R\205\022^@E(\032}\215\242!\300"
 170      BABC5285 
 170      125E4045 
 170      281A7D8D 
 170      A221C0
 171 011e 53E845F8 		.ascii	"S\350E\370\377\276\2121\235\350\235\231\325`\036\221"
 171      FFBE8A31 
 171      9DE89D99 
 171      D5601E91 
 172 012e DF85B903 		.ascii	"\337\205\271\003\235\302\332bX\226!\327{P`\273\312\361"
 172      9DC2DA62 
 172      589621D7 
 172      7B5060BB 
 172      CAF1
 173 0140 DEAF704C 		.ascii	"\336\257pL\201\354*\367\224\316\334\325\311\215r\275"
ARM GAS  /tmp/ccY5t8EJ.s 			page 13


 173      81EC2AF7 
 173      94CEDCD5 
 173      C98D72BD 
 174 0150 D7FB26A5 		.ascii	"\327\373&\245B\305\010\243\022\264\226\346\016~\323"
 174      42C508A3 
 174      12B496E6 
 174      0E7ED3
 175 015f 25E8348A 		.ascii	"%\3504\212\201e\035\343\027\345p\374g\302\315\037l\357"
 175      81651DE3 
 175      17E570FC 
 175      67C2CD1F 
 175      6CEF
 176 0171 9B57A138 		.ascii	"\233W\2418\235\033\330=_\026>M\333)oDg\220\016\225\372"
 176      9D1BD83D 
 176      5F163E4D 
 176      DB296F44 
 176      67900E95 
 177 0186 D7A37775 		.ascii	"\327\243wul\307LY\336E\224k\032\365\301\322Q\031\212"
 177      6CC74C59 
 177      DE45946B 
 177      1AF5C1D2 
 177      51198A
 178 0199 038C0F0D 		.ascii	"\003\214\017\015\374\317v\237\372A\257\202\224R\242"
 178      FCCF769F 
 178      FA41AF82 
 178      9452A2
 179 01a8 F769ECD9 		.ascii	"\367i\354\331\307\346\236\351\227\215\375\033\032{9"
 179      C7E69EE9 
 179      978DFD1B 
 179      1A7B39
 180 01b7 F2055F34 		.ascii	"\362\005_4R]\254\301\377\242\301\217\334p\367\350}1"
 180      525DACC1 
 180      FFA2C18F 
 180      DC70F7E8 
 180      7D31
 181 01c9 5EDA87F3 		.ascii	"^\332\207\363d\327.y\336\353Et\021\252\010\212\262B"
 181      64D72E79 
 181      DEEB4574 
 181      11AA088A 
 181      B242
 182 01db 89B29246 		.ascii	"\211\262\222F\351*?\371 \002g!\312r\341\306\331_\020"
 182      E92A3FF9 
 182      20026721 
 182      CA72E1C6 
 182      D95F10
 183 01ee B0F4CB9E 		.ascii	"\260\364\313\236\326\257\356\277\365i\372a\267\334\357"
 183      D6AFEEBF 
 183      F569FA61 
 183      B7DCEF
 184 01fd F5FE96E5 		.ascii	"\365\376\226\345\352l\020\313Y\205\345\034ei\316\317"
 184      EA6C10CB 
 184      5985E51C 
 184      6569CECF 
 185 020d 69E07117 		.ascii	"i\340q\027c)\034\032\355\325Q\026W~\311\336\030\226"
 185      63291C1A 
 185      EDD55116 
 185      577EC9DE 
ARM GAS  /tmp/ccY5t8EJ.s 			page 14


 185      1896
 186 021f 6ECA703E 		.ascii	"n\312p>\210\341\274\302p\2012|\236\323|,\034?\242\014"
 186      88E1BCC2 
 186      7081327C 
 186      9ED37C2C 
 186      1C3FA20C 
 187 0233 AAA1E9DE 		.ascii	"\252\241\351\336\311p\024\255\211\213\316\225#P5\322"
 187      C97014AD 
 187      898BCE95 
 187      235035D2 
 188 0243 70FB4852 		.ascii	"p\373HR=\273\016\257\334\306\241\265\321\350\025\310"
 188      3DBB0EAF 
 188      DCC6A1B5 
 188      D1E815C8 
 189 0253 670DE493 		.ascii	"g\015\344\223\334\342\320E\310\320%\310\220\233>\373"
 189      DCE2D045 
 189      C8D025C8 
 189      909B3EFB 
 190 0263 8D641655 		.ascii	"\215d\026U\371\350\331\310\205yF\004[\335\252?\344\015"
 190      F9E8D9C8 
 190      85794604 
 190      5BDDAA3F 
 190      E40D
 191 0275 0B4E32C1 		.ascii	"\013N2\301\007\262|yA\205\335\274X\340\321b\017\213"
 191      07B27C79 
 191      4185DDBC 
 191      58E0D162 
 191      0F8B
 192 0287 ACE87677 		.ascii	"\254\350vwO$\215\254<\177x\004\262|\\\3112,B\265A\321"
 192      4F248DAC 
 192      3C7F7804 
 192      B27C5CC9 
 192      322C42B5 
 193 029d D52AD1D5 		.ascii	"\325*\321\325\321\350jZN\235\341i\305\313|\360\033\240"
 193      D1E86A5A 
 193      4E9DE169 
 193      C5CB7CF0 
 193      1BA0
 194 02af 636F404E 		.ascii	"co@N\301\314m5.cu\374e\266\273\214\307\325\314\361T"
 194      C1CC6D35 
 194      2E6375FC 
 194      65B6BB8C 
 194      C7D5CCF1 
 195 02c4 8D0DE8F1 		.ascii	"\215\015\350\361e\346\364V\2647D\342z\346\270?\3139"
 195      65E6F456 
 195      B43744E2 
 195      7AE6B83F 
 195      CB39
 196 02d6 1D462922 		.ascii	"\035F)\"\210[Q\233\327\255\305W\331\275\271\216i\357"
 196      885B519B 
 196      D7ADC557 
 196      D9BDB98E 
 196      69EF
 197 02e8 0A7C8D39 		.ascii	"\012|\2159\315\203SOu\024\270\222\270\335\307'\236\351"
 197      CD83534F 
 197      7514B892 
 197      B8DDC727 
ARM GAS  /tmp/ccY5t8EJ.s 			page 15


 197      9EE9
 198 02fa 7113BB97 		.ascii	"q\023\273\227\325|\356J\004ngN\336d\313\265H\012\\M"
 198      D57CEE4A 
 198      046E674E 
 198      DE64CBB5 
 198      480A5C4D 
 199 030e DCDCC72D 		.ascii	"\334\334\307-\0071\356\244\367\204\371/\012?\217@\261"
 199      0731EEA4 
 199      F784F92F 
 199      0A3F8F40 
 199      B1
 200 031f 6CC4AD8A 		.ascii	"l\304\255\212u\301\363\200\032\271\027\237\235.\273"
 200      75C1F380 
 200      1AB9179F 
 200      9D2EBB
 201 032e 57D30A6E 		.ascii	"W\323\012n\204\360\273\320\252@\301_\247\351\374=\374"
 201      84F0BBD0 
 201      AA40C15F 
 201      A7E9FC3D 
 201      FC
 202 033f E308DC95 		.ascii	"\343\010\334\225Y\244n\\O\241\337\206B_&\310\"\344\207"
 202      59A46E5C 
 202      4FA1DF86 
 202      425F26C8 
 202      22E487
 203 0352 66F9A1CD 		.ascii	"f\371\241\315\241\320\226\020\326C~h\323\322\002\202"
 203      A1D09610 
 203      D6437E68 
 203      D3D20282 
 204 0362 68F7FBB1 		.ascii	"h\367\373\261\015\241\330k!\264\237\370\241W\227\024"
 204      0DA1D86B 
 204      21B49FF8 
 204      A1579714 
 205 0372 1B40E6FA 		.ascii	"\033@\346\372\221\255Kke\002Hq\366g\354S\313\210`8\245"
 205      91AD4B6B 
 205      65024871 
 205      F667EC53 
 205      CB886038 
 206 0387 52D8F894 		.ascii	"R\330\370\224\026\243,otr\250\036V\377\207\254\276\342"
 206      16A32C6F 
 206      7472A81E 
 206      56FF87AC 
 206      BEE2
 207 0399 A30324FA 		.ascii	"\243\003$\372\036\212\375\026\212E7\301:\300n\203\335"
 207      1E8AFD16 
 207      8A4537C1 
 207      3AC06E83 
 207      DD
 208 03aa 006B076B 		.ascii	"\000k\007k\003\353D\261\224\210(\352?P\324\004]\216"
 208      03EB44B1 
 208      948828EA 
 208      3F50D404 
 208      5D8E
 209 03bc 69FA6EE9 		.ascii	"i\372n\351@\231&x\312\367\373\036\344\250u\301=+\030"
 209      40992678 
 209      CAF7FB1E 
 209      E4A875C1 
ARM GAS  /tmp/ccY5t8EJ.s 			page 16


 209      3D2B18
 210 03cf CDA13B88 		.ascii	"\315\241;\210\2665r\005t]\355\3245\001\337e\365r \243"
 210      B6357205 
 210      745DEDD4 
 210      3501DF65 
 210      F57220A3 
 211 03e3 FFBA8007 		.ascii	"\377\272\200\007\231\263\363d\315\201p(\2365\002\245"
 211      99B3F364 
 211      CD817028 
 211      9E3502A5 
 212 03f3 EDFBF7B4 		.ascii	"\355\373\367\264[C]r>F\222\036\332x_.\324\2438\201\366"
 212      5B435D72 
 212      3E46921E 
 212      DA785F2E 
 212      D4A33881 
 213 0408 D09E92C1 		.ascii	"\320\236\222\301\267\323\341U\355E\002\372!\320C\311"
 213      B7D3E155 
 213      ED4502FA 
 213      21D043C9 
 214 0418 6A323202 		.ascii	"j22\002z\270\200\364\036H\302\032\201bQ7L\376\010\223"
 214      7AB880F4 
 214      1E48C21A 
 214      81625137 
 214      4CFE0893 
 215 042c 40DCF0BC 		.ascii	"@\334\360\274vw\030\022\342\226^\324\277\304\"*\241"
 215      76771812 
 215      E2965ED4 
 215      BFC4222A 
 215      A1
 216 043d E660F60B 		.ascii	"\346`\366\013\262\254B} \341n@\002(b\032\310\015\210"
 216      B2AC427D 
 216      20E16E40 
 216      0228621A 
 216      C80D88
 217 0450 A4B1E48B 		.ascii	"\244\261\344\213\177\340ZL\373\322\275c\345\347#Q\\"
 217      7FE05A4C 
 217      FBD2BD63 
 217      E5E72351 
 217      5C
 218 0461 74B4A0B4 		.ascii	"t\264\240\264\232\237`\361\300\242V3\365&\271\301\221"
 218      9A9F60F1 
 218      C0A25633 
 218      F526B9C1 
 218      91
 219 0472 E645AE54 		.ascii	"\346E\256T\230'[\306\253\375\315k\020T\221[\034\032"
 219      98275BC6 
 219      ABFDCD6B 
 219      1054915B 
 219      1C1A
 220 0484 024DF768 		.ascii	"\002M\367h \376\027P\317^\300Ce\356\247\354}\304\304"
 220      20FE1750 
 220      CF5EC043 
 220      65EEA7EC 
 220      7DC4C4
 221 0497 CDBFFDD3 		.ascii	"\315\277\375\323\004\246.m!\025]\335\221B\206\257\211"
 221      04A62E6D 
 221      21155DDD 
ARM GAS  /tmp/ccY5t8EJ.s 			page 17


 221      914286AF 
 221      89
 222 04a8 91E7A613 		.ascii	"\221\347\246\023\202\036\3330\345~9\032=d\324\305MG"
 222      821EDB30 
 222      E57E391A 
 222      3D64D4C5 
 222      4D47
 223 04ba EF85451D 		.ascii	"\357\205E\035\366\225Y\014\242\302\357\003\374\001\205"
 223      F695590C 
 223      A2C2EF03 
 223      FC0185
 224 04c9 3F4251CA 		.ascii	"?BQ\312\"\352\004\265\015=k\033\231\373\277\361\206"
 224      22EA04B5 
 224      0D3D6B1B 
 224      99FBBFF1 
 224      86
 225 04da 2FBFDF63 		.ascii	"/\277\337ce\277W\350v\005\017s\3625\276\355\\\312v#"
 225      65BF57E8 
 225      76050F73 
 225      F235BEED 
 225      5CCA7623 
 226 04ee 88C9E1D0 		.ascii	"\210\311\341\320(\335\3561\333n\224n\267\263\276\364"
 226      28DDEE31 
 226      DB6E946E 
 226      B7B3BEF4 
 227 04fe 5638DDEE 		.ascii	"V8\335\356\017\204`\262\260\177\004\321`\303\351\271"
 227      0F8460B2 
 227      B07F04D1 
 227      60C3E9B9 
 228 050e B8A7AA4A 		.ascii	"\270\247\252JO]5\355}nO\316\212\345\305\214)b<,\370"
 228      4F5D35ED 
 228      7D6E4FCE 
 228      8AE5C58C 
 228      29623C2C 
 229 0523 D1F49152 		.ascii	"\321\364\221Ruh\360O\000\3763\205\217S5cL\3158U3=rs"
 229      7568F04F 
 229      00FE3385 
 229      8F533563 
 229      4CCD3855 
 230 053b 54083E22 		.ascii	"T\010>\"H\221\0046x\272\340\210\310;\364\274%\034_\245"
 230      48910436 
 230      78BAE088 
 230      C83BF4BC 
 230      251C5FA5 
 231 054f 25828E0F 		.ascii	"%\202\216\017\337\315\022p+sF\277\233\257\014\203#\036"
 231      DFCD1270 
 231      2B7346BF 
 231      9BAF0C83 
 231      231E
 232 0561 FD424B04 		.ascii	"\375BK\004f.\237,\354\322\302\011R_\356\251\371yv\307"
 232      662E9F2C 
 232      ECD2C209 
 232      525FEEA9 
 232      F97976C7 
 233 0575 11E89EF4 		.ascii	"\021\350\236\364\204ue\360\204\025M(\205\210\236\301"
 233      847565F0 
 233      84154D28 
ARM GAS  /tmp/ccY5t8EJ.s 			page 18


 233      85889EC1 
 234 0585 314F5C56 		.ascii	"1O\\V\213\223\364\030\311(-\277\244\241\237\014D\017"
 234      8B93F418 
 234      C9282DBF 
 234      A4A19F0C 
 234      440F
 235 0597 FB64E8AE 		.ascii	"\373d\350\256\234\177\022\271\354'\3034U:\245|2\034"
 235      9C7F12B9 
 235      EC27C334 
 235      553AA57C 
 235      321C
 236 05a9 392F1745 		.ascii	"9/\027E\340<\3252\352\246\016N\014\350\250\272\376\322"
 236      E03CD532 
 236      EAA60E4E 
 236      0CE8A8BA 
 236      FED2
 237 05bb E11BBE2F 		.ascii	"\341\033\276/\245:y\215\212\360\240\031\277\266Y\242"
 237      A53A798D 
 237      8AF0A019 
 237      BFB659A2 
 238 05cb 6D46D1F6 		.ascii	"mF\321\366\234\035\3407\257G\341B\306\354\372\261\343"
 238      9C1DE037 
 238      AF47E142 
 238      C6ECFAB1 
 238      E3
 239 05dc AF2CC8D6 		.ascii	"\257,\310\326=\025\306l\177\220\021\364+`.\350\234\234"
 239      3D15C66C 
 239      7F9011F4 
 239      2B602EE8 
 239      9C9C
 240 05ee 5348E629 		.ascii	"SH\346)IA[\317\260\012W1\226\371\364\266\2760J\343:"
 240      49415BCF 
 240      B00A5731 
 240      96F9F4B6 
 240      BE304AE3 
 241 0603 56AA56B4 		.ascii	"V\252V\264P\012o\020\205W\241\220yB\321t\265\343(\217"
 241      500A6F10 
 241      8557A190 
 241      7942D174 
 241      B5E3288F 
 242 0617 BF5D2E44 		.ascii	"\277].D\357\370\211\243:\337\0038s\342\357\013\036\000"
 242      EFF889A3 
 242      3ADF0338 
 242      73E2EF0B 
 242      1E00
 243 0629 61DEC92B 		.ascii	"a\336\311+A\356\342!Hp\031y:%\277r\344\\\261vA\267$"
 243      41EEE221 
 243      48701979 
 243      3A25BF72 
 243      E45CB176 
 244 0640 077F20DD 		.ascii	"\007\177 \335\273y\326-\341J\316\353\334\372L\325\002"
 244      BB79D62D 
 244      E14ACEEB 
 244      DCFA4CD5 
 244      02
 245 0651 F4A905E8 		.ascii	"\364\251\005\350=>\364\036\212\036\350\374\276M\300"
 245      3D3EF41E 
ARM GAS  /tmp/ccY5t8EJ.s 			page 19


 245      8A1EE8FC 
 245      BE4DC0
 246 0660 ED4CB8BB 		.ascii	"\355L\270\273\270\270G\360\245\260\241dQ\012\367\362"
 246      B8B847F0 
 246      A5B0A164 
 246      510AF7F2 
 247 0670 81F8F72A 		.ascii	"\201\370\367*\022\367Q\211C\235c\262\200\207\030\315"
 247      12F75189 
 247      439D63B2 
 247      808718CD 
 248 0680 C9D14B0F 		.ascii	"\311\321K\0175,\205\373CR\230\021D\221\241P|\302(F\213"
 248      352C85FB 
 248      43529811 
 248      4491A150 
 248      7CC22846 
 249 0695 EBB5F8C9 		.ascii	"\353\265\370\311r)\274s\244mV\357KaV\321\342\024f\372"
 249      7229BC73 
 249      A46D56EF 
 249      4B6156D1 
 249      E21466FA 
 250 06a9 53B89FA4 		.ascii	"S\270\237\2440S!?\300\307p\332w6\307\213o'\332\222\254"
 250      3053213F 
 250      C0C770DA 
 250      7736C78B 
 250      6F27DA92 
 251 06be 2649FD97 		.ascii	"&I\375\227w\376\026\263\211[\277n\235\301\377gw\030"
 251      77FE16B3 
 251      895BBF6E 
 251      9DC1FF67 
 251      7718
 252 06d0 8CF6E464 		.ascii	"\214\366\344d\273\315\220b\227\234\016\303\237\336\333"
 252      BBCD9062 
 252      979C0EC3 
 252      9FDEDB
 253 06df BC69739A 		.ascii	"\274is\232\301h6\332%\223\370\3177\222\327\031\271\010"
 253      C16836DA 
 253      2593F8CF 
 253      3792D719 
 253      B908
 254 06f1 C9B43551 		.ascii	"\311\2645QJ\026\235k\377\347\225\353\314\\\224H\346"
 254      4A169D6B 
 254      FFE795EB 
 254      CC5C9448 
 254      E6
 255 0702 458BB44D 		.ascii	"E\213\264M4\245X\254\366\255\251\246_\263)\307v\213"
 255      34A558AC 
 255      F6ADA9A6 
 255      5FB329C7 
 255      768B
 256 0714 D368163F 		.ascii	"\323h\026?\224\354\311\242\305!\375\237z\314\334*Fc"
 256      94ECC9A2 
 256      C521FD9F 
 256      7ACCDC2A 
 256      4663
 257 0726 4AB338FD 		.ascii	"J\2638\375$a\342[v\273\3657F\363\026\2439\336\221 \231"
 257      2461E25B 
 257      76BBF537 
ARM GAS  /tmp/ccY5t8EJ.s 			page 20


 257      46F316A3 
 257      39DE9120 
 258 073b 4CC9294E 		.ascii	"L\311)N\213\335\366\236i[\252E2%\375.d\023\311i\260"
 258      8BDDF69E 
 258      695BAA45 
 258      3225FD2E 
 258      6413C969 
 259 0750 D88CD6D4 		.ascii	"\330\214\326\324$\023p;\214\346$\340\325\372h\235Fg"
 259      2413703B 
 259      8CE624E0 
 259      D5FA689D 
 259      4667
 260 0762 1A2FADE7 		.ascii	"\032/\255\347\245\327xi\003/\275\216\245\3276\250\255"
 260      A5D77869 
 260      032FBD8E 
 260      A5D736A8 
 260      AD
 261 0773 92E83427 		.ascii	"\222\3504'\361)FUZ\212C\212H\265\330\234\257o\020\235"
 261      F1294655 
 261      5A8A438A 
 261      48B5D89C 
 261      AF6F109D 
 262 0787 82282A3F 		.ascii	"\202(*?_5\244:$?\253\315\264\335j\371\300\220\234h4"
 262      5F35A43A 
 262      243FABCD 
 262      B4DD6AF9 
 262      C0909C68 
 263 079c 5B6C2683 		.ascii	"[l&\203\230d\37201\325\352\024\235;RL\016\330,v)\264"
 263      9864FA30 
 263      31D5EA14 
 263      9D3B524C 
 263      0ED82C76 
 264 07b2 6387C320 		.ascii	"c\207\303 :\234I\300\010\020\225\321\234(iDq\253\311"
 264      3A9C49C0 
 264      081095D1 
 264      9C286944 
 264      71ABC9
 265 07c5 29266C49 		.ascii	")&lIX\221h\335\236\270\303"
 265      589168DD 
 265      9EB8C3
 266 07d0 215A6C56 		.ascii	"!ZlV`\374\343\322Y\003\365$g\206M\233\267\304o1l\202"
 266      60FCE3D2 
 266      5903F524 
 266      67864D9B 
 266      B7C46F31 
 267 07e6 A419E295 		.ascii	"\244\031\342\2258\223\035\026\207\270\325h\004j`u0\326"
 267      38931D16 
 267      87B8D568 
 267      046A6075 
 267      30D6
 268 07f8 5FD1A053 		.ascii	"_\321\240SmV\273\361#\1776\265A\223:Q4\331\022?\260"
 268      6D56BBF1 
 268      237F36B5 
 268      41933A51 
 268      34D9123F 
 269 080d 9AC8A38C 		.ascii	"\232\310\243\214\2427\026`5\376\251\025\242\230dq(\320"
 269      A2371660 
ARM GAS  /tmp/ccY5t8EJ.s 			page 21


 269      35FEA915 
 269      A2986471 
 269      28D0
 270 081f FF024774 		.ascii	"\377\002Gt\242\033"
 270      A21B
 271              		.text
 272              		.section	.gnu.lto_.symtab.4f52ab35bbe1cc2d,"",%progbits
 273 0000 4E4D495F 		.ascii	"NMI_Handler\000\000\000\000\000\000\000\000\000\000"
 273      48616E64 
 273      6C657200 
 273      00000000 
 273      00000000 
 274 0015 0000AC00 		.ascii	"\000\000\254\000\000\000_port_irq_epilogue\000\000\000"
 274      00005F70 
 274      6F72745F 
 274      6972715F 
 274      6570696C 
 275 0030 00000000 		.ascii	"\000\000\000\000\000\000\000\000\000\263\000\000\000"
 275      00000000 
 275      00B30000 
 275      00
 276 003d 5F706F72 		.ascii	"_port_switch_from_isr\000\000\002\000\000\000\000\000"
 276      745F7377 
 276      69746368 
 276      5F66726F 
 276      6D5F6973 
 277 005a 00000000 		.ascii	"\000\000\000\000\265\000\000\000_port_exit_from_isr"
 277      B5000000 
 277      5F706F72 
 277      745F6578 
 277      69745F66 
 278 0075 00000200 		.ascii	"\000\000\002\000\000\000\000\000\000\000\000\000\267"
 278      00000000 
 278      00000000 
 278      B7
 279 0082 00000063 		.ascii	"\000\000\000chSchIsPreemptionRequired\000\000\002\000"
 279      68536368 
 279      49735072 
 279      65656D70 
 279      74696F6E 
 280 00a2 00000000 		.ascii	"\000\000\000\000\000\000\000\000\277\000\000\000"
 280      00000000 
 280      BF000000 
 281              		.text
 282              		.section	.gnu.lto_.opts,"",%progbits
 283 0000 272D666E 		.ascii	"'-fno-trapv' '-mcpu=cortex-m0' '-mthumb' '-ggdb' '-"
 283      6F2D7472 
 283      61707627 
 283      20272D6D 
 283      6370753D 
 284 0033 4F332720 		.ascii	"O3' '-fomit-frame-pointer' '-falign-functions=16' '"
 284      272D666F 
 284      6D69742D 
 284      6672616D 
 284      652D706F 
 285 0066 2D666675 		.ascii	"-ffunction-sections' '-fdata-sections' '-fno-common"
 285      6E637469 
ARM GAS  /tmp/ccY5t8EJ.s 			page 22


 285      6F6E2D73 
 285      65637469 
 285      6F6E7327 
 286 0099 2720272D 		.ascii	"' '-flto'\000"
 286      666C746F 
 286      2700
 287              		.text
 288              		.comm	__gnu_lto_v1,1,1
 289              		.comm	__gnu_lto_slim,1,1
 290              		.ident	"GCC: (15:4.9.3+svn231177-1) 4.9.3 20150529 (prerelease)"
ARM GAS  /tmp/ccY5t8EJ.s 			page 23


DEFINED SYMBOLS
                            *ABS*:0000000000000000 chcore_v6m.c
                            *COM*:0000000000000001 __gnu_lto_v1
                            *COM*:0000000000000001 __gnu_lto_slim

NO UNDEFINED SYMBOLS
