ARM GAS  /tmp/ccNddWPL.s 			page 1


   1              		.cpu cortex-m0
   2              		.fpu softvfp
   3              		.eabi_attribute 20, 1
   4              		.eabi_attribute 21, 1
   5              		.eabi_attribute 23, 3
   6              		.eabi_attribute 24, 1
   7              		.eabi_attribute 25, 1
   8              		.eabi_attribute 26, 1
   9              		.eabi_attribute 30, 2
  10              		.eabi_attribute 34, 0
  11              		.eabi_attribute 18, 4
  12              		.code	16
  13              		.file	"crt1.c"
  14              		.text
  15              	.Ltext0:
  16              		.section	.gnu.lto_.profile.351ec9f63350e2c5,"",%progbits
  17 0000 789C6366 		.ascii	"x\234cf```a\200\000F\006IQ\000\000\273\0007"
  17      60606061 
  17      80004606 
  17      49510000 
  17      BB0037
  18              		.text
  19              		.section	.gnu.lto_.jmpfuncs.351ec9f63350e2c5,"",%progbits
  20 0000 789C6366 		.ascii	"x\234cf\300\016\004\2414+\020320010030\260\0009\000"
  20      C00E04A1 
  20      342B1033 
  20      32303031 
  20      30303330 
  21 0018 03080024 		.ascii	"\003\010\000$"
  22              		.text
  23              		.section	.gnu.lto_.inline.351ec9f63350e2c5,"",%progbits
  24 0000 789C6366 		.ascii	"x\234cf\300\016\342\2414+\003\0033\023#\003\023\220"
  24      C00EE2A1 
  24      342B0303 
  24      33132303 
  24      1390
  25 0012 C9B6401E 		.ascii	"\311\266@\036D10b\2100a\2100\003y\020\021\0260\011\244"
  25      44313062 
  25      88306188 
  25      30037910 
  25      11163009 
  26 0027 445E7102 		.ascii	"D^q\002E\224\332\026\315d\204+c\000\000\376\271\006"
  26      4594DA16 
  26      CD64842B 
  26      630000FE 
  26      B906
  27 0039 9F       		.ascii	"\237"
  28              		.text
  29              		.section	.gnu.lto_.pureconst.351ec9f63350e2c5,"",%progbits
  30 0000 789C6366 		.ascii	"x\234cf``\340f\200\000V\006\011F\011&\011f\023\026)"
  30      6060E066 
  30      80005606 
  30      09460926 
  30      09661316 
  31 0015 00043A00 		.ascii	"\000\004:\000\264"
  31      B4
  32              		.text
ARM GAS  /tmp/ccNddWPL.s 			page 2


  33              		.section	.gnu.lto___core_init.351ec9f63350e2c5,"",%progbits
  34 0000 789C6366 		.ascii	"x\234cf\300\004R@\\\002\3046@\314\310\314\300\3104\341"
  34      C0045240 
  34      5C02C436 
  34      40CCC8CC 
  34      C0C834E1 
  35 0014 1C034323 		.ascii	"\034\003C#\007\023##\210\301\300\310P\317\304X\317\370"
  35      07132323 
  35      88C1C0C8 
  35      50CFC458 
  35      CFF8
  36 0026 92E92313 		.ascii	"\222\351#\023\343\204\003\253gp\253/mhh\3700\351\262"
  36      E38403AB 
  36      6770AB2F 
  36      6D6868F8 
  36      30E9B2
  37 0039 44ABC44F 		.ascii	"D\253\304O&\006\206\317L\020c\030\2273\2523\000\325"
  37      260686CF 
  37      4C106318 
  37      9733AA33 
  37      00D5
  38 004b 7C6CF97B 		.ascii	"|l\371{\235\233\255\005\250F\000\"\307\270\202\221\215"
  38      9D9BAD05 
  38      A8460022 
  38      C7B88291 
  38      8D
  39 005c 1148AF17 		.ascii	"\021H\257\027:\320\360\377\377\3429\177.\263\000\205"
  39      3AD0F0FF 
  39      FFE2397F 
  39      2EB30085 
  40 006c 9F0031C8 		.ascii	"\237\0001\310\374\247LL \232\371\036##H!\310\244'L\214"
  40      FCA74C4C 
  40      209AF91E 
  40      23234821 
  40      C8A4274C 
  41 0081 2021A002 		.ascii	" !\240\002+==}8\312/\326O\316\317\315\315\317\323/."
  41      2B3D3D7D 
  41      38CA2FD6 
  41      4FCECFCD 
  41      CDCFD32F 
  42 0096 492C2A29 		.ascii	"I,*)-\320w\014\362u\366\255\000\211\026d\346\244\026"
  42      2DD0770C 
  42      F275F6AD 
  42      00891664 
  42      E6A416
  43 00a9 15EBBB3B 		.ascii	"\025\353\273;;\353'\027\225\030\352%3\000\000\210\233"
  43      3BEB2717 
  43      9518EA25 
  43      33000088 
  43      9B
  44 00ba 3BC0     		.ascii	";\300"
  45              		.text
  46              		.section	.gnu.lto___early_init.351ec9f63350e2c5,"",%progbits
  47 0000 789C6366 		.ascii	"x\234cf\300\004R@\\\004\3046@\314\310\314\300\3104\341"
  47      C0045240 
  47      5C04C436 
  47      40CCC8CC 
ARM GAS  /tmp/ccNddWPL.s 			page 3


  47      C0C834E1 
  48 0014 1C034323 		.ascii	"\034\003C#\007\023##\210\301\300\310P\317\304X\317\370"
  48      07132323 
  48      88C1C0C8 
  48      50CFC458 
  48      CFF8
  49 0026 92E92313 		.ascii	"\222\351#\023\343\204\003\253gp\253/mhh\370p\350\272"
  49      E38403AB 
  49      6770AB2F 
  49      6D6868F8 
  49      70E8BA
  50 0039 44ABC44F 		.ascii	"D\253\304O&\006\206\317L\020c\030\2273\2523\000\325"
  50      260686CF 
  50      4C106318 
  50      9733AA33 
  50      00D5
  51 004b 7C6CF97B 		.ascii	"|l\371{\235\233\255\005\250F\000\"\307\270\202\221\215"
  51      9D9BAD05 
  51      A8460022 
  51      C7B88291 
  51      8D
  52 005c 1148AF17 		.ascii	"\021H\257\027:\320\360\377\377\3439\022@\301'@\0142"
  52      3AD0F0FF 
  52      FFE33912 
  52      40C12740 
  52      0C32
  53 006e FD291313 		.ascii	"\375)\023\023\210f\276\307\310\010R\0062\347\011\023"
  53      8866BEC7 
  53      C8085206 
  53      32E70913 
  54 007e 234808A8 		.ascii	"#H\010\250\300JOO\037\216\362\213\365\223\363ss\363"
  54      C04A4F4F 
  54      1F8EF28B 
  54      F593F373 
  54      73F3
  55 0090 F3F48B4B 		.ascii	"\363\364\213K\022\213JJ\013\364\035\203|\235}+@\242"
  55      128B4A4A 
  55      0BF41D83 
  55      7C9D7D2B 
  55      40A2
  56 00a2 059939A9 		.ascii	"\005\2319\251E\305\372\356\316\316\372\311E%\206z\311"
  56      45C5FAEE 
  56      CECEFAC9 
  56      4525867A 
  56      C9
  57 00b3 0C00D2B5 		.ascii	"\014\000\322\265:w"
  57      3A77
  58              		.text
  59              		.section	.gnu.lto___late_init.351ec9f63350e2c5,"",%progbits
  60 0000 789C6366 		.ascii	"x\234cf\300\004R@\\\004\3046@\314\310\314\300\3104\341"
  60      C0045240 
  60      5C04C436 
  60      40CCC8CC 
  60      C0C834E1 
  61 0014 1C034323 		.ascii	"\034\003C#\007\023##\210\301\300\310P\317\304X\317\370"
  61      07132323 
  61      88C1C0C8 
ARM GAS  /tmp/ccNddWPL.s 			page 4


  61      50CFC458 
  61      CFF8
  62 0026 92E92313 		.ascii	"\222\351#\023\343\204\003\253gp\253/mhh\370\260\350"
  62      E38403AB 
  62      6770AB2F 
  62      6D6868F8 
  62      B0E8
  63 0038 B644ABC4 		.ascii	"\266D\253\304O&\006\206\317L\020c\030\2273\2523\000"
  63      4F260686 
  63      CF4C1063 
  63      189733AA 
  63      3300
  64 004a D57C6CF9 		.ascii	"\325|l\371{\235\233\255\005\250F\000\"\307\270\202\221"
  64      7B9D9BAD 
  64      05A84600 
  64      22C7B882 
  64      91
  65 005b 8D1148AF 		.ascii	"\215\021H\257\027:\320\360\377\377\3429\022@\301'@\014"
  65      173AD0F0 
  65      FFFFE239 
  65      1240C127 
  65      400C
  66 006d 32FD2913 		.ascii	"2\375)\023\023\210f\276\307\310\010R\0062\347\011\023"
  66      138866BE 
  66      C7C80852 
  66      0632E709 
  66      13
  67 007e 234808A8 		.ascii	"#H\010\250\300JOO\037\216\362\213\365\223\363ss\363"
  67      C04A4F4F 
  67      1F8EF28B 
  67      F593F373 
  67      73F3
  68 0090 F3F48B4B 		.ascii	"\363\364\213K\022\213JJ\013\364\035\203|\235}+@\242"
  68      128B4A4A 
  68      0BF41D83 
  68      7C9D7D2B 
  68      40A2
  69 00a2 059939A9 		.ascii	"\005\2319\251E\305\372\356\316\316\372\311E%\206z\311"
  69      45C5FAEE 
  69      CECEFAC9 
  69      4525867A 
  69      C9
  70 00b3 0C00A7E9 		.ascii	"\014\000\247\351:\033"
  70      3A1B
  71              		.text
  72              		.section	.gnu.lto___default_exit.351ec9f63350e2c5,"",%progbits
  73 0000 789C6366 		.ascii	"x\234cf\300\004&@\\\014\3046@\314\310\312\300\3104\341"
  73      C0042640 
  73      5C0CC436 
  73      40CCC8CA 
  73      C0C834E1 
  74 0014 1C034323 		.ascii	"\034\003C#\007\023#3\210\301\310\314\310\002\021`\201"
  74      07132333 
  74      88C1C8CC 
  74      C8021160 
  74      81
  75 0025 08383232 		.ascii	"\010822\32431\2630\002\011\210\376\227L\037\231\030"
ARM GAS  /tmp/ccNddWPL.s 			page 5


  75      D43331B3 
  75      30020988 
  75      FE974C1F 
  75      9918
  76 0037 271C583D 		.ascii	"'\034X=\203[}iCC\303\207Ow%Z%~210|f\202(`\\\316\250"
  76      835B7D69 
  76      4343C387 
  76      4F77255A 
  76      257E3231 
  77 0054 CE0054F3 		.ascii	"\316\000T\363\261\345\357un\266\026\240\032\001\210"
  77      B1E5EF75 
  77      6EB616A0 
  77      1A0188
  78 0063 1CE30A46 		.ascii	"\034\343\012F6F \275^\350@\303\377\377\217\347\236\271"
  78      364620BD 
  78      5EE840C3 
  78      FFFF8FE7 
  78      9EB9
  79 0075 CF02E43E 		.ascii	"\317\002\344>\001J1\002I&\240\335O\200\226\000-e|\302"
  79      014A3102 
  79      4926A0DD 
  79      4F809600 
  79      2D657CC2 
  80 0089 C402A519 		.ascii	"\304\002\245\031\301FZ\351\351\351\303Q~\261~r~nn~\236"
  80      C1465AE9 
  80      E9E9C351 
  80      7EB17E72 
  80      7E6E6E7E 
  81 009e 7E714962 		.ascii	"~qIbQIi\201\276c\220\257\263o\005H\264 3'\265\250X\337"
  81      51496981 
  81      BE6390AF 
  81      B36F0548 
  81      B4203327 
  82 00b6 DDD9593F 		.ascii	"\335\331Y?\271\250\304P/\231\001\000\260r>\353"
  82      B9A8C450 
  82      2F990100 
  82      B0723EEB 
  83              		.text
  84              		.section	.gnu.lto___init_ram_areas.351ec9f63350e2c5,"",%progbits
  85 0000 789C8D54 		.ascii	"x\234\215T\335O\\U\020?s\316\375\332\275\273\356R0i"
  85      DD4F5C55 
  85      103F73CE 
  85      FDDABDBB 
  85      EE523069 
  86 0014 9A184D78 		.ascii	"\232\030Mx\300\227r\325'Cb\014A\243/\365\301\277\300"
  86      C09772D5 
  86      2743620C 
  86      41A32FF5 
  86      C1BFC0
  87 0027 067D30B1 		.ascii	"\006}0\261e\003\230\230(\341\002\253M\255\002!Z71mm"
  87      65039898 
  87      28E102AB 
  87      4DAD0221 
  87      5A37316D 
  88 003c FC284829 		.ascii	"\374(H)Tl\273K[YJu\251\266\030\"\324D\033$\206\342G"
  88      546CBB4B 
  88      5B594A75 
ARM GAS  /tmp/ccNddWPL.s 			page 6


  88      A9B61822 
  88      D4441B24 
  89 0053 B4E9BADA 		.ascii	"\264\351\272\332e\265d\235\231\263\350\262-F\262\334"
  89      65B5649D 
  89      99B3E8B2 
  89      2D46B2DC 
  90 0063 7366CE9C 		.ascii	"sf\316\234\337\374\3467\367\216\022\267\376\035\304"
  90      DFFCE637 
  90      F78E12B7 
  90      FE1DC4
  91 0072 FF172D21 		.ascii	"\377\027-!\036\305\025B\002d\377\254\020]\216\004\245"
  91      1EC51542 
  91      0264FFAC 
  91      105D8E04 
  91      A5
  92 0083 370A4CBD 		.ascii	"7\012L\2751\364f\3121\245\361ZF\010?h\305m\341\207,"
  92      31F466CA 
  92      31A5F15A 
  92      46083F68 
  92      C56DE187 
  93 0098 70C80FB6 		.ascii	"p\310\017\266^\247\034G\332\372<\300\347\001\351j3\310"
  93      5EA71C47 
  93      DAFA3CC0 
  93      E701E96A 
  93      33C8
  94 00aa A6AB811B 		.ascii	"\246\253\201\033\203\000\264\012\020\235R\031\246e;"
  94      8300B40A 
  94      109D5219 
  94      A6653B
  95 00b9 0137089D 		.ascii	"\0017\010\235\206\022P,\026;\231\233\251):z\371If%\364"
  95      8612502C 
  95      163B999B 
  95      A9293A7A 
  95      F9496625 
  96 00ce A787136E 		.ascii	"\247\207\023n\335\373\276\357_\037\310n}ykA\012\221"
  96      DDFBBEEF 
  96      5F1FC86E 
  96      7D796B41 
  96      0A91
  97 00e0 933A008E 		.ascii	"\223:\000\216@\235\300\230\321\341\371\203\240\036\002"
  97      409DC098 
  97      D1E1F983 
  97      A01E02
  98 00ef DAA78EFD 		.ascii	"\332\247\216\375~\311\375Q\026$\334C\346\304\300L\302"
  98      7EC9FD51 
  98      1624DC43 
  98      E6C4C04C 
  98      C2
  99 0100 22531A64 		.ascii	"\"S\032d~\373\301\332^Y{\330\367\273\227\366efC\376"
  99      7EFBC1DA 
  99      5E597BD8 
  99      F7BB97F6 
  99      656643FE 
 100 0114 8C1F5F2A 		.ascii	"\214\037_*\026\357.H\005\203\240\020\027\206`\033|\010"
 100      16EF2E48 
 100      0583A010 
 100      1786601B 
ARM GAS  /tmp/ccNddWPL.s 			page 7


 100      7C08
 101 0126 DB4A62E1 		.ascii	"\333Jb\341\225l|\355k\327\212#\201(\014C\255N\016G\301"
 101      956C7CED 
 101      6BD78A23 
 101      81280C43 
 101      AD4E0E47 
 102 013b 02211479 		.ascii	"\002!\024y0\246+\375\372|X52\201\236d\327dH\247\350"
 102      30A62BFD 
 102      FA7C5835 
 102      32819E64 
 102      D76448A7 
 103 0150 FD215396 		.ascii	"\375!S\226\302\200\221\333\245\200c\014\261:\270\367"
 103      C28091DB 
 103      A580630C 
 103      B13AB8F7 
 104 0160 AC548F30 		.ascii	"\254T\2170D\346\346\215\205;\030\342\235\276#V\031\300"
 104      44E6E68D 
 104      853B18E2 
 104      9DBE2356 
 104      19C0
 105 0172 E86D01C6 		.ascii	"\350m\001\306\240vtK\332/\026s\347\277\332SwZ\336\011"
 105      A076744B 
 105      DA2F1673 
 105      E7BFDA53 
 105      775ADE09 
 106 0186 82784986 		.ascii	"\202xI\206V|n\360\323\341g\220\375.\357C\002a\303\370"
 106      567C6EF0 
 106      D3E16790 
 106      FD2EEF43 
 106      0261C3F8 
 107 019a 30236C47 		.ascii	"0#lG\371\254\212\274\325\354\250a(!\226\261\3529!\256"
 107      F9AC8ABC 
 107      D5ECA861 
 107      282196B1 
 107      EA3921AE 
 108 01ae 4A898BBA 		.ascii	"J\211\213\272\014\335\351\267z\357b\025\264\002\373"
 108      0CDDE9B7 
 108      7AEF6215 
 108      B402FB
 109 01bd FBE693AA 		.ascii	"\373\346\223\252\343/?\341;\005i\255I\255\335w\313_"
 109      E32F3FE1 
 109      3B0569AD 
 109      49ADDD77 
 109      CB5F
 110 01cf CE39A4BE 		.ascii	"\3169\244\276\305\346P\337\033I8\000ow\365S\224\015"
 110      C5E650DF 
 110      1B493800 
 110      6F77F553 
 110      940D
 111 01e1 C7A1033E 		.ascii	"\307\241\003>\242:\360\354\320\362`\302e\200\364\343"
 111      A23AF0EC 
 111      D0F260C2 
 111      6580F4E3 
 112 01f1 180FE318 		.ascii	"\030\017\343\030\210\265}\014\035\202\322*\021\267)"
 112      88B57D0C 
 112      1D82D22A 
 112      11B729
ARM GAS  /tmp/ccNddWPL.s 			page 8


 113 0200 6D94F9E4 		.ascii	"m\224\371\344%\210o\240\373\344\361LNU\264\010\351\023"
 113      25886FA0 
 113      FBE4F14C 
 113      4E55B408 
 113      E913
 114 0212 6FEE10DE 		.ascii	"o\356\020\336?\001V^\006\313\251(Nwb\365\320\257a\242"
 114      3F01565E 
 114      06CBA928 
 114      4E7762F5 
 114      D0AF61A2 
 115 0226 E2FB69AF 		.ascii	"\342\373i\257 \035D\204\223%*\327\316\365\376\031\331"
 115      201D4484 
 115      93252AD7 
 115      CEF5FE19 
 115      D9
 116 0237 3EEC470B 		.ascii	">\354G\0132\000\247\220\307o\374\276A\022\266\013\244"
 116      3200A790 
 116      C76FFCBE 
 116      4112B60B 
 116      A4
 117 0248 E03F4CA8 		.ascii	"\340?L\250\224\010\221\231\306\\F\351Dn\005r\375\177"
 117      94089199 
 117      C65C46E9 
 117      446E0572 
 117      FD7F
 118 025a 21A71819 		.ascii	"!\247\030\031\010yb\003\362\030!\273B\254\000lPvi\337"
 118      08796203 
 118      F21821BB 
 118      42AC006C 
 118      507669DF 
 119 026e 9E2DEBE2 		.ascii	"\236-\353\342\302i\350\220\203v^\326\270W\376x\012\005"
 119      C269E890 
 119      83765ED6 
 119      B857FE78 
 119      0A05
 120 0280 32047E74 		.ascii	"2\004~t\012\331\334xu1\365\240\246\023.\257\333\330"
 120      0AD9DC78 
 120      7531F5A0 
 120      A6132EAF 
 120      DBD8
 121 0292 50371464 		.ascii	"P7\024d0/%\234!fp\226\304\306\273\003\207\303t\263\242"
 121      302F259C 
 121      21667096 
 121      C4C6BB03 
 121      87C374B3 
 122 02a7 0A9B6355 		.ascii	"\012\233cU)\366\023\214Eh\014\357I\274\262\222\272O"
 122      29F6138C 
 122      45680CEF 
 122      49BCB292 
 122      BA4F
 123 02b9 A78A5000 		.ascii	"\247\212P\000\275\223\227A\376[DDG]K=\240\243\242\224"
 123      BD939741 
 123      FE5B4444 
 123      475D4B3D 
 123      A0A3A294 
 124 02cd B23C8A45 		.ascii	"\262<\212E\214r\207M\201\343\241\324b\276\254\20468"
 124      8C72874D 
ARM GAS  /tmp/ccNddWPL.s 			page 9


 124      81E3A1D4 
 124      62BEAC84 
 124      3638
 125 02df 46EA7E5F 		.ascii	"F\352~_\03275Rhc-\233\253<\311*\263diTy\001\342\263"
 125      1A373552 
 125      68632D9B 
 125      AB3CC92A 
 125      B3646954 
 126 02f7 3DBB4B18 		.ascii	"=\273K\030\224C\220\316\022;\251~\311\276\204\\\214"
 126      944390CE 
 126      123BA97E 
 126      C9BE845C 
 126      8C
 127 0308 2BB9A757 		.ascii	"+\271\247W@a\003\324MrD\214\2139\322\327\242\027\020"
 127      406103D4 
 127      4D72448C 
 127      8B39D2D7 
 127      A21710
 128 031b 43319332 		.ascii	"C1\2232\001\035\366\272\340\327\307\026\336U\233\312"
 128      011DF6BA 
 128      E0D7C716 
 128      DE559BCA 
 129 032b 6694649B 		.ascii	"f\224d\233B\036\345\355\010\242\357\034\236\260@\213"
 129      421EE5ED 
 129      08A2EF1C 
 129      9EB0408B 
 130 033b 132519AB 		.ascii	"\023%\031\253\351\302-2V\263@\016\011\004e\002\031\254"
 130      E9C22D32 
 130      56B3400E 
 130      09046502 
 130      19AC
 131 034d 49767E5D 		.ascii	"Iv~]\223\252\377\253\3114kB\265\303\371\012M\252\010"
 131      93AAFFAB 
 131      C9346B42 
 131      B5C3F90A 
 131      4DAA08
 132 0360 963531F2 		.ascii	"\22651\362\322\261\260\323\325\366\031~\301\002$\000"
 132      D2B1B0D3 
 132      D5F6197E 
 132      C1022400 
 133 0370 B3FDB941 		.ascii	"\263\375\271A\307\326`\002\204\376\342\373\325\\\210"
 133      C7D66002 
 133      84FEE2FB 
 133      D55C88
 134 037f 472C12FB 		.ascii	"G,\022\373\264\214;\177\2505\004\177\261g\362\200\242"
 134      B48C3B7F 
 134      A835047F 
 134      B167F280 
 134      A2
 135 0390 2F12ED4D 		.ascii	"/\022\355M\207E\345t\370\254l:\274\367\346\376\243&"
 135      8745E574 
 135      F8AC6C3A 
 135      BCF7E6FE 
 135      A326
 136 03a2 E5701D32 		.ascii	"\345p\0352/L\017\235\212x#~\277\237n\300B!\203\367`"
 136      2F4C0F9D 
 136      8A78237E 
ARM GAS  /tmp/ccNddWPL.s 			page 10


 136      BF9F6EC0 
 136      422183F7 
 137 03b7 464F449A 		.ascii	"FOD\232\362\323\311\221\200\236%\367\322h\277\000\036"
 137      F2D3C991 
 137      809E25F7 
 137      D268BF00 
 137      1E
 138 03c8 96FA398F 		.ascii	"\226\3729\217\022\032e\256\030\267\340*\266\000G\331"
 138      121A65AE 
 138      18B7E02A 
 138      B60047D9 
 139 03d8 220EEFDC 		.ascii	"\"\016\357\334\023zZ\320\031\240\023\0115\324\327{\377"
 139      137A5AD0 
 139      19A01309 
 139      35D4D77B 
 139      FF
 140 03e9 FC5ADABC 		.ascii	"\374Z\332\274\346\226]\273Zv{m\355;[\333\237\217y\215"
 140      E6965DBB 
 140      5A767B6D 
 140      ED3B5BDB 
 140      9F8F798D 
 141 03fd 4FEE68DA 		.ascii	"O\356h\332\361\002yc\317>\367Lk\233\367XS\223\327\334"
 141      F1027963 
 141      CF3EF74C 
 141      6B9BF758 
 141      5393D7DC 
 142 0411 DA7E7F7D 		.ascii	"\332~\177}\263P\255;c\262=\006\261\277\001Y\375Tj"
 142      B350AD3B 
 142      63B23D06 
 142      B1BF0159 
 142      FD546A
 143              		.text
 144              		.section	.gnu.lto_.symbol_nodes.351ec9f63350e2c5,"",%progbits
 145 0000 789C55C9 		.ascii	"x\234U\311\305\021\002a\020\204\321\336\177wqw\207\033"
 145      C5110261 
 145      1084D1DE 
 145      7F777177 
 145      871B
 146 0012 EEEEA14D 		.ascii	"\356\356\241M\012D@\021\012\356\020\023tq\000\346\360"
 146      0A444011 
 146      0AEE1013 
 146      747100E6 
 146      F0
 147 0023 BEEA1A1D 		.ascii	"\276\352\032\035@^\303\347TQ\200\305\023\020\301re\203"
 147      405EC3E7 
 147      545180C5 
 147      1310C172 
 147      6583
 148 0035 2A89F6B7 		.ascii	"*\211\366\267\313\242\376vE\364\3576\240\252b\374\376"
 148      CBA2FE76 
 148      45F4EF36 
 148      A0AA62FC 
 148      FE
 149 0046 CD02564A 		.ascii	"\315\002VJt\263\246\371\004f]\321\206N\233\006m\231"
 149      74B3A6F9 
 149      04665DD1 
 149      864E9B06 
ARM GAS  /tmp/ccNddWPL.s 			page 11


 149      6D99
 150 0058 B46DA11D 		.ascii	"\264m\241\035+\355\332h\317N\373\016:p\322\241\213\216"
 150      2BEDDA68 
 150      CF4EFB0E 
 150      3A70D2A1 
 150      8B8E
 151 006a DC74ECA1 		.ascii	"\334t\354\241\023/\235\372\350\314O\347\001\272F\220"
 151      132F9DFA 
 151      E8CC4FE7 
 151      01BA4690 
 152 007a D920C46C 		.ascii	"\331 \304l\021fv\2100{D\231\003b\314\021q\346\204\004"
 152      11667688 
 152      307B4499 
 152      0362CC11 
 152      71E68404 
 153 008e 734692B9 		.ascii	"sF\222\271 \305\\\221fn\3100wd\231\007r\357\340\005"
 153      20C55C91 
 153      666EC830 
 153      77649907 
 153      72EFE005 
 154 00a2 7DC73A49 		.ascii	"}\307:I"
 155              		.text
 156              		.section	.gnu.lto_.refs.351ec9f63350e2c5,"",%progbits
 157 0000 789C25C1 		.ascii	"x\234%\301[\032\201P\030\000\300\377\233:\024\241(\227"
 157      5B1A8150 
 157      1800C0FF 
 157      9B3A14A1 
 157      2897
 158 0012 90E3B61A 		.ascii	"\220\343\266\032\373\337\217\207f\212\210\370\305L)"
 158      FBDF8F87 
 158      668A88F8 
 158      C54C29
 159 0021 91A69C2C 		.ascii	"\221\246\234,,Uj+k\215\215\255\235Vg\357\24078:9\273"
 159      2C556A2B 
 159      6B8D8DAD 
 159      9D5667EF 
 159      A037383A 
 160 0037 185DDDDC 		.ascii	"\030]\335\334M\036\262\247\227\267\217o\374\001}Z\003"
 160      4D1EB2A7 
 160      97B78F6F 
 160      FC017D5A 
 160      03
 161 0048 98       		.ascii	"\230"
 162              		.text
 163              		.section	.gnu.lto_.decls.351ec9f63350e2c5,"",%progbits
 164 0000 789C8598 		.ascii	"x\234\205\230iPTW\026\307\373\276\333\335@\3334\226"
 164      69505457 
 164      16C7FBBE 
 164      DBDD40DB 
 164      3496
 165 0012 569672AA 		.ascii	"V\226r\2522\006\253\254Y22nX\225\252\231d\306\232Ij"
 165      3206ABAC 
 165      5932326E 
 165      5895AA99 
 165      64C69A49 
 166 0027 262699A9 		.ascii	"&&\231\251\312\247\371\320E\220\251P\203\230\202\266"
 166      CAA7F9D0 
ARM GAS  /tmp/ccNddWPL.s 			page 12


 166      4590A950 
 166      839882B6 
 167 0037 927CB0AA 		.ascii	"\222|\260\252\025es\001\021\221%b\263E\";\262\330\354"
 167      15657301 
 167      11912562 
 167      B345223B 
 167      B2D8EC
 168 004a 3B8D2C2E 		.ascii	";\215,.\340\302\016F\005d\0250\200\242\314y\367\236"
 168      E0C20E46 
 168      05641530 
 168      80A2CC79 
 168      F79E
 169 005c F7B0DFC3 		.ascii	"\367\260\337\303\231.\016\367\335\327\347\374\316\277"
 169      992E0EF7 
 169      DDD7E7FC 
 169      CEBF
 170 006a EFFFBED7 		.ascii	"\357\377\276\327\013\325h4\015D\243Y\201\307\037\336"
 170      0BD56834 
 170      0D44A359 
 170      81C71FDE 
 171 007a D068FE4A 		.ascii	"\320h\376J5\032=\234\373\\\263\372\320A\344B\024@\024"
 171      351A3D9C 
 171      FB5CB3FA 
 171      D041E442 
 171      144014
 172 008d 41D821CA 		.ascii	"A\330!\312!\336\205\370\004j\007`\034\206x\0001\002"
 172      21DE85F8 
 172      046A0760 
 172      1C867800 
 172      3102
 173 009f 310E3105 		.ascii	"1\0161\005\361\004b\036b\011b\031b\005B\200|\027\010"
 173      F104621E 
 173      62096219 
 173      62054280 
 173      7C1708
 174 00b2 03843BC4 		.ascii	"\003\204;\304z\2107 \336\206\370\005\304;\020[ \266"
 174      7A883720 
 174      DE86F805 
 174      C43B105B 
 174      20B6
 175 00c4 42FC1AE2 		.ascii	"B\374\032\342=\210\355\020\273 \366@\274\017\361\001"
 175      3D88ED10 
 175      BB20F640 
 175      BC0FF101 
 176 00d4 C49F21FE 		.ascii	"\304\237!\376\002\3611\3218=D\235\344\025\375\004\317"
 176      02F131D1 
 176      383D449D 
 176      E415FD04 
 176      CF
 177 00e5 291F056B 		.ascii	")\037\005k\344\025\254\221W\264F^\321\032y\3665\362"
 177      E415AC91 
 177      57B4465E 
 177      D11A79F6 
 177      35F2
 178 00f7 EC6BE489 		.ascii	"\354k\344\211\353f\304<\023\036\357\203\344&\015_\317"
 178      EB66C43C 
 178      131EEF83 
ARM GAS  /tmp/ccNddWPL.s 			page 13


 178      E4260D5F 
 178      CF
 179 0108 4FE1B817 		.ascii	"O\341\270\027\306\333\020\237\301q\003\214\177\203\320"
 179      C6DB109F 
 179      C171038C 
 179      7F83D0
 180 0117 427440B4 		.ascii	"Bt@\264A\334\200h\307\036\3458~\242X\207'\002\261\347"
 180      41DC8068 
 180      C71EE538 
 180      7EA25887 
 180      2702B1E7 
 181 012b CEB7AF1B 		.ascii	"\316\267\257\033\025\210\311\260Y\234\226\3058\342\365"
 181      1588C9B0 
 181      599C96C5 
 181      38E2F5
 182 013a 30351AB4 		.ascii	"05\032\264\342\264\374\371\375.\355[\347\254\360\210"
 182      E2B4FCF9 
 182      FD2EED5B 
 182      E7ACF088 
 183 014a 0EB1AED7 		.ascii	"\016\261\256\327\222\317\337$\227\310&\222I6\001\361"
 183      92CFDF24 
 183      97C82692 
 183      493601F1 
 184 015a 47F216FC 		.ascii	"G\362\026\374\377\227\226\223z\222;\233\\)X\007\307"
 184      FF979693 
 184      7A923B9B 
 184      5C295807 
 184      C7
 185 016b 69F1C35D 		.ascii	"i\361\303]\206\367.CY\270\265f\206\254\266\353\011\011"
 185      86F72E43 
 185      59B8B566 
 185      86ACB6EB 
 185      0909
 186 017d 9FF5A06F 		.ascii	"\237\365\240o\260\244\343\035\343\263T+hH6\241\374\331"
 186      B0A4E31D 
 186      E3B3542B 
 186      684836A1 
 186      FCD9
 187 018f A8C8AA4A 		.ascii	"\250\310\252J\217\315\311V\233m\246\2540\222&Xmu\326"
 187      8FCDC956 
 187      9B6DA6AC 
 187      30922658 
 187      6D75D6
 188 01a2 972B2B84 		.ascii	"\227++\204\265\"\227\011%Y\344=h\231C\264\032q\312\027"
 188      B5229709 
 188      2559E43D 
 188      689943B4 
 188      1A71CA17 
 189 01b6 31976C86 		.ascii	"1\227l\206\332\2723\263\223\204~\361\032\362\221\201"
 189      DABA33B3 
 189      93847EF1 
 189      1AF29181 
 190 01c6 E6641323 		.ascii	"\346d\023#\333*2\364\216\350\232\225\225\017\0304O\206"
 190      DB2A32F4 
 190      8EE89A95 
 190      950F1834 
 190      4F86
ARM GAS  /tmp/ccNddWPL.s 			page 14


 191 01d8 E68BD03C 		.ascii	"\346\213\320<\011Z\300\240qw.\214\270\321/_\003\265"
 191      095AC0A0 
 191      71772E8C 
 191      B8D12F5F 
 191      03B5
 192 01ea F78DDA08 		.ascii	"\367\215\332\010\207\3668A\013e\350\025\021Z(A\213\030"
 192      87F63841 
 192      0B65E815 
 192      115A2841 
 192      8B18
 193 01fc 347FE0F4 		.ascii	"4\177\340\364\254\013\015d\320\356\341\261.\027z\230"
 193      AC0B0D64 
 193      D0EEE1B1 
 193      2E177A98 
 194 020c 1D5F8C4F 		.ascii	"\035_\214O\276k\024\033\224H\015\006\272c\313\334\244"
 194      BE6B141B 
 194      94480D06 
 194      BA63CBDC 
 194      A4
 195 021d 96A49430 		.ascii	"\226\244\2240O\352\317\304\014\013b\327\024\333\264"
 195      4FEACFC4 
 195      0C0B62D7 
 195      14DBB4
 196 022c 53D762B9 		.ascii	"S\327b\271\353U\261k\261\324\325\316\272\026\245>\352"
 196      EB55B16B 
 196      B1D4D5CE 
 196      BA16A53E 
 196      EA
 197 023d 77A1A184 		.ascii	"w\241\241\204\265\032\011m\370\207\210\310\267E\\\322"
 197      B51A096D 
 197      F88788C8 
 197      B7455CD2 
 198 024d 3BAC32A2 		.ascii	";\2542\242LB@Y\231T_\316\352\317U|\037\343\3066\212"
 198      4C424059 
 198      99545FCE 
 198      EACF557C 
 198      1FE3C636 
 199 0262 95215AEF 		.ascii	"\225!Z\357/\316\031\331NY/N\253\253\026\233\014\364"
 199      2FCE19D9 
 199      4E592F4E 
 199      ABAB169B 
 199      0CF4
 200 0274 3CC79F0C 		.ascii	"<\307\237\014\037j1P\033\237\034\371\241\374\244\013"
 200      1F6A3150 
 200      1B9F1CF9 
 200      A1FCA40B 
 201 0284 24BE6B60 		.ascii	"$\276k`\257i0i)\335\215M\305\273\211\007\234\022\034"
 201      AF693069 
 201      29DD8D4D 
 201      C5BB8907 
 201      9C121C
 202 0297 8FAC6926 		.ascii	"\217\254i&\262\325\220\016\373e\2467\343\376\307!\326"
 202      B2D5900E 
 202      FB65A637 
 202      E3FEC721 
 202      D6
 203 02a8 0F493D31 		.ascii	"\017I=1\220jY\016\253\026\037\341V\353Qq/\2729L\032"
ARM GAS  /tmp/ccNddWPL.s 			page 15


 203      906A590E 
 203      AB161FE1 
 203      56EB5171 
 203      2FBA394C 
 204 02bd 792B923A 		.ascii	"y+\222:\262\0252X.\251\201\223\265p\022\300\215\313"
 204      B2153258 
 204      2EA98193 
 204      B57012C0 
 204      8DCB
 205 02cf 55C774C4 		.ascii	"U\307t\304\260u\355\242\3065\212\230\004{X\314\233V"
 205      B075EDA2 
 205      C6358A98 
 205      047B58CC 
 205      9B56
 206 02e1 AB963480 		.ascii	"\253\2264\200\204\252U\011\240H\336\307\323\203\241"
 206      84AA5509 
 206      A048DEC7 
 206      D383A1
 207 02f0 593A63E4 		.ascii	"Y:c\344*\227%\257^\032M\304\210\231\021\215O\362\264"
 207      2A9725AF 
 207      5E1A4DC4 
 207      8899118D 
 207      4FF2B4
 208 0303 741917A6 		.ascii	"t\031\027\246\270\366\221\211\236\340\027I\311\303\204"
 208      B8F69189 
 208      9EE01749 
 208      C9C384
 209 0312 781D3DC7 		.ascii	"x\035=\307'\351\347\342\262ul9]\305\251-#gZOm\3549}"
 209      27E9E7E2 
 209      B2756C39 
 209      5DC5A92D 
 209      23675A4F 
 210 032a C9E99789 		.ascii	"\311\351\227\211\036\304\323\323s\243\347V\033\264\234"
 210      1EC4D3D3 
 210      73A3E756 
 210      1BB49C
 211 0339 291B1823 		.ascii	")\033\030#\342\305A\304>\304\001\022\257\223\215\253"
 211      E2C541C4 
 211      3EC40112 
 211      AF938DAB 
 212 0349 2FEC57A2 		.ascii	"/\354W\242\202K\242\016\215\230n[*\264~x\214\262\334"
 212      824BA20E 
 212      8D986E5B 
 212      2AB47E78 
 212      8CB2DC
 213 035c 5665EE35 		.ascii	"Ve\3565\242H\236ZMn^\023\374\0331\365\014\273%X\255"
 213      A2489E5A 
 213      4D6E5E13 
 213      FC1B31F5 
 213      0CBB2558 
 214 0371 1F5A34A4 		.ascii	"\037Z4\244\002\236\256d\0301\031\026\213\334\204\225"
 214      029EAE64 
 214      18311916 
 214      8BDC8495 
 215 0381 ED209EA4 		.ascii	"\355 \236\244\015\342\006D;\361d\013\307\032,\2566h"
 215      0DE20644 
 215      3BF1640B 
ARM GAS  /tmp/ccNddWPL.s 			page 16


 215      C71A2CAE 
 215      3668
 216 0393 595B0DEB 		.ascii	"Y[\015\353 :14\271\303UL\320H\233R^\377\231\271\242"
 216      203A3134 
 216      B9C3554C 
 216      D0489B52 
 216      5EFF99B9 
 217 03a8 61579AC3 		.ascii	"aW\232\303\326Gh\217\036;\353B6n]K\024\351\002-\377"
 217      D647688F 
 217      1E3BEB42 
 217      366E5D4B 
 217      14E9022D 
 218 03bd 4F17EBF5 		.ascii	"O\027\353\365LOH'$\336Zu\\l-u\214+\276\226\262n#\266"
 218      4C4F4827 
 218      24DE5A75 
 218      5C6C2D75 
 218      8C2BBE96 
 219 03d5 B0BDAE85 		.ascii	"\260\275\256\205fM\276x\271\264f\277\315\257\036\346"
 219      664DBE78 
 219      B9B466BF 
 219      CDAF1EE6 
 220 03e5 AF743519 		.ascii	"\257t5\031\361jZH\033\032'l\356\"N\207^F[=\014\341x"
 220      F16A5A48 
 220      1B1A276C 
 220      EE224E87 
 220      5E465B3D 
 221 03fc DF15B797 		.ascii	"\337\025\267\227\361\325\335\325-\356Dp\203\334c\373"
 221      F1D5DDD5 
 221      2DEE4470 
 221      83DC63FB 
 222 040c 9C5C8C49 		.ascii	"\234\\\214I\177\342\266!\032_\376f\013{\035w \375.K"
 222      7FE2B621 
 222      1A5FFE66 
 222      0B7B1D77 
 222      20FD2E4B 
 223 0420 EF211BA4 		.ascii	"\357!\033\244\"1\373f\375\355\034\335\253\331\267\377"
 223      2231FB66 
 223      FDED1CDD 
 223      ABD9B7FF 
 224 0430 5776487E 		.ascii	"WvH~W\206;\255\344\2734n<6\304@\233\371\2448/'\201l"
 224      57863BAD 
 224      E4BB346E 
 224      3C36C440 
 224      9BF9A438 
 225 0448 49B10E1D 		.ascii	"I\261\016\035\035\212H\273f\2649`\021WV~\311\256\204"
 225      1D8A48BB 
 225      66B43960 
 225      1157567E 
 225      C9AE84
 226 045b 7EBE88AF 		.ascii	"~\276\210\257h\356\347\267\023\250+\210\217\353\366"
 226      68EEE7B7 
 226      13A82B88 
 226      8FEBF6
 227 046a 38FC1CDE 		.ascii	"8\374\034\336\032\206\252B\370\026\036 [\330S\221\003"
 227      1A86AA42 
 227      F8161E20 
 227      5BD85391 
ARM GAS  /tmp/ccNddWPL.s 			page 17


 227      03
 228 047b FDC7DD69 		.ascii	"\375\307\335i\017\347W&v\375Q\302w:\343\207T\370!\031"
 228      0FE75726 
 228      76FD51C2 
 228      773AE387 
 228      54F82119 
 229 048f BFD0F8EC 		.ascii	"\277\320\370\354<A<\334VD\3740\342\355\245\027\346]"
 229      3C413CDC 
 229      5644FC30 
 229      E2EDA517 
 229      E65D
 230 04a1 E828C7DF 		.ascii	"\350(\307\337\231\312~(\311\017\351u\346\377\244\342"
 230      99CA7E28 
 230      C90FE975 
 230      E6FFA4E2 
 231 04b1 FF24F363 		.ascii	"\377$\363c{#'\\$\376\233\214\377\000\371\241\371i\013"
 231      7B23275C 
 231      24FE9B8C 
 231      FF00F9A1 
 231      F9690B
 232 04c4 06BAC0F9 		.ascii	"\006\272\300\371\361\317\306\006\251\304\367M\260\246"
 232      F1CFC606 
 232      A9C4F74D 
 232      B0A6
 233 04d2 1CB55AC5 		.ascii	"\034\265Z\305\373,k\360H\325\340\221\334\340\366L\346"
 233      FB2C6BF0 
 233      48D5E091 
 233      DCE0F64C 
 233      E6
 234 04e3 08C506F5 		.ascii	"\010\305\006\365\357\260\006#\330 k!$\302\315\273\310"
 234      EFB00623 
 234      D8206B21 
 234      24C2CDBB 
 234      C8
 235 04f4 1A6EDBCC 		.ascii	"\032n\333\314\\\0237\333 9\3146\334}\030\305M\367\020"
 235      5C1337DB 
 235      2039CC36 
 235      DC7D18C5 
 235      4DF710
 236 0507 46D87864 		.ascii	"F\330xd\224\034\026K\034\315iO=h\030e\232&\217Md\032"
 236      941C164B 
 236      1CCD694F 
 236      3D681865 
 236      9A268F4D 
 237 051d B9A6934A 		.ascii	"\271\246\223J\313\036\253$=\226%\335\234|\270\237+r"
 237      CB1EAB24 
 237      3D9625DD 
 237      9C7CB89F 
 237      2B72
 238 052f A063E3A8 		.ascii	"\240c\343\250\250\251\363\336\210+M\344\370\301\301"
 238      A8A9F3DE 
 238      882B4DE4 
 238      F8C1C1
 239 053e BA7A2AE1 		.ascii	"\272z*\341\025\226M\252\360\2232\276j\340A\027\276b"
 239      15964DAA 
 239      F09332BE 
 239      6AE04117 
ARM GAS  /tmp/ccNddWPL.s 			page 18


 239      BE62
 240 0550 075A3685 		.ascii	"\007Z6\205\374^G\310S7\232\311\371]\275!\031:\344+-"
 240      FC5E47C8 
 240      53379AC9 
 240      F95DBD21 
 240      193AE42B 
 241 0565 9B51F167 		.ascii	"\233Q\361gd\376|\330J\037\221\370\334\262'\310O\035"
 241      64FE7CD8 
 241      4A1F91F8 
 241      DCB227C8 
 241      4F1D
 242 0577 5849F3A0 		.ascii	"XI\363\240\245\234\037{j\366\262^\342+-\233S5\230\223"
 242      A59C1F7B 
 242      6AF6B25E 
 242      E22B2D9B 
 242      53359893 
 243 058b 1B94E527 		.ascii	"\033\224\345'\224\232\260\001Z6\217\015\346\207\233"
 243      949AB001 
 243      5A368F0D 
 243      E6879B
 244 059a 275D1596 		.ascii	"']\025\226M\240e\323h\331,Z\366\224[\226x\367\341<e"
 244      4DA065D3 
 244      68D92C5A 
 244      F6945B96 
 244      78F7E13C 
 245 05af 370B815D 		.ascii	"7\013\201]g\355\251KZ\332\314%\236Z\256+4p\211QJ\007"
 245      67EDA94B 
 245      5ADACC25 
 245      9E5AAE2B 
 245      34708951 
 246 05c5 17550A17 		.ascii	"\027U\012\027e\205\321U\247\013\215\\a+Z\270\204\012"
 246      6585D155 
 246      A70B8D5C 
 246      612B5AB8 
 246      840A
 247 05d7 CB3226BB 		.ascii	"\3132&\273u\264\207\363\213\317,\026\353$\276\302\302"
 247      75B487F3 
 247      8BCF2C16 
 247      EB24BEC2 
 247      C2
 248 05e8 E72AFE73 		.ascii	"\347*\376s\231?\367 \376\256\200|\264p\031\371\247\352"
 248      993FF720 
 248      FEAE807C 
 248      B47019F9 
 248      A7EA
 249 05fa 2AAEB8D1 		.ascii	"*\256\270\321Q\316o\314j\033\305%\216RZ\370R\305\177"
 249      51CE6FCC 
 249      6A1BC525 
 249      8E525AF8 
 249      52C57F
 250 060d 29F3FB62 		.ascii	")\363\373b\"W$\375h\341\012\362\263\263k\322\004\272"
 250      225724FD 
 250      68E10AF2 
 250      B3B36BD2 
 250      04BA
 251 061f C0F953F1 		.ascii	"\300\371S\361\366r*\361\225\026\036\021\224\015\340"
 251      F6722AF1 
ARM GAS  /tmp/ccNddWPL.s 			page 19


 251      95161E11 
 251      940DE0
 252 062e 0C3618F8 		.ascii	"\0146\030\370>3\012-lE\013\217\012\274\301\365\305g"
 252      3E330A2D 
 252      6C450B8F 
 252      0ABCC1F5 
 252      C567
 253 0640 335A8585 		.ascii	"3Z\205\205\317\320\302\027h\241U\340\026\206\010\314"
 253      CFD0C217 
 253      68A155E0 
 253      168608CC 
 254 0650 C2D3B9E9 		.ascii	"\302\323\271\351s\036\314B*N\373\357\216\335t\241aZ"
 254      731ECC42 
 254      2A4EFBEF 
 254      8EDD74A1 
 254      615A
 255 0662 26F1C1D3 		.ascii	"&\361\301\323\247\270\002\211J\007CU\002Ce\201\241\267"
 255      A7B80289 
 255      4A074355 
 255      02436581 
 255      A1B7
 256 0674 92CB7113 		.ascii	"\222\313q\023w\240\203a(\260?\373t\261@\0239>\327>x"
 256      77A08361 
 256      28B03FFB 
 256      74B14013 
 256      393ED73E 
 257 0689 5527F115 		.ascii	"U'\361\025\016F\250\370\0212\377\372\211\320$\274\257"
 257      0E46A8F8 
 257      1132FFFA 
 257      89D024BC 
 257      AF
 258 069a 75A08391 		.ascii	"u\240\203\221\310\317\033\312Nr\247\231\234\037S~l\013"
 258      C8CF1BCA 
 258      4E72A799 
 258      9C1F537E 
 258      6C0B
 259 06ac E295069E 		.ascii	"\342\225\006\236T\341O\312\370\246\264\250N\031\317"
 259      54E14FCA 
 259      F8A6B4A8 
 259      4E19CF
 260 06bb 0D3C85F8 		.ascii	"\015<\205\370c\313C\375\224\226r\374X\331\315\373\202"
 260      63CB43FD 
 260      949672FC 
 260      58D9CDFB 
 260      82
 261 06cc C4571A18 		.ascii	"\304W\032\030\245j\020%7X\030{\361\243+6@\003\243\261"
 261      A56A1025 
 261      3758187B 
 261      F1A32B36 
 261      4003A3B1 
 262 06e0 414A577D 		.ascii	"AJW}\203\322\300p\201\033xB\340\006\236F\003\317p\003"
 262      83D2C070 
 262      811B7842 
 262      E0069E46 
 262      03CF7003 
 263 06f4 A52F4226 		.ascii	"\245/B&\376E\250\251\362i\223@\233\271\304\026Gw\362"
 263      FE45A8A9 
ARM GAS  /tmp/ccNddWPL.s 			page 20


 263      F2699340 
 263      9BB9C416 
 263      4777F2
 264 0707 3A2EF182 		.ascii	":.\361\202\322\301X\225\302XYa^\343\304\220\216+\354"
 264      D2C15895 
 264      C2585961 
 264      5EE3C490 
 264      8E2BEC
 265 071a 4607CFA1 		.ascii	"F\007\317\241\302\214\374\246\032\201\366p~u\334\213"
 265      C28CFCA6 
 265      1A81F670 
 265      7E75DC8B 
 266 072a 167789AF 		.ascii	"\026w\211\257p\360\274\212\177^\346\267Vt\305\351\221"
 266      70F0BC8A 
 266      7F5EE6B7 
 266      5674C5E9 
 266      91
 267 073b 8F0EC623 		.ascii	"\217\016\306#?s8\262BKG9\177\372\310l)\336C.(-LT\361"
 267      3F7338B2 
 267      424B4739 
 267      7FFAC86C 
 267      29DE432E 
 268 0754 13657E55 		.ascii	"\023e~Ur\247\264\302\335ha\022\362/\305\\\314YG\027"
 268      72A7B4C2 
 268      DD686112 
 268      F22FC55C 
 268      CC594717 
 269 0768 383F35AB 		.ascii	"8?5\253\354,\221\370J\013/\250\032\\\220\033\334_*\271"
 269      EC2C91F8 
 269      4A0B2FA8 
 269      1A5C901B 
 269      DC5F2AB9 
 270 077c E18E0DD0 		.ascii	"\341\216\015\320\302dl\220vj(QPX\030\207\026&\240\205"
 270      C2646C90 
 270      766A2851 
 270      50581887 
 270      1626A085 
 271 0790 DFA38517 		.ascii	"\337\243\205\027\271\205\023\235IeFf\241N\234\236\210"
 271      B985139D 
 271      49654666 
 271      A14E9C9E 
 271      88
 272 07a1 1FBFB78E 		.ascii	"\037\277\267\216\206\351\230\304\211\234\372n\027.1"
 272      86E998C4 
 272      899CFA6E 
 272      172E31
 273 07b0 536961AA 		.ascii	"Sia\252Ja\252\254\2606&\327\201\237]\372\320\3024T8"
 273      4A61AAAC 
 273      B03626D7 
 273      819F5DFA 
 273      D0C23454 
 274 07c5 D75738AE 		.ascii	"\327W8\256\243\211\234_\230\2320"
 274      A3899C5F 
 274      989A30
 275 07d0 4D25BEC2 		.ascii	"M%\276\302\302\014\025?cu\023_;\233\201\026\366\241"
 275      C20C153F 
 275      6375135F 
ARM GAS  /tmp/ccNddWPL.s 			page 21


 275      3B9B8116 
 275      F6A1
 276 07e2 853F20FF 		.ascii	"\205? \377\347\345\201\010x'D\375\227[g\320\302L\245"
 276      E7E58108 
 276      782744FD 
 276      975B67D0 
 276      C24CA5
 277 07f5 85992A7E 		.ascii	"\205\231*~\246\314/\274\237\264d\222\370\334\302\037"
 277      A6CC2FBC 
 277      9FB46492 
 277      F8DCC21F 
 278 0805 913FD1FA 		.ascii	"\221?\321\372\323\0317Z\312\371\266\205\344\263\202"
 278      D319375A 
 278      CAF9B685 
 278      E4B382
 279 0814 C4575A98 		.ascii	"\304WZ\230\245j\220%7h\031\214\270\203o\345}ha66(\257"
 279      A56A9025 
 279      3768198C 
 279      B8836FE5 
 279      7D686136 
 280 082b 6C5ED029 		.ascii	"l^\320),LG\013/\241\205\227\321\302\034na\314\361\253"
 280      2C4C470B 
 280      2FA18597 
 280      D1C21C6E 
 280      61CCF1AB 
 281 083f 574DCC42 		.ascii	"WM\314B\2758mK\354\234s\247\315\\b\324\271\360\030W"
 281      BD386D4B 
 281      EC9C73A7 
 281      CD5C62D4 
 281      B9F01857 
 282 0853 2E314B69 		.ascii	".1Kia\276Ja\276\254\260\272\315aG\205\203ha\001*<z\257"
 282      61BE4A61 
 282      BEACB0BA 
 282      CD614785 
 282      83686101 
 283 086b 3A04DE09 		.ascii	":\004\336\0119?%\267\362\270\273\304WXxE\305\277\"\363"
 283      393F25B7 
 283      F2B8BBC4 
 283      57587845 
 283      C5BF22F3 
 284 087f 672EB6C5 		.ascii	"g.\266\305\342}z\020-,B~\372\225\244\026=\035\345\374"
 284      E27D7A10 
 284      2D2C427E 
 284      FA95A416 
 284      3D1DE5FC 
 285 0893 117BD6DF 		.ascii	"\021{\326\337\021\257t\260D\205/\221\361W\333j\233d"
 285      11AF74B0 
 285      44852F91 
 285      F157DB6A 
 285      9B64
 286 08a5 3C77B014 		.ascii	"<w\260\024\361\323\3557^\270\320\005\216\177\020Z\334"
 286      F1D3ED37 
 286      5EB8D005 
 286      8E7F105A 
 286      DC
 287 08b6 2A487CA5 		.ascii	"*H|\245\203vU\003\273\334\240}j9\032\267\370 :X\206"
 287      83765503 
ARM GAS  /tmp/ccNddWPL.s 			page 22


 287      BBDCA07D 
 287      6A391AB7 
 287      F8203A58 
 288 08cb 0DE2E76E 		.ascii	"\015\342\347n\2754)\034,D\007\213\321\301\253\350`9"
 288      BD34291C 
 288      2C44078B 
 288      D1C1ABE8 
 288      6039
 289 08dd 7750FA62 		.ascii	"wP\372bc\342_l2\343\357\346\0124L\317$f\335\272Y\206"
 289      63E25F6C 
 289      32E3EFE6 
 289      0A344CCF 
 289      2466DDBA 
 290 08f3 9F467395 		.ascii	"\237Fs\225\016V\251\024V\311\012'*2&P\341ct\260\032"
 290      0E56A914 
 290      56C90A27 
 290      2A322650 
 290      E16374B0 
 291 0908 15465E6F 		.ascii	"\025F^o-\207\217\243\234\177/z\256\324$\361\025\016"
 291      2D878FA3 
 291      9C7F2F7A 
 291      AED424F1 
 291      150E
 292 091a D6AAF8B5 		.ascii	"\326\252\370\2652\177~*\253\004w\310ct\260N\272\310"
 292      327F7E2A 
 292      AB0477C8 
 292      6374B04E 
 292      BAC8
 293 092c B327C228 		.ascii	"\263'\302(\315\344\374\242\312\332\032-\362\225\026"
 293      CDE4FCA2 
 293      CADA1A2D 
 293      F29516
 294 093b 36A8F80D 		.ascii	"6\250\370\0152\377\316\365\302;z\211\317-lD\276\255"
 294      32FFCEF5 
 294      C23B7A89 
 294      CF2D6C44 
 294      BEAD
 295 094d BAB2DE48 		.ascii	"\272\262\336HK9\177\274~<Z/\361\225\0266\253\0324\313"
 295      4B397FBC 
 295      7E3C5A2F 
 295      F1951636 
 295      AB1A34CB 
 296 0961 0D5E2CF6 		.ascii	"\015^,\366UK/\000-t`\203'\361\347\307\\\024\026\326"
 296      554B2F00 
 296      2D746083 
 296      27F1E7C7 
 296      5C1416D6 
 297 0975 A085F568 		.ascii	"\240\205\365ha\023Z\330\302-t\344\0254q\327k\010\351"
 297      61135AD8 
 297      C22D74E4 
 297      153471D7 
 297      6B08E9
 298 0988 251BE0FB 		.ascii	"%\033\340\3739\031#\336\344\267\233\310\3170,\200\200"
 298      391923DE 
 298      E4B79BC8 
 298      CF302C80 
 298      80
ARM GAS  /tmp/ccNddWPL.s 			page 23


 299 0999 63823739 		.ascii	"c\20279.l\"10\236\205\321\006c\012\214\2710\346\301"
 299      2E6C2231 
 299      309E85D1 
 299      06630A8C 
 299      B930E6C1 
 300 09ad 58016325 		.ascii	"X\001c%\214\327\004o\221\030\236\020\036*\356\315\033"
 300      8CD7046F 
 300      91189E10 
 300      1E2AEECD 
 300      1B
 301 09be B6A1CAFA 		.ascii	"\266\241\312\372\317\254\322\272\211\354>\374\014\270"
 301      CFACD2BA 
 301      89EC3EFC 
 301      0CB8
 302 09cc FA7DB44F 		.ascii	"\372}\264O\374\014HZ\241\222\264\011[\240\372Jkm\275"
 302      FC0C485A 
 302      A192B409 
 302      5BA0FA4A 
 302      6B6DBD
 303 09df DEE9B797 		.ascii	"\336\351\267\227\333\257\374\206\240!\355\002\373\355"
 303      DBAFFC86 
 303      A021ED02 
 303      FBED
 304 09ed 451CC537 		.ascii	"E\034\3057\243\311\321Z\255S\266\330f5\273\003\263;"
 304      A3C9D15A 
 304      AD53B6D8 
 304      6635BB03 
 304      B33B
 305 09ff 58F6F0C0 		.ascii	"X\366\360\300\321$A\312\016\177\355\357:\344:T\2553"
 305      D12441CA 
 305      0E7FEDEF 
 305      3AE43A54 
 305      AD33
 306 0a11 9B7D0F06 		.ascii	"\233}\017\006\371\231\375\003\375-\372\217>\375b\363"
 306      F999FD03 
 306      FD2DFA8F 
 306      3EFD62F3 
 307 0a21 5E8DF61B 		.ascii	"^\215\366\033?\237\377\274\277m\233\227\374w0\330\313"
 307      3F9FFFBC 
 307      BF6D9B97 
 307      FC7730D8 
 307      CB
 308 0a32 F7E08103 		.ascii	"\367\340\201\003\007\003\275\202->A\226C_{\375\351\237"
 308      0703BD82 
 308      2D3E4196 
 308      435F7BFD 
 308      E99F
 309 0a44 FBF6EEFB 		.ascii	"\373\366\356\373V<\373\265\177\200_P\260\327G{\367z"
 309      563CFBB5 
 309      7F805F50 
 309      B0D7477B 
 309      F77A
 310 0a56 F90659B6 		.ascii	"\371\006Y\266o\363\325\030\315f?\237\240\200\357\030"
 310      6FF3D518 
 310      CD663F9F 
 310      A080EF18 
 311 0a66 13F8013E 		.ascii	"\023\370\001>\026\3167\231\315\373\375\376\355s(\300"
ARM GAS  /tmp/ccNddWPL.s 			page 24


 311      16CE3799 
 311      CDFBFDFE 
 311      ED7328C0 
 312 0a76 62F6FBD6 		.ascii	"b\366\373\326\337\342\032\010\215-\207\202\002\327\233"
 312      DFE21A08 
 312      8D2D8782 
 312      02D79B
 313 0a85 D9D3E620 		.ascii	"\331\323\346 \237\003f\237 ?\237`\327C\376\201\226\235"
 313      9F03669F 
 313      203F9F60 
 313      D743FE81 
 313      969D
 314 0a97 3BCC1683 		.ascii	";\314\026\203\331,\035\376\316\353Pp\220\227\177\240"
 314      D92C1DFE 
 314      CEEB5070 
 314      90977FA0 
 315 0aa7 6FC0A1FD 		.ascii	"o\300\241\375~^\201~\337\004\370\177\351u\300\307\367"
 315      7E5E817E 
 315      DF04F87F 
 315      E975C0C7 
 315      F7
 316 0ab8 2BFF403F 		.ascii	"+\377@?/\231k\371\356k\277\340m_i<\327\312\016\376."
 316      2F996BF9 
 316      EE6BBFE0 
 316      6D5F693C 
 316      D7CA0EFE 
 317 0acd D8CB1C6C 		.ascii	"\330\313\034l\331\017DH1\261\236\026\277o-\254\251\033"
 317      D90F4448 
 317      31B19E16 
 317      BF6F2DAC 
 317      A91B
 318 0adf 9B8A4706 		.ascii	"\233\212G\006\337\000\320\317\016\215\201\007\315\362"
 318      DF00D0CF 
 318      0E8D8107 
 318      CDF2
 319 0aed 790F519F 		.ascii	"y\017Q\237<3[\334d\275\033\314\242\366\337\233W\211"
 319      3C335BDC 
 319      64BD1BCC 
 319      A2F6DF9B 
 319      5789
 320 0aff 66F7574F 		.ascii	"f\367WO\231M8\343d\263\007N\003\017\362\247y\375vu\375"
 320      994D38E3 
 320      64B3074E 
 320      030FF2A7 
 320      79FD7675 
 321 0b14 76A7FAED 		.ascii	"v\247\372\355\316\365\333\025\365;\324\365;\234\352"
 321      CEF5DB15 
 321      F53BD4F5 
 321      3B9CEA
 322 0b23 7738D7EF 		.ascii	"w8\327\357P\324\357T\327\357t\252\337\351\\\277SQ\277"
 322      50D4EF54 
 322      D7EF74AA 
 322      DFE95CBF 
 322      5351BF
 323 0b36 4B5DBFCB 		.ascii	"K]\277\313\251~\227s\375.E\375nu\375n\247\372\335\316"
 323      A97E9773 
 323      FD2E45FD 
ARM GAS  /tmp/ccNddWPL.s 			page 25


 323      6E75FD6E 
 323      A7FADDCE 
 324 0b4a F5BB15F5 		.ascii	"\365\273\025\365\336\352zo\247zo\347zoE\375\036u\375"
 324      DEEA7A6F 
 324      A77A6FE7 
 324      7A6F45FD 
 324      1E75FD
 325 0b5d 1EA7FA3D 		.ascii	"\036\247\372=\316\365{\344\372\377\002\021`\212\307"
 325      CEF57BE4 
 325      FAFF0211 
 325      608AC7
 326              		.text
 327              		.section	.gnu.lto_.symtab.351ec9f63350e2c5,"",%progbits
 328 0000 5F5F636F 		.ascii	"__core_init\000\000\001\000\000\000\000\000\000\000"
 328      72655F69 
 328      6E697400 
 328      00010000 
 328      00000000 
 329 0015 0000AE00 		.ascii	"\000\000\256\000\000\000__early_init\000\000\001\000"
 329      00005F5F 
 329      6561726C 
 329      795F696E 
 329      69740000 
 330 002b 00000000 		.ascii	"\000\000\000\000\000\000\000\000\261\000\000\000__l"
 330      00000000 
 330      B1000000 
 330      5F5F6C
 331 003a 6174655F 		.ascii	"ate_init\000\000\001\000\000\000\000\000\000\000\000"
 331      696E6974 
 331      00000100 
 331      00000000 
 331      000000
 332 004d 00B40000 		.ascii	"\000\264\000\000\000__default_exit\000\000\001\000\000"
 332      005F5F64 
 332      65666175 
 332      6C745F65 
 332      78697400 
 333 0065 00000000 		.ascii	"\000\000\000\000\000\000\000\271\000\000\000__init_"
 333      000000B9 
 333      0000005F 
 333      5F696E69 
 333      745F
 334 0077 72616D5F 		.ascii	"ram_areas\000\000\000\000\000\000\000\000\000\000\000"
 334      61726561 
 334      73000000 
 334      00000000 
 334      00000000 
 335 008b 00BB0000 		.ascii	"\000\273\000\000\000__ram0_init_text__\000\000\002\000"
 335      005F5F72 
 335      616D305F 
 335      696E6974 
 335      5F746578 
 336 00a6 00000000 		.ascii	"\000\000\000\000\000\000\000\000\336\000\000\000__r"
 336      00000000 
 336      DE000000 
 336      5F5F72
 337 00b5 616D305F 		.ascii	"am0_init__\000\000\002\000\000\000\000\000\000\000\000"
ARM GAS  /tmp/ccNddWPL.s 			page 26


 337      696E6974 
 337      5F5F0000 
 337      02000000 
 337      00000000 
 338 00ca 00E10000 		.ascii	"\000\341\000\000\000__ram0_clear__\000\000\002\000\000"
 338      005F5F72 
 338      616D305F 
 338      636C6561 
 338      725F5F00 
 339 00e2 00000000 		.ascii	"\000\000\000\000\000\000\000\344\000\000\000__ram0_"
 339      000000E4 
 339      0000005F 
 339      5F72616D 
 339      305F
 340 00f4 6E6F696E 		.ascii	"noinit__\000\000\002\000\000\000\000\000\000\000\000"
 340      69745F5F 
 340      00000200 
 340      00000000 
 340      000000
 341 0107 00E70000 		.ascii	"\000\347\000\000\000__ram1_init_text__\000\000\002\000"
 341      005F5F72 
 341      616D315F 
 341      696E6974 
 341      5F746578 
 342 0122 00000000 		.ascii	"\000\000\000\000\000\000\000\000\353\000\000\000__r"
 342      00000000 
 342      EB000000 
 342      5F5F72
 343 0131 616D315F 		.ascii	"am1_init__\000\000\002\000\000\000\000\000\000\000\000"
 343      696E6974 
 343      5F5F0000 
 343      02000000 
 343      00000000 
 344 0146 00EE0000 		.ascii	"\000\356\000\000\000__ram1_clear__\000\000\002\000\000"
 344      005F5F72 
 344      616D315F 
 344      636C6561 
 344      725F5F00 
 345 015e 00000000 		.ascii	"\000\000\000\000\000\000\000\361\000\000\000__ram1_"
 345      000000F1 
 345      0000005F 
 345      5F72616D 
 345      315F
 346 0170 6E6F696E 		.ascii	"noinit__\000\000\002\000\000\000\000\000\000\000\000"
 346      69745F5F 
 346      00000200 
 346      00000000 
 346      000000
 347 0183 00F40000 		.ascii	"\000\364\000\000\000__ram2_init_text__\000\000\002\000"
 347      005F5F72 
 347      616D325F 
 347      696E6974 
 347      5F746578 
 348 019e 00000000 		.ascii	"\000\000\000\000\000\000\000\000\371\000\000\000__r"
 348      00000000 
 348      F9000000 
 348      5F5F72
ARM GAS  /tmp/ccNddWPL.s 			page 27


 349 01ad 616D325F 		.ascii	"am2_init__\000\000\002\000\000\000\000\000\000\000\000"
 349      696E6974 
 349      5F5F0000 
 349      02000000 
 349      00000000 
 350 01c2 00FC0000 		.ascii	"\000\374\000\000\000__ram2_clear__\000\000\002\000\000"
 350      005F5F72 
 350      616D325F 
 350      636C6561 
 350      725F5F00 
 351 01da 00000000 		.ascii	"\000\000\000\000\000\000\000\377\000\000\000__ram2_"
 351      000000FF 
 351      0000005F 
 351      5F72616D 
 351      325F
 352 01ec 6E6F696E 		.ascii	"noinit__\000\000\002\000\000\000\000\000\000\000\000"
 352      69745F5F 
 352      00000200 
 352      00000000 
 352      000000
 353 01ff 00020100 		.ascii	"\000\002\001\000\000__ram3_init_text__\000\000\002\000"
 353      005F5F72 
 353      616D335F 
 353      696E6974 
 353      5F746578 
 354 021a 00000000 		.ascii	"\000\000\000\000\000\000\000\000\007\001\000\000__r"
 354      00000000 
 354      07010000 
 354      5F5F72
 355 0229 616D335F 		.ascii	"am3_init__\000\000\002\000\000\000\000\000\000\000\000"
 355      696E6974 
 355      5F5F0000 
 355      02000000 
 355      00000000 
 356 023e 000A0100 		.ascii	"\000\012\001\000\000__ram3_clear__\000\000\002\000\000"
 356      005F5F72 
 356      616D335F 
 356      636C6561 
 356      725F5F00 
 357 0256 00000000 		.ascii	"\000\000\000\000\000\000\000\015\001\000\000__ram3_"
 357      0000000D 
 357      0100005F 
 357      5F72616D 
 357      335F
 358 0268 6E6F696E 		.ascii	"noinit__\000\000\002\000\000\000\000\000\000\000\000"
 358      69745F5F 
 358      00000200 
 358      00000000 
 358      000000
 359 027b 00100100 		.ascii	"\000\020\001\000\000__ram4_init_text__\000\000\002\000"
 359      005F5F72 
 359      616D345F 
 359      696E6974 
 359      5F746578 
 360 0296 00000000 		.ascii	"\000\000\000\000\000\000\000\000\025\001\000\000__r"
 360      00000000 
 360      15010000 
ARM GAS  /tmp/ccNddWPL.s 			page 28


 360      5F5F72
 361 02a5 616D345F 		.ascii	"am4_init__\000\000\002\000\000\000\000\000\000\000\000"
 361      696E6974 
 361      5F5F0000 
 361      02000000 
 361      00000000 
 362 02ba 00180100 		.ascii	"\000\030\001\000\000__ram4_clear__\000\000\002\000\000"
 362      005F5F72 
 362      616D345F 
 362      636C6561 
 362      725F5F00 
 363 02d2 00000000 		.ascii	"\000\000\000\000\000\000\000\033\001\000\000__ram4_"
 363      0000001B 
 363      0100005F 
 363      5F72616D 
 363      345F
 364 02e4 6E6F696E 		.ascii	"noinit__\000\000\002\000\000\000\000\000\000\000\000"
 364      69745F5F 
 364      00000200 
 364      00000000 
 364      000000
 365 02f7 001E0100 		.ascii	"\000\036\001\000\000__ram5_init_text__\000\000\002\000"
 365      005F5F72 
 365      616D355F 
 365      696E6974 
 365      5F746578 
 366 0312 00000000 		.ascii	"\000\000\000\000\000\000\000\000#\001\000\000__ram5"
 366      00000000 
 366      23010000 
 366      5F5F7261 
 366      6D35
 367 0324 5F696E69 		.ascii	"_init__\000\000\002\000\000\000\000\000\000\000\000"
 367      745F5F00 
 367      00020000 
 367      00000000 
 367      0000
 368 0336 00260100 		.ascii	"\000&\001\000\000__ram5_clear__\000\000\002\000\000"
 368      005F5F72 
 368      616D355F 
 368      636C6561 
 368      725F5F00 
 369 034e 00000000 		.ascii	"\000\000\000\000\000\000\000)\001\000\000__ram5_noi"
 369      00000029 
 369      0100005F 
 369      5F72616D 
 369      355F6E6F 
 370 0363 6E69745F 		.ascii	"nit__\000\000\002\000\000\000\000\000\000\000\000\000"
 370      5F000002 
 370      00000000 
 370      00000000 
 370      00
 371 0374 2C010000 		.ascii	",\001\000\000__ram6_init_text__\000\000\002\000\000"
 371      5F5F7261 
 371      6D365F69 
 371      6E69745F 
 371      74657874 
 372 038f 00000000 		.ascii	"\000\000\000\000\000\000\0001\001\000\000__ram6_ini"
ARM GAS  /tmp/ccNddWPL.s 			page 29


 372      00000031 
 372      0100005F 
 372      5F72616D 
 372      365F696E 
 373 03a4 745F5F00 		.ascii	"t__\000\000\002\000\000\000\000\000\000\000\000\000"
 373      00020000 
 373      00000000 
 373      000000
 374 03b3 34010000 		.ascii	"4\001\000\000__ram6_clear__\000\000\002\000\000\000"
 374      5F5F7261 
 374      6D365F63 
 374      6C656172 
 374      5F5F0000 
 375 03cb 00000000 		.ascii	"\000\000\000\000\000\0007\001\000\000__ram6_noinit_"
 375      00003701 
 375      00005F5F 
 375      72616D36 
 375      5F6E6F69 
 376 03e3 5F000002 		.ascii	"_\000\000\002\000\000\000\000\000\000\000\000\000:\001"
 376      00000000 
 376      00000000 
 376      003A01
 377 03f2 00005F5F 		.ascii	"\000\000__ra"
 377      7261
 378 03f8 6D375F69 		.ascii	"m7_init_text__\000\000\002\000\000\000\000\000\000\000"
 378      6E69745F 
 378      74657874 
 378      5F5F0000 
 378      02000000 
 379 0410 00003F01 		.ascii	"\000\000?\001\000\000__ram7_init__\000\000\002\000\000"
 379      00005F5F 
 379      72616D37 
 379      5F696E69 
 379      745F5F00 
 380 0428 00000000 		.ascii	"\000\000\000\000\000\000\000B\001\000\000__ram7_cle"
 380      00000042 
 380      0100005F 
 380      5F72616D 
 380      375F636C 
 381 043d 61725F5F 		.ascii	"ar__\000\000\002\000\000\000\000\000\000\000\000\000"
 381      00000200 
 381      00000000 
 381      00000000 
 382 044d 45010000 		.ascii	"E\001\000\000__ram7_noinit__\000\000\002\000\000\000"
 382      5F5F7261 
 382      6D375F6E 
 382      6F696E69 
 382      745F5F00 
 383 0466 00000000 		.ascii	"\000\000\000\000\000\000H\001\000\000"
 383      00004801 
 383      0000
 384              		.text
 385              		.section	.gnu.lto_.opts,"",%progbits
 386 0000 272D666E 		.ascii	"'-fno-trapv' '-mcpu=cortex-m0' '-mthumb' '-ggdb' '-"
 386      6F2D7472 
 386      61707627 
 386      20272D6D 
ARM GAS  /tmp/ccNddWPL.s 			page 30


 386      6370753D 
 387 0033 4F332720 		.ascii	"O3' '-fomit-frame-pointer' '-falign-functions=16' '"
 387      272D666F 
 387      6D69742D 
 387      6672616D 
 387      652D706F 
 388 0066 2D666675 		.ascii	"-ffunction-sections' '-fdata-sections' '-fno-common"
 388      6E637469 
 388      6F6E2D73 
 388      65637469 
 388      6F6E7327 
 389 0099 2720272D 		.ascii	"' '-flto'\000"
 389      666C746F 
 389      2700
 390              		.text
 391              		.comm	__gnu_lto_v1,1,1
 392              		.comm	__gnu_lto_slim,1,1
 393              		.ident	"GCC: (15:4.9.3+svn231177-1) 4.9.3 20150529 (prerelease)"
ARM GAS  /tmp/ccNddWPL.s 			page 31


DEFINED SYMBOLS
                            *ABS*:0000000000000000 crt1.c
                            *COM*:0000000000000001 __gnu_lto_v1
                            *COM*:0000000000000001 __gnu_lto_slim

NO UNDEFINED SYMBOLS
