ARM GAS  /tmp/cchFdTAU.s 			page 1


   1              		.cpu cortex-m0
   2              		.fpu softvfp
   3              		.eabi_attribute 20, 1
   4              		.eabi_attribute 21, 1
   5              		.eabi_attribute 23, 3
   6              		.eabi_attribute 24, 1
   7              		.eabi_attribute 25, 1
   8              		.eabi_attribute 26, 1
   9              		.eabi_attribute 30, 2
  10              		.eabi_attribute 34, 0
  11              		.eabi_attribute 18, 4
  12              		.code	16
  13              		.file	"hal.c"
  14              		.text
  15              	.Ltext0:
  16              		.section	.gnu.lto_.profile.cbc4da79b3f05fb1,"",%progbits
  17 0000 789C6366 		.ascii	"x\234cf```a\200\000F\006;v\000\000\367\000N"
  17      60606061 
  17      80004606 
  17      3B760000 
  17      F7004E
  18              		.text
  19              		.section	.gnu.lto_.jmpfuncs.cbc4da79b3f05fb1,"",%progbits
  20 0000 789C6366 		.ascii	"x\234cf\300\016\270\2414#B\010\000\001\210\000\020"
  20      C00EB8A1 
  20      34234208 
  20      00018800 
  20      10
  21              		.text
  22              		.section	.gnu.lto_.inline.cbc4da79b3f05fb1,"",%progbits
  23 0000 789C6366 		.ascii	"x\234cf\300\016\214\2404#\003\003\247\035#\003\023\220"
  23      C00E8CA0 
  23      34230303 
  23      A71D2303 
  23      1390
  24 0012 C9B6409E 		.ascii	"\311\266@\236\011,\304\205\217`\000\000<\022\001\212"
  24      092CC485 
  24      8F600000 
  24      3C12018A 
  25              		.text
  26              		.section	.gnu.lto_.pureconst.cbc4da79b3f05fb1,"",%progbits
  27 0000 789C6366 		.ascii	"x\234cf```f\200\000F\006\011\000\000x\000 "
  27      60606066 
  27      80004606 
  27      09000078 
  27      0020
  28              		.text
  29              		.section	.gnu.lto_halInit.cbc4da79b3f05fb1,"",%progbits
  30 0000 789C6366 		.ascii	"x\234cf\300\004R@\\\302\310\300 \017\244\031\231\031"
  30      C0045240 
  30      5CC2C8C0 
  30      200FA419 
  30      9919
  31 0012 1899269C 		.ascii	"\030\231&\234c`h\344`bd\0041\030\030\031\352\231\030"
  31      636068E4 
  31      60626404 
  31      31181819 
ARM GAS  /tmp/cchFdTAU.s 			page 2


  31      EA9918
  32 0025 EB195F32 		.ascii	"\353\031_2}db\234p`\365\014n\365\245\015\015\015\037"
  32      7D64629C 
  32      7060F50C 
  32      6EF5A50D 
  32      0D0D1F
  33 0038 9ACE3706 		.ascii	"\232\3167\006\034`\374\311\304\300\360\231\011b\016"
  33      1C60FCC9 
  33      C4C0F099 
  33      09620E
  34 0047 E3724675 		.ascii	"\343rFu\006\240\242\217-\177\257s\263\265\000\025\011"
  34      06A0A28F 
  34      2D7FAF73 
  34      B3B50015 
  34      09
  35 0058 40E41857 		.ascii	"@\344\030W0\262\001\315gX/t\240\341\377\377\305\323"
  35      30B201CD 
  35      67582F74 
  35      A0E1FFFF 
  35      C5D3
  36 006a 7AAEB370 		.ascii	"z\256\263p00<\001J\201,x\312\304\004\242\231\35706\037"
  36      30303C01 
  36      4A812C78 
  36      CAC404A2 
  36      99EF3036 
  37 007f F8CB0B52 		.ascii	"\370\313\013R\0132d\336\345\276uL\265\277\033:\0328"
  37      0B3264DE 
  37      E5BE754C 
  37      B5BF1B3A 
  37      1A38
  38 0091 7E32317E 		.ascii	"~21~f\002\352g\\\311X\313\360\023\250\032\244r\012\033"
  38      6602EA67 
  38      5CC958CB 
  38      F013A81A 
  38      A4720A1B 
  39 00a5 2E954063 		.ascii	".\225@c\031W!\251\334\200S%3P\345j$\225\367p\252d\001"
  39      195721A9 
  39      DC805325 
  39      3350E56A 
  39      2495F770 
  40 00bc AA5C83A4 		.ascii	"\252\\\203\244r\037\027.\225\254@\225k\221T\336\301"
  40      721F172E 
  40      95AC4095 
  40      6B9154DE 
  40      C1
  41 00cd A9920DA8 		.ascii	"\251\222\015\250r\035T\345=\306\306\003\037\275\300"
  41      721D54E5 
  41      3DC6C603 
  41      1FBDC0
  42 00dc 2A194021 		.ascii	"*\031@!\303\010\012\021\240Gd\365\364\364\341(\277X"
  42      C3080A11 
  42      A04764F5 
  42      F4F4E128 
  42      BF58
  43 00ee 3F233147 		.ascii	"?#1G\277\270(\031D\353%3\000\000PA\212a"
  43      BFB82819 
  43      44EB2533 
ARM GAS  /tmp/cchFdTAU.s 			page 3


  43      00005041 
  43      8A61
  44              		.text
  45              		.section	.gnu.lto_.symbol_nodes.cbc4da79b3f05fb1,"",%progbits
  46 0000 789C4DC8 		.ascii	"x\234M\310\315\015\202P\024D\3413\357\002\261\353aA"
  46      CD0D8250 
  46      1444E133 
  46      EF02B1EB 
  46      6141
  47 0012 01566048 		.ascii	"\001V`H\244\024\326\326\240\211K\361\257\000\">]\334"
  47      A414D6D6 
  47      A0894BF1 
  47      AF00223E 
  47      5DDC
  48 0024 D99C7C13 		.ascii	"\331\234|\023\300\221\377\312M\206\375\011l\016\343"
  48      C091FFCA 
  48      4D86FD09 
  48      6C0EE3
  49 0033 0EBD65FD 		.ascii	"\016\275e\375\016\372~\363K.\331O9\262\037r\223}\227"
  49      0EFA7EF3 
  49      4B2ED94F 
  49      39B21F72 
  49      937D97
  50 0046 DBEC45EE 		.ascii	"\333\354E\356\222\203\216\351\274*h\231k\033\256\265"
  50      92838EE9 
  50      BC2A6899 
  50      6B1BAEB5 
  51 0056 C170F9B6 		.ascii	"\301p\371\2660\325\212y+\037\366}/i"
  51      30D58A79 
  51      2B1FF67D 
  51      2F69
  52              		.text
  53              		.section	.gnu.lto_.refs.cbc4da79b3f05fb1,"",%progbits
  54 0000 789C6366 		.ascii	"x\234cf```d\200\002\000\000=\000\005"
  54      60606064 
  54      80020000 
  54      3D0005
  55              		.text
  56              		.section	.gnu.lto_.decls.cbc4da79b3f05fb1,"",%progbits
  57 0000 789C8DD2 		.ascii	"x\234\215\322Oh\323P\034\007\360\367\232\320\260.k="
  57      4F68D350 
  57      1C07F0F7 
  57      9AD0B02E 
  57      6B3D
  58 0012 3918083D 		.ascii	"9\030\010=\350m$\322]\274yP\034\203\251\205\351i\207"
  58      E86D24D2 
  58      5DBC7950 
  58      1C83A985 
  58      E96987
  59 0025 525BA185 		.ascii	"R[\241\205\262\226\266\223\035\303\024\031\003\331t"
  59      B296B693 
  59      1DC31419 
  59      03D974
  60 0034 08ED654E 		.ascii	"\010\355eN\224u\355\266.\333\372wS,\242\330\203\023"
  60      9475EDB6 
  60      2EDBFA77 
  60      532CA2D8 
ARM GAS  /tmp/cchFdTAU.s 			page 4


  60      8313
  61 0046 0F13FF0D 		.ascii	"\017\023\377\015\355:\254^\224\272y\030\212\306\337"
  61      ED3AAC5E 
  61      94BA7918 
  61      8AC6DF
  62 0055 7B69D610 		.ascii	"{i\326\020\007\363\321_\336\357\245\337\337\247\201"
  62      07F3D15F 
  62      DEEFA5DF 
  62      DFA781
  63 0064 8641088D 		.ascii	"\206A\010\215@)\260\006M\010\365a\204`CN\324\\\034\324"
  63      4029B006 
  63      4D08F561 
  63      8460434E 
  63      D45C1CD4 
  64 0078 1C541A4A 		.ascii	"\034T\032J\206Z\202\312@\345\240\012\350\337E\262L\303"
  64      865A82CA 
  64      40E5A00A 
  64      E8DF45B2 
  64      4CC3
  65 008a 2842250D 		.ascii	"(B%\015N\2411\233iXr\3036\256\357&\\L\377Xk\375b\302"
  65      4EA1319B 
  65      695872C3 
  65      36AEEF26 
  65      5C4CFF58 
  66 00a2 568B9D1C 		.ascii	"V\213\235\034Wn\225cf8\362\026\226\034W\177U\327\331"
  66      576E9563 
  66      6638F216 
  66      961C577F 
  66      55D7D9
  67 00b5 F6DB12AC 		.ascii	"\366\333\022\254\361\253\322!\026;\017\343\004\356\300"
  67      F1ABD221 
  67      163B0FE3 
  67      04EEC0
  68 00c4 33B80321 		.ascii	"3\270\003!\234\304\355p\355gU\251ZJ|\2661&L\372{\261"
  68      9CC4ED70 
  68      ED6755A9 
  68      5A4A7CB6 
  68      31264CFA 
  69 00da CD754B67 		.ascii	"\315uKg\012\306F\244\322K\334\374\271\364\315x\202\263"
  69      0AC646A4 
  69      D24BDCFC 
  69      B9F4CD78 
  69      82B3
  70 00ec 4F4A5372 		.ascii	"OJSr=Y\177\313Ke\251\244(')\205S\230\301\263\270\223"
  70      3D597FCB 
  70      4B65A9A4 
  70      28272985 
  70      5398C1B3 
  71 0102 24494F47 		.ascii	"$IOG\360\034\266\303\330T\376\3326\313\210\324\256\324"
  71      F01CB6C3 
  71      D854FEDA 
  71      36CB88D4 
  71      AED4
  72 0114 1EEC3240 		.ascii	"\036\3542@T\244\372\267\215\353|\\\272;,\375Q\024\254"
  72      54A4FAB7 
  72      8DEB7C5C 
  72      BA3B2CFD 
ARM GAS  /tmp/cchFdTAU.s 			page 5


  72      5114AC
  73 0127 22F33A64 		.ascii	"\"\363:d^C\322\024I\335\031{\3051\375\024IM|\332i\245"
  73      5E43D214 
  73      49DD197B 
  73      C531FD14 
  73      494D7CDA 
  74 013d 88BCB635 		.ascii	"\210\274\2665m5 \013:dACd\212<\256\334\177\323\306\204"
  74      6D35200B 
  74      3A644143 
  74      648A3CAE 
  74      DC7FD3C6 
  75 0152 28F2FB63 		.ascii	"(\362\373c-\251>\211\274\2735\215\015\310\242\016Y\324"
  75      2DA93E89 
  75      BCBB358D 
  75      0DC8A20E 
  75      59D4
  76 0164 90258AC4 		.ascii	"\220%\212\304\263Ux\266IL\225\367\271G7,\252\362\342"
  76      B35578B6 
  76      494C95F7 
  76      B947372C 
  76      AAF2E2
  77 0177 A9623228 		.ascii	"\251b2(\313:eYS2T\251\316\274^\345\230\347\252R\233"
  77      CB3A6559 
  77      533254A9 
  77      CEBC5EE5 
  77      98E7AA52 
  78 018c 7DF2CEAC 		.ascii	"}\362\316\254*+\317~2\006%\253S\262\232\222\243\312"
  78      2A2BCF7E 
  78      320625AB 
  78      53B29A92 
  78      A3CA
  79 019e D8F8D73C 		.ascii	"\330\370\327<f&\324\377m\343\341\346\266MU\312\311\035"
  79      6626D4FF 
  79      6DE3E1E6 
  79      B64D55CA 
  79      C91D
  80 01b0 9B41C9EB 		.ascii	"\233A\311\353\224\274\246\024\250\362!V\032e\371QI\032"
  80      94BCA614 
  80      A8F22156 
  80      1A65F951 
  80      491A
  81 01c2 262F4A4B 		.ascii	"&/JK\331J\007\232\257J\021\3634Mv\316\347\016\364\014"
  81      D94A079A 
  81      AF4A11F3 
  81      344D76CE 
  81      E70EF40C 
  82 01d6 F8A3E6EE 		.ascii	"\370\243\346\356s\027\355\247\320\021A\020\367>\301"
  82      7317EDA7 
  82      D0114110 
  82      F73EC1
  83 01e5 8808DF8A 		.ascii	"\210\010\337\212\221\260\207\354\202\007\231#Q\222="
  83      91B087EC 
  83      82079923 
  83      51923D
  84 01f4 BA4FC83F 		.ascii	"\272O\310?\340\011\014z/\223\336\025\211\012>\324r)"
  84      E0090C7A 
  84      2F93DE15 
ARM GAS  /tmp/cchFdTAU.s 			page 6


  84      890A3ED4 
  84      7229
  85 0206 E80E7B49 		.ascii	"\350\016{I\334\"\210\264\207\233\234\337\341!\267\216"
  85      DC2288B4 
  85      879B9CDF 
  85      E121B78E 
  86 0216 1D20408C 		.ascii	"\035 @\214\244\335\336\377JC\014\322m\256\020\364\201"
  86      A4DDDEFF 
  86      4A430CD2 
  86      6DAE10F4 
  86      81
  87 0227 80D7E587 		.ascii	"\200\327\345\207\231\023\373\314\204\202\341hD\354\273"
  87      9913FBCC 
  87      8482E168 
  87      44ECBB
  88 0236 70B6CB21 		.ascii	"p\266\313!\366\366\236\026\273\235=\347\2578(\321\030"
  88      F6F69E16 
  88      BB9D3DE7 
  88      AF3828D1 
  88      18
  89 0247 0586F7E9 		.ascii	"\005\206\367\351\224\256\003\024z=s|hH\364\355\001\177"
  89      94AE0314 
  89      7A3D737C 
  89      6848F4ED 
  89      017F
  90 0259 01392D49 		.ascii	"\0019-I="
  90      3D
  91              		.text
  92              		.section	.gnu.lto_.symtab.cbc4da79b3f05fb1,"",%progbits
  93 0000 68616C49 		.ascii	"halInit\000\000\000\000\000\000\000\000\000\000\000"
  93      6E697400 
  93      00000000 
  93      00000000 
  93      0000
  94 0012 00AC0000 		.ascii	"\000\254\000\000\000stInit\000\000\002\000\000\000\000"
  94      00737449 
  94      6E697400 
  94      00020000 
  94      0000
  95 0024 00000000 		.ascii	"\000\000\000\000\000\256\000\000\000boardInit\000\000"
  95      00AE0000 
  95      00626F61 
  95      7264496E 
  95      69740000 
  96 0038 02000000 		.ascii	"\002\000\000\000\000\000\000\000\000\000\260\000\000"
  96      00000000 
  96      0000B000 
  96      00
  97 0045 00693263 		.ascii	"\000i2cInit\000\000\002\000\000\000\000\000\000\000"
  97      496E6974 
  97      00000200 
  97      00000000 
  97      0000
  98 0057 0000B200 		.ascii	"\000\000\262\000\000\000adcInit\000\000\002\000\000"
  98      00006164 
  98      63496E69 
  98      74000002 
ARM GAS  /tmp/cchFdTAU.s 			page 7


  98      0000
  99 0069 00000000 		.ascii	"\000\000\000\000\000\000\000\264\000\000\000_pal_ll"
  99      000000B4 
  99      0000005F 
  99      70616C5F 
  99      6C6C
 100 007b 645F696E 		.ascii	"d_init\000\000\002\000\000\000\000\000\000\000\000\000"
 100      69740000 
 100      02000000 
 100      00000000 
 100      0000
 101 008d B6000000 		.ascii	"\266\000\000\000hal_lld_init\000\000\002\000\000\000"
 101      68616C5F 
 101      6C6C645F 
 101      696E6974 
 101      00000200 
 102 00a3 00000000 		.ascii	"\000\000\000\000\000\000\270\000\000\000"
 102      0000B800 
 102      0000
 103              		.text
 104              		.section	.gnu.lto_.opts,"",%progbits
 105 0000 272D666E 		.ascii	"'-fno-trapv' '-mcpu=cortex-m0' '-mthumb' '-ggdb' '-"
 105      6F2D7472 
 105      61707627 
 105      20272D6D 
 105      6370753D 
 106 0033 4F332720 		.ascii	"O3' '-fomit-frame-pointer' '-falign-functions=16' '"
 106      272D666F 
 106      6D69742D 
 106      6672616D 
 106      652D706F 
 107 0066 2D666675 		.ascii	"-ffunction-sections' '-fdata-sections' '-fno-common"
 107      6E637469 
 107      6F6E2D73 
 107      65637469 
 107      6F6E7327 
 108 0099 2720272D 		.ascii	"' '-flto'\000"
 108      666C746F 
 108      2700
 109              		.text
 110              		.comm	__gnu_lto_v1,1,1
 111              		.comm	__gnu_lto_slim,1,1
 112              		.ident	"GCC: (15:4.9.3+svn231177-1) 4.9.3 20150529 (prerelease)"
ARM GAS  /tmp/cchFdTAU.s 			page 8


DEFINED SYMBOLS
                            *ABS*:0000000000000000 hal.c
                            *COM*:0000000000000001 __gnu_lto_v1
                            *COM*:0000000000000001 __gnu_lto_slim

NO UNDEFINED SYMBOLS
