ARM GAS  /tmp/ccjIRIfE.s 			page 1


   1              		.cpu cortex-m0
   2              		.fpu softvfp
   3              		.eabi_attribute 20, 1
   4              		.eabi_attribute 21, 1
   5              		.eabi_attribute 23, 3
   6              		.eabi_attribute 24, 1
   7              		.eabi_attribute 25, 1
   8              		.eabi_attribute 26, 1
   9              		.eabi_attribute 30, 2
  10              		.eabi_attribute 34, 0
  11              		.eabi_attribute 18, 4
  12              		.code	16
  13              		.file	"hal_pal_lld.c"
  14              		.text
  15              	.Ltext0:
  16              		.section	.gnu.lto_.profile.1dd5007db315c5b7,"",%progbits
  17 0000 789C6366 		.ascii	"x\234cf```a\200\000F\006\177_\000\001_\000\245"
  17      60606061 
  17      80004606 
  17      7F5F0001 
  17      5F00A5
  18              		.text
  19              		.section	.gnu.lto_.jmpfuncs.1dd5007db315c5b7,"",%progbits
  20 0000 789C6366 		.ascii	"x\234cf\300\016\370\2404\023\02032322\262\327\327\327"
  20      C00EF8A0 
  20      34131033 
  20      32333232 
  20      B2D7D7D7 
  21 0014 33000006 		.ascii	"3\000\000\006\334\001\237"
  21      DC019F
  22              		.text
  23              		.section	.gnu.lto_.inline.1dd5007db315c5b7,"",%progbits
  24 0000 789C6366 		.ascii	"x\234cf\300\016L\2414\023\003\0033\023#\210b`[ \017"
  24      C00E4CA1 
  24      34130303 
  24      33132388 
  24      62605B20 
  25 0015 A2181819 		.ascii	"\242\030\030\031\3161\354ebd\004\01230\347\265\234W"
  25      CE31EC65 
  25      6264040A 
  25      3330E7B5 
  25      9C57
  26 0027 60909873 		.ascii	"`\220\230s\221\231\211Al\316.&\026\260&\000\250?\007"
  26      91998941 
  26      6CCE2E26 
  26      16B02600 
  26      A83F07
  27 003a 7D       		.ascii	"}"
  28              		.text
  29              		.section	.gnu.lto_.pureconst.1dd5007db315c5b7,"",%progbits
  30 0000 789C6366 		.ascii	"x\234cf```e\200\000&\006\006F)\000\000\253\000&"
  30      60606065 
  30      80002606 
  30      06462900 
  30      00AB0026 
  31              		.text
  32              		.section	.gnu.lto__pal_lld_init.1dd5007db315c5b7,"",%progbits
ARM GAS  /tmp/ccjIRIfE.s 			page 2


  33 0000 789C6366 		.ascii	"x\234cf\300\004R@\\\002\304V@\314\310\314\300\3104\341"
  33      C0045240 
  33      5C02C456 
  33      40CCC8CC 
  33      C0C834E1 
  34 0014 1C034323 		.ascii	"\034\003C#\007\023##\210\301\300\310P\317\304X\317\370"
  34      07132323 
  34      88C1C0C8 
  34      50CFC458 
  34      CFF8
  35 0026 92E92313 		.ascii	"\222\351#\023\343\204\003\253gp\253/mhh\3700i\243D\253"
  35      E38403AB 
  35      6770AB2F 
  35      6D6868F8 
  35      3069A344 
  36 003b C44F2606 		.ascii	"\304O&\006\206\317L\020c\030\2273\2523\000\325|l\371"
  36      86CF4C10 
  36      63189733 
  36      AA3300D5 
  36      7C6CF9
  37 004e 7B9D9BAD 		.ascii	"{\235\233\255\005\250F\000\"\307\270\202\221\215\021"
  37      05A84600 
  37      22C7B882 
  37      918D11
  38 005d 48AF173A 		.ascii	"H\257\027:\320\360\377\377\342\271k6\263\000\205\237"
  38      D0F0FFFF 
  38      E2B96B36 
  38      B300859F 
  39 006d 0031C8FC 		.ascii	"\0001\310\374\247LL \232\371\036##H!\310\244'L\214 "
  39      A74C4C20 
  39      9AF91E23 
  39      234821C8 
  39      A4274C8C 
  40 0082 21A0020B 		.ascii	"!\240\002\013==}8\312/\326\317H\314\321/\310/*)\326"
  40      3D3D7D38 
  40      CA2FD6CF 
  40      48CCD12F 
  40      C82F2A29 
  41 0097 0F0EF135 		.ascii	"\017\016\36156\322\367\361q\321w\017\360\364/3\002I"
  41      36D2F7F1 
  41      71D1770F 
  41      F0F42F33 
  41      0249
  42 00a9 C5170071 		.ascii	"\305\027\000qNN\212^2\003\000\250j9w"
  42      4E4E8A5E 
  42      320300A8 
  42      6A3977
  43              		.text
  44              		.section	.gnu.lto__pal_lld_setgroupmode.1dd5007db315c5b7,"",%progbits
  45 0000 789C9D57 		.ascii	"x\234\235WkPU\327\025>k\237\373\342>\300G\252\210\032"
  45      6B5055D7 
  45      153E6B9F 
  45      FBE23EC0 
  45      47AA881A 
  46 0014 1F48B031 		.ascii	"\037H\2601\210\257X\242Uc\254\321\032\035@\310\344O"
  46      88AF58A2 
  46      5563ACD1 
ARM GAS  /tmp/ccjIRIfE.s 			page 3


  46      1A1D40C8 
  46      E44F
  47 0026 67125399 		.ascii	"g\022S\231I[(\014\322\347L'W\300\033\323\320\224\220"
  47      495B280C 
  47      D2E74C27 
  47      57C01BD3 
  47      D09490
  48 0039 B44D1526 		.ascii	"\264M\025&&4\202b\3057\001#\242\245\200T1\224\004\037"
  48      26348262 
  48      C5370123 
  48      A2A58054 
  48      3194041F 
  49 004d 45822D20 		.ascii	"E\202- VD\211\310\005\213\320\265\326>\367)8\014\216"
  49      564489C8 
  49      058BD0B5 
  49      D63EF729 
  49      380C8E
  50 0060 6771F63A 		.ascii	"gq\366:\337\372\366\372\326^\373\234}U\345\321\177G"
  50      DFFAF6FA 
  50      D65EFB9C 
  50      7D55E5D1 
  50      7F47
  51 0072 F14A9AA0 		.ascii	"\361J\232\240(o\342_\010R@d\327)\312v\223\000U\336\250"
  51      286FE25F 
  51      08524064 
  51      D729CA76 
  51      930055DE 
  52 0087 42B7335C 		.ascii	"B\2673\\\261\233\255d\255:\241\277\373-\034\005\354"
  52      B19BAD64 
  52      AD3AA1BF 
  52      FB2D1C05 
  52      EC
  53 0098 89C2915E 		.ascii	"\211\302\221^\030\370\231\221\237\031\300$C\214\256"
  53      18F89991 
  53      9F19C024 
  53      438CAE
  54 00a7 1B1358E5 		.ascii	"\033\023X\345M\20003\320\302@\263\313mq\335XE`\246\021"
  54      4D803033 
  54      D0C240B3 
  54      CB6D71DD 
  54      584560A6 
  55 00bc 9FDBB2AA 		.ascii	"\237\333\262\252\025\004\330\344\344gL\201\000t\243"
  55      1504D8E4 
  55      E4674C81 
  55      0074A3
  56 00cb 80F2A650 		.ascii	"\200\362\246Puz\203\321\024`\266Xm\201\200C\231\376"
  56      757A83D1 
  56      1460B658 
  56      6D818043 
  56      99FE
  57 00dd 4DD12D20 		.ascii	"M\321- \273\242\350CK\370\247v\273\375nNI\360\216\340"
  57      BBA2E843 
  57      4BF8A776 
  57      BBFD6E4E 
  57      49F08EE0 
  58 00f1 7EA128F7 		.ascii	"~\241(\367\204\004@\001\204#\344\232\263$\313\246.\007"
  58      84044001 
ARM GAS  /tmp/ccjIRIfE.s 			page 4


  58      8423E49A 
  58      B324CBA6 
  58      2E07
  59 0103 05EF4B0F 		.ascii	"\005\357K\017\366\\\260t\210~\0013iX\226S\363\241\201"
  59      F65CB074 
  59      887E0133 
  59      69589653 
  59      F3A181
  60 0116 864247C3 		.ascii	"\206BG\303\306\342\253WDX\276\335\236^q\361\210\375"
  60      C6E2AB57 
  60      4458BEDD 
  60      9E5E71F1 
  60      88FD
  61 0128 795DBF50 		.ascii	"y]\277P\241\020T\344\203}\020\002\373!DA\227\002E\020"
  61      A11054E4 
  61      837D1002 
  61      FB214441 
  61      97024510 
  62 013c 86E84F9A 		.ascii	"\206\350O\232\332\234\252\372<\363\356?[\372m\016l)"
  62      DA9CAAFA 
  62      3CF3EE3F 
  62      5BFA6D0E 
  62      6C29
  63 014e CB6FB4DA 		.ascii	"\313o\264\332\327\367\013\035\034\360\217\324)\360W"
  63      D7F70B1D 
  63      1CF08FD4 
  63      29F057
  64 015d 8EBCD17F 		.ascii	"\216\274\321\177\263\300\246\256\345\310\207\373\337"
  64      B3C0A6AE 
  64      E5C887FB 
  64      DF
  65 016a CB35CBD0 		.ascii	"\3135\313\320\223\371\015\034\252\207\203\376\241z\005"
  65      93F90D1C 
  65      AA8783FE 
  65      A17A05
  66 0179 8A218CF0 		.ascii	"\212!\214\360\003\265\273J\255\352\006\216u\034z\320"
  66      03B5BB4A 
  66      ADEA068E 
  66      751C7AD0 
  67 0189 A40FFD98 		.ascii	"\244\017\375\230bOeT[\3555\366\314\226\241\241\031\375"
  67      624F6554 
  67      5BED35F6 
  67      CC96A1A1 
  67      19FD
  68 019b C200877C 		.ascii	"\302\000\207|\031\344?\014\371(;\367\276^\215\341\360"
  68      19E43F0C 
  68      F9283BF7 
  68      BE5E8DE1 
  68      F0
  69 01ac 5BF70BFF 		.ascii	"[\367\013\377`\341\360=\345\371\006\257\340##\004\347"
  69      60E1F03D 
  69      E5F906AF 
  69      E0232304 
  69      E7
  70 01bd F77CD16D 		.ascii	"\367|\321mR_\341\340\312\202;yA2\370\264O\360\261\021"
  70      525FE1E0 
  70      CA823B79 
ARM GAS  /tmp/ccjIRIfE.s 			page 5


  70      4132F8B4 
  70      4FF0B111 
  71 01d1 823F292E 		.ascii	"\202?).}E}\225c\353\217\3656\007\312\330\032\237\330"
  71      7D457D95 
  71      63EB8FF5 
  71      3607CAD8 
  71      1A9FD8
  72 01e4 1323C4D6 		.ascii	"\023#\304\326w\336(\016P\0238\330~,g0@\006\237\363\011"
  72      77DE280E 
  72      501338D8 
  72      7E2C6730 
  72      40069FF3 
  73 01f9 FE6C84E0 		.ascii	"\376l\204\340s\271\015\345f\365\307\034|\363Xz\251&"
  73      73B90DE5 
  73      66F5C71C 
  73      7CF3587A 
  73      A926
  74 020b B9D627B8 		.ascii	"\271\326'\270l\204\340\356\314\207\227,\206L\354\257"
  74      6C84E0EE 
  74      CC87972C 
  74      864CECAF 
  75 021b 71701842 		.ascii	"qp\030B\341(^\307\361*\301\253\024\257\223\020*\373"
  75      E1285EC7 
  75      F12AC1AB 
  75      14AF9310 
  75      2AFB
  76 022d 0D3E0703 		.ascii	"\015>\007\003(\212y$\024r9\367\035x[\250?\225*\216\276"
  76      288A7924 
  76      147239F7 
  76      1D785BA8 
  76      3F952A8E 
  77 0242 952E55B4 		.ascii	"\225.U\264\\\310\250\365Y\272S\303\245\002\345LQ\336"
  77      5CC8A8F5 
  77      59BA53C3 
  77      A502E54C 
  77      51DE
  78 0254 555413A8 		.ascii	"UT\023\250\376\202)::\312\0260CE\0316k\346\036\373\340"
  78      FE82293A 
  78      3ACA1630 
  78      43451936 
  78      6BE61EFB 
  79 0269 D01010C1 		.ascii	"\320\020\020\301\351a\011*\230\340w\366\242\367A\375"
  79      E961092A 
  79      98E077F6 
  79      A2F741FD 
  80 0279 35137CDA 		.ascii	"5\023|\332\235w\312&\031\312}\031\316\014\313p\226\031"
  80      9D77CA26 
  80      19CA7D19 
  80      CE0CCB70 
  80      9619
  81 028b 5AF776ED 		.ascii	"Z\367v\355\000\3657\314\360\333\375;r@2\324\3722\374"
  81      00F537CC 
  81      F0DBFD3B 
  81      724032D4 
  81      FA32FC
  82 029e 6D58864A 		.ascii	"mX\206J\010-\236Pa\037\032\272w\355\360;\363\366\211"
  82      082D9E50 
ARM GAS  /tmp/ccjIRIfE.s 			page 6


  82      611F1ABA 
  82      77EDF03B 
  82      F3F689
  83 02b1 9781B704 		.ascii	"\227\201\267\004\002\261j\270\261\260n\270I\260r\330"
  83      02B16AB8 
  83      B1B06EB8 
  83      49B072D8 
  84 02c1 EF583B83 		.ascii	"\357X;\203B\2253\003\365\276\2051V\334\013F\033\003"
  84      42953303 
  84      F5BE8531 
  84      56DC0B46 
  84      1B03
  85 02d3 03E93688 		.ascii	"\003\3516\210\321\343\350v<\207L\240\333\211\012U\375"
  85      D1E3E876 
  85      3C874CA0 
  85      DB890A55 
  85      FD
  86 02e4 0920EE49 		.ascii	"\011 \356I\344\230L&\230\314\0244\246\020.\347T\272"
  86      E4984C26 
  86      98CC1434 
  86      A6102EE7 
  86      54BA
  87 02f6 9D46663A 		.ascii	"\235Ff:W\347Iz>\203\3063\311\314b\301\263\3516\2243"
  87      57E7497A 
  87      3E83C633 
  87      C9CC62C1 
  87      B3E93694 
  88 030b 9F03B4F1 		.ascii	"\237\003\264\361\303\010\365\024\231p2s\311<Mf\036\231"
  88      C308F514 
  88      99703273 
  88      C93C4D66 
  88      1E99
  89 031d 67C84490 		.ascii	"g\310D\220\211$\263\200\314B2\213\311,!\363,\231\245"
  89      8924B380 
  89      CC42328B 
  89      C92C21F3 
  89      2C99A5
  90 0330 64A2C83C 		.ascii	"d\242\310<Gf\031\231\345dV\220YIf\025\231\325d^ \263"
  90      47661999 
  90      E5645690 
  90      59496615 
  90      99D5645E 
  91 0346 86CC5A32 		.ascii	"\206\314Z2/\222YGf=\231\015d^\"\263\221\314&2\321\\"
  91      2F925947 
  91      663D990D 
  91      645E22B3 
  91      91CC2632 
  92 035c D618AE53 		.ascii	"\326\030\256S,\227h3W'\216\213\030\317eU\224V\354[|"
  92      2C976833 
  92      57278E8B 
  92      18CF6555 
  92      9456EC5B 
  93 0371 F7B60981 		.ascii	"\367\266\011\201\177\324\253\220\321\347\350\332\035"
  93      7FD4AB90 
  93      D1E7E8DA 
  93      1D
  94 037e 458DEC14 		.ascii	"E\215\354\024\026\2470\343\002\277{\360/\367\202\350"
ARM GAS  /tmp/ccjIRIfE.s 			page 7


  94      16A730E3 
  94      02BF7BF0 
  94      2FF782E8 
  95 038e 0569C4D5 		.ascii	"\005i\304\325\371;.d#\010\356t\244A\220\302A\275\273"
  95      F93B2E64 
  95      2308EE74 
  95      A44190C2 
  95      41BDBB
  96 03a1 7F2983AC 		.ascii	"\177)\203\2542\310\375V5\342bVa\020\242\232\035\255"
  96      32C8FD56 
  96      35E26256 
  96      6110A29A 
  96      1DAD
  97 03b3 204136C4 		.ascii	" A6\304!h\327\245\266\036\225@&\\\375j/\346\243\304"
  97      2168D7A5 
  97      B61E9540 
  97      265CFD6A 
  97      2FE6A3C4 
  98 03c7 6C93CC83 		.ascii	"l\223\314\203.\346@\311\374g\347\371*\231N\260\0025"
  98      2EE640C9 
  98      FC67E7F9 
  98      2A994EB0 
  98      0235
  99 03d9 FECC4188 		.ascii	"\376\314A\210\2030\017\323qb\012\222LU\271\032\3238"
  99      83300FD3 
  99      71620A92 
  99      4C55B91A 
  99      D338
 100 03eb C974E874 		.ascii	"\311t\350t\321\333\001\314\364\232\002\347\374\231\306"
 100      D1DB01CC 
 100      F49A02E7 
 100      FC99C6
 101 03fa 230E419D 		.ascii	"#\016A\235\015\273\313\254\234#\366c\255W\216%\304<"
 101      0DBBCBAC 
 101      9C23F663 
 101      AD578E25 
 101      C43C
 102 040c 5E32D7B9 		.ascii	"^2\327\271\230'H\346\302\3239\005:f\266cw\376\303\237"
 102      982748E6 
 102      C2D33905 
 102      3A66B663 
 102      77FEC39F 
 103 0420 7A2202E9 		.ascii	"z\"\002\351]\220\337r\013\230\332\250\300y/\352R\242"
 103      5D90DF72 
 103      0B98DAA8 
 103      C0792FEA 
 103      52A2
 104 0432 9E88C3F4 		.ascii	"\236\210\303\364\212\017\214\354\221/\217\257[/\326"
 104      8A0F8CEC 
 104      912F8FAF 
 104      5B2FD6
 105 0441 9B28C080 		.ascii	"\233(\300\200\373\350\002o\2516\374\026\3417RE\3548"
 105      FBE8026F 
 105      A936FC16 
 105      E1375245 
 105      EC38
 106 0453 5E52273E 		.ascii	"^R'>\224\003NP\257\015\270\016:m\300\345U\265\001\257"
ARM GAS  /tmp/ccjIRIfE.s 			page 8


 106      94034E50 
 106      AF0DB80E 
 106      3A6DC0E5 
 106      55B501AF 
 107 0467 A2D006D8 		.ascii	"\242\320\006\3301N\001RT{\356J\231\356$t\341\354\325"
 107      314E0152 
 107      547BEE4A 
 107      99EE2474 
 107      E1ECD5
 108 047a 791D47A4 		.ascii	"y\035G\244(\334\261u8\373W\220y%\343u\015\203\200\355"
 108      28DCB175 
 108      38FB5790 
 108      7925E375 
 108      0D8380ED 
 109 048e 7B4F6619 		.ascii	"{Of\031\031\200\351]\224;\276\035\300)\236@\255\"\332"
 109      1980E95D 
 109      943BBE1D 
 109      C0299E40 
 109      AD22DA
 110 04a1 965BFF46 		.ascii	"\226[\377F;\010l\031\321T\222\342\024q\266\201\372\304"
 110      3B086C19 
 110      D15492E2 
 110      1471B681 
 110      FAC4
 111 04b3 765071A5 		.ascii	"vPq\245E'9bl\225\261\355\240\303\365\022=\337q\212X"
 111      45273962 
 111      6C95B1ED 
 111      A0C3F512 
 111      3DDF718A 
 112 04c8 5B537D5A 		.ascii	"[S}Z;\350\261\312\"\253\024\237o\266uR\200\201\244\213"
 112      3BE8B1CA 
 112      22AB149F 
 112      6FB67552 
 112      8081A48B 
 113 04dc 03E489B7 		.ascii	"\003\344\211\267e5\274\2065\320);\303e\363\016\346f"
 113      6535BC86 
 113      35D0293B 
 113      C365F30E 
 113      E666
 114 04ee 83DF2B1B 		.ascii	"\203\337+\033\2679mm\332\311\264\205\371-\215\011~A"
 114      B7396D6D 
 114      DAC9B485 
 114      F92D8D09 
 114      7E41
 115 0500 694FC672 		.ascii	"iO\306ry\257\204\021W\242^.\327\037\035\235:\011\012"
 115      79AF8411 
 115      57A25E2E 
 115      D71F1D9D 
 115      3A090A
 116 0513 469CD6C3 		.ascii	"F\234\326\303\351\315o\015\010\351\235\202\017\010\327"
 116      E9CD6F0D 
 116      08E99D82 
 116      0F08D7
 117 0522 E4A8D43C 		.ascii	"\344\250\324<!\274\262Sx\031\321A\023\243SFU\345}W\202"
 117      21BCB253 
 117      7819D141 
 117      13A35346 
ARM GAS  /tmp/ccjIRIfE.s 			page 9


 117      55E57D57 
 118 0537 A6D20251 		.ascii	"\246\322\002Q\230A\216\247\301\034\214\233*Q_\202tN"
 118      98418EA7 
 118      C11C8C9B 
 118      2A515F82 
 118      744E
 119 0549 47BF9BA6 		.ascii	"G\277\233\246\202h\246\313\224\352\362~ \021O\312\304"
 119      8268A6CB 
 119      94EAF27E 
 119      20114FCA 
 119      C4
 120 055a DD3BC888 		.ascii	"\335;\310\210;\350\237\256\024{4\232\031\210\363\236"
 120      3BE89FAE 
 120      147B349A 
 120      1988F39E 
 121 056a 6B26EE0C 		.ascii	"k&\356\014\364\372\3165\013\375\356\271\316\322\\\263"
 121      F4FACE35 
 121      0BFDEEB9 
 121      CED25CB3 
 122 057a A4ACC6BC 		.ascii	"\244\254\306\274\225\0221\033'\272\334\222^\313\207"
 122      9512311B 
 122      27BADC92 
 122      5ECB87
 123 0589 26133674 		.ascii	"&\0236t\003\204\220N\037\032\214\233\355\246\251$\232"
 123      0384904E 
 123      1F1A8C9B 
 123      EDA6A924 
 123      9A
 124 059a 50049C3D 		.ascii	"P\004\234=\321}\373\214Q\"\302\274;X\345/\353\361\276"
 124      D17DFB8C 
 124      5122C2BC 
 124      3B58E52F 
 124      EBF1BE
 125 05ad 8F6EDBF2 		.ascii	"\217n\333\362`7~.\002\234b\016|IMC\337\227\363\357\234"
 125      60377E2E 
 125      029C620E 
 125      7C494D43 
 125      DF97F3EF 
 126 05c2 304514D9 		.ascii	"0E\024\3313\361\201\031\276\202<\370\206\317s\320\010"
 126      33F18119 
 126      BE823CF8 
 126      86CF73D0 
 126      08
 127 05d3 1134ED03 		.ascii	"\0214\355\003\307\200\2666Oi\245\351s\257V8\316\204"
 127      C780B636 
 127      4F69A5E9 
 127      73AF5638 
 127      CE84
 128 05e5 7E72F638 		.ascii	"~r\3668Z\365\3229\227\375*e\224s}\022\371\274f\337n"
 128      5AF5D239 
 128      97FD2A65 
 128      94737D12 
 128      F9BC66DF 
 129 05fa B7574C7D 		.ascii	"\267WL}l\006\227<\031\\\206\010\244ci\207\273\\\322"
 129      6C06973C 
 129      195C8608 
 129      A4636987 
ARM GAS  /tmp/ccjIRIfE.s 			page 10


 129      BB5CD2
 130 060d 9E1EB596 		.ascii	"\236\036\265\226+\314\004\304t\325\245\245RKr\236V\372"
 130      2BCC04C4 
 130      74D5A5A5 
 130      524B729E 
 130      56FA
 131 061f 3E478FA6 		.ascii	">G\217\246\345\031\244F\277\324\322\251\301\"\330\257"
 131      E519A446 
 131      BFD4D2A9 
 131      C122D8AF 
 132 062f 1BAB967F 		.ascii	"\033\253\226\177y2h\"-\021r\231\334Z\"G\255\345\032"
 132      79326822 
 132      2D117299 
 132      DC5A2247 
 132      ADE51A
 133 0642 33F1C1A7 		.ascii	"3\361\301\247\231\265`\346\255Z\346\013XN\244\314\274"
 133      99B560E6 
 133      AD5AE60B 
 133      584EA4CC 
 133      BC
 134 0653 49CB7C21 		.ascii	"I\313|!\373\365c\315\374k\317|-\224\371Bz\003]\316\370"
 134      FBF563CD 
 134      FC6BCF7C 
 134      2D94F942 
 134      7A035DCE 
 135 0668 DFBB2192 		.ascii	"\337\273!\222\336\302;@\341\267\242^\3513\253\370\370"
 135      DEC23B40 
 135      E1B7A25E 
 135      E933ABF8 
 135      F8
 136 0679 4246C1EF 		.ascii	"BF\301\357\247\311\307\274\321\007\252w\360\307\303"
 136      A7C9C7BC 
 136      D107AA77 
 136      F0C7C3
 137 0688 801BFDBA 		.ascii	"\200\033\375\272\033mP>\327\253\274\244\367\353\265"
 137      1B6D503E 
 137      D7ABBCA4 
 137      F7EBB5
 138 0697 322C1E75 		.ascii	"2,\036u\031\376\315i\321\017\022\370\217kI]\013\270"
 138      19FECD69 
 138      D10F12F8 
 138      8F6B495D 
 138      0BB8
 139 06a9 446E03AF 		.ascii	"Dn\003\257\302<\213\324\350\367-\314R\366\207pa>\236"
 139      C23C8BD4 
 139      E8F72DCC 
 139      52F68770 
 139      613E9E
 140 06bc 3C4C6166 		.ascii	"<Laf<6\203VO\006mT\230\245,\312\350\026\325\353\022"
 140      3C368356 
 140      4F066D54 
 140      98A52CCA 
 140      E816D5EB 
 141 06d1 15356A51 		.ascii	"\0255jQ\355L\251#\312\033\376\242\236{D\3242\244F\277"
 141      ED4CA923 
 141      CA1BFEA2 
 141      9E7B44D4 
ARM GAS  /tmp/ccjIRIfE.s 			page 11


 141      32A446BF 
 142 06e5 AFA8E5EC 		.ascii	"\257\250\345\354\037\263\250\016O\0067I\324r\026e\242"
 142      1FB3A80E 
 142      4F063749 
 142      D4721665 
 142      A2
 143 06f6 75E586ED 		.ascii	"u\345\206\355\275\256\211Z1jQ\377eJ=Q\336r5\254K\324"
 143      BDAE895A 
 143      316A51FF 
 143      654A3D51 
 143      DE7235AC 
 144 070c 4A6ED815 		.ascii	"Jn\330\025\276[m\025\373\205l\330\341$L\177\354|\235"
 144      BE5B6D15 
 144      FB856CD8 
 144      E1244C7F 
 144      EC7C9D
 145 071f 9EF96E93 		.ascii	"\236\371n\223\204U,!@\311\236&\327\345\241K\302\352"
 145      84552C21 
 145      40C99E26 
 145      D7E5A14B 
 145      C2EA
 146 0731 514BE8F2 		.ascii	"QK\350\362P\336\361\227\360\002KX\355+a\015\373\307"
 146      50DEF197 
 146      F0024B58 
 146      ED2B610D 
 146      FBC7
 147 0743 2CE1AE67 		.ascii	",\341\256g\276n\222\260F\341Mu\307\275\251\274v\221"
 147      BE6E92B0 
 147      46E14D75 
 147      C7BDA9BC 
 147      7691
 148 0755 59D91928 		.ascii	"Y\331\031(\205\015\272\032n\355\250\205}\343\351\341"
 148      850DBA1A 
 148      6EEDA885 
 148      7DE3E9E1 
 149 0765 7BFE0DF7 		.ascii	"{\376\015\367\342#\015\267\016\251\321\357\333p\353"
 149      E2230DB7 
 149      0EA9D1EF 
 149      DB70EB
 150 0774 D93FE686 		.ascii	"\331?\346\206\353\361dp\237\244\256gQ\026\267\250!\227"
 150      EBF16470 
 150      9FA4AE67 
 150      5116B7A8 
 150      2197
 151 0786 A80DA316 		.ascii	"\250\015\243\026\325\353\351a\247\277\250\227\036\021"
 151      D5EBE961 
 151      A7BFA897 
 151      1E11
 152 0794 B511A9D1 		.ascii	"\265\021\251\321\357+j\023\373\307,\252\317\223A?\211"
 152      EF2B6A13 
 152      FBC72CAA 
 152      CF93413F 
 152      89
 153 07a5 DAC4A2AC 		.ascii	"\332\304\242\254|f\3443i]\341\022y\202\213\306S\036"
 153      7C66E433 
 153      695DE112 
 153      79828BC6 
ARM GAS  /tmp/ccjIRIfE.s 			page 12


 153      531E
 154 07b7 9E45DC87 		.ascii	"\236E\334\207P>\012F\313Wl\321\007\301\032\310u\256"
 154      503E0A46 
 154      CB576CD1 
 154      07C11AC8 
 154      75AE
 155 07c9 43129B92 		.ascii	"C\022\233\222U\315$"
 155      55CD24
 156 07d0 4D8EF642 		.ascii	"M\216\366B\355'C\014~d\275I\370\244\031#\317\023]\205"
 156      ED27430C 
 156      7E64BD49 
 156      F8A41923 
 156      CF135D85 
 157 07e4 CB242816 		.ascii	"\313$(\026\277^>\307}>\234\306JTo\341R\211\332\214_"
 157      BF5E3EC7 
 157      7D3E9CC6 
 157      4A546FE1 
 157      5289DA8C 
 158 07f9 0A1F149F 		.ascii	"\012\037\024\237g7K\324\203\271\022\024\207\255\355"
 158      67374BD4 
 158      83B91214 
 158      87ADED
 159 0808 03E2D36C 		.ascii	"\003\342\323l\034\201r\034U\373\026HT\274|\371\327\357"
 159      1C81721C 
 159      55FB1648 
 159      54BC7CF9 
 159      D7EF
 160 081a DA9B215F 		.ascii	"\332\233!_\376x\200}\340\025\304\307\346x\026\025H?"
 160      FE78807D 
 160      E015C4C7 
 160      E6781615 
 160      483F
 161 082c 839A617B 		.ascii	"\203\232a{\305\237jUyP\244\337H\200^\374\356D\315\237"
 161      C59F6A55 
 161      7950A4DF 
 161      48805EFC 
 161      EE44CD9F 
 162 0840 1FE9FE9F 		.ascii	"\037\351\376\237\274-\362\215-\211\221)\311\251i\333"
 162      BC2DF28D 
 162      2D899129 
 162      C9A969DB 
 163 0850 22E3E237 		.ascii	"\"\343\3427-^\024\271q\343\367\"\327\305|?\372\347\213"
 163      2D5E14B9 
 163      71E3F722 
 163      D7C57C3F 
 163      FAE78B
 164 0863 E8D1AB29 		.ascii	"\350\321\253)x%&n\235\377CEG(]\322\226m?\321%%oM\320"
 164      7825266E 
 164      9DFF4345 
 164      47285DD2 
 164      966D3FD1 
 165 087c 93493524 		.ascii	"\223I5$\247\375*%!\325\230\274-%!ak\252>\345g)[Su[\022"
 165      A7FD2A25 
 165      21D598BC 
 165      2D252161 
 165      6BAA3EE5 
 166 0897 D352D5D7 		.ascii	"\323R\325\327\177\224f\242\033\212\020I\013E\322\"\221"
ARM GAS  /tmp/ccjIRIfE.s 			page 13


 166      7F9466A2 
 166      1B8A1049 
 166      0B45D222 
 166      91
 167 08a8 B4E4FFCF 		.ascii	"\264\344\377\3170\177\011"
 167      307F09
 168              		.text
 169              		.section	.gnu.lto_.symbol_nodes.1dd5007db315c5b7,"",%progbits
 170 0000 789C6366 		.ascii	"x\234cf``Pa\200\002\2467\214\365\014\014\023\31610\324"
 170      60605061 
 170      8002A637 
 170      8CF50C0C 
 170      13CE3130 
 171 0015 D733CC5B 		.ascii	"\3273\314[\300\301\300\364\226\261\236\021Y\200\001"
 171      C0C1C0F4 
 171      96B19E11 
 171      598001
 172 0024 00C5330A 		.ascii	"\000\3053\012J"
 172      4A
 173              		.text
 174              		.section	.gnu.lto_.refs.1dd5007db315c5b7,"",%progbits
 175 0000 789C6366 		.ascii	"x\234cf```d\200\002\000\000=\000\005"
 175      60606064 
 175      80020000 
 175      3D0005
 176              		.text
 177              		.section	.gnu.lto_.decls.1dd5007db315c5b7,"",%progbits
 178 0000 789C9D56 		.ascii	"x\234\235VmLSW\030\276\247\247-\365Z\300D\374\210\331"
 178      6D4C5357 
 178      18BEA7A7 
 178      2DF55AC0 
 178      44FC88D9 
 179 0014 8FCA0F62 		.ascii	"\217\312\017b\026G\235&\323\237:a\352\206\243\251\232"
 179      16479D26 
 179      D39F3A61 
 179      EA86A3A9 
 179      9A
 180 0025 65314BC3 		.ascii	"e1K\303\240J\263\362\021Z\266\371\357b\2211?\006\253"
 180      A04AB3F2 
 180      115AB6F9 
 180      EF629131 
 180      3F06AB
 181 0038 E267B614 		.ascii	"\342g\266\024\213\003\004\221\015\247(\037\005\024,"
 181      8B030491 
 181      0DA7281F 
 181      05142C
 182 0047 A8C004C5 		.ascii	"\250\300\004\305\311\220REQ\004*\302Dp\260\367\234["
 182      C9905245 
 182      51042AC2 
 182      4470B0F7 
 182      9C5B
 183 0059 EE052CC6 		.ascii	"\356\005,\306x\322\267\271\357\271\317y\336\367<\357"
 183      78D2B7B9 
 183      EFB9CF79 
 183      DEF73CEF 
 184 0069 39E71ECC 		.ascii	"9\347\036\3140L9\330\004\2645,\303\\F\014\203\301\327"
 184      304C39D8 
ARM GAS  /tmp/ccjIRIfE.s 			page 14


 184      04B4352C 
 184      C35C460C 
 184      83C1D7
 185 007c 30629380 		.ascii	"0b\223\200\025\202\2151\2577\322\217\246\340\221\267"
 185      15828D31 
 185      AF37D28F 
 185      A6E091B7 
 186 008c 6F662363 		.ascii	"of#c\347zq\001`J\260~\260A\260a\260\363`K\301>\005\353"
 186      E77A7101 
 186      604AB07E 
 186      B041B061 
 186      B0F3604B 
 187 00a4 052B0593 		.ascii	"\005+\005\223\203\365\200=\000\273\007\326\015\366\020"
 187      83F5803D 
 187      00BB07D6 
 187      0DF610
 188 00b3 CCED8DE3 		.ascii	"\314\355\215\343+\237g\022t\261h\350\306\334\036\011"
 188      2B9F6712 
 188      74B168E8 
 188      C6DC1E09 
 189 00c3 0A6055C4 		.ascii	"\012`U\304\275du\036\225\203\253d\245\304-\033s\267"
 189      BD64751E 
 189      9583AB64 
 189      A5C42D1B 
 189      73B7
 190 00d5 4A176571 		.ascii	"J\027eq\3202-\334<)\322,D\271h\011\312CK\2005\037-\202"
 190      D0322DDC 
 190      3C29D22C 
 190      44B96809 
 190      CA434B80 
 191 00ed FFED529E 		.ascii	"\377\355R\236\311\235\327V\346\207%\210<\333\217v\265"
 191      C99DD756 
 191      E6872588 
 191      3CDB8F76 
 191      B5
 192 00fe B2CB4FC3 		.ascii	"\262\313O\303\260t\256\252J\"\206\253\261g\225IU\277"
 192      B074AEAA 
 192      4A2286AB 
 192      B1679549 
 192      55BF
 193 0110 72C5C59E 		.ascii	"r\305\305\236\263\3264|\214\263\355\346\306'&\020%C"
 193      B3D6347C 
 193      8CB3EDE6 
 193      C6272610 
 193      2543
 194 0122 A7114605 		.ascii	"\247\021F\005h9\225\006\236y\215\012\221\012\006\216"
 194      68399506 
 194      9E798D0A 
 194      910A068E 
 195 0132 EE694993 		.ascii	"\356iI\223\320<\201\016\374<w\243\325\237&\272\214\270"
 195      D03C810E 
 195      FC3C77A3 
 195      D59F26BA 
 195      8CB8
 196 0144 874FF7C4 		.ascii	"\207O\367\304`\015\215\235\362[\331~?x\263\224\245\021"
 196      600D8D9D 
 196      F25BD97E 
ARM GAS  /tmp/ccjIRIfE.s 			page 15


 196      3F78B394 
 196      A511
 197 0156 3B4FBCCC 		.ascii	";O\274\314\231C]R\265@\322\345\250\034\251c\361W\024"
 197      99435D52 
 197      B540D2E5 
 197      A81CA963 
 197      F15714
 198 0169 BD3FDD55 		.ascii	"\275?\335U\317\342\035\344Y\342|\310\331\003P\010\233"
 198      CFE21DE4 
 198      59E27CC8 
 198      D9035008 
 198      9B
 199 017a 0379373F 		.ascii	"\003y7?\266\007p\010\375\211XT\"dE9IK\347\270\335D\221"
 199      B6077008 
 199      FD895854 
 199      22644539 
 199      494BE7B8 
 200 0191 39CE0046 		.ascii	"9\316\000F\020\004\235C!\200\240XT\014\235\277C'\320"
 200      10049D43 
 200      2180A058 
 200      540C9DBF 
 200      4327D0
 201 01a4 D6BEAA4C 		.ascii	"\326\276\252L\225!6\304\367\240\013>\006\221\004<\216"
 201      952136C4 
 201      F7A00B3E 
 201      0691043C 
 201      8E
 202 01b5 3DD6851C 		.ascii	"=\326\205\034'E\347!\205?\304\024 #A\315\276\232\234"
 202      2745E721 
 202      853FC414 
 202      202341CD 
 202      BE9A9C
 203 01c8 EF59A0B5 		.ascii	"\357Y\240\265\274\035-\214\030oOKU\342\032D\347~\240"
 203      BC1D2D8C 
 203      186F4F4B 
 203      55E21A44 
 203      E77EA0
 204 01db E4F87105 		.ascii	"\344\370q\005v\362\316H\346\251SR\334\304;9Y\207\013"
 204      76F2CE48 
 204      E6A95352 
 204      DCC43B39 
 204      59870B
 205 01ee 65545D05 		.ascii	"eT]\005]\006\331\371\003\012\334\306\277s\324\247\334"
 205      5D06D9F9 
 205      030ADCC6 
 205      BF73D4A7 
 205      DC
 206 01ff 607107EF 		.ascii	"`q\007\357\\s\217<WR\340<\342\266[\263s\003p\027\377"
 206      5C738F3C 
 206      5752E03C 
 206      E2B65BB3 
 206      73037017 
 207 0214 AE713C73 		.ascii	"\256q<s\320\017wO\007\006\360\300\343m\335C\230\216"
 207      D00F774F 
 207      0706F0C0 
 207      E36DDD43 
 207      988E
ARM GAS  /tmp/ccjIRIfE.s 			page 16


 208 0226 A3D5CC6A 		.ascii	"\243\325\314j8\221!\303\217xhf\227\265E\212=hZ5U|5\217"
 208      389121C3 
 208      8F786866 
 208      97B5458A 
 208      3D685A35 
 209 023e F48E9C53 		.ascii	"\364\216\234SPwb\002\023qOv4w\315\361\326\314\363\370"
 209      50776202 
 209      13714F76 
 209      3477CDF1 
 209      D6CCF3F8 
 210 0252 FEEDF788 		.ascii	"\376\355\367\210d\365 Y\255(\231jj\325@,Y\036(U\003"
 210      64F52059 
 210      AD28996A 
 210      6AD5402C 
 210      591E2855 
 211 0267 A25C264A 		.ascii	"\242\\&J9A)\225W\251:\350\274\312W\255\304\335\277\217"
 211      39412995 
 211      57A93AE8 
 211      BCCA57AD 
 211      C4DDBF8F 
 212 027b 9D2476D4 		.ascii	"\235$v\324\376Dkq\015\210\257\210\304\365\350\215\314"
 212      FE446B71 
 212      0D88AF88 
 212      C4F5E88D 
 212      CC
 213 028c 0D3E99D1 		.ascii	"\015>\231\321\205\201\0147\302c\374\374\366\035\032"
 213      85810C37 
 213      C263FCFC 
 213      F61D1A
 214 029b AA97E009 		.ascii	"\252\227\340\011\352H\367:\312\203P\360\374\340\020"
 214      EA48F73A 
 214      CA8350F0 
 214      FCE010
 215 02aa 1BF0790E 		.ascii	"\033\360y\016\3748\260\321b\341\016-\246a\257C\330&"
 215      FC38B0D1 
 215      62E10E2D 
 215      A661AF43 
 215      D826
 216 02bc 345F645F 		.ascii	"4_d_F\266\340\373\360\307\374L\367\247\215[\233\304"
 216      46B6E0FB 
 216      F0C7FC4C 
 216      F7A78D5B 
 216      9BC4
 217 02ce 4CD99D04 		.ascii	"L\331\235\004\014\241\321_\220E#\012F\315(\230\346J"
 217      0CA1D15F 
 217      9045230A 
 217      46CD2898 
 217      E64A
 218 02e0 B86D1516 		.ascii	"\270m\025\026y\336\012\312{\303'o\015\241\240\353\320"
 218      79DE0ACA 
 218      7BC3276F 
 218      0DA1A0EB 
 218      D0
 219 02f1 5566470A 		.ascii	"UfG\012\202`&\267\246\260\374\032\236\324\365\311q\005"
 219      826026B7 
 219      A6B0FC1A 
 219      9ED4F5C9 
ARM GAS  /tmp/ccjIRIfE.s 			page 17


 219      7105
 220 0303 DDF2D2FD 		.ascii	"\335\362\322\375\303\027\332\225(88\210&\357\272doT"
 220      C317DA95 
 220      28383888 
 220      26EFBA64 
 220      6F54
 221 0315 72CE1574 		.ascii	"r\316\025t\365VC\210[(H\\\234b\3526\022\241\362\276"
 221      F5564388 
 221      5B28485C 
 221      9C62EA36 
 221      12A1F2BE 
 222 0329 AC6A379F 		.ascii	"\254j7\237\305\315\331\241V\357)\264\326<u\226\004L"
 222      C5CDD9A1 
 222      56EF29B4 
 222      D63C7596 
 222      044C
 223 033b 66791B66 		.ascii	"fy\033f\331\002\263l\365\316\222\246~\321\342\007{\030"
 223      D902B36C 
 223      F5CE92A6 
 223      7ED1E207 
 223      7B18
 224 034d 20AFE77E 		.ascii	" \257\347~2c`_`\020p\246\314\312\311L#\2041\007\357"
 224      3263605F 
 224      601070A6 
 224      CCCAC94C 
 224      23843107 
 225 0362 9C1C67B1 		.ascii	"\234\034g\261\203?\342\216\275\270^\027HW\360b\342V"
 225      833FE28E 
 225      BDB85E17 
 225      4857F062 
 225      E256
 226 0374 8F3ACBA5 		.ascii	"\217:\313\245\370\012\377\216\033w\376\347\217\033x"
 226      F80AFF8E 
 226      1B77FEE7 
 226      8F1B78
 227 0383 67F28455 		.ascii	"g\362\204U\362'\354/\035-O\375q\023}\247,\360\334-\220"
 227      F227EC2F 
 227      1D2D4FFD 
 227      71137DA7 
 227      2CF0DC2D 
 228 0398 918A4F36 		.ascii	"\221\212O6\020/\325\342*\362\212W\012\342U\200\"\235"
 228      102FD5E2 
 228      2AF28A57 
 228      0AE25580 
 228      229D
 229 03aa A08CA048 		.ascii	"\240\214\240H9\3151\027\211\225\347h\376g\000PD\337"
 229      39CD3117 
 229      8995E768 
 229      FE670050 
 229      44DF
 230 03bc 757A2BFF 		.ascii	"uz+\377\0304q\303\024z\300\036\200\335\003s\201u\201"
 230      183471C3 
 230      147AC01E 
 230      80DD0373 
 230      817581
 231 03cf 3D02BB0F 		.ascii	"=\002\273\017\326\015\366PX\031\251\026\333Y\273\334"
 231      D60DF650 
ARM GAS  /tmp/ccjIRIfE.s 			page 18


 231      5819A916 
 231      DB59BBDC 
 232 03df 1BB97266 		.ascii	"\033\271rfd\007\232R7\200\226\012\320*\337P>I\212-\020"
 232      64079A52 
 232      3780960A 
 232      D02ADF50 
 232      3E498A2D 
 233 03f4 B0176762 		.ascii	"\260\027gb\227Mgu\012\310\2733\221\177\317d=#`\313|"
 233      974D6775 
 233      0AC8BB33 
 233      917FCF64 
 233      3D2360CB 
 234 0409 CB24D2D6 		.ascii	"\313$\322\326\013\320\366\231\320\177f@\033\004h\207"
 234      0BD0F699 
 234      D07F6640 
 234      1B046887 
 235 0419 6FA89041 		.ascii	"o\250\220A\212\313a\327W\245b\324\006K\346\216\357t"
 235      8ACB61D7 
 235      57A562D4 
 235      064BE68E 
 235      EF74
 236 042b 055E57E1 		.ascii	"\005^W\341\224\262^\362\251B\256\270\355\362\355rX\273"
 236      94B25EF2 
 236      A942AEB8 
 236      EDF2ED72 
 236      58BB
 237 043d 9D3EF69D 		.ascii	"\235>\366\235\344HI\365\0138\232\346S\334\265h\005\352"
 237      E44849F5 
 237      0B389AE6 
 237      53DCB568 
 237      05EA
 238 044f 05A2B3E2 		.ascii	"\005\242\263\342\261D\006\321\346ky\240'\260*\336u\205"
 238      B14406D1 
 238      E66B79A0 
 238      27B02ADE 
 238      7585
 239 0461 C0FA7DD9 		.ascii	"\300\372}\331\220\366\203?n\345\327\266\247\367V\255"
 239      90F6833F 
 239      6EE5D7B6 
 239      A7F756AD 
 240 0471 4CB957FC 		.ascii	"L\271W\374\260\321T\304\235\324\207\224\336\244 \355"
 240      B0D154C4 
 240      9DD48794 
 240      DEA420ED 
 241 0481 66FBF06A 		.ascii	"f\373\360j\244\014\231\015\215\006 \031q\000\177\356"
 241      A40C990D 
 241      8D062019 
 241      71007FEE 
 242 0491 16F4AF83 		.ascii	"\026\364\257\203\335\211\372\241\373\2518A@\011\033"
 242      DD89FAA1 
 242      FBA93841 
 242      40091B
 243 04a0 D97AF37A 		.ascii	"\331z\363z\311\\|\024\323/xQi\347\200\302{h\273\366"
 243      C95C7C14 
 243      D32F7851 
 243      69E780C2 
 243      7B68BBF6 
ARM GAS  /tmp/ccjIRIfE.s 			page 19


 244 04b4 5E6541C1 		.ascii	"^eA\301A\020\333#\016=\217\336\370\011\177\346\373\263"
 244      4110DB23 
 244      0E3D8FDE 
 244      F8097FE6 
 244      FBB3
 245 04c6 595C53B3 		.ascii	"Y\\S\263\000\237\342c\244e\277\312\367\367\306\260e"
 245      009FE263 
 245      A465BFCA 
 245      F7F7C6B0 
 245      65
 246 04d7 F821340C 		.ascii	"\370!4\014\021\236\277u\204!\337\021Z[G/c)\334\224("
 246      119EBF75 
 246      8421DF11 
 246      5A5B472F 
 246      6329DC94 
 247 04ec DD767AFB 		.ascii	"\335vz\373\312\310\350\257\360\243}d\022\377\"\332\331"
 247      CAC8E8AF 
 247      F0A37D64 
 247      12FF22DA 
 247      D9
 248 04fd D5DA67A6 		.ascii	"\325\332g\246}D\223\027|_\372@\347\0234\3535\355%\275"
 248      7D449317 
 248      7C5FFA40 
 248      E71334EB 
 248      35ED25BD 
 249 0511 A68D20EF 		.ascii	"\246\215 \357=\255\251\272<+\020\027a\376\033}/\373"
 249      3DADA9BA 
 249      3C2B1017 
 249      61FE1B7D 
 249      2FFB
 250 0523 6020DCC7 		.ascii	"` \334\307lp\037\033\234v\037\203Qht\312}lt\362>6\206"
 250      6C701F1B 
 250      9C761F83 
 250      516874CA 
 250      7D6C74F2 
 251 053a 548CBF2E 		.ascii	"T\214\277.1\312\2503\032ct\206x\203Y\276\341\363m\252"
 251      31CAA833 
 251      1A637486 
 251      788359BE 
 251      E1F36DAA 
 252 054e F5CC9AD0 		.ascii	"\365\314\232\320P\265\360K0\251c\243\214\352\304\204"
 252      50B5F04B 
 252      30A963A3 
 252      8CEAC484 
 253 055e 24B349BD 		.ascii	"$\263I\275e\353\346U+\325\021\021a\352\015\232M\221"
 253      65EBE655 
 253      2BD51111 
 253      61EA0D9A 
 253      4D91
 254 0570 DFAE24AF 		.ascii	"\337\256$\257&\031B\243\031\245\311\034\267j\245ng\242"
 254      261942A3 
 254      19A5C91C 
 254      B76AA56E 
 254      67A2
 255 0582 21416756 		.ascii	"!AgV$\033\342\315\340\231Y\235n\362\361\003u\262)Im"
 255      241BE2CD 
 255      E099599D 
ARM GAS  /tmp/ccjIRIfE.s 			page 20


 255      6EF2F103 
 255      75B22949 
 256 0597 888F3626 		.ascii	"\210\2176&\307\350\325\361\372\357\214\206\257\325q"
 256      C7E8D5F1 
 256      FAEF8C86 
 256      AFD571
 257 05a6 51D1B186 		.ascii	"Q\321\261\206x\275Z\027\243\337\021\225l4\353\314\273"
 257      78BD5A17 
 257      A3DF1195 
 257      6C34EBCC 
 257      BB
 258 05b7 12F5A6D0 		.ascii	"\022\365\246\320X&\330\027\332\264\313\244\326\231\314"
 258      5826D817 
 258      DAB4CBA4 
 258      D699CC
 259 05c6 31C00810 		.ascii	"1\300\010\020\331\346\310\260p\255<r\353\227\232p\255"
 259      D9E6C8B0 
 259      70AD3C72 
 259      EB979A70 
 259      AD
 260 05d7 5FE4164D 		.ascii	"_\344\026Mxx\230V\246\331\246\011\323\342M`\221aZ\364"
 260      78789856 
 260      A6D9A609 
 260      D3E24D60 
 260      91615AF4 
 261 05eb 05CDE4C3 		.ascii	"\005\315\344\303\217\204L\310#6\351\315\262h\243>*i"
 261      8F844CC8 
 261      2336E9CD 
 261      B268A33E 
 261      2A69
 262 05fd F5DBCF56 		.ascii	"\365\333\317V\234\036\204F\033\245\037o\321je\021\221"
 262      9C1E8446 
 262      1BA51F6F 
 262      D16A6511 
 262      91
 263 060e EB3FD34A 		.ascii	"\353?\323J\327}\242\215 \177\033YC\002\031m\210\321"
 263      D77DA28D 
 263      207F1B59 
 263      4302196D 
 263      88D1
 264 0620 99DF51C7 		.ascii	"\231\337Q\307XF\311s\304E\231\276\001\035\015\011q\011"
 264      5846C973 
 264      C44599BE 
 264      011D0D09 
 264      7109
 265 0632 317A9D79 		.ascii	"1z\235y\201P+\310}gRBr\"\351\377\037\360\023\215\332"
 265      81502BC8 
 265      7D675242 
 265      7222E9FF 
 265      1FF0138D 
 266              		.text
 267              		.section	.gnu.lto_.symtab.1dd5007db315c5b7,"",%progbits
 268 0000 5F70616C 		.ascii	"_pal_lld_init\000\000\000\000\000\000\000\000\000\000"
 268      5F6C6C64 
 268      5F696E69 
 268      74000000 
 268      00000000 
ARM GAS  /tmp/ccjIRIfE.s 			page 21


 269 0017 0000AC00 		.ascii	"\000\000\254\000\000\000_pal_lld_setgroupmode\000\000"
 269      00005F70 
 269      616C5F6C 
 269      6C645F73 
 269      65746772 
 270 0034 00000000 		.ascii	"\000\000\000\000\000\000\000\000\000\000\373\000\000"
 270      00000000 
 270      0000FB00 
 270      00
 271 0041 00       		.ascii	"\000"
 272              		.text
 273              		.section	.gnu.lto_.opts,"",%progbits
 274 0000 272D666E 		.ascii	"'-fno-trapv' '-mcpu=cortex-m0' '-mthumb' '-ggdb' '-"
 274      6F2D7472 
 274      61707627 
 274      20272D6D 
 274      6370753D 
 275 0033 4F332720 		.ascii	"O3' '-fomit-frame-pointer' '-falign-functions=16' '"
 275      272D666F 
 275      6D69742D 
 275      6672616D 
 275      652D706F 
 276 0066 2D666675 		.ascii	"-ffunction-sections' '-fdata-sections' '-fno-common"
 276      6E637469 
 276      6F6E2D73 
 276      65637469 
 276      6F6E7327 
 277 0099 2720272D 		.ascii	"' '-flto'\000"
 277      666C746F 
 277      2700
 278              		.text
 279              		.comm	__gnu_lto_v1,1,1
 280              		.comm	__gnu_lto_slim,1,1
 281              		.ident	"GCC: (15:4.9.3+svn231177-1) 4.9.3 20150529 (prerelease)"
ARM GAS  /tmp/ccjIRIfE.s 			page 22


DEFINED SYMBOLS
                            *ABS*:0000000000000000 hal_pal_lld.c
                            *COM*:0000000000000001 __gnu_lto_v1
                            *COM*:0000000000000001 __gnu_lto_slim

NO UNDEFINED SYMBOLS
