ARM GAS  /tmp/ccW1TNm8.s 			page 1


   1              		.cpu cortex-m0
   2              		.fpu softvfp
   3              		.eabi_attribute 20, 1
   4              		.eabi_attribute 21, 1
   5              		.eabi_attribute 23, 3
   6              		.eabi_attribute 24, 1
   7              		.eabi_attribute 25, 1
   8              		.eabi_attribute 26, 1
   9              		.eabi_attribute 30, 2
  10              		.eabi_attribute 34, 0
  11              		.eabi_attribute 18, 4
  12              		.code	16
  13              		.file	"hal_pal.c"
  14              		.text
  15              	.Ltext0:
  16              		.section	.gnu.lto_.profile.3ff0b83212cb7481,"",%progbits
  17 0000 789C6366 		.ascii	"x\234cf```a\200\000F\206\010C\000\001U\000\222"
  17      60606061 
  17      80004686 
  17      08430001 
  17      550092
  18              		.text
  19              		.section	.gnu.lto_.jmpfuncs.3ff0b83212cb7481,"",%progbits
  20 0000 789C6366 		.ascii	"x\234cf\300\016\312\24043\003##c=#\323G&\306i\375Wv"
  20      C00ECAA0 
  20      34330323 
  20      23633D23 
  20      D34726C6 
  21 0018 30D7FE6E 		.ascii	"0\327\376n\230\321\300\361\223\211\341/\023P\226q9c"
  21      98D1C0F1 
  21      9389E12F 
  21      13509671 
  21      3963
  22 002a 2D031313 		.ascii	"-\003\023\023##s=\0265\214\177\231\030\201jV\000\325"
  22      2323733D 
  22      16358C7F 
  22      9918816A 
  22      5600D5
  23 003d B080D530 		.ascii	"\260\200\32502\203\215,\007\211b\250f\372\313\0044\222"
  23      32838D2C 
  23      078962A8 
  23      66FACB04 
  23      3492
  24 004f 71255035 		.ascii	"q%P5\003\000\360( \301"
  24      0300F028 
  24      20C1
  25              		.text
  26              		.section	.gnu.lto_.inline.3ff0b83212cb7481,"",%progbits
  27 0000 789C6366 		.ascii	"x\234cf\300\016L\031!43\003\203\200\010#\033C\306G&"
  27      C00E4C19 
  27      21343303 
  27      83800823 
  27      1B43C647 
  28 0015 C6FB4FCE 		.ascii	"\306\373O\316_\344x\301\364\223\011(\310\270\234Q\212"
  28      5FE478C1 
  28      F4930928 
  28      C8B89C51 
ARM GAS  /tmp/ccW1TNm8.s 			page 2


  28      8A
  29 0026 81211342 		.ascii	"\201!\023B\245\001%\327\037=}\210\015$\311\302\317\300"
  29      A50125D7 
  29      1F3D7D88 
  29      0D24C9C2 
  29      CFC0
  30 0038 B882518A 		.ascii	"\270\202Q\212\331\201!\025J\203\214bd`v`\345\\\341\306"
  30      D9812115 
  30      4A838C62 
  30      64607660 
  30      E55CE1C6 
  31 004c C079C38C 		.ascii	"\300y\303\214\211\201e\201<Px\011{\003#\007\023\003"
  31      89816581 
  31      3C507809 
  31      7B032307 
  31      1303
  32 005e EB161520 		.ascii	"\353\026\025 \015\262\214\211\233A\004\250\222\211A"
  32      0DB28C89 
  32      9B4104A8 
  32      928941
  33 006d 5492919D 		.ascii	"T\222\221\235!\003\325\016\034\2062\002\031l\202/Z\030"
  33      2103D50E 
  33      1C863202 
  33      196C822F 
  33      5A18
  34 007f 719BCC74 		.ascii	"q\233\314t\201\277\201\011\311|\026\006!y\220\227\210"
  34      81BF8109 
  34      C97C1606 
  34      21799097 
  34      88
  35 0090 329F95B5 		.ascii	"2\237\225\265C\035\257\243Yx\201\2414\301\017\004\241"
  35      431DAFA3 
  35      597881A1 
  35      34C10F04 
  35      A1
  36 00a1 E6330000 		.ascii	"\3463\000\000\332\2543R"
  36      DAAC3352 
  37              		.text
  38              		.section	.gnu.lto_.pureconst.3ff0b83212cb7481,"",%progbits
  39 0000 789C6366 		.ascii	"x\234cf```g\200\000f\006)&)\026I\000\001\303\000a"
  39      60606067 
  39      80006606 
  39      29262916 
  39      490001C3 
  40              		.text
  41              		.section	.gnu.lto_palReadBus.3ff0b83212cb7481,"",%progbits
  42 0000 789C8D52 		.ascii	"x\234\215RQK\024Q\024>\337\2753\263\263;kk>\205D\024"
  42      514B1451 
  42      143EDFBD 
  42      33B3B33B 
  42      6B6B3E85 
  43 0016 243EE9D2 		.ascii	"$>\351\322?\010\372!a\276\364 \024-A/\213\263\272D\220"
  43      3F08FA21 
  43      61BEF420 
  43      142D412F 
  43      8BB3BA44 
  44 002b A888C486 		.ascii	"\250\210\304\206\230FD\232\351\266\226\233\232\205,"
ARM GAS  /tmp/ccW1TNm8.s 			page 3


  44      9846449A 
  44      E9B6969B 
  44      9A852C
  45 003a 14426584 		.ascii	"\024Be\204\246)a\017mPP\241\031\344\026b\347\334\331"
  45      A629610F 
  45      6D5050A1 
  45      19E41662 
  45      E7DCD9
  46 004d 74A11797 		.ascii	"t\241\027\227\231{\367\273\347;\3379\337\271\243\351"
  46      997BF7BB 
  46      E73BDF39 
  46      DFB9A3E9 
  47 005d FFDF297E 		.ascii	"\377\337)~;4Q=\357p\010\252{\236(\345*e\015\332\344"
  47      3B34513D 
  47      EF7008AA 
  47      7B9E28E5 
  47      2A650DDA 
  48 0072 47F4FA1C 		.ascii	"G\364\372\034\221\037\325\312Z\2143\264g\2160\262`\007"
  48      911FD5CA 
  48      5A8C33B4 
  48      678E30B2 
  48      6007
  49 0084 2C1B903F 		.ascii	",\033\220?\004jU\332\262\321\212/jCaj\354\347+\357\263"
  49      046A55DA 
  49      B2D18A2F 
  49      6A43616A 
  49      ECE72BEF 
  50 0099 2A293A4A 		.ascii	"*):J\014\247{\3462\216@X\002\227\2272\313\341\372\333"
  50      0CA77BE6 
  50      328E4058 
  50      02979732 
  50      CBE1FADB 
  51 00ad BEDFB6DE 		.ascii	"\276\337\266\336\223\273t\275w\220#\2126\025\341\016"
  51      93BB74BD 
  51      7790238A 
  51      3615E10E 
  52 00bd 6A31845A 		.ascii	"j1\204Z\021\034F=S\327S+\305\220>\016I[ZYYp\352nq\332"
  52      111C463D 
  52      53D7532B 
  52      C5903E0E 
  52      495B5A59 
  53 00d7 ECFCB87F 		.ascii	"\354\374\270\177\322*)\215\273\320\225y|D\030A\235\320"
  53      D22A298D 
  53      BBD09579 
  53      7C441841 
  53      9DD0
  54 00e9 37D2DBCB 		.ascii	"7\322\333\313\236\223\366}\277z[\221\310\263\352=8\340"
  54      9E93F67D 
  54      BF7A5B91 
  54      C8B3EA3D 
  54      38E0
  55 00fb 8D0FB235 		.ascii	"\215\017\2625\263\376\316\316\307\321\2579\253JA\222"
  55      B3FECECE 
  55      C7D1AF39 
  55      AB4A4192 
  56 010b 2C4EB71C 		.ascii	",N\267\034^\354\020/\216+0\314K(\"\320\223%J\322)\025"
  56      5EEC102F 
ARM GAS  /tmp/ccW1TNm8.s 			page 4


  56      8E2B30CC 
  56      4B2822D0 
  56      93254AD2 
  57 0121 F915DB9F 		.ascii	"\371\025\333\237\030\360\256\337\"\375\256=\333\241"
  57      18F0AEDF 
  57      22FDAE3D 
  57      DBA1
  58 012f 45FE9792 		.ascii	"E\376\227\222\001|(\276~\343\212c\036,F\215#\241k\342"
  58      017C28BE 
  58      7EE38A63 
  58      1E2C468D 
  58      23A16BE2 
  59 0143 69EA55B4 		.ascii	"i\352U\264\345\021p-\346Nl\015|\253\352G\037J\312\345"
  59      E511702D 
  59      E64E6C0D 
  59      7CABEA47 
  59      1F4ACAE5 
  60 0157 EC80CEE7 		.ascii	"\354\200\316\347\337\013\235\277c\015#~uI\2051\206~"
  60      DF0B9DBF 
  60      630D237E 
  60      75498531 
  60      867E
  61 0169 FC100B84 		.ascii	"\374\020\013\204,\032\210+\316\353=\211\354\263\027"
  61      2C1A882B 
  61      CEEB3D89 
  61      ECB317
  62 0178 0533E070 		.ascii	"\0053\340p\214p\177\267\234E\253'\364{XB\024\305\033"
  62      8C707FB7 
  62      9C45AB27 
  62      F47B5842 
  62      14C51B
  63 018b 0B9D632A 		.ascii	"\013\235c*\371\307\277\342\273%\025\331T2\212\034\222"
  63      F9C7BFE2 
  63      BB2515D9 
  63      54328A1C 
  63      92
  64 019c 12BAD6B5 		.ascii	"\022\272\326\2658\2519\224\221\220'\003\243J\033\236"
  64      38A93994 
  64      91902703 
  64      A34A1B9E 
  65 01ac 81C35DBD 		.ascii	"\201\303]\275\223\334G_\252[XQ\214#\211\007\345n\007"
  65      93DC475F 
  65      AA5B5851 
  65      8C238907 
  65      E56E07
  66 01bf 8A43198F 		.ascii	"\212C\031\217\005\0161\031\017\231e\212b\002\311\222"
  66      050E3119 
  66      0F99658A 
  66      6202C992 
  67 01cf AA32DDD8 		.ascii	"\2522\335\330fVb~\343\371\315r\363\316\376\374\037@"
  67      6656627E 
  67      E3F9CD72 
  67      F3CEFEFC 
  67      1F40
  68 01e1 DEF887F8 		.ascii	"\336\370\207\370\177\304\376WQ\3707\302Pe\2371\223Y"
  68      7FC4FE57 
  68      51F837C2 
ARM GAS  /tmp/ccW1TNm8.s 			page 5


  68      50659F31 
  68      9359
  69 01f3 A158CD35 		.ascii	"\241X\31550YV,\276\274\232wY1\315\201\203\2302\222\346"
  69      3059562C 
  69      BEBC9A77 
  69      5931CD81 
  69      83983292 
  70 0208 B3983692 		.ascii	"\263\2306\222\273\267\342\356\367V\036\357\335\312L"
  70      BBB7E2EE 
  70      F7561EEF 
  70      DDCA4C
  71 0217 20B1160A 		.ascii	" \261\026\012$\302\254\302\270}\315\011p\204\033\345"
  71      24C2ACC2 
  71      B87DCD09 
  71      70841BE5 
  72 0227 D3CA2ADE 		.ascii	"\323\312*\336\376\252\324\340\211\251\242\245\312SS"
  72      FEAAD4E0 
  72      89A9A2A5 
  72      CA5353
  73 0236 A57DEBF2 		.ascii	"\245}\353\362\341@#j\224=ZCY4J\362yBF\315}\035kl\214"
  73      E140236A 
  73      943D5A43 
  73      59344AF2 
  73      794246CD 
  74 024f EF3EE712 		.ascii	"\357>\347\022\361\263M-\361\304\205f\331O\237ojil&}"
  74      F1B34D2D 
  74      F1C48566 
  74      D94F9F6F 
  74      6A696C26 
  75 0264 E662E22F 		.ascii	"\346b\342/5\026A\305"
  75      351641C5 
  76              		.text
  77              		.section	.gnu.lto_palWriteBus.3ff0b83212cb7481,"",%progbits
  78 0000 789C8D53 		.ascii	"x\234\215S[k\023Q\020>\3379\273\2334\2334iT\020\005"
  78      5B6B1351 
  78      103EDF39 
  78      BB9B349B 
  78      34695410 
  79 0015 51B4D497 		.ascii	"Q\264\324\2274\370\013\024\005\377\206xyP\020\024\253"
  79      34F80B14 
  79      05FF8678 
  79      79501014 
  79      AB
  80 0026 F854DCDA 		.ascii	"\370T\334\332(\202\364B\021\211\015\336\021\255\325"
  80      2882F442 
  80      11890DDE 
  80      11ADD5
  81 0035 465B4DAB 		.ascii	"F[M\253\326\032\243\202\240\266x\267\265V\261\021\364"
  81      D61AA382 
  81      A0B678B7 
  81      B556B111 
  81      F4
  82 0046 41E945B0 		.ascii	"A\351E\260\251\3248sv\325\250/\015\233\263g\346|\363"
  82      A9D43873 
  82      76D5A82F 
  82      0D9BB367 
  82      E67CF3
ARM GAS  /tmp/ccW1TNm8.s 			page 6


  83 0059 CD373367 		.ascii	"\31573g\225\370\377\267\206\376#\206\020\325\364\206"
  83      95F8FFB7 
  83      86FE2386 
  83      10D5F486 
  84 0069 25209BFB 		.ascii	"% \233\373\205\250\363Ki\2340\205\023Pc\367\205p\202"
  84      85A8F34B 
  84      699C3085 
  84      135063F7 
  84      857082
  85 007c 4A1ACFE2 		.ascii	"J\032\317\342d\232\275\213\3102`\272(\023\340\215\200"
  85      649ABD8B 
  85      C83260BA 
  85      2813E08D 
  85      80
  86 008d D8239561 		.ascii	"\330#\225ab\017>\311q\211\346l{\322\256:\3438\316\330"
  86      620F3EC9 
  86      7189E66C 
  86      7BD2AE3A 
  86      E338CED8 
  87 00a1 A9EEF9FB 		.ascii	"\251\356\371\373\346\027\244\020\223\322\315\207\263"
  87      E617A410 
  87      93D2CD87 
  87      B3
  88 00ae A822C858 		.ascii	"\250\"\310X\335`\336\247\226A\320\376Z\307\327G\366"
  88      DD60DEA7 
  88      9641D0FE 
  88      5AC7D747 
  88      F6
  89 00bf 47599058 		.ascii	"GY\220X\314\346\365\226\373I\213Mi\260\371bp\360\251"
  89      CCE6F596 
  89      FB498B4D 
  89      69B0F962 
  89      70F0A9
  90 00d2 5579DA71 		.ascii	"Uy\332q\366fou:\253\214\202T8\007E|h\303\002\234\307"
  90      F6666F75 
  90      3AAB8C82 
  90      54380745 
  90      7C68C302 
  91 00e8 02412E81 		.ascii	"\002A.\201vT\022:\235y\334\032R\3135oo\252u\265\033"
  91      7654123A 
  91      9D79DC1A 
  91      52CB356F 
  91      6FAA75B5 
  92 00fd F8C90D34 		.ascii	"\370\311\0154p\341\337@C\340\"*\031=\236\230yi[\011"
  92      70E1DF40 
  92      43E0222A 
  92      193D9E98 
  92      79695B09 
  93 0111 121D99F9 		.ascii	"\022\035\231\371\245\027\035\260 \204$\007!:\373\216"
  93      A5171DB0 
  93      20842407 
  93      213AFB8E 
  94 0121 BCB6554C 		.ascii	"\274\266ULs\327\217v%\314\245'\211\374]\337\350\246"
  94      73D78F76 
  94      25CCA527 
  94      89FC5DDF 
  94      E8A6
ARM GAS  /tmp/ccW1TNm8.s 			page 7


  95 0133 6CE284F3 		.ascii	"l\342\204\363\243XDA\232H\377\235\302\253\372\022\226"
  95      A3584441 
  95      9A48FF9D 
  95      C2ABFA12 
  95      96
  96 0144 A6A359A7 		.ascii	"\246\243Y\247X\354z3\336\2602%\347J\260b\203$X\026X"
  96      58EC7A33 
  96      DEB03225 
  96      E74AB062 
  96      83245816 
  97 0159 838FB63E 		.ascii	"\203\217\266>?/e\274\004\370\304\346%H\213?\304\276"
  97      3F2F65BC 
  97      04F8C4E6 
  97      25488B3F 
  97      C4BE
  98 016b 725EC26C 		.ascii	"r^\302lFxW\241i\243\264-\023\"Ozy\026\037\244\344\267"
  98      467857A1 
  98      69A3B42D 
  98      13224F7A 
  98      79161FA4 
  99 0181 7A8EC4AB 		.ascii	"z\216\304\253\372\311\006\305%|\223<\225\267\371\201"
  99      FAC906C5 
  99      257C933C 
  99      95B7F981 
 100 0191 C77EEEAB 		.ascii	"\307~\356\253\"=\227=i\037\310\242\021\253!\354\315"
 100      223D973D 
 100      691FC8A2 
 100      11AB21EC 
 100      CD
 101 01a2 C0C51A84 		.ascii	"\300\305\032\204\275:u\374s\350(RTQ\200\242]8\371\277"
 101      BD3A75FC 
 101      73E82852 
 101      545180A2 
 101      5D38F9BF 
 102 01b6 E41AA7C3 		.ascii	"\344\032\247\303\261v'R\2206:q\024\023z\254\350BLP\306"
 102      B1762752 
 102      90363A71 
 102      14137AAC 
 102      E8424C50 
 103 01cb 7EF58722 		.ascii	"~\365\207\"}\357AN\217\321\016\013\\\371\235\316\020"
 103      7DEF414E 
 103      8FD10E0B 
 103      5CF99DCE 
 103      10
 104 01dc 432BD430 		.ascii	"C+\3240\014\0062\343\261\247\215\035\262\366\273s\300"
 104      0C0632E3 
 104      B1A78D1D 
 104      B2F6BB73 
 104      C0
 105 01ed F1176470 		.ascii	"\361\027dpRR\273q\025\265|t\270\351Y\217\242\243$\037"
 105      5252BB71 
 105      15B57C74 
 105      B8E9598F 
 105      A2A3241F 
 106 0201 857828A2 		.ascii	"\205x(\242\264\214\2206\333\232\016\365\220\216T]3\243"
 106      B48C9036 
 106      DB9A0EF5 
ARM GAS  /tmp/ccW1TNm8.s 			page 8


 106      908E545D 
 106      33A3
 107 0213 CA91412D 		.ascii	"\312\221A-\272=\265\307\363\347\2226\021\320\005\014"
 107      BA3DB5C7 
 107      F3E79236 
 107      11D0050C 
 108 0223 81513A29 		.ascii	"\201Q:)\256\241\266 \303Z\215\251{E\305O\357\237X\370"
 108      AEA1B620 
 108      C35A8DA9 
 108      7B45C54F 
 108      EF9F58F8 
 109 0237 F725E0DE 		.ascii	"\367%\340\336\352\013@\202\256sQ\276o\322\022n\237\264"
 109      EA0B4082 
 109      AE7351BE 
 109      6FD2126E 
 109      9FB4
 110 0249 ED9F5D9F 		.ascii	"\355\237]\237\"\270\241\373\004\356S/\365i\010\365S"
 110      22B8A1FB 
 110      04EE532F 
 110      F56908F5 
 110      53
 111 025a 964B51A6 		.ascii	"\226KQ\246Y\375\245\254\201\331v\377\346\237\356\367"
 111      59FDA5AC 
 111      81D976FF 
 111      E69FEEF7 
 112 026a B9AC2D1E 		.ascii	"\271\254-\036\253\355\262<x?5\031\344FY\021\201[DAY"
 112      ABEDB23C 
 112      783F3519 
 112      E4465911 
 112      815B4441 
 113 027f 467C2E24 		.ascii	"F|.$H(\016\031\366BBZK\260T[9\225\353i\373\025\025&"
 113      48280E19 
 113      F642425A 
 113      4BB0545B 
 113      3995EB69 
 114 0297 E2D2A888 		.ascii	"\342\322\250\210F\205\331\365\325sUh\256\210x\001\311"
 114      4685D9F5 
 114      D5735568 
 114      AE887801 
 114      C9
 115 02a8 0E6E2239 		.ascii	"\016n\"9K\013\214\316\256\300\012du\201\3723\274\255"
 115      4B0B8CCE 
 115      AEC00A64 
 115      7581FA33 
 115      BCAD
 116 02ba 0BCCB568 		.ascii	"\013\314\265h\212\322;\020\325a%ts(\001r\036]\376\341"
 116      8AD23B10 
 116      D5612574 
 116      73280172 
 116      1E5DFEE1 
 117 02ce C18C9FE8 		.ascii	"\301\214\237\350\022t0\027w4\237ro\321\223\266\201\326"
 117      12743017 
 117      77349F72 
 117      6FD193B6 
 117      81D6
 118 02e0 A077340F 		.ascii	"\240w4\017w\021\233\240\233I\231\356!\306zGP\227-\256"
 118      77119BA0 
ARM GAS  /tmp/ccW1TNm8.s 			page 9


 118      9B4999EE 
 118      21C67A47 
 118      50972DAE 
 119 02f4 75A7CFDF 		.ascii	"u\247\317\337\026\370\236\220\224%\325\325\361\337\317"
 119      16F89E90 
 119      9425D5D5 
 119      F1DFCF
 120 0303 B69AF8E6 		.ascii	"\266\232\370\346\365[\3435;6\362{\335\366\365[\2537"
 120      F55BE335 
 120      3B36F27B 
 120      DDF6F55B 
 120      AB37
 121 0315 0AB56157 		.ascii	"\012\265aW\215\261a\313\316\032\354\376\011\3177\257"
 121      8DB161CB 
 121      CE1AECFE 
 121      09CF37AF 
 122 0325 A8       		.ascii	"\250"
 123              		.text
 124              		.section	.gnu.lto_palSetBusMode.3ff0b83212cb7481,"",%progbits
 125 0000 789C8D52 		.ascii	"x\234\215R\337K\024Q\024>\337\275wf\307\235\3354\237"
 125      DF4B1451 
 125      143EDFBD 
 125      7766C79D 
 125      DD349F
 126 0013 C4872848 		.ascii	"\304\207(H\354!]\372\017\202\036\3723\302,\350\3010"
 126      EC215DFA 
 126      0F821EFA 
 126      33C22CE8 
 126      C130
 127 0025 921E1767 		.ascii	"\222\036\027g\325\240'5\211X03\210\360W\271eij\032\213"
 127      D5A02735 
 127      89583033 
 127      88F057B9 
 127      65696A1A 
 128 003a 10189121 		.ascii	"\020\030\221!\332\017\305\364\241\225\02224\243\232"
 128      DA0FC5F4 
 128      A1951232 
 128      34A39A
 129 0049 42EC9C19 		.ascii	"B\354\234\031S\373\361\3400s\357|\367~\347;\347|\367"
 129      53FBF1E0 
 129      3073EF7C 
 129      F77EE73B 
 129      E77CF7
 130 005c 6AFAF739 		.ascii	"j\372\3679\306_\275&:\3143l\202j\236 J9J\231\033\026"
 130      C65FBD26 
 130      3ACC336C 
 130      826A9E20 
 130      4A394A99 
 131 0072 7951BD32 		.ascii	"yQ\2752N\344\305\2642\323\011\206\326\310>F\006V\310"
 131      4EE4C5B4 
 131      32D30986 
 131      D6C83E46 
 131      0656C8
 132 0085 B200F921 		.ascii	"\262\000\371!P\255\322\306B-\226\324\252Bs\266'\355"
 132      50ADD2C6 
 132      422D96D4 
 132      AA4273B6 
ARM GAS  /tmp/ccW1TNm8.s 			page 10


 132      27ED
 133 0097 96DEF23C 		.ascii	"\226\336\362<o\245e\264\350b\221\257\210\326T\230\017"
 133      6FA565B4 
 133      E86291AF 
 133      88D65498 
 133      0F
 134 00a8 1D2865CA 		.ascii	"\035(e\312Jj&\027\321\007A\374?\324\373\345\271\373"
 134      4A6A2617 
 134      D10741FC 
 134      3FD4FBE5 
 134      B9FB
 135 00ba 41F90AFB 		.ascii	"A\371\012\373\005\016\267\214\247m\201\312\010|533e"
 135      050EB78C 
 135      A76D81CA 
 135      087C3533 
 135      3365
 136 00cc 97DCF4BC 		.ascii	"\227\334\364\274\272\354\323>\357\250\361\225F'4\353"
 136      BAECD33E 
 136      EFA8F195 
 136      462734EB 
 137 00dc A10BC5E8 		.ascii	"\241\013\305\350F1\361\022\241\007%\314~\357/u\304\365"
 137      4631F112 
 137      A10725CC 
 137      7EEF2F75 
 137      C4F5
 138 00ee A14077BD 		.ascii	"\241@w\275\373\362\265h\030\271\020F\032\334\376;\322"
 138      FBF2B568 
 138      18B91046 
 138      1ADCFE3B 
 138      D2
 139 00ff 10EEA044 		.ascii	"\020\356\240D\350\253\015\353\257]\273\201\253.X\377"
 139      E8AB0DEB 
 139      AF5DBB81 
 139      AB2E58FF 
 140 010f 5D307A61 		.ascii	"]0za\203'^\310\024f\275\215\215w\003\037GM\\A\322\031"
 140      83275EC8 
 140      1466BD8D 
 140      8D77031F 
 140      474D5C41 
 141 0125 0EB76C1E 		.ascii	"\016\267l\036\354\010\017\021G`\036\017NT\240\213@\230"
 141      EC080F11 
 141      47601E0F 
 141      4E54A08B 
 141      4098
 142 0137 72AC2326 		.ascii	"r\254#&-*%\263~\211\2067\365\231&-\322\337\224\330\265"
 142      2D2A25B3 
 142      7E898637 
 142      F599262D 
 142      D2DF94D8 
 143 014c 907B31E9 		.ascii	"\220{1\351H\303|\014\310pU\362,2b\357\365,\352\006\020"
 143      48C37C0C 
 143      C87055F2 
 143      2C3262EF 
 143      F52CEA06 
 144 0161 720D73FB 		.ascii	"r\015s\373\277\267/\307\333\320\012_\345qtH\347\365"
 144      BFB72FC7 
 144      DBD00A5F 
ARM GAS  /tmp/ccW1TNm8.s 			page 11


 144      E5717448 
 144      E7F5
 145 0173 4F638D3F 		.ascii	"Oc\215?\362\313z\274\002_Eq\027m\370\034\370\215{(#"
 145      F2CB7ABC 
 145      025F4571 
 145      176DF81C 
 145      F88D7B28 
 146 0188 CE38A1B7 		.ascii	"\3168\241\267%2O\236\215\005\376F\363\011}[\351\014"
 146      25324F9E 
 146      8D05FE46 
 146      F3097D5B 
 146      E90C
 147 019a CD1ED173 		.ascii	"\315\036\321s0B\024\305\353S\215\275*\371\323\273\344"
 147      304214C5 
 147      EB538DBD 
 147      2AF9D3BB 
 147      E4
 148 01ab 39BE72D7 		.ascii	"9\276r\327\224\330p\037I\331\272\3324=\250y+-[11\213"
 148      94D8701F 
 148      49D9BADA 
 148      343DA879 
 148      2B2D5B31 
 149 01c1 76B6110B 		.ascii	"v\266\021\013`W\323\225A\256\2435\325,\2548\036 \211"
 149      6057D395 
 149      41AEA335 
 149      D52CAC38 
 149      1E2089
 150 01d4 FECD6ADB 		.ascii	"\376\315j\333s\235i\227\005\370f\3040\300\254 )\036"
 150      739D6997 
 150      05F866C4 
 150      30C0AC20 
 150      291E
 151 01e6 22E9AB3D 		.ascii	"\"\351\253=A5V\340\2254?\371u\263}{w\355\347c0h\037"
 151      413556E0 
 151      95343FF9 
 151      75B37D7B 
 151      77EDE763 
 152 01fd D2FE10B7 		.ascii	"\322\376\020\267\277\303\301\310\356$\0120\034H\004"
 152      BFC3C1C8 
 152      EE240A30 
 152      1C4804
 153 020c 37E0D19F 		.ascii	"7\340\321\237\022\316n\017ad\373\020FC\211\371H(\301"
 153      12CE6E0F 
 153      6164FB10 
 153      464389F9 
 153      4828C1
 154 021f 310EE3FA 		.ascii	"1\016\343\3729;\304Q.\214Wi\016\366\177\315\337\273"
 154      393BC451 
 154      2E8C5769 
 154      0EF67FCD 
 154      DFBB
 155 0231 2695E031 		.ascii	"&\225\3401\233\317.\004|\327W\2054\217T\366\355\361"
 155      9BCF2E04 
 155      7CD75785 
 155      348F54F6 
 155      EDF1
 156 0243 2084E49E 		.ascii	" \204\344\236A<c\346\201\362\362\304\326[]\2238SQ\225"
ARM GAS  /tmp/ccW1TNm8.s 			page 12


 156      413C63E6 
 156      81F2F2C4 
 156      D65B5D93 
 156      38535195 
 157 0257 A8395F29 		.ascii	"\2509_)\363\211s\025U\345\225\244O^\2501g\253O\235\376"
 157      F3897315 
 157      55E595A4 
 157      4F5EA831 
 157      67AB4F9D 
 158 026c 0568FB3F 		.ascii	"\005h\373?\260"
 158      B0
 159              		.text
 160              		.section	.gnu.lto_.symbol_nodes.3ff0b83212cb7481,"",%progbits
 161 0000 789C55C9 		.ascii	"x\234U\311M\016\202@\020D\341W\335\250s\013\217\332"
 161      4D0E8240 
 161      1044E157 
 161      DDA8730B 
 161      8FDA
 162 0012 2C0C3B13 		.ascii	",\014;\023N@\3460\254\361\"\3703z\001\202B\342\324\346"
 162      4E40E630 
 162      ACF122F8 
 162      337A0182 
 162      42E2D4E6 
 163 0026 A5F23970 		.ascii	"\245\3629pe\233\315\012\350'\210`\310\211\303Kd\013"
 163      659BCD0A 
 163      E8278860 
 163      C889C34B 
 163      640B
 164 0038 B7BB4215 		.ascii	"\267\273B\025\024\351\013\017\205U\360\226\255\240\247"
 164      14E90B0F 
 164      8555F096 
 164      ADA0A7
 165 0047 C27F40DB 		.ascii	"\302\177@\333&\364Q4\177\3379r)7\271mm\366\236\030\273"
 165      26F45134 
 165      7FDF3972 
 165      2937B96D 
 165      6DF69E18 
 166 005c F9CC0255 		.ascii	"\371\314\002U\245(#"
 166      A52823
 167              		.text
 168              		.section	.gnu.lto_.refs.3ff0b83212cb7481,"",%progbits
 169 0000 789C6366 		.ascii	"x\234cf``\020`\200\000F\006&F\026F&&f\026F\026&V\026"
 169      60601060 
 169      80004606 
 169      26461646 
 169      26266616 
 170 0019 060002F7 		.ascii	"\006\000\002\367\0008"
 170      0038
 171              		.text
 172              		.section	.gnu.lto_.decls.3ff0b83212cb7481,"",%progbits
 173 0000 789C9D58 		.ascii	"x\234\235XkP\024W\026\236\333wf\034\232aH\005b,\222"
 173      6B501457 
 173      169EDB77 
 173      661C9A61 
 173      4805622C 
 174 0015 2D916C28 		.ascii	"-\221l(7\025\035\243\273\211[\265U\346\241\011f\315"
 174      37151DA3 
ARM GAS  /tmp/ccW1TNm8.s 			page 13


 174      BB895BB5 
 174      55E6A109 
 174      66CD
 175 0027 C26252D9 		.ascii	"\302bR\331\324\376\230\020@\245\026\205b\206\335\315"
 175      D4FE9810 
 175      40A51685 
 175      6286DDCD 
 176 0037 BF864182 		.ascii	"\277\206A\202\210\202\203\030|\017\002\012\362\006\025"
 176      88828318 
 176      7C0F020A 
 176      F20615
 177 0046 E429105E 		.ascii	"\344)\020^*\352*1\032t\0350\370V \032^*\354\271\367"
 177      2AEA2A31 
 177      1A741D30 
 177      F856201A 
 177      5E2AECB9 
 178 005b 76F73C32 		.ascii	"v\367<2cR\333\345\241\373\334{\036\337w\356\271\267"
 178      6352DBE5 
 178      A1FBDC7B 
 178      1EDF77EE 
 178      B9B7
 179 006d DBC10AB8 		.ascii	"\333\301\012\2708\205b\006\256%\376\012E-<+a(\014D\005"
 179      38856206 
 179      AE25FE0A 
 179      452D3C2B 
 179      61280C44 
 180 0082 7214A401 		.ascii	"r\024\244\001\244\015\344%\244P\274\214\024\364\"s\201"
 180      A40DE425 
 180      A450BC8C 
 180      14F42273 
 180      81
 181 0093 F0FC2AC8 		.ascii	"\360\374*\310\002\220\305 KA0\214\377\011\356\313@\336"
 181      0290C520 
 181      4B41308C 
 181      FF09EECB 
 181      40DE
 182 00a5 156DA58B 		.ascii	"\025m\245\213\330\373\301]\007\242\005\341\021\213\031"
 182      D8FBC15D 
 182      07A205E1 
 182      118B19
 183 00b4 02CF4AB8 		.ascii	"\002\317J\270\317\203\373\207 \001b\236\367\020\313"
 183      CF83FB87 
 183      2001629E 
 183      F710CB
 184 00c3 7F046411 		.ascii	"\177\004d\021</\007Y\001\302\201\234\205\261\367\021"
 184      3C2F0759 
 184      01C2819C 
 184      85B1F711 
 185 00d3 C3EA07F7 		.ascii	"\303\352\007\367\331 \343\360\354\217(\035\232\213`"
 185      D920E3F0 
 185      EC8F281D 
 185      9A8B60
 186 00e2 42221EC7 		.ascii	"B\"\036\307\213`\236-r\224\260\020\034\004O\257\202"
 186      8B609E2D 
 186      7294B010 
 186      1C044FAF 
 186      82
ARM GAS  /tmp/ccW1TNm8.s 			page 14


 187 00f3 E191B010 		.ascii	"\341\221\260\020\\\216xH-\352E<\357\273`z\240`\270T"
 187      5C8E7848 
 187      2DEA453C 
 187      EFBB607A 
 187      A060B854 
 188 0107 22267F11 		.ascii	"\"&\177\021\3274\350wX\231in\011\3272\027\\\013\304"
 188      D734E877 
 188      5899696E 
 188      09D73217 
 188      5C0BC4
 189 011a FAB8E29A 		.ascii	"\372\270\342\232\377\0135\"k\323\352P#\202\353\003\220"
 189      FF0B3522 
 189      6BD3EA50 
 189      2382EB03 
 189      90
 190 012b 37C5F590 		.ascii	"7\305\365\220\352\343/\352\216\353E \270\256\323(\207"
 190      EAE32FEA 
 190      8EEB4520 
 190      B8AED328 
 190      87
 191 013c BA4BF67E 		.ascii	"\272K\366~\216\201\323(\247\274\276\247\362\230/\012"
 191      8E81D328 
 191      A7BCBEA7 
 191      F2982F0A 
 192 014c 0E08E00B 		.ascii	"\016\010\340\013\004AH\023\336F%\210G\207\020v\360\310"
 192      04414813 
 192      DE462588 
 192      47871076 
 192      F0C8
 193 015e 85F18965 		.ascii	"\205\361\211ed\002\0365\364\236&\010\311\302\210E\300"
 193      64021E35 
 193      F49E2608 
 193      C9C28845 
 193      C0
 194 016f 7314E8F5 		.ascii	"s\024\350\365\000\364\273\000\005*B\301tJ\201\016\243"
 194      00F4BB00 
 194      052A42C1 
 194      744A810E 
 194      A3
 195 0180 00548C02 		.ascii	"\000T\214\002H\246\301\354\321M*^\264N\373%\353\264"
 195      48A6C1EC 
 195      D14D2A5E 
 195      B44EFB25 
 195      EBB4
 196 0192 C6ED07BD 		.ascii	"\306\355\007\275nqH\307\377\215\2507\263\212*\264\240"
 196      6E7148C7 
 196      FF8DA837 
 196      B38A2AB4 
 196      A0
 197 01a3 6A796FA2 		.ascii	"jyo\242\036/\177\324\353Mg\003\211Zo\351\316U\323Y%"
 197      1E2F7FD4 
 197      EB4D6703 
 197      895A6FE9 
 197      CE55D359 
 198 01b8 51B74C8D 		.ascii	"Q\267L\215\366\352\250\312\023uj\262+IM\022\013B\226"
 198      F6EAA8CA 
 198      13756AB2 
ARM GAS  /tmp/ccW1TNm8.s 			page 15


 198      2B494D12 
 198      0B4296
 199 01cb 59F0EAD6 		.ascii	"Y\360\352\326\301\004\252\200T\225\220J\201\252i\352"
 199      C104AA80 
 199      5495904A 
 199      81AA69EA 
 200 01db F901A88A 		.ascii	"\371\001\250\212e\356N9|\326\347\371,j.\010\201\210"
 200      65EE4E39 
 200      7CD6E7F9 
 200      2C6A2E08 
 200      8188
 201 01ed 56A10CCC 		.ascii	"V\241\014\314\313\251y\015z^r\"\326\323\367fz|\035\255"
 201      CBA9790D 
 201      7A5E7222 
 201      D6D3F766 
 201      7A7C1DAD 
 202 0201 4B9F657D 		.ascii	"K\237e}z\354\324C\2356\235\324@\204r\004=\357\200\345"
 202      7AECD443 
 202      9D369DD4 
 202      40847204 
 202      3DEF80E5 
 203 0215 2822AD40 		.ascii	"(\"\255@\357`]\331R\262\211\325\340s\342<\276qd\023"
 203      EF605DD9 
 203      52B289D5 
 203      E073E23C 
 203      BE716413 
 204 0229 4F696929 		.ascii	"Oii)\351\321};|<\323\252\223h\2253Z]\337&uz\271\322"
 204      E9D17D3B 
 204      7C3CD3AA 
 204      93689533 
 204      5A5DDF26 
 205 0241 3A06E6B5 		.ascii	":\006\346\265\324\3748\005Z'\001=x~l\277\312\225\226"
 205      D4FC3805 
 205      5A27013D 
 205      787E6CBF 
 205      CA9596
 206 0254 47EBDAFE 		.ascii	"G\353\332\376\375\205j'Z\365N\264\032DZ\015\224\326"
 206      FD856A27 
 206      5AF54EB4 
 206      1A445A0D 
 206      94D6
 207 0266 FEADD593 		.ascii	"\376\255\325\223jJ+\2368W\345\365\217cJKG\324{\325\326"
 207      6A4A2B9E 
 207      3857E5F5 
 207      8F634A4B 
 207      47D47BD5 
 208 027b 4E0D557D 		.ascii	"N\015U}\210zn\343\264\3063\311\026\211d3#YX\272g\302"
 208      887A6EE3 
 208      B4C633C9 
 208      16896433 
 208      235958BA 
 209 0291 DB956423 		.ascii	"\333\225d#\2307Q\363\023\024v\213\004{\207\355i\206"
 209      983751F3 
 209      1314768B 
 209      047B87ED 
 209      6986
 210 02a3 DA95A447 		.ascii	"\332\225\244G\353\274\276\231\035\032'\222\255N$\333"
ARM GAS  /tmp/ccW1TNm8.s 			page 16


 210      EBBCBE99 
 210      1D1A2792 
 210      AD4E24DB 
 211 02b3 44926D94 		.ascii	"D\222m\224d~\356@\037\377\372a\272\221N,\265\357\267"
 211      647EEE40 
 211      1FFFFA61 
 211      BA914E2C 
 211      B5EFB7
 212 02c6 A98D1752 		.ascii	"\251\215\027R9J\376\004G\364\242\3013\026\037Jw>\205"
 212      394AFE04 
 212      47F4A2C1 
 212      33161F4A 
 212      773E85
 213 02d9 74F85614 		.ascii	"t\370V\024\326\221\355\210\222\0166d\314\202\231y<u"
 213      D691ED88 
 213      920E3664 
 213      CC829979 
 213      3C75
 214 02eb BCB67BB2 		.ascii	"\274\266{\262\300\213\252\344\004\367%C-\315\023\235"
 214      C08BAAE4 
 214      04F72543 
 214      2DCD139D 
 215 02fb 3C7E895A 		.ascii	"<~\211Zg\244\331zx\374[\362\314u\337\020\362u(\230n"
 215      67A4D97A 
 215      78FC5BF2 
 215      CC75DF10 
 215      F2752898 
 216 0310 E3916B96 		.ascii	"\343\221k\226\316\227\005A\211N\003\267\223\010\243"
 216      CE970541 
 216      894E03B7 
 216      9308A3
 217 031f 76F43A41 		.ascii	"v\364:AI\242\222+\315\316G!\223A\247`K\316\343\251-"
 217      49A2922B 
 217      CDCE4721 
 217      9341A760 
 217      4BCEE3A9 
 218 0334 EA82C16E 		.ascii	"\352\202\301nZ^\256\343Is\212\012\361\301\356\235\316"
 218      5A5EAEE3 
 218      49738A0A 
 218      F1C1EE9D 
 218      CE
 219 0345 B871A210 		.ascii	"\270q\242\020\232\314\226\331\004B/@\350\261C8\215x"
 219      9ACC96D9 
 219      04422F40 
 219      E8B14338 
 219      8D78
 220 0357 B92CF7DB 		.ascii	"\271,\367\333\012\376M\226\331\374\353\302\222\215\327"
 220      0AFE4D96 
 220      D9FCEBC2 
 220      928DD7
 221 0366 9F9AA2C5 		.ascii	"\237\232\242\305\002\242\354\267\324\354\332\245\301"
 221      02A2ECB7 
 221      D4ECDAA5 
 221      C1
 222 0373 A94C99C8 		.ascii	"\251L\231\310*,T\342-L)\310\331Q\252\242\365\325\020"
 222      2A2C54E2 
 222      2D4C29C8 
ARM GAS  /tmp/ccW1TNm8.s 			page 17


 222      D951AAA2 
 222      F5D510
 223 0386 B521AF78 		.ascii	"\265!\257xX\203s\330\\KOR/\217w3\345\324\340\304Cv\302"
 223      588373D8 
 223      5C4B4F52 
 223      2F8F7733 
 223      E5D4E0C4 
 224 039d 3C47D47E 		.ascii	"<G\324~K\336!\035\336\317\346\316Lg\3758\013\347;\033"
 224      4BDE211D 
 224      DECFE6CE 
 224      4C67FD38 
 224      0BE73B1B 
 225 03b1 EA98E1AE 		.ascii	"\352\230\341\256\357\206\036\261\366\245\353\231srw"
 225      EF861EB1 
 225      F6A5EB99 
 225      737277
 226 03c0 A60A1732 		.ascii	"\246\012\0272\323\254\001\313\005%.GN\353\031\310\326"
 226      D3AC01CB 
 226      05252E47 
 226      4EEB19C8 
 226      D6
 227 03d1 F3EBBB13 		.ascii	"\363\353\273\023G4T\235\231\301\244\270\007\256\236"
 227      4734549D 
 227      99C1A4B8 
 227      07AE9E
 228 03e0 1BF09257 		.ascii	"\033\360\222W\355\330\020\"%\263A\311\256\330K\026\350"
 228      EDD81022 
 228      25B341C9 
 228      AED84B16 
 228      E8
 229 03f1 B86A502C 		.ascii	"\270jP,U\021T\3522\024\345{R\251kP\251@\261RWa\360\277"
 229      551154EA 
 229      3214E57B 
 229      52A96B50 
 229      A940B152 
 230 0409 6CD56A06 		.ascii	"l\325j\006\037l\346\245\300M\355[\351Z\014B\340~{`\033"
 230      1F6CE6A5 
 230      C04DED5B 
 230      E95A0C42 
 230      E07E7B60 
 231 041e 7A66E401 		.ascii	"zf\344\001\267\221Q\355p\346 \302\307\031\277\315\333"
 231      B79151ED 
 231      70E620C2 
 231      C719BFCD 
 231      DB
 232 042f 1FF570B8 		.ascii	"\037\365p\270\211*\312\364\226F\177\024\344\027\024"
 232      892ACAF4 
 232      96467F14 
 232      E41714
 233 043e 6C857823 		.ascii	"l\205x#\233\277\032\0161\233\205\355sh\332\353\220\366"
 233      9BBF1A0E 
 233      319B85ED 
 233      7368DAEB 
 233      90F6
 234 0450 06F2B347 		.ascii	"\006\362\263G\237O\266\317k\360G\261\215\356E\253\360"
 234      9F4FB6CF 
 234      6BF047B1 
ARM GAS  /tmp/ccW1TNm8.s 			page 18


 234      8DEE45AB 
 234      F0
 235 0461 7682C261 		.ascii	"v\202\302ag\021cH\215n\001\212!\024\204n\242 \212\225"
 235      67116348 
 235      8D6E018A 
 235      2114846E 
 235      A2208A95 
 236 0475 C4B63699 		.ascii	"\304\2666\231\325E\213h\334\037\334\306\275LB\320>\264"
 236      D5458B68 
 236      DC1FDCC6 
 236      BD4C42D0 
 236      3EB4
 237 0487 35E4230D 		.ascii	"5\344#\015\261P\210\254\355\273\362\344\235\316\373"
 237      B15088AC 
 237      EDBBF2E4 
 237      9DCEFB
 238 0496 6AFC9861 		.ascii	"j\374\230a\317\370\251\266_\213\202\202\374)x[}\376"
 238      CFF8A9B6 
 238      5F8B8282 
 238      FC29785B 
 238      7DFE
 239 04a8 19ADD0BD 		.ascii	"\031\255\320\275\210v\357%Hq\017\371\333\233\323\016"
 239      8876EF25 
 239      48710FF9 
 239      DB9BD30E 
 240 04b8 DD4A3234 		.ascii	"\335J24_W\235Hf(n{6\265\210\307\331\333&G\226\304\230"
 240      5F579D48 
 240      66286E7B 
 240      36B588C7 
 240      D9DB2647 
 241 04cf B0BC0F2C 		.ascii	"\260\274\017,\357\000\313\273\"K\012\375\270y\026\264"
 241      EF00CBBB 
 241      224B0AFD 
 241      B87916B4 
 242 04df 3A98FC1C 		.ascii	":\230\374\034\373\201\314\341\315\276\376\0203\311c"
 242      FB81CCE1 
 242      CDBEFE10 
 242      33C963
 243 04ee 4C855340 		.ascii	"L\205S@\360\311\276t`\232\307O\331\302\355\034?\335"
 243      F0C9BE74 
 243      609AC74F 
 243      D9C2ED1C 
 243      3FDD
 244 0500 E94B3B78 		.ascii	"\351K;x\016Q[\247\272\033\2258\231~\023 a\272\373\251"
 244      0E515BA7 
 244      BA1B9538 
 244      997E1320 
 244      61BAFBA9 
 245 0514 0F4E638A 		.ascii	"\017Nc\212\364\326\325\262\267\356\336\253\027\356\371"
 245      F4D6D5B2 
 245      B7EEDEAB 
 245      17EEF9
 246 0523 E02D744E 		.ascii	"\340-tN[2\362}\211\212\254\270tA\361R\314\266r\261x"
 246      5B32F27D 
 246      898AACB8 
 246      7441F152 
 246      CCB672B1 
ARM GAS  /tmp/ccW1TNm8.s 			page 19


 247 0538 67A1787D 		.ascii	"g\241x}P\2211\250\214\\\221\013\024c\005\262\257\274"
 247      509131A8 
 247      8C5C910B 
 247      146305B2 
 247      AFBC
 248 054a 40F17F03 		.ascii	"@\361\177\003\006\035tnL\\y\201\013F\223@a\006\3441"
 248      061D746E 
 248      4C5C7981 
 248      0B469340 
 248      6106E431 
 249 055e C84F20E3 		.ascii	"\310O \343 \023 \323 S O@\236\312\235\221b\266V\344"
 249      201320D3 
 249      2053204F 
 249      409ECA9D 
 249      9162B656 
 250 0573 ABC5CCDF 		.ascii	"\253\305\314\337\272f\276\210\034\326\015L\353d\323"
 250      BA66BE88 
 250      1CD60D4C 
 250      EB64D3
 251 0582 EFDC9B32 		.ascii	"\357\334\2332\220\324\266D\266=\347j;\3379j\267l9\352"
 251      90D4B644 
 251      B63DE76A 
 251      3BDF396A 
 251      B76C39EA 
 252 0596 6A39E21A 		.ascii	"j9\342\032\265L\266=\357\276L\366\260=\262\351\217\256"
 252      B54CB63D 
 252      EFBE4CF6 
 252      B03DB2E9 
 252      8FAE
 253 05a8 A60F5D4C 		.ascii	"\246\017]LO\312\246\217\334\233\312\010\222l-\371\321"
 253      4FCAA68F 
 253      DC9BCA08 
 253      926C2DF9 
 253      D1
 254 05b9 2752307A 		.ascii	"'R0z\000-3\354\036\256\034\327V\352\260\254\377q[\205"
 254      002D33EC 
 254      1EAE1CD7 
 254      56EAB0AC 
 254      FF715B85 
 255 05cd 0AFBB62B 		.ascii	"\012\373\266+\316WC\357\216\271\331w\334\3275\255\343"
 255      CE5743EF 
 255      8EB9D977 
 255      DCD735AD 
 255      E3
 256 05de 7034F951 		.ascii	"p4\371Q\273S\221\032\224\314\371\241N\373\261D\234\350"
 256      BB53911A 
 256      94CCF9A1 
 256      4EFBB144 
 256      9CE8
 257 05f0 E5AE3D50 		.ascii	"\345\256=P\022t\305\377\333!\320\277\223'S\277\362\301"
 257      1274C5FF 
 257      DB21D0BF 
 257      932753BF 
 257      F2C1
 258 0602 16D6DB23 		.ascii	"\026\326\333#w\277\355P9\275\335\011\024\373NJ\341\264"
 258      77BFED50 
 258      39BDDD09 
ARM GAS  /tmp/ccW1TNm8.s 			page 20


 258      14FB4E4A 
 258      E1B4
 259 0614 2228807D 		.ascii	"\"(\200}.\377\247\267\2206\330\2235J\0050v\007v\356"
 259      2EFFA7B7 
 259      9036D893 
 259      354A0530 
 259      760776EE 
 260 0628 163F7807 		.ascii	"\026?x\007v'\332\010\303fN&\010V\362F~\234q\266\032"
 260      7627DA08 
 260      C3664E26 
 260      0856F246 
 260      7E9C71B6 
 261 063d E18B0C8F 		.ascii	"\341\213\014\217\345\374\351\032o|\225*\\y\335\265a"
 261      E5FCE91A 
 261      6F7C952A 
 261      5C79DDB5 
 261      61
 262 064e 8D7882DB 		.ascii	"\215x\202\333\322\273x(g:\307\2434{\234^\364\314\367"
 262      D2BB7828 
 262      673AC7A3 
 262      347B9C5E 
 262      F4CCF7
 263 0661 F926CEED 		.ascii	"\371&\316\355;\364\300\225\241q\214\357\260\214\027"
 263      3BF4C095 
 263      A1718CEF 
 263      B08C17
 264 0670 6F979678 		.ascii	"o\227\226x\343a\316\351e\025\342\374\361\021\"\177|"
 264      E361CEE9 
 264      6515E2FC 
 264      F111227F 
 264      7C
 265 0681 70C5FBF6 		.ascii	"p\305\373\366<\343[ \013\022\206\210\011\267p\001h+"
 265      3CE35B20 
 265      0B128688 
 265      09B77001 
 265      682B
 266 0693 277E0B3C 		.ascii	"'~\013<\331\334?\227\274\1772\001\177\206\035\177\210"
 266      D9DC3F97 
 266      BC7F3201 
 266      7F861D7F 
 266      88
 267 06a4 FD53A0F4 		.ascii	"\375S\240\364f\315\367\030\357\302\004\207j{\303\266"
 267      66CDF718 
 267      EFC20487 
 267      6A7BC3B6 
 268 06b4 231C8253 		.ascii	"#\034\202S%8\310\261\005\354_\242\026\216\255\177\016"
 268      2538C8B1 
 268      05EC5FA2 
 268      168EAD7F 
 268      0E
 269 06c5 24DCC105 		.ascii	"$\334\301\005\241\355 \331\234\375\3750\322Sv}e\266"
 269      A1ED20D9 
 269      9CFDFD30 
 269      D253767D 
 269      65B6
 270 06d7 59289843 		.ascii	"Y(\230CSn\203\224\026\316\323\346\202\327\311\246Cd"
 270      536E8394 
ARM GAS  /tmp/ccW1TNm8.s 			page 21


 270      16CED3E6 
 270      82D7C9A6 
 270      4364
 271 06e9 C790EA6E 		.ascii	"\307\220\352nv5u\355\353\341B\322\327`\342\322\327\364"
 271      763575ED 
 271      EBE142D2 
 271      D760E2D2 
 271      D7F4
 272 06fb ADF1B890 		.ascii	"\255\361\270\220\355\020\262\336_\271\215Ds\222\272"
 272      ED10B2DE 
 272      5FB98D44 
 272      7392BA
 273 070a 5FA9BAA6 		.ascii	"_\251\272\246\302]\224/\367\240m2W#m\210\255k5h'\370"
 273      C25D942F 
 273      F7A06D32 
 273      57236D88 
 273      AD6B3568 
 274 0720 7D6DAF13 		.ascii	"}m\257\023\311\366\263\015!U\003\345B\021\236U\020\362"
 274      C9F6B30D 
 274      215503E5 
 274      42119E55 
 274      10F2
 275 0732 F17D7263 		.ascii	"\361}rc\017\357'z[=y+\334\271&\227\011\273\265N[d\227"
 275      0FEF277A 
 275      5B3D792B 
 275      DCB92697 
 275      09BBB54E 
 276 0749 D316D9CD 		.ascii	"\323\026\331\315z\231\334\301z\314lN\362\346\305\356"
 276      7A99DCC1 
 276      7ACC6C4E 
 276      F2E6C5EE 
 277 0759 48FBE5EE 		.ascii	"H\373\345\356@{8\036\334:J\307\217)\225\034\013\203"
 277      407B381E 
 277      DC3A4AC7 
 277      8F29951C 
 277      0B83
 278 076b FE4EFF3F 		.ascii	"\376N\377?wj*\371\220\367\2139\342[\3639%]\036{\336"
 278      776A2AF9 
 278      90F78B39 
 278      E25BF339 
 278      255D1E7B 
 279 0780 7DDC8BF0 		.ascii	"}\334\213\360w/\247d0\373\036\246\377\021\367\322r\242"
 279      772FA764 
 279      30FB1EA6 
 279      FF11F7D2 
 279      72A2
 280 0792 4BB76E7F 		.ascii	"K\267n\177\026\270O\260V\216\324U\014\306o\2036\020"
 280      16B84FB0 
 280      568ED455 
 280      0CC66F83 
 280      3610
 281 07a4 6C333373 		.ascii	"l33s\251\017\332/\227UA\236)Md\345\002\301\257\263?"
 281      A90FDA2F 
 281      9755419E 
 281      294D64E5 
 281      02C1AFB3 
 282 07b9 FB9686A2 		.ascii	"\373\226\206\242 \251\030\2123\325\223\257\311\300\362"
ARM GAS  /tmp/ccW1TNm8.s 			page 22


 282      20A9188A 
 282      33D593AF 
 282      C9C0F2
 283 07c8 383AD657 		.ascii	"8:\326W=>\240u"
 283      3D3EA075 
 284 07d0 441636DB 		.ascii	"D\0266\333\001X>\005v@\002VP\330\330\247\306S\014\331"
 284      01583E05 
 284      76400256 
 284      50D8D8A7 
 284      C6530CD9 
 285 07e4 FD7DA9E9 		.ascii	"\375}\251\351\276\024\232\255\276\035\016^\341\011\371"
 285      BE149AAD 
 285      BE1D0E5E 
 285      E109F9
 286 07f3 0C242EA8 		.ascii	"\014$.\250\300\001W\201\204\253\220\342\252lk{\001\247"
 286      C0015781 
 286      84AB90E2 
 286      AA6C6B7B 
 286      01A7
 287 0805 2A69ABA4 		.ascii	"*i\253\244\346=)\366\221?\353n_\377k2\034/E\000\367"
 287      E63D29F6 
 287      913FEB6E 
 287      5FFF6B32 
 287      1C2F4500 
 288 081a E0AF3E16 		.ascii	"\340\257>\026\016\271?\026\372\372\246\3321\245Z$\263"
 288      0EB93F16 
 288      FAFAA6DA 
 288      31A55A24 
 288      B3
 289 082b BFDC50BE 		.ascii	"\277\334P\276U%\323/f\364\363\205\233\015\276\036\351"
 289      5525D32F 
 289      66F4F385 
 289      9B0DBE1E 
 289      E9
 290 083c 9750FA87 		.ascii	"\227P\372\207%\372\333N\364\024\373\342L\012\036\335"
 290      25FADB4E 
 290      F414FBE2 
 290      4C0A1EDD 
 291 084c 3CBF63D4 		.ascii	"<\277c\324[Z\231\251E;\005k\2620=3\203\250\027*u\250"
 291      5B5A99A9 
 291      453B056B 
 291      B2303D33 
 291      83A8172A 
 292 0862 40A95481 		.ascii	"@\251T\2012Z\201\334\364\3344\347&$\377i\263'-gM\010"
 292      325A81DC 
 292      F4DC34E7 
 292      2624FF69 
 292      B3272D67 
 293 0878 96334F77 		.ascii	"\2263Ow>D\024q\271\334I#\031%w\274<\002\256\244\200"
 293      3E441471 
 293      B9DC4923 
 293      192577BC 
 293      3C02AEA4 
 294 088d 2B24C015 		.ascii	"+$\300\025\331\003?j\360^\006\370\320\321\241J\004\200"
 294      D9033F6A 
 294      F05E06F8 
 294      D0D1A14A 
ARM GAS  /tmp/ccW1TNm8.s 			page 23


 294      0480
 295 089f 6DC2C8D9 		.ascii	"m\302\310\331\252R]n\265\320F\327\014!\342\206\252\034"
 295      AA525D6E 
 295      B5D046D7 
 295      0C21E286 
 295      AA1C
 296 08b1 10574988 		.ascii	"\020WI\210\253)bw\325\314\314|\3204K\356\257\032V\315"
 296      AB296277 
 296      D5CCCC7C 
 296      D0344BEE 
 296      AF1A56CD 
 297 08c5 81BEFB26 		.ascii	"\201\276\373&:F\316\214#l,m\370\332\035\344\021\360"
 297      3A46CE8C 
 297      236C2C6D 
 297      F8DA1DE4 
 297      11F0
 298 08d7 310AF8A8 		.ascii	"1\012\370\250\004\370lkc\216/\356b\200s\306\232oc\012"
 298      04F86C6B 
 298      638E2FEE 
 298      628073C6 
 298      9A6F630A 
 299 08eb B8B2E9F6 		.ascii	"\270\262\351\366\024\336)\344I\025\006/T\353\200\267"
 299      14DE29E4 
 299      4915062F 
 299      54EB80B7 
 300 08fb 56C25B47 		.ascii	"V\302[G\361\016YrF0\276\312\242\230\017\037h\345\361"
 300      F10E5972 
 300      4630BECA 
 300      A2980F1F 
 300      68E5F1
 301 090e 0DA65C7F 		.ascii	"\015\246\\\177t\304\342=\367\221r\257\240!\277[P|\307"
 301      74C4E23D 
 301      F79172AF 
 301      A021BF5B 
 301      507CC7
 302 0921 274695AF 		.ascii	"'F\225\257\344\011\347\254#u\303\203s\222\262\254\311"
 302      E409E7AC 
 302      2375C383 
 302      7392B2AC 
 302      C9
 303 0932 59C2CCCC 		.ascii	"Y\302\314\3142D\177\3308\016Y`C9\374\036ROr\241\006"
 303      32447FD8 
 303      380E5960 
 303      4339FC1E 
 303      524F72A1 
 304 0947 0EB66023 		.ascii	"\016\266`#\367\012\371\337\377\345\241\375j,\250h\202"
 304      F70AF9DF 
 304      FFE5A1FD 
 304      6A2CA868 
 304      82
 305 0958 FACC8E32 		.ascii	"\372\314\2162~\356V\025IP\317\022\224Y\223\352}i\002"
 305      7EEE5615 
 305      4950CF12 
 305      945993EA 
 305      7D6902
 306 096b 6B63BEA0 		.ascii	"kc\276\240\354\026R\310\006\246\277/\220\350\260-\034"
 306      EC1652C8 
ARM GAS  /tmp/ccW1TNm8.s 			page 24


 306      06A6BF2F 
 306      90E8B02D 
 306      1C
 307 097c 5E064D34 		.ascii	"^\006M4z3\211\336B\243\337\270\330<\256\301\273Y\364"
 307      7A3389DE 
 307      42A3DFB8 
 307      D83CAEC1 
 307      BB59F4
 308 098f D414CB2D 		.ascii	"\324\024\313-nn1\215\336\312\242_\3120g\363,\372]\207"
 308      6E6E318D 
 308      DECAA25F 
 308      CA3067F3 
 308      2CFA5D87 
 309 09a3 E8AD6274 		.ascii	"\350\255bth9\307\337\003h\364V\022\275\215F?m\253j\347"
 309      6839C7DF 
 309      0368F456 
 309      12BD8D46 
 309      3F6DAB6A 
 310 09b8 9C7A91B4 		.ascii	"\234z\221\264\202}y\332\305\003\261\235\036\210}\027"
 310      827D79DA 
 310      C503B19D 
 310      1E887D17 
 311 09c8 EEFD8024 		.ascii	"\356\375\200$\353\264g}a\240o\250\303\275\307\3119\032"
 311      EBB4677D 
 311      61A06FA8 
 311      C3BDC7C9 
 311      391A
 312 09da 8F0E2E1F 		.ascii	"\217\016.\037\031\250\203\372d\\\271\333\241\363p\352"
 312      19A883FA 
 312      645CB9DB 
 312      A1F370EA 
 313 09ea BAFB0840 		.ascii	"\272\373\010@\235\364\324\035\265\236\373\302\211\310"
 313      9DF4D41D 
 313      B59EFBC2 
 313      89C8
 314 09f8 3127225D 		.ascii	"1'\"]\"\021rWF\256\213HP\177\360\227O\002\337Sh\215"
 314      22117257 
 314      46AE8B48 
 314      507FF097 
 314      4F02DF53 
 315 0a0e A6F54B16 		.ascii	"\246\365K\026\033\326\306\307\304\031L\232\304\230\015"
 315      1BD6C6C7 
 315      C4194C9A 
 315      C4980D
 316 0a1d 26D04CBC 		.ascii	"&\320L\274\301 =.\320'\032\023\3641\033\"c\023\243\242"
 316      C1203D2E 
 316      D0271A13 
 316      F4311B22 
 316      6313A3A2 
 317 0a31 F51BA2FF 		.ascii	"\365\033\242\377\025\033\363\205~}D\344\272\230\015"
 317      151BF385 
 317      7E7D44E4 
 317      BA980D
 318 0a40 D17A4354 		.ascii	"\321zCT\364\232\210\304X\223\301\364e|\264q\341:E\220"
 318      F49A88C4 
 318      5893C1F4 
 318      657CB471 
ARM GAS  /tmp/ccW1TNm8.s 			page 25


 318      E13A4590 
 319 0a54 3B6BE397 		.ascii	";k\343\227F\275\301h\212\202\210`\242\372(t\371\212"
 319      46BDC168 
 319      8A828860 
 319      A2FA2874 
 319      F98A
 320 0a66 7075E8C7 		.ascii	"pu\350\307\237\205\255\010\237\025\272:l\305\212\345"
 320      9F85AD08 
 320      9F15BA3A 
 320      6CC58AE5 
 321 0a76 E1AAB04F 		.ascii	"\341\252\260O\302\226\207\343\225 \241\313\303\321\247"
 321      C29687E3 
 321      9520A1CB 
 321      C3D1A7
 322 0a85 14C91B6F 		.ascii	"\024\311\033o\312H\310#6F\233T\221\261\321\021\011o"
 322      CA48C823 
 322      36469B54 
 322      91B1D111 
 322      096F
 323 0a97 2D5CA897 		.ascii	"-\\\250\227\377\305\031\365\353\"b\365\361q\011&\243"
 323      FFC519F5 
 323      EB2262F5 
 323      F1710926 
 323      A3
 324 0aa8 7EF5C71F 		.ascii	"~\365\307\037-Y\254_\265j\271\376\203\260\225\241\377"
 324      2D59AC5F 
 324      B56AB9FE 
 324      83B095A1 
 324      FF
 325 0ab9 5CACB7D3 		.ascii	"\\\254\267\323\203\324(D\371\356\352\360p\325\252\320"
 325      83D42844 
 325      F9EEEAF0 
 325      70D5AAD0 
 326 0ac9 F7FE1CAE 		.ascii	"\367\376\034\256|\347\375\360U\344O\010\037\023G\274"
 326      7CE7FDF0 
 326      55E44F08 
 326      1F1347BC 
 327 0ad9 63A20CA6 		.ascii	"c\242\014\246\245\277>2L\031\342Abc\243 \264\232E\320"
 327      A5BF3E32 
 327      4C19E241 
 327      6263A320 
 327      B49A45D0 
 328 0aed B250EB23 		.ascii	"\262P\353#\214\3770\230\224\344\246%\360\015k\"\214"
 328      8CFF3098 
 328      94E4A625 
 328      F00D6B22 
 328      8C
 329 0afe A6A506D3 		.ascii	"\246\245\006\323o\334\226G\252\214:n\315\032\340\370"
 329      6FDC9647 
 329      AA8C3A6E 
 329      CD1AE0F8 
 330 0b0e AA1B0C92 		.ascii	"\252\033\014\222\213\230\224\224qe\350\273\211F\036"
 330      8B989494 
 330      7165E8BB 
 330      89461E
 331 0b1d 94F0E888 		.ascii	"\224\360\350\210(x\234\347\306\315\230\020)\273D*\274"
 331      28789CE7 
ARM GAS  /tmp/ccW1TNm8.s 			page 26


 331      C6CD9810 
 331      29BB442A 
 331      BC
 332 0b2e E1F66942 		.ascii	"\341\366iB\214)\032\25451q\353\343\242\242\015&\037"
 332      8C291AAC 
 332      353171EB 
 332      E3A2A20D 
 332      261F
 333 0b40 185C1D6D 		.ascii	"\030\\\035m\202\241\217@\367\212\\\267\372KcHD\254i"
 333      82A18F40 
 333      F78A5CB7 
 333      FA4B6348 
 333      44AC69
 334 0b53 AE4BB804 		.ascii	"\256K\270\004\223\014\"r\035\344\177A\"o\000\310k\023"
 334      930C2272 
 334      1DE47F41 
 334      226F00C8 
 334      6B13
 335 0b65 E212E349 		.ascii	"\342\022\343I<\215\301\260&qC\244\301\340#=,|s\351\222"
 335      3C8DC1B0 
 335      267143A4 
 335      C1E0233D 
 335      2C7C73E9 
 336 0b7a 45DE7698 		.ascii	"E\336v\230\012\247\231?h\03509M\375\376\015\235\023"
 336      0AA7993F 
 336      681D3039 
 336      4DFDFE0D 
 336      9D13
 337 0b8c 32C5FF00 		.ascii	"2\305\377\000>\205\311\240"
 337      3E85C9A0 
 338              		.text
 339              		.section	.gnu.lto_.symtab.3ff0b83212cb7481,"",%progbits
 340 0000 70616C52 		.ascii	"palReadBus\000\000\000\000\000\000\000\000\000\000\000"
 340      65616442 
 340      75730000 
 340      00000000 
 340      00000000 
 341 0015 00200100 		.ascii	"\000 \001\000\000palWriteBus\000\000\000\000\000\000"
 341      0070616C 
 341      57726974 
 341      65427573 
 341      00000000 
 342 002b 00000000 		.ascii	"\000\000\000\000\000\000%\001\000\000palSetBusMode\000"
 342      00002501 
 342      00007061 
 342      6C536574 
 342      4275734D 
 343 0043 00000000 		.ascii	"\000\000\000\000\000\000\000\000\000\000\000-\001\000"
 343      00000000 
 343      0000002D 
 343      0100
 344 0051 00636853 		.ascii	"\000chSysHalt\000\000\002\000\000\000\000\000\000\000"
 344      79734861 
 344      6C740000 
 344      02000000 
 344      00000000 
 345 0065 00003201 		.ascii	"\000\0002\001\000\000_pal_lld_setgroupmode\000\000\002"
ARM GAS  /tmp/ccW1TNm8.s 			page 27


 345      00005F70 
 345      616C5F6C 
 345      6C645F73 
 345      65746772 
 346 0083 00000000 		.ascii	"\000\000\000\000\000\000\000\000\0008\001\000\000"
 346      00000000 
 346      00380100 
 346      00
 347              		.text
 348              		.section	.gnu.lto_.opts,"",%progbits
 349 0000 272D666E 		.ascii	"'-fno-trapv' '-mcpu=cortex-m0' '-mthumb' '-ggdb' '-"
 349      6F2D7472 
 349      61707627 
 349      20272D6D 
 349      6370753D 
 350 0033 4F332720 		.ascii	"O3' '-fomit-frame-pointer' '-falign-functions=16' '"
 350      272D666F 
 350      6D69742D 
 350      6672616D 
 350      652D706F 
 351 0066 2D666675 		.ascii	"-ffunction-sections' '-fdata-sections' '-fno-common"
 351      6E637469 
 351      6F6E2D73 
 351      65637469 
 351      6F6E7327 
 352 0099 2720272D 		.ascii	"' '-flto'\000"
 352      666C746F 
 352      2700
 353              		.text
 354              		.comm	__gnu_lto_v1,1,1
 355              		.comm	__gnu_lto_slim,1,1
 356              		.ident	"GCC: (15:4.9.3+svn231177-1) 4.9.3 20150529 (prerelease)"
ARM GAS  /tmp/ccW1TNm8.s 			page 28


DEFINED SYMBOLS
                            *ABS*:0000000000000000 hal_pal.c
                            *COM*:0000000000000001 __gnu_lto_v1
                            *COM*:0000000000000001 __gnu_lto_slim

NO UNDEFINED SYMBOLS
