ARM GAS  /tmp/ccfhJfUu.s 			page 1


   1              		.cpu cortex-m0
   2              		.fpu softvfp
   3              		.eabi_attribute 20, 1
   4              		.eabi_attribute 21, 1
   5              		.eabi_attribute 23, 3
   6              		.eabi_attribute 24, 1
   7              		.eabi_attribute 25, 1
   8              		.eabi_attribute 26, 1
   9              		.eabi_attribute 30, 2
  10              		.eabi_attribute 34, 0
  11              		.eabi_attribute 18, 4
  12              		.code	16
  13              		.file	"hal_st.c"
  14              		.text
  15              	.Ltext0:
  16              		.section	.gnu.lto_.profile.d3c6eadd14a78216,"",%progbits
  17 0000 789C6366 		.ascii	"x\234cf```a\200\000F\006w9\000\001 \000n"
  17      60606061 
  17      80004606 
  17      77390001 
  17      20006E
  18              		.text
  19              		.section	.gnu.lto_.jmpfuncs.d3c6eadd14a78216,"",%progbits
  20 0000 789C6366 		.ascii	"x\234cf\300\016r\2414+\210`\004\202zF\246\217L\214\323"
  20      C00E72A1 
  20      342B8860 
  20      04827A46 
  20      A68F4C8C 
  21 0015 FAAFEC60 		.ascii	"\372\257\354`\256\375\3350\243\201\343'\023\303_&\220"
  21      AEFDDD30 
  21      A381E327 
  21      13C35F26 
  21      90
  22 0026 E472C65A 		.ascii	"\344r\306Z\006f\006\006\026\354\212\030\37721\002\025"
  22      06660606 
  22      16EC8A18 
  22      FF323102 
  22      15
  23 0037 AD002A62 		.ascii	"\255\000*b\003\322\330\344\201\2460\256\004\3123\000"
  23      03D2D8E4 
  23      81A630AE 
  23      04CA3300 
  24 0047 0082421F 		.ascii	"\000\202B\0379"
  24      39
  25              		.text
  26              		.section	.gnu.lto_.inline.d3c6eadd14a78216,"",%progbits
  27 0000 789C6366 		.ascii	"x\234cf\300\016\352\2414+\003\003\013\017#\003\023\220"
  27      C00EEAA1 
  27      342B0303 
  27      0B0F2303 
  27      1390
  28 0012 C9B6401E 		.ascii	"\311\266@\036D10r\201\010\006\036^FF \305\300\304\267"
  28      44313072 
  28      8108061E 
  28      5E464620 
  28      C5C0C4B7 
  29 0026 21172EC7 		.ascii	"!\027.\307\304\015\222bf`a\006\352a\272\300\017\227"
ARM GAS  /tmp/ccfhJfUu.s 			page 2


  29      C40D9262 
  29      66606106 
  29      EA61BAC0 
  29      0F97
  30 0038 6061E0E2 		.ascii	"`a\340\342\206\252\347\232\340\207\246\236\015$\211"
  30      86AAE79A 
  30      E087A69E 
  30      0D2489
  31 0047 4D820100 		.ascii	"M\202\001\000E+\010\367"
  31      452B08F7 
  32              		.text
  33              		.section	.gnu.lto_.pureconst.d3c6eadd14a78216,"",%progbits
  34 0000 789C6366 		.ascii	"x\234cf``\340f\200\000V\006\011F)f)\026)6)\000\004\022"
  34      6060E066 
  34      80005606 
  34      09462966 
  34      29162936 
  35 0018 00A2     		.ascii	"\000\242"
  36              		.text
  37              		.section	.gnu.lto_stInit.d3c6eadd14a78216,"",%progbits
  38 0000 789C6366 		.ascii	"x\234cf\300\004R@\274\020\210\225\200\230\221\231\201"
  38      C0045240 
  38      BC108895 
  38      80989199 
  38      81
  39 0011 9169C239 		.ascii	"\221i\3029\006\206F\016&FF\020\203\201\221\241\236\211"
  39      0686460E 
  39      26464610 
  39      838191A1 
  39      9E89
  40 0023 B19EF125 		.ascii	"\261\236\361%\323G&\306\011\007V\317\340V_\332\320\320"
  40      D34726C6 
  40      090756CF 
  40      E0565FDA 
  40      D0D0
  41 0035 F0E1D0F9 		.ascii	"\360\341\320\371\306\200\003\214?\231\030\030>3A\314"
  41      C680038C 
  41      3F991818 
  41      3E3341CC 
  42 0045 615CCEA8 		.ascii	"a\\\316\250\316\000T\364\261\345\357un\266\026\240\""
  42      CE0054F4 
  42      B1E5EF75 
  42      6EB616A0 
  42      22
  43 0056 01881CE3 		.ascii	"\001\210\034\343\012F6F \275^\350@\303\377\377\217\247"
  43      0A463646 
  43      20BD5EE8 
  43      40C3FFFF 
  43      8FA7
  44 0068 FED16766 		.ascii	"\376\321gf`x\002\224\001\231\377\224\211\011D3\337a"
  44      60780294 
  44      0199FF94 
  44      89094433 
  44      DF61
  45 007a 6C3EF097 		.ascii	"l>\360\227\027\244\024d\306\274\313}\353\230j\1777t"
  45      17A41464 
  45      C6BCCB7D 
ARM GAS  /tmp/ccfhJfUu.s 			page 3


  45      EB986A7F 
  45      3774
  46 008c 3470FC64 		.ascii	"4p\374db\374\314\004\324\316\270\222\261\226\341'P\365"
  46      62FCCC04 
  46      D4CEB892 
  46      B196E127 
  46      50F5
  47 009e 3DC6C603 		.ascii	"=\306\306\003\377Y\301*\031@\3460\202\364\003MS\320"
  47      FF59C12A 
  47      1940E630 
  47      82F4034D 
  47      53D0
  48 00b0 D3D387A3 		.ascii	"\323\323\207\243\374b\375\214\304\034\375\342\242d\020"
  48      FC62FD8C 
  48      C41CFDE2 
  48      A26410
  49 00bf 1D5F5CA2 		.ascii	"\035_\\\242\227\314\000\000\011\026D\006"
  49      97CC0000 
  49      09164406 
  50              		.text
  51              		.section	.gnu.lto_stStartAlarm.d3c6eadd14a78216,"",%progbits
  52 0000 789C9D53 		.ascii	"x\234\235SMHTQ\024\276\337}\317y\2433\230\264\022\027"
  52      4D485451 
  52      14BEDF7D 
  52      CF79A333 
  52      98B41217 
  53 0014 1688B849 		.ascii	"\026\210\270I\037&\270n\321&\320U\356E\25500\014G\332"
  53      1F26B86E 
  53      D126D055 
  53      EE45AD30 
  53      300C47DA 
  54 0028 896FC6B1 		.ascii	"\211o\306\261\242L%*\2440-15\177\3134\323\254I3\013"
  54      A24C252A 
  54      A4302D31 
  54      357FCB34 
  54      D3AC4933 
  55 003d 21E94FD1 		.ascii	"!\351O\321B%\024M\"\264)t\012\263s\356\214\222\331\242"
  55      4225144D 
  55      22B42974 
  55      0AB373EE 
  55      8C92D9A2 
  56 0051 1A66E6BE 		.ascii	"\032f\346\276{~\276\357\234\363\235\247\211\355\237"
  56      7B7EBEEF 
  56      9CF39DA7 
  56      89ED9F
  57 0060 14FAA5EA 		.ascii	"\024\372\245\352B\034\241\023a\002\262\362\271\020n"
  57      421CA113 
  57      6102B2F2 
  57      B9106E
  58 006f BB945A6F 		.ascii	"\273\224Zo\254\260\"\3641SXN\015z\320\254\003\374  "
  58      ACB022F4 
  58      3153584E 
  58      0D7AD0AC 
  58      03FC2020 
  59 0083 8AA5A6A3 		.ascii	"\212\245\246\243\030\037\344\262D\245\257\271\312\221"
  59      181FE4B2 
  59      44A5AFB9 
ARM GAS  /tmp/ccfhJfUu.s 			page 4


  59      CA91
  60 0091 506F59D6 		.ascii	"PoY\326\322\313\316\350\322\350\200\024\302/\203\370"
  60      D2CBCEE8 
  60      D2E88014 
  60      C22F83F8 
  61 00a1 68400285 		.ascii	"h@\002\205T\224\227\236\203\026\007A\317#\357W\375\316"
  61      5494979E 
  61      83160741 
  61      CF23EF57 
  61      FDCE
  62 00b3 05199088 		.ascii	"\005\031\220\210\342\353\345\361\271/\032_\245\344k"
  62      E2EBE5F1 
  62      B92F1A5F 
  62      A5E46B
  63 00c2 C9D9657F 		.ascii	"\311\331e\177D|\235ey|\375\035\326>\262kh\204FxhB\014"
  63      447C9D65 
  63      797CFD1D 
  63      D63EB26B 
  63      68844678 
  64 00d9 6E224690 		.ascii	"n\"F\220I\240\031\361\034\276\354]\033w\330\274\304"
  64      49A019F1 
  64      1CBEEC5D 
  64      1B77D8BC 
  64      C4
  65 00ea 1DB5B641 		.ascii	"\035\265\266A\213\026\330@\007\031\332w\372\254\365"
  65      8B16D840 
  65      0719DA77 
  65      FAACF5
  66 00f9 F5BA8696 		.ascii	"\365\272\206\226.\335\241Q\242\036\006\316\264\361\243"
  66      2EDDA151 
  66      A21E06CE 
  66      B4F1A3
  67 0108 C17F42CC 		.ascii	"\301\177B\314R\01275G\374tj\223\030\350\016\2646\017"
  67      520A3735 
  67      47FC746A 
  67      9318E80E 
  67      B4360F
  68 011b EFD8823E 		.ascii	"\357\330\202>37\037\255\200\375\022\277\361\012\264"
  68      33371FAD 
  68      80FD12BF 
  68      F10AB4
  69 012a C246746D 		.ascii	"\302Ftm\260\255H\033\371\312z\277\226GrGa\326i\313\322"
  69      B0AD481B 
  69      F9CA7ABF 
  69      96477247 
  69      61D669CB 
  70 013f 397C7A76 		.ascii	"9|zv\364\205]\231\004_W?\215T\033\325\270\342\256\264"
  70      F4855D99 
  70      045F573F 
  70      8D541BD5 
  70      B8E2AEB4 
  71 0153 EC016943 		.ascii	"\354\001iC;u\326A\235\261ot\276q\310\231\330ly\335K"
  71      3B75D641 
  71      9DB16F74 
  71      BE71C899 
  71      D86C79DD 
  72 0168 6FC7CA77 		.ascii	"o\307\312w\005\244\201[\250\306g*S\021\3416\022\305"
ARM GAS  /tmp/ccfhJfUu.s 			page 5


  72      05A4815B 
  72      A8C6672A 
  72      5311E136 
  72      12C5
  73 017a 244A564F 		.ascii	"$JVO~\324\203\234F\220vs\220:\315\252\223\320\336\300"
  73      7ED4839C 
  73      46907673 
  73      903ACDAA 
  73      93D0DEC0 
  74 018e 3B313832 		.ascii	";182\232\314eS\024\205\270o\364\225\031*\204\300\356"
  74      9ACC6553 
  74      1485B86F 
  74      F495192A 
  74      84C0EE
  75 01a1 30A1E0C6 		.ascii	"0\241\340\3065\321\033\253\275\203\316\201\\\302\325"
  75      35D11BAB 
  75      BD83CE81 
  75      5CC2D5
  76 01b0 57E56DB2 		.ascii	"W\345m\262\350;UO\325\331\375\222\251\273P\304\256K"
  76      E83B554F 
  76      D5D9FD92 
  76      A9BB50C4 
  76      AE4B
  77 01c2 15AF7B34 		.ascii	"\025\257{4rU\261+\234G\276\245\275pum\252\270\320\203"
  77      7255B12B 
  77      9C47BEA5 
  77      BD70756D 
  77      AAB8D083 
  78 01d6 CDF622D0 		.ascii	"\315\366\"\320\215\"\334\015\265W3\333X\345 \000\332"
  78      8D22DC0D 
  78      B55733DB 
  78      58E52000 
  78      DA
  79 01e7 92707094 		.ascii	"\222pp\224\"\305=\024\005\244CU\243+\031\306\340Q\353"
  79      22C53D14 
  79      05A44355 
  79      A32B19C6 
  79      E051EB
  80 01fa D159FFED 		.ascii	"\321Y\377\355\014\264l5\364\353\2655Oe\3345\332\215"
  80      0CB46C35 
  80      F4EBB535 
  80      4F65DC35 
  80      DA8D
  81 020c 99EAC12C 		.ascii	"\231\352\301,\237\247\326\372\261\276\016\336\220\336"
  81      9FA7D6FA 
  81      B1BE0EDE 
  81      90DE
  82 021a AD1B12DA 		.ascii	"\255\033\022\332\275>\304\255\320\304'\341\231:5}qb"
  82      BD3EC4AD 
  82      D0C427E1 
  82      993A357D 
  82      7162
  83 022c 015B25AD 		.ascii	"\001[%\255_\214\346\220\220\254\3326Y\357+Y\373yxZ\020"
  83      5F8CE690 
  83      90ACDA36 
  83      59EF2B59 
  83      FB79785A 
ARM GAS  /tmp/ccfhJfUu.s 			page 6


  84 0241 67E07CA0 		.ascii	"g\340|\240\365Yi$\333\376ZE\037I\350\304\003%!\202\240"
  84      F5596924 
  84      DBFE5A45 
  84      1F49E8C4 
  84      03252182 
  85 0256 E41F5E1E 		.ascii	"\344\037^\036\350w\232\255\354\337\303\022?D\"\342("
  85      E8779AAD 
  85      ECDFC312 
  85      3F4422E2 
  85      28
  86 0267 55F9E183 		.ascii	"U\371\341\203I\234L\270\3241\3471\376\231\317\300#\305"
  86      499C4CB8 
  86      D431E731 
  86      FE99CFC0 
  86      23C5
  87 0279 27437803 		.ascii	"'Cx\003H\374U%\203x\006)\221\361\227\376\017\377\361"
  87      48FC5525 
  87      83780629 
  87      91F197FE 
  87      0FFFF1
  88 028c C64A2AFC 		.ascii	"\306J*\374!\205?:3X\241^l\203x\237P\342\024\3343C\213"
  88      21853F3A 
  88      3358A15E 
  88      6C83789F 
  88      50E214DC 
  89 02a3 76A5B0E0 		.ascii	"v\245\260\3407\015,-e\355NJ27\277\371.37+\317t\025\344"
  89      370D2C2D 
  89      65ED4E4A 
  89      3237BFF9 
  89      2E33372B 
  90 02bb F099E92A 		.ascii	"\360\231\351*L\312\021FV\266\253\360\350\261\303\251"
  90      4CCA1146 
  90      56B6ABF0 
  90      E8B1C3A9 
  91 02cb 7F083C9E 		.ascii	"\177\010<\236_P\3502\017f\244\247\3545\323\322\366\233"
  91      5F50E832 
  91      0F66A4A7 
  91      EC35D3D2 
  91      F69B
  92 02dd 1907D24F 		.ascii	"\031\007\322O$\207R3\363\362\016%\345\012\235s\177\002"
  92      24875233 
  92      F3F20E25 
  92      E50A9D73 
  92      7F02
  93 02ef FDF8A2A6 		.ascii	"\375\370\242\246"
  94              		.text
  95              		.section	.gnu.lto_stStopAlarm.d3c6eadd14a78216,"",%progbits
  96 0000 789C6366 		.ascii	"x\234cf\300\004R@\254\313\310\300\020\011\244\031\231"
  96      C0045240 
  96      ACCBC8C0 
  96      1009A419 
  96      99
  97 0011 19189926 		.ascii	"\031\030\231&\234c`h\344`bd\0041\030\030\031\352\231"
  97      9C636068 
  97      E4606264 
  97      04311818 
  97      19EA99
ARM GAS  /tmp/ccfhJfUu.s 			page 7


  98 0024 18EB195F 		.ascii	"\030\353\031_2}db\234p`\365\014n\365\245\015\015\015"
  98      327D6462 
  98      9C7060F5 
  98      0C6EF5A5 
  98      0D0D0D
  99 0037 1F366D97 		.ascii	"\0376m\227h\225\370\311\304\300\360\231\011b\014\343"
  99      6895F8C9 
  99      C4C0F099 
  99      09620CE3 
 100 0047 72467506 		.ascii	"rFu\006\240\232\217-\177\257s\263\265\000\325\010@\344"
 100      A09A8F2D 
 100      7FAF73B3 
 100      B500D508 
 100      40E4
 101 0059 185730B2 		.ascii	"\030W0\262\001\215gX/t\240\341\377\377\305s\336lgaf"
 101      018D6758 
 101      2F74A0E1 
 101      FFFFC573 
 101      DE6C6761 
 102 006e 60780294 		.ascii	"`x\002\224\002\231\377\224\211\011D3\337b<\364\341\307"
 102      0299FF94 
 102      89094433 
 102      DF623CF4 
 102      E1C7
 103 0080 D2BB47B9 		.ascii	"\322\273G\271Q\214x\260\364\275\004\330\200\317L\214"
 103      518C78B0 
 103      F4BD04D8 
 103      80CF4C8C 
 104 0090 E88633AE 		.ascii	"\350\2063\256dd\003\232\276\212\221\015(\321\263\353"
 104      6464039A 
 104      BE8A910D 
 104      28D1B3EB 
 105 00a0 6B1FDF0B 		.ascii	"k\037\337\013\246\237L\214\015\035\015\015, \265\367"
 105      A69F4C8C 
 105      0D1D0D0D 
 105      2C20B5F7 
 106 00b0 9F9CBFC8 		.ascii	"\237\234\277\310\001\026b\000q\177\274;=\227}.\343\354"
 106      01166200 
 106      717FBC3B 
 106      3D977D2E 
 106      E3EC
 107 00c2 C6090D1C 		.ascii	"\306\011\015\034?\231\230\030W3J1\256a\224\002\313\235"
 107      3F999818 
 107      57334A31 
 107      AE619402 
 107      CB9D
 108 00d4 7FBEE228 		.ascii	"\177\276\342(\217\356\352\206\226\306\017\247w\235\346"
 108      8FEEEA86 
 108      96C60FA7 
 108      779DE6
 109 00e3 FFC9C4CC 		.ascii	"\377\311\304\314\270\226q.\343'\240\033\301\2660\256"
 109      B896712E 
 109      E327A01B 
 109      C1B630AE 
 110 00f3 63D44536 		.ascii	"c\324E6\021\350~\306\365@\275\367\030\033\037\034}\317"
 110      11E87EC6 
 110      F540BDF7 
ARM GAS  /tmp/ccfhJfUu.s 			page 8


 110      181B1F1C 
 110      7DCF
 111 0105 01722028 		.ascii	"\001r (\010\236\000\255\002\372\005\250KAOO\037\216"
 111      089E00AD 
 111      02FA05A8 
 111      4B414F4F 
 111      1F8E
 112 0117 F28BF533 		.ascii	"\362\213\3653\022s\364\213\213\222At|q\211^2\203\031"
 112      1273F48B 
 112      8B924174 
 112      7C71895E 
 112      328319
 113 012a 160505F9 		.ascii	"\026\005\005\371E%\305\372\301!\276\306F\372>>.\372"
 113      4525C5FA 
 113      C121BEC6 
 113      46FA3E3E 
 113      2EFA
 114 013c 219EBE65 		.ascii	"!\236\276e\206P-\36199)z\031\014\000a\331\212\370"
 114      86502DF1 
 114      3939297A 
 114      190C0061 
 114      D98AF8
 115              		.text
 116              		.section	.gnu.lto_stSetAlarm.d3c6eadd14a78216,"",%progbits
 117 0000 789C8D52 		.ascii	"x\234\215RMHTQ\024\276\337\275\317\231\321\031LZ\211"
 117      4D485451 
 117      14BEDFBD 
 117      CF99D119 
 117      4C5A89
 118 0013 0B0B0671 		.ascii	"\013\013\006q\223\3630\241u\2136\201\256r/j\205\201"
 118      93F330A1 
 118      758B3681 
 118      AE722F6A 
 118      8581
 119 0025 6138E24E 		.ascii	"a8\342N|\243cE\331(R!\205i\211\246M\376\224e\346d\015"
 119      7CA36345 
 119      D9285221 
 119      856989A6 
 119      4DFE9465 
 120 003c 8A180849 		.ascii	"\212\030\010ITZ\026*\241d`\3414\325\370\012\263s\336"
 120      545A162A 
 120      A16460E1 
 120      34D5F80A 
 120      B373DE
 121 004f 9860B6E8 		.ascii	"\230`\266\350\361\336\273\367\234\363\235\363\235?%"
 121      F1DEBBF7 
 121      9CF39DF3 
 121      9D3F25
 122 005e 763E39F4 		.ascii	"v>9\364U*!\216\323\211\004\001\331\370L\010\237CJ5\234"
 122      552A218E 
 122      D3890401 
 122      D9F84C08 
 122      9F434A35 
 123 0073 2E8C246D 		.ascii	".\214$mZ\027\206KA\213\2535\200/\002\242Z*\015\325\370"
 123      5A17864B 
 123      418BAB35 
 123      802F02A2 
ARM GAS  /tmp/ccfhJfUu.s 			page 9


 123      5A2A0DD5 
 124 0088 2823128D 		.ascii	"(#\022\215\341`\2633\263\3030\214\325\246Pj]\252)\205"
 124      E160B333 
 124      B3C3308C 
 124      D5A6506A 
 124      5DAA2985 
 125 009c 88CA787C 		.ascii	"\210\312x|\334D&A\032\002u\027\240\334\020t\237|\277"
 125      DC442641 
 125      1A027517 
 125      A0DC1074 
 125      9F7CBF
 126 00af 16752D4B 		.ascii	"\026u-KS\"\205\305+3K_\025\213R\262X{>\022M\312h7\214"
 126      532285C5 
 126      2B334B5F 
 126      158B52B2 
 126      587B3E12 
 127 00c8 9A70A8DF 		.ascii	"\232p\250\3378Hz\205.(\212\207n\244\341\026\322\004"
 127      38487A85 
 127      2E288A87 
 127      6EA4E116 
 127      D204
 128 00da A90482C8 		.ascii	"\251\004\202\310`x\304\277>\343\264\371\211;e\375\017"
 128      6078C4BF 
 128      3EE3B4F9 
 128      893B65FD 
 128      0F
 129 00eb 2D6EC306 		.ascii	"-n\303\006:H\321\267;lll\264w\256\204\264DE\216Z\002"
 129      3A48D1B7 
 129      3B6C6C6C 
 129      B477AE84 
 129      B444458E 
 130 0101 D8D3C657 		.ascii	"\330\323\306W;\377\204X$\027.j\211\370\351T\263\030"
 130      3BFF8458 
 130      24172E6A 
 130      89F8E954 
 130      B318
 131 0113 1D347B82 		.ascii	"\0354{\202\023\273\266E_X\372\236j\005\216J\374\305"
 131      13BBB645 
 131      5F58FA9E 
 131      6A058E4A 
 131      FCC5
 132 0125 2BD0031B 		.ascii	"+\320\003\033\321\365\302\026\2236\262\325\017\177\013"
 132      D1F5C216 
 132      9336B2D5 
 132      0F7F0B
 133 0134 24734509 		.ascii	"$sE\011\306Y\303\320\030>\2778\365\334a\251\004\213"
 133      C659C3D0 
 133      183EBF38 
 133      F5DC61A9 
 133      048B
 134 0146 6B9F275B 		.ascii	"k\237'[\354-\270\352k4\034\246\264\241\217*\353\247"
 134      EC2DB8EA 
 134      6B341CA6 
 134      B4A18F2A 
 134      EBA7
 135 0158 CAD836F5 		.ascii	"\312\3306\365\241k\334\225\0254\374\276\325\267\323"
 135      A16BDC95 
ARM GAS  /tmp/ccfhJfUu.s 			page 10


 135      1534FCBE 
 135      D5B7D3
 136 0167 813DA6B4 		.ascii	"\201=\246\264\343\016Z\360\205\322\264\210p\027Yb\026"
 136      E30E5AF0 
 136      85D2B488 
 136      70175962 
 136      16
 137 0178 B56BA757 		.ascii	"\265k\247W\2648\247=N\273\325H\215z5@\321^\301\377z"
 137      B438A73D 
 137      4EBBD548 
 137      8D7A3540 
 137      D15EC1FF 
 138 018d 6CF25336 		.ascii	"l\362S6\247M(\202\370:C\365v\013B\301\3561\241\340\302"
 138      A74D2882 
 138      F83A43F5 
 138      760B42C1 
 138      EE31A1E0 
 139 01a2 95184E57 		.ascii	"\225\030NW\357\2401\220S\270\366\"\320+\253~R\366\224"
 139      EFA03190 
 139      53B8F622 
 139      D02BAB7E 
 139      52F694
 140 01b5 9D232A99 		.ascii	"\235#*\231\372>\252\330t\271\341\345\220\"S3\233\022"
 140      FA3EAAD8 
 140      74B9E1E5 
 140      90225333 
 140      9B12
 141 01c7 B9E5DBCA 		.ascii	"\271\345\333\312K\264\304\356\206\213C\330*/\011\203"
 141      4BB4C4EE 
 141      868B43D8 
 141      2A2F0983 
 142 01d7 A8C283CD 		.ascii	"\250\302\203\315\362Z\027\273\232\235\024\200\266$\021"
 142      F25A17BB 
 142      9A9D1480 
 142      B62411
 143 01e6 8CB248F1 		.ascii	"\214\262H\361\020U\246tZ\331h\326\030\246Qc\255\307"
 143      1055A674 
 143      5AD968D6 
 143      18A65163 
 143      ADC7
 144 01f8 40C78F73 		.ascii	"@\307\217sPEV\323o\264\265>\225\356\353\264\033\013"
 144      504556D3 
 144      6FB4B53E 
 144      95EEEBB4 
 144      1B0B
 145 020a 6FC60AC3 		.ascii	"o\306\012\3035m\306\257\215\015\360\206\014o\337\220"
 145      356DC6AF 
 145      8D0DF086 
 145      0C6FDF90 
 146 021a CDDD0BC1 		.ascii	"\315\335\013\301\035\243\216\317\242f\356\314\374\245"
 146      1DA38ECF 
 146      A266EECC 
 146      FCA5
 147 0228 F9656C1F 		.ascii	"\371el\037iG,\225!\233cU;\306\372\310\032\353\0107O"
 147      69472C95 
 147      219B6355 
 147      3BC6FAC8 
ARM GAS  /tmp/ccfhJfUu.s 			page 11


 147      1AEB0837 
 148 023d C5E38C36 		.ascii	"\305\343\2146\231=f]2\353\376{\212a\032\241\013\217"
 148      993D665D 
 148      32EBFE7B 
 148      8A611AA1 
 148      0B8F
 149 024f AD11221E 		.ascii	"\255\021\"\036\224\354\023\221\321\021\227\336\303\366"
 149      94EC1391 
 149      D11197DE 
 149      C3F6
 150 025d 7D3CE227 		.ascii	"}<\342'\310\202\233\\-;\302\320\211S\314\301\2670\036"
 150      C8829B5C 
 150      2D3BC2D0 
 150      8953CCC1 
 150      B7301E
 151 0270 73581D12 		.ascii	"sX\035\022\274\251\340\326P\317\367z<\372\326[\346\325"
 151      BCA9E0D6 
 151      50CFF77A 
 151      3CFAD65B 
 151      E6D5
 152 0282 4B0A4B75 		.ascii	"K\012Kuoy1\237\005\336\012O\261\260\027\026y+N\234<"
 152      6F79319F 
 152      05DE0A4F 
 152      B1B01716 
 152      792B4E9C 
 153 0297 76E01FC0 		.ascii	"v\340\037\300Se\345\025^\375H~^\316~=7\367\220\236\177"
 153      5365E515 
 153      5EFD487E 
 153      5ECE7E3D 
 153      37F7909E 
 154 02ac 38AF327B 		.ascii	"8\2572{\323\265\240\264\364\250\247Dh\354\373\033+|"
 154      D3B5A0B4 
 154      F4A8A744 
 154      68ECFB1B 
 154      2B7C
 155 02be 5E47     		.ascii	"^G"
 156              		.text
 157              		.section	.gnu.lto_stGetAlarm.d3c6eadd14a78216,"",%progbits
 158 0000 789C9552 		.ascii	"x\234\225R\317KTQ\024>\337\275o\336L:\224\324F$,(p\345"
 158      CF4B5451 
 158      143EDFBD 
 158      6FDE4C3A 
 158      94D44624 
 159 0018 3C4CE82F 		.ascii	"<L\350/h\023h\233\334\264\222\260\205\213\001\303\221"
 159      6813689B 
 159      DCB492B0 
 159      858B01C3 
 159      91
 160 0029 7683776C 		.ascii	"v\203wl(\027\246\022\022bhAMi\246\366\323l,\024#\\\014"
 160      2817A612 
 160      12626841 
 160      4D69A6F6 
 160      D36C2C14 
 161 0040 28516948 		.ascii	"(QiH\230\210C\005\022\332\030\371\010\263s\336\2500"
 161      98884305 
 161      12DA18F9 
 161      08B373DE 
ARM GAS  /tmp/ccfhJfUu.s 			page 12


 161      A830
 162 0052 D9A6C7BB 		.ascii	"\331\246\307\273\367\274s\317w\3179\337w\236\246\335"
 162      F7BC73CF 
 162      77CF39DF 
 162      779EA6DD 
 163 0062 4F39AF35 		.ascii	"O9\2575Et\206-|\004\325>E\024\013(\245\223\305d\362"
 163      4574862D 
 163      7C04D53E 
 163      45140B28 
 163      A593C564 
 164 0077 AC19874C 		.ascii	"\254\031\207LP\303\312\036[\200|\020\250Qi\013\215\370"
 164      50C3CA1E 
 164      5B807C10 
 164      A851690B 
 164      8DF8
 165 0089 AA561552 		.ascii	"\252V\025R\213\353\231\340\027\345** v\273f\323kZ\\"
 165      8BEB99E0 
 165      17E52A2A 
 165      2076BB66 
 165      D36B5A5C 
 166 009d 28714733 		.ascii	"(qG3S\213vI\302\230\246\225\253c\341\316\216\233p\225"
 166      538B7649 
 166      C298A695 
 166      AB63E1CE 
 166      8E9B7095 
 167 00b1 A28C22DC 		.ascii	"\242\214\"\334E\021zQ$\371\372P\"\330\325\370\306l\276"
 167      45117A51 
 167      24F9FA50 
 167      22D8D5F8 
 167      C66CBE
 168 00c4 1D37C614 		.ascii	"\0357\306\024lpS\014\342\330=\330`\303\007C\373\307"
 168      6C70530C 
 168      E2D83DD8 
 168      60C30743 
 168      FBC7
 169 00d6 CDE6E6AD 		.ascii	"\315\346\346\255\236\3451+\240\311U\332'\233-\233\237"
 169      9EE5312B 
 169      A0C955DA 
 169      279B2D9B 
 169      9F
 170 00e7 242B2DF1 		.ascii	"$+-\361\222\016\323\354\260\325s\230\030v\023\375\223"
 170      920ED3EC 
 170      B0D57398 
 170      187613FD 
 170      93
 171 00f8 FB72922F 		.ascii	"\373r\222/\244\177\027zy3\012\177\225%\364\303\346j"
 171      A47F177A 
 171      79330A7F 
 171      9525F4C3 
 171      E66A
 172 010a F761FF54 		.ascii	"\367a\377T>\216\265$\177\264\356\0256\226i6\306\022"
 172      3E8EB524 
 172      7FB4EE15 
 172      36966936 
 172      C612
 173 011c F8A7A5E9 		.ascii	"\370\247\245\3517\001\357\210\304]\377\226\352\366w"
 173      3701EF88 
ARM GAS  /tmp/ccfhJfUu.s 			page 13


 173      C45DFF96 
 173      EAF677
 174 012b E37AACDD 		.ascii	"\343z\254\335\004\\\345\303\000\323\032\024Z\034\233"
 174      045CE5C3 
 174      00D31A14 
 174      5A1C9B
 175 013a FEDCFB3A 		.ascii	"\376\334\373:X\332o\342\261\225\324L\353!W\331\030B"
 175      58DA6FE2 
 175      B195D44C 
 175      EB2157D9 
 175      1842
 176 014c 37BE739B 		.ascii	"7\276s\233^!<@)\315\341\342\372\245e+[s\253\354\216"
 176      5E213C40 
 176      29CDE1E2 
 176      FAA5652B 
 176      5B73ABEC 
 177 0161 889A857A 		.ascii	"\210\232\205z\310\331\336#\376\341Uj\243L\332f\024C"
 177      C8D9DE23 
 177      FEE1556A 
 177      A34CDA66 
 177      1443
 178 0173 6277465B 		.ascii	"bwF[\374\036\204\223=\362t\024\342\232\222\305\372#"
 178      FC1E8493 
 178      3DF27414 
 178      E29A92C5 
 178      FA23
 179 0185 2C014A0B 		.ascii	",\001J\013=o[\007U\364\027w\317\335\3713\242\022\036"
 179      3D6F5B07 
 179      55F41777 
 179      CFDDF933 
 179      A2121E
 180 0198 232AA16B 		.ascii	"#*\241km\357F4\207:%\024\020\305s\350\005<\267\257\255"
 180      6DEF4634 
 180      873A2514 
 180      10C573E8 
 180      053CB7AF 
 181 01ad 63043BF4 		.ascii	"c\004;\364\366\340\011\242x\272E\357\306Rog>'(d0\206"
 181      F6E009A2 
 181      78BA45EF 
 181      C6526F67 
 181      3E272864 
 182 01c3 19E515C5 		.ascii	"\031\345\025\3053D]\225\347ucm\217!\351&\256L\036\310"
 182      33445D95 
 182      E775636D 
 182      8F21E926 
 182      AE4C1EC8 
 183 01d7 1D436273 		.ascii	"\035Cbs{\014z\327\030F\2741<\027\262\372?D\356\232:"
 183      7B0C7AD7 
 183      1846BC31 
 183      3C17B2FA 
 183      3F44EE9A 
 184 01ec EAAA7C24 		.ascii	"\352\252|$=\221\221M\303\220\311\325\211\227Ag\200!"
 184      3D91914D 
 184      C390C9D5 
 184      89974167 
 184      8021
 185 01fe E3A76408 		.ascii	"\343\247d\010\243(\305\021\276\355\305\361\002\016\017"
ARM GAS  /tmp/ccfhJfUu.s 			page 14


 185      A328C511 
 185      BEEDC5F1 
 185      020E0F
 186 020d A169FEF2 		.ascii	"\241i\376\362\301lA?\327\244y\304\026n7f\345\366\223"
 186      C16C413F 
 186      D7A479C4 
 186      166E3766 
 186      E5F693
 187 0220 FC5A102E 		.ascii	"\374Z\020.,\322\341P\310\331y\353\"N\355\331\260\023"
 187      2CD2E150 
 187      C8D979EB 
 187      224EEDD9 
 187      B013
 188 0232 A9AF115B 		.ascii	"\251\257\021[\035i\010\325\320\361\177\000\316\327\325"
 188      1D6908D5 
 188      D0F17F00 
 188      CED7D5
 189 0241 37449CD3 		.ascii	"7D\234\323U\225\345\307\234\212\212\023N\325\311\312"
 189      5595E5C7 
 189      9C8A8A13 
 189      4ED5C9CA 
 190 0251 0B655B57 		.ascii	"\013e[W\252\303\341s\241Z\372\003\027\0220U"
 190      AAC3E173 
 190      A15AFA03 
 190      17123055 
 191              		.text
 192              		.section	.gnu.lto_.symbol_nodes.d3c6eadd14a78216,"",%progbits
 193 0000 789C558A 		.ascii	"x\234U\212\271\021\302P\024\003W\357\331\236O?\364'"
 193      B911C250 
 193      140357EF 
 193      D99E4F3F 
 193      F427
 194 0012 07144005 		.ascii	"\007\024@\005\214\003BR\332\240\006\012\340>R\206\301"
 194      8C034252 
 194      DAA0060A 
 194      E03E5286 
 194      C1
 195 0023 26F057A2 		.ascii	"&\360W\242\221v\023\330\361O\234dX\037\300f3\024\342"
 195      917613D8 
 195      F14F9C64 
 195      581FC066 
 195      3314E2
 196 0036 2C6B7EB4 		.ascii	",k~\264O1\2043.rT\346U\316\312|I\243y\223\233\012\274"
 196      4F318433 
 196      2E7254E6 
 196      55CECA7C 
 196      49A37993 
 197 004d 153FA0BB 		.ascii	"\025?\240\273\334N\200\276/\350!w\263\235\024\266\307"
 197      DC4E80BE 
 197      2FE82177 
 197      B39D14B6 
 197      C7
 198 005e 8F520B56 		.ascii	"\217R\013V\373e6Suc\361\005!\3600/"
 198      FB653653 
 198      7563F105 
 198      21F0302F 
 199              		.text
ARM GAS  /tmp/ccfhJfUu.s 			page 15


 200              		.section	.gnu.lto_.refs.d3c6eadd14a78216,"",%progbits
 201 0000 789C6366 		.ascii	"x\234cf``\020`\200\000FF&&\026F\026&V\026F6&v\026\006"
 201      60601060 
 201      80004646 
 201      26261646 
 201      16265616 
 202 001a 00034700 		.ascii	"\000\003G\000B"
 202      42
 203              		.text
 204              		.section	.gnu.lto_.decls.d3c6eadd14a78216,"",%progbits
 205 0000 789CB558 		.ascii	"x\234\265XkP\024W\026\356\333\267y\3140\014\256n\231"
 205      6B501457 
 205      16EEDBB7 
 205      79CC300C 
 205      AE6E99
 206 0013 14B555A2 		.ascii	"\024\265U\242\251\242\314\226\353D\315\272\373/\032"
 206      A9A2CC96 
 206      EB44CDBA 
 206      FB2F1A
 207 0022 B48C5531 		.ascii	"\264\214U1k\015nU\252\362c\302\"Y\250\302\3072cv\363"
 207      6B0D6E55 
 207      AAF263C2 
 207      2259A8C2 
 207      C7326376 
 208 0037 AF791811 		.ascii	"\257y\030\021P\021\321\000\202\216\002\202\240\002*"
 208      5011D100 
 208      828E0282 
 208      A0022A
 209 0046 12840062 		.ascii	"\022\204\000b\344!\342\023\0245*\240\240\301\327 * "
 209      E421E213 
 209      14352AA0 
 209      A0C1D720 
 209      2A20
 210 0058 EAECB9E7 		.ascii	"\352\354\271\347v\317\364LF7[[\333\305\241\357\271\367"
 210      76CFF44C 
 210      46375B5B 
 210      DBC5A1EF 
 210      B9F7
 211 006a BBDF79DC 		.ascii	"\273\337y\334\333\247o\017\025\004\341\267\242 8\341"
 211      DBA76F0F 
 211      1504E1B7 
 211      A22038E1 
 212 007a 92A708C2 		.ascii	"\222\247\010\302\005h\373C\337r\020h\012\325 \365\002"
 212      0568FB43 
 212      DF721068 
 212      0AD520F5 
 212      02
 213 008b BF02409A 		.ascii	"\277\002@\232@.\200\\\002\351\006\351\001\271\006r\013"
 213      402E805C 
 213      02E906E9 
 213      01B90672 
 213      0B
 214 009c 8482DC06 		.ascii	"\204\202\334\006\031\004\371Y\360\274\232\224q\306;"
 214      1904F959 
 214      F0BC9A94 
 214      71C63B
 215 00ab 04F283D2 		.ascii	"\004\362\203\322/*c\327\204_^\314N\2602\307\010b\000"
ARM GAS  /tmp/ccfhJfUu.s 			page 16


 215      2F2A63D7 
 215      845F5ECC 
 215      4EB032C7 
 215      086200
 216 00be E904990E 		.ascii	"\351\004\231\0162\237\010\302\207 \317\241\375'\302"
 216      329F08C2 
 216      8720CFA1 
 216      FD27C2
 217 00cd FD3C0A72 		.ascii	"\375<\012r\203a\011\2675\023\356&\220\351 \222\302\367"
 217      836109B7 
 217      3513EE26 
 217      90E92092 
 217      C2F7
 218 00df 11E1BE2E 		.ascii	"\021\341\276.\204;Q\374\325^,.I\261\251\265A\024>Q\301"
 218      843B51FC 
 218      D55E2C2E 
 218      49B1A9B5 
 218      41143E51 
 219 00f4 44905FFA 		.ascii	"D\220_\372\333\375_\370\313rZ\247\361W\324\370+)\\\252"
 219      DBFD5FF8 
 219      CB725AA7 
 219      F157D4F8 
 219      2B295CAA 
 220 0108 AF8B155F 		.ascii	"\257\213\025_\007\275\354\365(6\376W[=\032[K\024[\336"
 220      07BDECF5 
 220      2836FE57 
 220      5B3D1A5B 
 220      4B145BDE 
 221 011c EB372C92 		.ascii	"\3537,\222\266\362\202/\251H\240)\335\316\257<\026B"
 221      B6F2822F 
 221      A948A029 
 221      DDCEAF3C 
 221      1642
 222 012e C24343F5 		.ascii	"\302CC\365E\262,\247\312\013H9\321\223\022B53r\240\177"
 222      45B22CA7 
 222      CA0B4839 
 222      D1931242 
 222      353372A0 
 223 0143 EC233600 		.ascii	"\354#6\000\315@\274\247\312r\222\354\310\222\351\273"
 223      CD40BCA7 
 223      CA7292EC 
 223      C892E9BB 
 224 0153 0299154A 		.ascii	"\002\231\025J\336\017\025H)\011\307!\201\224\221P\262"
 224      DE0F1548 
 224      2909C721 
 224      81949150 
 224      B2
 225 0164 9F84324B 		.ascii	"\237\2042K\375\333\2067\372\351\025t\352\177B\357\314"
 225      FDDB8637 
 225      FAE91574 
 225      EA7F42EF 
 225      CC
 226 0175 BC986BB8 		.ascii	"\274\230k\270'\022\243>\226\251\017\016\333[\002A5\350"
 226      2712A33E 
 226      96A90F0E 
 226      DB5B0241 
 226      35E8
ARM GAS  /tmp/ccfhJfUu.s 			page 17


 227 0187 83995A7B 		.ascii	"\203\231Z{\350ig\020\216\2061\365xV[\216?\216JL\035"
 227      E8696710 
 227      8E8631F5 
 227      78565B8E 
 227      3F8E4A4C 
 228 019c 5DEFD8A8 		.ascii	"]\357\330\250G\325\200\352\223\362\011\211\031\226\345"
 228      47D580EA 
 228      93F20989 
 228      1996E5
 229 01ab CC6459D7 		.ascii	"\314dY\327f\204\001R\001\246*\301\224@\016\243\351\231"
 229      66840152 
 229      01A62AC1 
 229      94400EA3 
 229      E999
 230 01bd A1A48A5B 		.ascii	"\241\244\212[>\263\345T\217ar&\302e9\214`\026\016\002"
 230      3EB3E554 
 230      8F617226 
 230      C265398C 
 230      60160E02 
 231 01d1 FC10C28F 		.ascii	"\374\020\302\217\220\311\352$\206.\277W]!j\321\007\336"
 231      90C9EA24 
 231      862EBF57 
 231      5D216AD1 
 231      07DE
 232 01e3 861E1B4C 		.ascii	"\206\036\033L\337'\031\322X\016\024W\216\222\311\032"
 232      DF2719D2 
 232      580E1457 
 232      8E92C91A 
 233 01f3 5FAA095B 		.ascii	"_\252\011[r\274\003:\265>{\237\016\243\374\234M\276"
 233      72BC033A 
 233      B53E7B9F 
 233      0EA3FC9C 
 233      4DBE
 234 0205 9B595A61 		.ascii	"\233YZa\300\260\202\230\272\351\305p\247\021U=S_\214"
 234      C0B08298 
 234      BAE9C570 
 234      A711553D 
 234      535F8C
 235 0218 B726FABF 		.ascii	"\267&\372\2779\312Z5\312\357y\224m)e\347\202\275\243"
 235      39CA5A35 
 235      CAEF7994 
 235      6D2965E7 
 235      82BDA3
 236 022b 3C06F01A 		.ascii	"<\006\360\032\204\037G\277kU\277_?p\266\207xG\371F\364"
 236      841F47BF 
 236      6B55BF5F 
 236      3F70B687 
 236      7847F946 
 237 0240 99E71D23 		.ascii	"\231\347\035#F\217(\353<\242\254W\242\254\307(\353&"
 237      468F28EB 
 237      3CA2AC57 
 237      A2ACC728 
 237      EB26
 238 0252 FABBA477 		.ascii	"\372\273\244w\266+\216O\222\310\362\251\032\354\017"
 238      B62B8E4F 
 238      92C8F2A9 
 238      1AEC0F
ARM GAS  /tmp/ccfhJfUu.s 			page 18


 239 0261 E41DF8FF 		.ascii	"\344\035\370\377\205\304\231\3555)O$\032\300\266+)\314"
 239      85C499ED 
 239      35294F24 
 239      1AC0B62B 
 239      29CC
 240 0273 E9EBD2CF 		.ascii	"\351\353\322\317*\303\255\332\344 \356-=xh O\014\333"
 240      2AC3ADDA 
 240      E420EE2D 
 240      3D786820 
 240      4F0CDB
 241 0286 25DB2B1D 		.ascii	"%\333+\035\007\307\256\032\3446\271\311\351\374\010"
 241      07C7AE1A 
 241      E436B9C9 
 241      E9FC08
 242 0295 A94803A1 		.ascii	"\251H\003\241\244\221\314B\363\015\312\316&M$\014\246"
 242      A491CC42 
 242      F30DCACE 
 242      264D240C 
 242      A6
 243 02a6 75F48F8D 		.ascii	"u\364\217\215\360\0357\211\261\344]\031xJ1\275\"S\317"
 243      F01D3789 
 243      B1E45D19 
 243      784A31BD 
 243      2253CF
 244 02b9 EEB21F0D 		.ascii	"\356\262\037\015\241\363\321\362\366\323;\267\370\321"
 244      A1F3D1F2 
 244      F6D33BB7 
 244      F8D1
 245 02c7 05D8CEEC 		.ascii	"\005\330\316\354\313\272$\321\245\330N\334W\227\021"
 245      CBBA24D1 
 245      A5D84EDC 
 245      579711
 246 02d6 0053C2F4 		.ascii	"\000S\302\364\350\307w\367\307\216\006\242\352tR\350"
 246      E8C777F7 
 246      C78E06A2 
 246      EA7452E8 
 247 02e6 10F7DE38 		.ascii	"\020\367\3368\337\247#\341\370x9\016\334\276\374;Y\226"
 247      DFA723E1 
 247      F878390E 
 247      DCBEFC3B 
 247      5996
 248 02f8 483B64F2 		.ascii	"H;d\362\224\313+\234\313.|N\344d\331\257\324(\220\023"
 248      94CB2B9C 
 248      CB2E7C4E 
 248      E464D9AF 
 248      D4289013 
 249 030c 908E6648 		.ascii	"\220\216fH\007i\203G%L\217X\322\002\235\255\270\230"
 249      07698347 
 249      254C8F58 
 249      D2029DAD 
 249      B898
 250 031e E291FE47 		.ascii	"\342\221\376G\351z\2258\355\324\346\251\214\270\003"
 250      E97A9538 
 250      EDD4E6A9 
 250      8CB803
 251 032d 887F7413 		.ascii	"\210\177t\023\267\223\2672\237\366\315|\242\252+\217"
 251      B793B732 
ARM GAS  /tmp/ccfhJfUu.s 			page 19


 251      9FF6CD7C 
 251      A2AA2B8F 
 252 033d AACC9D03 		.ascii	"\252\314\235\003\243\313\223\240,t\002\363I7s\307\333"
 252      A3CB93A0 
 252      2C7402F3 
 252      493773C7 
 252      DB
 253 034e 99CFF864 		.ascii	"\231\317\370d&'\363\372\326\007KP\265\220\356\013|p"
 253      2627F3FA 
 253      D6074B50 
 253      B590EE0B 
 253      7C70
 254 0360 0B3BEBCA 		.ascii	"\013;\353\312\364o\334\012\347p+\234%\312^\250>~\376"
 254      F46FDC0A 
 254      E7702B9C 
 254      25CA5EA8 
 254      3E7EFE
 255 0373 819EB613 		.ascii	"\201\236\266\023L}o\355\303\307:X\363^X\363\343\337"
 255      4C7D6FED 
 255      C3C73A58 
 255      F35E58F3 
 255      E3DF
 256 0385 D25CD99E 		.ascii	"\322\\\331\236$\277v:\011\316\"\3475\253~^]\365\013"
 256      24BF763A 
 256      09CE22E7 
 256      35AB7E5E 
 256      5DF50B
 257 0398 B8EA5BD2 		.ascii	"\270\352[\322\207\326\213\3642g\351H<\231\350\217,\366"
 257      87D68BF4 
 257      3267E948 
 257      3C99E88F 
 257      2CF6
 258 03aa BA427FBE 		.ascii	"\272B\177\276op\333\\\324\020\\T\011.!Ae\251\243!\230"
 258      6F70DB5C 
 258      D4105C54 
 258      092E2141 
 258      65A9A321 
 259 03bf F673828B 		.ascii	"\366s\202\213\271\305\333\014\234\340\252\213\200y\320"
 259      B9C5DB0C 
 259      9CE0AA8B 
 259      8079D0
 260 03ce A521E852 		.ascii	"\245!\350R\011\272\221\240\245\276\373\234Q\0334\313"
 260      09BA91A0 
 260      A5BEFB9C 
 260      511B34CB 
 261 03de 873BEACB 		.ascii	"\207;\352\313\036\017\300\301\336\261\373\006\372\220"
 261      1E0FC0C1 
 261      DEB1FB06 
 261      FA90
 262 03ec 5B2BEF1B 		.ascii	"[+\357\033\316\323\243\265\336\361\333-\356\215\016"
 262      CED3A3B5 
 262      DEF1DB2D 
 262      EE8D0E
 263 03fb 53C8158D 		.ascii	"S\310\025\215\301+\252\301\0364x)/\353(\241c\234\243"
 263      C12BAAC1 
 263      1E347829 
 263      2FEB28A1 
ARM GAS  /tmp/ccfhJfUu.s 			page 20


 263      639CA3
 264 040e 66E77836 		.ascii	"f\347x6e\034\262#c\377\336\205[\2233\213\344^\247s\032"
 264      651CB223 
 264      63FFDE85 
 264      5B93338B 
 264      E45EA773 
 265 0423 7F5CAE6A 		.ascii	"\177\\\256jX\256\252,\327\220%'-'\325\340\361\220\037"
 265      58AEAA2C 
 265      D7902527 
 265      2D27D5E0 
 265      F1901F
 266 0436 F0F0FB3A 		.ascii	"\360\360\373:\177\310\001\351|\225;Bp\245\241OYiGF\371"
 266      7FC801E9 
 266      7C953B42 
 266      70A5A14F 
 266      59694746 
 267 044b 90EE8D2B 		.ascii	"\220\356\215+}\003c\376I]\351\212m}O\002i\035\276\245"
 267      7D0363FE 
 267      495DE98A 
 267      6D7D4F02 
 267      691DBEA5 
 268 045f 4849F540 		.ascii	"HI\365@%A\207+7\335O\310\225\367\250\013\015\223\310"
 268      2541872B 
 268      37DD4FC8 
 268      95F7A80B 
 268      0D93C8
 269 0472 4D8DBF37 		.ascii	"M\215\2777U\177o\241\277\003Y\333\035\224\016p\222\256"
 269      557F6FA1 
 269      BF0359DB 
 269      1D940E70 
 269      92AE
 270 0484 5D13D774 		.ascii	"]\023\327t\364\021W\222:N\264J\323^\212\005\360B\203"
 270      F4115792 
 270      3A4EB44A 
 270      D35E8A05 
 270      F04283
 271 0497 728CF5AE 		.ascii	"r\214\365\2565\377'\351\275=\362y\273\343`C\013I\314"
 271      35FF27E9 
 271      BD3DF279 
 271      BBE36043 
 271      0B49CC
 272 04aa B42765CA 		.ascii	"\264'e\312l-\261^\367\202\025\330=\2322\337\307l\221"
 272      6C2DB15E 
 272      F78215D8 
 272      3D9A32DF 
 272      C76C91
 273 04bd 7E0269BB 		.ascii	"~\002i\273M\336c\213\332W\024B\323(\362?\253\256\350"
 273      4DDE638B 
 273      DA571442 
 273      D328F23F 
 273      ABAEE8
 274 04d0 304ECBA1 		.ascii	"0N\313\241\214\277\216\363\247\335i\\\317\371\355\327"
 274      8CBF8EF3 
 274      A7DD695C 
 274      CFF9EDD7 
 275 04e0 0B65A94D 		.ascii	"\013e\251MNa9\3072\311\310ach\252\353\035$\037`\344"
 275      4E6139C7 
ARM GAS  /tmp/ccfhJfUu.s 			page 21


 275      32C9C861 
 275      6368AAEB 
 275      1D241F60 
 276 04f5 83489ED1 		.ascii	"\203H\236\321\231\234Eh\021gO\177q\366\271a\332a-{]"
 276      999C4568 
 276      11674F7F 
 276      71F6B961 
 276      DA612D7B 
 277 050a F1D93C03 		.ascii	"\361\331<\003g\237\360\301\336\343\301~\027\331\357"
 277      679FF0C1 
 277      DEE3C17E 
 277      17D9EF
 278 0519 31F69F91 		.ascii	"1\366\237\221\375fNS\232\347;\212\355\004\367\342\014"
 278      FD664E53 
 278      9AE73B8A 
 278      ED04F7E2 
 278      0C
 279 052a 29D57B08 		.ascii	")\325{\010\253w\313\317\015\233y\325\224\375\231\355"
 279      AB77CBCF 
 279      0D9B79D5 
 279      94FD99ED 
 280 053a CAC6F28D 		.ascii	"\312\306\362\215:,\233_2\265\271vC\201D\033\250G}\234"
 280      3A2C9B5F 
 280      32B5B976 
 280      4381441B 
 280      A8477D9C 
 281 054e CEEBE3AD 		.ascii	"\316\353\343\255\235\343E:T\33195\204u56\214\265\350"
 281      9DE3453A 
 281      54D93935 
 281      84753536 
 281      8CB5E8
 282 0561 E9690ECF 		.ascii	"\351i\016\317H\355m\327\323K\250\210m\203r\241\321U"
 282      48ED6DD7 
 282      D34BA888 
 282      6D8372A1 
 282      D155
 283 0573 3B0BFB3F 		.ascii	";\013\373?I\206B4\002;n\330]\210\246k\353\020\367]p"
 283      49864234 
 283      023B6ED8 
 283      5D88A66B 
 283      EB10F75D 
 284 0588 394E9E40 		.ascii	"9N\236@\035\232\256\324\241G\320\371\230W\270S/\033"
 284      1D9AAED4 
 284      A147D0F9 
 284      9857B853 
 284      2F1B
 285 059a 52FC883E 		.ascii	"R\374\210>\334\367\244g>&\361*\273>\013\253\354Sp\301"
 285      DCF7A467 
 285      3E26F12A 
 285      BB3E0BAB 
 285      EC5370C1 
 286 05ae E1766144 		.ascii	"\341vaD\255\205\340\377\303\346\242\177\261\027r\362"
 286      AD85E0FF 
 286      C3E6A27F 
 286      B11772F2 
 287 05be AFA38519 		.ascii	"\257\243\205\031)\271\316g\224\336\344\341\347\215W"
 287      29B9CE67 
ARM GAS  /tmp/ccfhJfUu.s 			page 22


 287      94DEE4E1 
 287      E78D57
 288 05cd EC0FA2FD 		.ascii	"\354\017\242\375\212\222\333z]\242\203\\)\332\276\343"
 288      8A92DB7A 
 288      5DA2835C 
 288      29DABEE3 
 289 05dd 801FE638 		.ascii	"\200\037\3468\020\363t\256k\213\216\336\347c\373\262"
 289      10F374AE 
 289      6B8B8EDE 
 289      E763FBB2 
 290 05ed 47378650 		.ascii	"G7\206P\007W\324W\232\201\277\322\306'\272\256\212t"
 290      0757D457 
 290      9A81BFD2 
 290      C627BAAE 
 290      8A74
 291 05ff 848F9DBE 		.ascii	"\204\217\235\276\334\267\327\217\216r%w\364LK\010\002"
 291      DCB7D78F 
 291      8E722577 
 291      F44C4B08 
 291      02
 292 0610 DFC513D3 		.ascii	"\337\305\023\323\316\344\344\020\372\212\217\331K^9"
 292      CEE4E410 
 292      FA8A8FD9 
 292      4B5E39
 293 061f 8D345922 		.ascii	"\2154Y\"\332\203\227\201\037\274\362O\014]\010\246\251"
 293      DA839781 
 293      1FBCF24F 
 293      0C5D08A6 
 293      A9
 294 0630 7C6CA43F 		.ascii	"|l\244?\3515\241\031\\)\355?\233\025\214\300\231L\335"
 294      E935A119 
 294      5C29ED3F 
 294      9B158CC0 
 294      994CDD
 295 0643 9D3D1E41 		.ascii	"\235=\036A3\371\320\361\341\364\247\2014\233+\267Fo"
 295      33F9D0F1 
 295      E1F4A781 
 295      349B2BB7 
 295      466F
 296 0655 350720EE 		.ascii	"5\007 \356\003|\265\326\347g\361#\217\214\303\233\017"
 296      037CB5D6 
 296      E767F123 
 296      8F8CC39B 
 296      0F
 297 0666 158D70C7 		.ascii	"\025\215p\307(\262\356\371\351\014}\363!'CT\0169\351"
 297      28B2EEF9 
 297      E90C7DF3 
 297      21274354 
 297      0E39E9
 298 0679 22E6B3E0 		.ascii	"\"\346\263\340\376\3712\315\261\305\206\253\225&\206"
 298      FEF932CD 
 298      B1C586AB 
 298      952686
 299 0688 925708DF 		.ascii	"\222W\010\337$NV'\341\373\272\273\324\021\240E?\177"
 299      244E5627 
 299      E1FBBABB 
 299      D411A045 
ARM GAS  /tmp/ccfhJfUu.s 			page 23


 299      3F7F
 300 069a 1B3A6D47 		.ascii	"\033:mGv\013\2419<\212\356\304\301\313\"\315\347\312"
 300      760BA139 
 300      3C8AEEC4 
 300      C1CB22CD 
 300      E7CA
 301 06ac E1C2E263 		.ascii	"\341\302\342c\374\021X\200!\\\271\320\035@\367(\371"
 301      FC115880 
 301      215CB9D0 
 301      1D40F728 
 301      F9
 302 06bd ABCA1CE7 		.ascii	"\253\312\034\347\207\266O\230\332^\275\251IO\213\371"
 302      87B64F98 
 302      DA5EBDA9 
 302      494F8BF9 
 303 06cd D8ABF23B 		.ascii	"\330\253\362;c\"-\343\312\335\206\007\262\210\300\345"
 303      63222DE3 
 303      CADD8607 
 303      B288C0E5 
 304 06dd 4CBDF970 		.ascii	"L\275\371p\323\255@z\320\323\200\221\033HK\257r\006"
 304      D3AD407A 
 304      D0D38091 
 304      1B484BAF 
 304      7206
 305 06ef BC3929B9 		.ascii	"\2749)\271jR\336\307\234$\026\024\367R%J\273\232\223"
 305      6A52DEC7 
 305      9C241614 
 305      F752254A 
 305      BB9A93
 306 0702 1C88F205 		.ascii	"\034\210\362\005\242\3630\312\\5\312\341\236\224sAZ"
 306      A2F330CA 
 306      5C35CAE1 
 306      9E947341 
 306      5A
 307 0713 F4F3B7A1 		.ascii	"\364\363\267\241;\237\227\026\370\323#\334K\365\364"
 307      3B9F9716 
 307      F8D323DC 
 307      4BF5F4
 308 0722 6AC0D3EB 		.ascii	"j\300\323\353\324\353\3476T\004\223\031\374\2322Cs\205"
 308      D4EBE736 
 308      54049319 
 308      FC9A3243 
 308      7385
 309 0734 CFB0CB29 		.ascii	"\317\260\313)\311\216\261\252\372E[K\276\225\333>@#"
 309      C98EB1AA 
 309      FA455B4B 
 309      BE95DB3E 
 309      4023
 310 0746 DB454A8A 		.ascii	"\333EJ\212\305)\356gf\207\310,\376\036\376\011\014o"
 310      C529EE67 
 310      6687C82C 
 310      FE1EFE09 
 310      0C6F
 311 0758 DF5CB5B2 		.ascii	"\337\\\265\262)\205\"6\333\033\273\015\261\025\304\005"
 311      29852236 
 311      DB1BBB0D 
 311      B115C405 
ARM GAS  /tmp/ccfhJfUu.s 			page 24


 312 0768 7E5DE1AF 		.ascii	"~]\341\257\360&yc\223\275x_\270\240/\211\027\224o\004"
 312      F0267963 
 312      93BD785F 
 312      B8A02F89 
 312      17946F04 
 313 077c 3774A3DB 		.ascii	"7t\243\333\205\015\336\264\337z\273\360\312\305\233"
 313      850DDEB4 
 313      DF7ABBF0 
 313      CAC59B
 314 078b E88D95BD 		.ascii	"\350\215\225\275\261/]X\247\267\017\262\333\335\255"
 314      B12F5D58 
 314      A7B70FB2 
 314      DBDDAD
 315 079a CA565D60 		.ascii	"\312V]`\023\310}\030\177\200\35614\024\026rX\014'%\342"
 315      13C87D18 
 315      7F80EE31 
 315      34141672 
 315      580C2725 
 316 07af 0CB20FE4 		.ascii	"\014\262\017\344 H)\310\036\220C E \205 v\2202\220*"
 316      204829C8 
 316      1E904320 
 316      45208520 
 316      76903290 
 317 07c4 90BD20E5 		.ascii	"\220\275 \345 \025 \225 \373Av"
 317      20152095 
 317      20FB4176 
 318 07d0 83EC0239 		.ascii	"\203\354\0029\002r@\234\201\225\015\035|\354rp\314\333"
 318      0272409C 
 318      81950D1D 
 318      7CEC7270 
 318      CCDB
 319 07e2 C1995EB1 		.ascii	"\301\231^\261<rAG}B\335\351\034w!'\274\221|\273iX7\271"
 319      3C724147 
 319      7D42DDE9 
 319      1C772127 
 319      BC917CBB 
 320 07fa 539FE57B 		.ascii	"S\237\345{\365\335\274N\027o\212\357\305\327\360\246"
 320      F5DDBC4E 
 320      176F8AEF 
 320      C5D7F0A6 
 321 080a B97953BD 		.ascii	"\271yS\275\301\033=x\023\355\271U\022\303\356\024'\223"
 321      C11B3D78 
 321      13EDB955 
 321      12C3EE14 
 321      2793
 322 081c 7C05AB3E 		.ascii	"|\005\253>\032\244\300\313\2071\227\017\343\276csC'"
 322      1AA4C0CB 
 322      8731970F 
 322      E3BE6373 
 322      4327
 323 082e 5CD0D7BE 		.ascii	"\\\320\327\2767\240\313\335D{:wa3\270\260EqA\255X\212"
 323      37A0CBDD 
 323      447B3A77 
 323      6133B8B0 
 323      457141AD 
 324 0844 BB9AD832 		.ascii	"\273\232\3302\334\261ez\307\266\325\033\234\352\006"
 324      DCB1657A 
ARM GAS  /tmp/ccfhJfUu.s 			page 25


 324      C7B6D51B 
 324      9CEA06
 325 0853 AFF7BDB7 		.ascii	"\257\367\275\267\321c\3662\354}X\341/\023\006\021\324"
 325      D163F632 
 325      EC7D58E1 
 325      2F130611 
 325      D4
 326 0864 D397E0DA 		.ascii	"\323\227\340\332*\2759Uw\010\234\307\233\011r}\347\373"
 326      2ABD3955 
 326      77089CC7 
 326      9B09727D 
 326      E7FB
 327 0876 B1E686E1 		.ascii	"\261\346\206\341u\334\352\250}M\311\224p_{\233T\303"
 327      75DCEAA8 
 327      7D4DC994 
 327      705F7B9B 
 327      54C3
 328 0888 96FE7F6F 		.ascii	"\226\376\177oo\014(\257\312\000\001\035\005S\017\335"
 328      6F0C28AF 
 328      CA00011D 
 328      05530FDD 
 329 0898 EF76169F 		.ascii	"\357v\026\237\372n\377aw\313p\200\347\207\274&(\201"
 329      FA6EFF61 
 329      77CB7080 
 329      E787BC26 
 329      2881
 330 08aa 1C13F921 		.ascii	"\034\023\371!\011\356\354\203\270\267\352\244\350\201"
 330      09EEEC83 
 330      B8B7EAA4 
 330      E881
 331 08b8 BEE171A4 		.ascii	"\276\341q\244\252Q\3205\210\376nGG~\000}\204UT\2723"
 331      AA51D035 
 331      88FE6E47 
 331      477E007D 
 331      845554BA 
 332 08cd 7E733480 		.ascii	"~s4\200\204\352\302C\331\357-\307E\235\260\001\177A"
 332      84EAC243 
 332      D9EF2DC7 
 332      459DB001 
 332      7F41
 333 08df 49CA9CF4 		.ascii	"I\312\234\364\017\327/(u\220\0136\004\337\340\260\370"
 333      0FD72F28 
 333      75900B36 
 333      04DFE0B0 
 333      F8
 334 08f0 F5223FA3 		.ascii	"\365\"?\243\260_p\240\227|/z\377\202\303\211\330\247"
 334      B05F70A0 
 334      977C2F7A 
 334      FF82C389 
 334      D8A7
 335 0902 40D366A7 		.ascii	"@\323f\247\237\366\030\316\360\232\217oQ\373\355\261"
 335      9FF618CE 
 335      F09A8F6F 
 335      51FBEDB1 
 336 0912 476E2FD0 		.ascii	"Gn/\320\321\247\312\373\375\330\225\273\301p\014o\252"
 336      D1A7CAFB 
 336      FDD895BB 
ARM GAS  /tmp/ccfhJfUu.s 			page 26


 336      C1700C6F 
 336      AA
 337 0923 84EF86A1 		.ascii	"\204\357\206\241\250\254d\231\1777\330\003\331,\322"
 337      A8AC6499 
 337      7F37D803 
 337      D92CD2
 338 0932 206ABEB3 		.ascii	" j\276\263\025\373\244Qd\007\361\035\325w#i\272\037"
 338      15FBA451 
 338      6407F11D 
 338      D5772369 
 338      BA1F
 339 0944 B2A43C1E 		.ascii	"\262\244<\036\275gD\026{c1\377^j\224\247\343\027S\223"
 339      BD674416 
 339      7B6331FF 
 339      5E6A94A7 
 339      E3175393 
 340 0958 86A14965 		.ascii	"\206\241Ie8\201\014\205\317jj\374\350.NQ\233\267{C\010"
 340      38810C85 
 340      CF6A6AFC 
 340      E82E4E51 
 340      9BB77B43 
 341 096d A7B8AEA1 		.ascii	"\247\270\256\241`g\326f\015E\263Jq\022)n\\(+3\322JN"
 341      6067D666 
 341      0D45B34A 
 341      7112296E 
 341      5C282B33 
 342 0984 F128B5B8 		.ascii	"\361(\265\270N\344\024\217\275\274\370QC\361\243Jq\012"
 342      4EE4148F 
 342      BDBCF851 
 342      43F1A34A 
 342      710A
 343 0996 29DAECA3 		.ascii	")\332\354\2437B\350\011NQ\334\227Z\342\207\024\275\351"
 343      3742E809 
 343      4E51DC97 
 343      5AE28714 
 343      BDE9
 344 09a8 2567954F 		.ascii	"%g\225O1 \341\037c-\032\226\026\225\245U\014\023\244"
 344      3120E11F 
 344      632D1A96 
 344      1695A555 
 344      0C13A4
 345 09bb E8D8A804 		.ascii	"\350\330\250\004\177\253m\351\3528\233\377\222\317\376"
 345      7FAB6DE9 
 345      EA389BFF 
 345      92CFFE
 346 09ca 1A162184 		.ascii	"\032\026!\204\315\236mr\375\255\261\232b\243\342M\326"
 346      CD9E6D72 
 346      FDADB19A 
 346      62A3E24D 
 346      D6
 347 09db 846876B7 		.ascii	"\204hv\267Xm\263\243\005\235\365\033\253-nU\214\305"
 347      586DB3A3 
 347      059DF51B 
 347      AB2D6E55 
 347      8CC5
 348 09ed 16B82E6E 		.ascii	"\026\270.n\265m\316|\213Mo\261\250\315?\230\326Y\023"
 348      B56DCE7C 
ARM GAS  /tmp/ccfhJfUu.s 			page 27


 348      8B4D6FB1 
 348      A8CD3F98 
 348      D65913
 349 0a00 4C71ABA3 		.ascii	"Lq\253\243\343\327\255\2141\255\216\371g|\334\337L\253"
 349      E3D7AD8C 
 349      31AD8EF9 
 349      677CDCDF 
 349      4CAB
 350 0a12 A2A263E3 		.ascii	"\242\242c\343V\307\230,+c\276\212Z\027o\263\330\276"
 350      56C7982C 
 350      2B63BE8A 
 350      5A176FB3 
 350      D8BE
 351 0a24 591B639D 		.ascii	"Y\033c\235\035+\314\360\205\006~\023\230Z\011\214\000"
 351      1D2BCCF0 
 351      85067E13 
 351      985A098C 
 351      00
 352 0a35 79CFCB9F 		.ascii	"y\317\313\237\004\233\013\037\035\313\374\000\214\301"
 352      049B0B1F 
 352      1DCBFC00 
 352      8CC1
 353 0a43 6A8BB445 		.ascii	"j\213\264E%\330\026\306G%\254\012b\312\232\265\330\326"
 353      25D816C6 
 353      4725AC0A 
 353      62CA9AB5 
 353      D8D6
 354 0a55 433BC6A6 		.ascii	"C;\306\2466\227\304\270\020\226\370\370\225\2268\210"
 354      3697C4B8 
 354      1096F8F8 
 354      95963888 
 355 0a65 7ABE8F70 		.ascii	"z\276\217p\327\256I\260YM\221+\226\315\233k\372\364"
 355      D7AE49B0 
 355      594D912B 
 355      96CD9B6B 
 355      FAF4
 356 0a77 D345A615 		.ascii	"\323E\246\025K\227}=GI\000\233\010\026u\321\261\221"
 356      4B977D3D 
 356      4749009B 
 356      081675D1 
 356      B191
 357 0a89 DF583F89 		.ascii	"\337X?\211\212\267M{\233\177\200\014\264X\276Z\267:"
 357      8AB74D7B 
 357      9B7F800C 
 357      B458BE5A 
 357      B73A
 358 0a9b DA620956 		.ascii	"\332b\011V\033\263\347\377y\336\274`\255\313\202v\354"
 358      1BB3E7FF 
 358      79DEBC60 
 358      ADCB8276 
 358      EC
 359 0aac C30F82DC 		.ascii	"\303\017\202\334^{\216|\030\344\016B\200\366\252ys-"
 359      5E7B8E7C 
 359      18E40E42 
 359      80F6AA79 
 359      732D
 360 0abe 90026525 		.ascii	"\220\002e%\230\242\254\004k\322\010\363\034\220\271"
ARM GAS  /tmp/ccfhJfUu.s 			page 28


 360      98A2AC04 
 360      6BD208F3 
 360      1C90B9
 361 0acd 52E4B208 		.ascii	"R\344\262\010\263\264h\351b\263\030i\246\213\227\230"
 361      B3B468E9 
 361      62B31869 
 361      A68B9798 
 362 0add FD222296 		.ascii	"\375\"\"\226\231\347\340\377\271RD\304b3\215\370l\005"
 362      99E7E0FF 
 362      B95244C4 
 362      62338DF8 
 362      6C05
 363 0aef 5D1E1941 		.ascii	"]\036\031A\027\232\315\324\034\001:L\370x\321\0123]"
 363      179ACDD4 
 363      1C013A4C 
 363      F878D10A 
 363      335D
 364 0b01 C4662E5B 		.ascii	"\304f.[h\026\377\302g\315\003\374\347\346?\376\352\234"
 364      6816FFC2 
 364      67CD03FC 
 364      E7E63FFE 
 364      EA9C
 365 0b13 B95C8444 		.ascii	"\271\\\204D\370Y>^\263&~\252\232{\253%\212\205a\211"
 365      F8593E5E 
 365      B3267EAA 
 365      9A7BAB25 
 365      8A856189 
 366 0b27 8AB6C57D 		.ascii	"\212\266\305}\0353Y\351\266\262\234\360\221\337\270"
 366      1D3359E9 
 366      B6B29CF0 
 366      91DFB8
 367 0b36 BAD6ACE5 		.ascii	"\272\326\254\345=\223\324\236\030\233g\307\337\325\216"
 367      3D93D49E 
 367      189B67C7 
 367      DFD58E
 368 0b45 7F038185 		.ascii	"\177\003\201\205\335\206"
 368      DD86
 369              		.text
 370              		.section	.gnu.lto_.symtab.d3c6eadd14a78216,"",%progbits
 371 0000 7374496E 		.ascii	"stInit\000\000\000\000\000\000\000\000\000\000\000\000"
 371      69740000 
 371      00000000 
 371      00000000 
 371      0000
 372 0012 C0000000 		.ascii	"\300\000\000\000stStartAlarm\000\000\000\000\000\000"
 372      73745374 
 372      61727441 
 372      6C61726D 
 372      00000000 
 373 0028 00000000 		.ascii	"\000\000\000\000\000\000\321\000\000\000stStopAlarm"
 373      0000D100 
 373      00007374 
 373      53746F70 
 373      416C6172 
 374 003d 00000000 		.ascii	"\000\000\000\000\000\000\000\000\000\000\000\000\323"
 374      00000000 
 374      00000000 
ARM GAS  /tmp/ccfhJfUu.s 			page 29


 374      D3
 375 004a 00000073 		.ascii	"\000\000\000stSetAlarm\000\000\000\000\000\000\000\000"
 375      74536574 
 375      416C6172 
 375      6D000000 
 375      00000000 
 376 005f 00000000 		.ascii	"\000\000\000\000\325\000\000\000stGetAlarm\000\000\000"
 376      D5000000 
 376      73744765 
 376      74416C61 
 376      726D0000 
 377 0074 00000000 		.ascii	"\000\000\000\000\000\000\000\000\000\330\000\000\000"
 377      00000000 
 377      00D80000 
 377      00
 378 0081 73745F6C 		.ascii	"st_lld_init\000\000\002\000\000\000\000\000\000\000"
 378      6C645F69 
 378      6E697400 
 378      00020000 
 378      00000000 
 379 0096 0000DA00 		.ascii	"\000\000\332\000\000\000chSysHalt\000\000\002\000\000"
 379      00006368 
 379      53797348 
 379      616C7400 
 379      00020000 
 380 00aa 00000000 		.ascii	"\000\000\000\000\000\000\000\337\000\000\000"
 380      000000DF 
 380      000000
 381              		.text
 382              		.section	.gnu.lto_.opts,"",%progbits
 383 0000 272D666E 		.ascii	"'-fno-trapv' '-mcpu=cortex-m0' '-mthumb' '-ggdb' '-"
 383      6F2D7472 
 383      61707627 
 383      20272D6D 
 383      6370753D 
 384 0033 4F332720 		.ascii	"O3' '-fomit-frame-pointer' '-falign-functions=16' '"
 384      272D666F 
 384      6D69742D 
 384      6672616D 
 384      652D706F 
 385 0066 2D666675 		.ascii	"-ffunction-sections' '-fdata-sections' '-fno-common"
 385      6E637469 
 385      6F6E2D73 
 385      65637469 
 385      6F6E7327 
 386 0099 2720272D 		.ascii	"' '-flto'\000"
 386      666C746F 
 386      2700
 387              		.text
 388              		.comm	__gnu_lto_v1,1,1
 389              		.comm	__gnu_lto_slim,1,1
 390              		.ident	"GCC: (15:4.9.3+svn231177-1) 4.9.3 20150529 (prerelease)"
ARM GAS  /tmp/ccfhJfUu.s 			page 30


DEFINED SYMBOLS
                            *ABS*:0000000000000000 hal_st.c
                            *COM*:0000000000000001 __gnu_lto_v1
                            *COM*:0000000000000001 __gnu_lto_slim

NO UNDEFINED SYMBOLS
