ARM GAS  /tmp/ccDFYQwD.s 			page 1


   1              		.cpu cortex-m0
   2              		.fpu softvfp
   3              		.eabi_attribute 20, 1
   4              		.eabi_attribute 21, 1
   5              		.eabi_attribute 23, 3
   6              		.eabi_attribute 24, 1
   7              		.eabi_attribute 25, 1
   8              		.eabi_attribute 26, 1
   9              		.eabi_attribute 30, 2
  10              		.eabi_attribute 34, 0
  11              		.eabi_attribute 18, 4
  12              		.code	16
  13              		.file	"hal_st_lld.c"
  14              		.text
  15              	.Ltext0:
  16              		.section	.gnu.lto_.profile.79c1e2ae0ddf65d9,"",%progbits
  17 0000 789C6366 		.ascii	"x\234cf```a\200\000F\206J5\000\001\214\000\250"
  17      60606061 
  17      80004686 
  17      4A350001 
  17      8C00A8
  18              		.text
  19              		.section	.gnu.lto_.jmpfuncs.79c1e2ae0ddf65d9,"",%progbits
  20 0000 789C6366 		.ascii	"x\234cf\300\016\272\2414\023\0203\002\021\323G&\306"
  20      C00EBAA1 
  20      34131033 
  20      0211D347 
  20      26C6
  21 0012 69FD5776 		.ascii	"i\375Wv0\327\376n\230\321\300\361\223\211\341/Xj9c-"
  21      30D7FE6E 
  21      98D1C0F1 
  21      9389E12F 
  21      586A3963 
  22 0027 44214E15 		.ascii	"D!N\025+\200*\300\222\215\313v\367\260\277`\372\311"
  22      2B802AC0 
  22      928DCB76 
  22      F7B0BF60 
  22      FAC9
  23 0039 04326F25 		.ascii	"\0042o%\243\024\310l&\220\304\262\273\255\2778A\022"
  23      A314C86C 
  23      2690C4B2 
  23      BBADBF38 
  23      4112
  24 004b 4C020C8C 		.ascii	"L\002\014\214\253@\022@\301\363\017\016\367\363\200"
  24      AB401240 
  24      C1F30F0E 
  24      F7F380
  25 005a 05991818 		.ascii	"\005\231\030\030W\003\005\031\000\004s'\345"
  25      57030519 
  25      00047327 
  25      E5
  26              		.text
  27              		.section	.gnu.lto_.inline.79c1e2ae0ddf65d9,"",%progbits
  28 0000 789C6366 		.ascii	"x\234cf\300\016\222\2414\023\003\203\350\011\006F\006"
  28      C00E92A1 
  28      34130383 
  28      E8090646 
ARM GAS  /tmp/ccDFYQwD.s 			page 2


  28      06
  29 0011 26BE7B01 		.ascii	"&\276{\001\014l\013\344\231\300\202\334\014\014\214"
  29      0C6C0BE4 
  29      99C082DC 
  29      0C0C8C
  30 0020 13FCC014 		.ascii	"\023\374\300\024\003#\027P\004\033\001\221\006\001\240"
  30      03231750 
  30      041B0191 
  30      0601A0
  31 002f 76065159 		.ascii	"v\006QY )\267\341\025#\334\024f\036\260\361\014\000"
  31      2029B7E1 
  31      1523DC14 
  31      661EB0F1 
  31      0C00
  32 0041 B6FC0754 		.ascii	"\266\374\007T"
  33              		.text
  34              		.section	.gnu.lto_.pureconst.79c1e2ae0ddf65d9,"",%progbits
  35 0000 789C6366 		.ascii	"x\234cf```e\200\000&\006+&)\000\001[\000a"
  35      60606065 
  35      80002606 
  35      2B262900 
  35      015B0061 
  36              		.text
  37              		.section	.gnu.lto_Vector80.79c1e2ae0ddf65d9,"",%progbits
  38 0000 789C8554 		.ascii	"x\234\205T_lSe\024\377\316w\357\372g\035e\233>`\037"
  38      5F6C5365 
  38      14FFCE77 
  38      EFFA671D 
  38      659B3E60 
  39 0015 609107A2 		.ascii	"`\221\007\242\311v\025\222\031\037|0\363e\011}a\274"
  39      C9761592 
  39      191F7C30 
  39      F365097D 
  39      61BC
  40 0027 37A46DDC 		.ascii	"7\244m\334bKI\357\\\340a\341\326\225?\0222\026T,\030"
  40      624B49EF 
  40      5CE061E1 
  40      D6953F12 
  40      3216542C 
  41 003c 1063F8E7 		.ascii	"\020c\370\347t\023\025\034\035jE\250lc\033\177\266\326"
  41      7413151C 
  41      1D6A45A8 
  41      6C631B7F 
  41      B6D6
  42 004e E19445DA 		.ascii	"\341\224E\332(\211\017\303N\345\306@=\347\273\335lo"
  42      28890FC3 
  42      4EE5C640 
  42      3DE7BBDD 
  42      6C6F
  43 0060 3B6CDAEF 		.ascii	";l\332\357\336\357\373\235s~\277\363\235\323#\261\362"
  43      DEEFFB9D 
  43      737EBFF3 
  43      9DD323B1 
  43      F2
  44 0071 CF06FCBD 		.ascii	"\317\006\374\275fa\254\016\030\203*\006\274o\202\261"
  44      6661AC0E 
  44      18832A06 
ARM GAS  /tmp/ccDFYQwD.s 			page 3


  44      BC6F82B1 
  45 0081 888D7329 		.ascii	"\210\215s)\276\232i\325rJaZ\215\004\262q,\003\320\013"
  45      BE9A69D5 
  45      724A615A 
  45      8D04B271 
  45      2C03D00B 
  46 0095 03B6934B 		.ascii	"\003\266\223K2\354\204{\374>\207\276D\177\314\261\356"
  46      32EC847B 
  46      FC3E87BE 
  46      447FCCB1 
  46      EE
  47 00a6 84A669F3 		.ascii	"\204\246i\3637\363\362\256U:g,\307\215\370p\012\326"
  47      37F3F2AE 
  47      553A672C 
  47      C78DF870 
  47      0AD6
  48 00b8 31B41949 		.ascii	"1\264\031I\246\235\322\213@\257\027\006\026\306\035"
  48      A69DD28B 
  48      40AF1706 
  48      16C61D
  49 00c7 BF719D43 		.ascii	"\277q\235C\003m\343\007\257\306,\264\3452m\347\337\231"
  49      036DE307 
  49      AFC62CB4 
  49      E5326DE7 
  49      DF99
  50 00d9 19AC59FB 		.ascii	"\031\254Y\373\201\246\2751\227\377\325\227\210\036\327"
  50      81A6BD31 
  50      97FFD597 
  50      881ED7
  51 00e8 1EE5F3A0 		.ascii	"\036\345\363\240s\011N\203\204Q\341\014\270\340#p\025"
  51      73094E83 
  51      8451E10C 
  51      B8E02370 
  51      15
  52 00f9 F4A3C7FD 		.ascii	"\364\243\307\375\350\303\264\303\022E\372Z\350\207\265"
  52      E8C3B4C3 
  52      1245FA5A 
  52      E887B5
  53 0108 0F17D9E1 		.ascii	"\017\027\331\341c\260`V\274p8X\237\320\362\371\334\243"
  53      63B06056 
  53      BC703858 
  53      9FD0F2F9 
  53      DCA3
  54 011a BB7B5E18 		.ascii	"\273{^\030\341\3652\243c+\323\271l\243\205\261\014\372"
  54      E1F532A3 
  54      632BD3B9 
  54      6CA385B1 
  54      0CFA
  55 012c 507259CE 		.ascii	"PrY\316\351)\315B4\221\237\004\212\3627\227\221\347"
  55      E929CD42 
  55      34919F04 
  55      8AF23797 
  55      91E7
  56 013e D8ADDE01 		.ascii	"\330\255\336\001\336\375\217\266W\263\351\274*\307\351"
  56      DEFD8FB6 
  56      57B3E9BC 
  56      2AC7E9
ARM GAS  /tmp/ccDFYQwD.s 			page 4


  57 014d C63E816E 		.ascii	"\306>\201n\222\02099\274\337J9\340M\302\000\270tne)"
  57      92103939 
  57      BCDF4A39 
  57      E04DC200 
  57      B8746E65 
  58 0162 E04201D2 		.ascii	"\340B\001\322\240?\233\005\231\266\314\034\310\226C"
  58      A03F9B05 
  58      99B6CC1C 
  58      C89643
  59 0171 3E068346 		.ascii	">\006\203F\240C\007\246\206$\204b\004\331)\025:\275"
  59      A04307A6 
  59      86248462 
  59      04D92915 
  59      3ABD
  60 0183 9399BC61 		.ascii	"\223\231\274a\243\360v\261=s\340\355!8\012\357E\372"
  60      A3F076B1 
  60      3D73E0ED 
  60      21380AEF 
  60      45FA
  61 0195 C8AA1A3E 		.ascii	"\310\252\032>\205n8K7\202\330\373\231\3231\007\006\300"
  61      856E384B 
  61      3782D8FB 
  61      99D33107 
  61      06C0
  62 01a7 22D8E133 		.ascii	"\"\330\3413\264\022\244\3609t\353\334\201\"\244\212"
  62      B412A4F0 
  62      3974EBDC 
  62      8122A48A 
  63 01b7 226A725C 		.ascii	"\"jr\\B\021_\240\010\235\257`\267\341\322\371\263\311"
  63      42115FA0 
  63      089DAF60 
  63      B7E1D2F9 
  63      B3C9
  64 01c9 CB5546EE 		.ascii	"\313UF\356V\264\336\037\377\263\327I\012\234\350\240"
  64      56B4DE1F 
  64      FFB3D749 
  64      0A9CE8A0 
  65 01d9 C925A29C 		.ascii	"\311%\242\234\202x*\225\237v\240(,\325J8\2075:_Pt.}"
  65      82782A95 
  65      9F76A028 
  65      2CD54A38 
  65      87353A5F 
  66 01f1 78A1BAB1 		.ascii	"x\241\272\261_\213\"R\013_\242\244?Do\300\0204\"S\317"
  66      5F8B2252 
  66      0B5FA2A4 
  66      3F446FC0 
  66      10342253 
  67 0206 83DDD724 		.ascii	"\203\335\327$\203\310fp\035Ig\027$\012,c\265/`\224i"
  67      83C86670 
  67      1D496717 
  67      240A2C63 
  67      B52F6094 
  68 021b 88CEF4B8 		.ascii	"\210\316\364\270\0126\305\267\215U\203x\241\025\262"
  68      0A36C5B7 
  68      8D558378 
  68      A115B2
  69 022a 98417CB5 		.ascii	"\230A|\265\204\322\347\347\223\031!\275HUD\323\022\317"
ARM GAS  /tmp/ccDFYQwD.s 			page 5


  69      84D2E7E7 
  69      931921BD 
  69      485544D3 
  69      12CF
  70 023c 3C5ED9F0 		.ascii	"<^\331\360\177\312.Bcq\202\265x\364\025\372\374\010"
  70      7FCA2E42 
  70      637182B5 
  70      78F415FA 
  70      FC08
  71 024e 915FDEDD 		.ascii	"\221_\336\335=\271\276\244\347\346\262\037>+Z-g\364"
  71      3DB9BEA4 
  71      E7E6B21F 
  71      3E2B5A2D 
  71      67F4
  72 0260 6F11F2D6 		.ascii	"o\021\362\326hj\225\304\340k\302\252L\235\312\340\033"
  72      686A95C4 
  72      E06BC2AA 
  72      4C9DCAE0 
  72      1B
  73 0271 AC83C921 		.ascii	"\254\203\311!66\216\265J\220\275\305\004\035\353\235"
  73      36368EB5 
  73      4A90BDC5 
  73      041DEB9D 
  74 0281 45E85B82 		.ascii	"E\350[\202\254\245P\342\210\213\301%\002le\034\337\021"
  74      ACA550E2 
  74      888BC125 
  74      026C651C 
  74      DF11
  75 0293 075C162B 		.ascii	"\007\\\026+{\000\010\217\3569\376\227\274&\302\217j"
  75      7B00088F 
  75      EE39FE97 
  75      BC26C28F 
  75      6A
  76 02a4 B1069DD7 		.ascii	"\261\006\235\327\221\307\365\337\223q\273LMx\005\326"
  76      91C7F5DF 
  76      9371BB4C 
  76      4D7805D6 
  77 02b4 E09A04EA 		.ascii	"\340\232\004\352\326\036T3a!1\225\272\305.\344\303\367"
  77      D61E5433 
  77      61213195 
  77      BAC52EE4 
  77      C3F7
  78 02c6 858621F3 		.ascii	"\205\206!\363\203\243?=U\252y\327\311\305\233\251.S"
  78      83A33F3D 
  78      55AA79D7 
  78      C9C59BA9 
  78      2E53
  79 02d8 7655681A 		.ascii	"vUh\032\251\034\335!`\030-\212~x\354Nsi\364\023K\321"
  79      A91CDD21 
  79      60182D8A 
  79      7E78EC4E 
  79      7369F413 
  80 02ee 6BCCF7BE 		.ascii	"k\314\367\276/C\367>F\330\2122\346k\202y\2742\263S\300"
  80      2F43F73E 
  80      46D88A32 
  80      E66B8279 
  80      BC32B353 
ARM GAS  /tmp/ccDFYQwD.s 			page 6


  81 0303 305160A6 		.ascii	"0Q`\246\212\037J^\341\3462e,\"B\216\257,+S\026\241I"
  81      8A1F4A5E 
  81      E1E63265 
  81      2C22428E 
  81      AF2C2B53 
  82 031a 826A4D65 		.ascii	"\202jMe\272\210e\272N@]\231\244\033B\322M\243Lo\362"
  82      BA8865BA 
  82      4E405D99 
  82      A41B42D2 
  82      4DA34C6F 
  83 032f FF2BD32D 		.ascii	"\377+\323-Q\246),\023\265\275\\\230V=s\321S|\271\177"
  83      51A6292C 
  83      13B5BD5C 
  83      98563D73 
  83      D1537CB9 
  84 0344 773D3A4C 		.ascii	"w=:L/]\347\262\223\350\0114K=n\022\231GOz\271\321\363"
  84      2F5DE7B2 
  84      93E80934 
  84      4B3D6E12 
  84      99474F7A 
  85 035b C3D2E899 		.ascii	"\303\322\350\231Y\034=\225Y\353s\374Id\275\215\2548"
  85      591C3D95 
  85      59EB73FC 
  85      4964BD8D 
  85      AC38
  86 036d 267594F0 		.ascii	"&u\224\3603D\022\303\233\2041\243\261\014\224 \3627"
  86      334412C3 
  86      9B8431A3 
  86      B10C9420 
  86      F237
  87 037f 3735294B 		.ascii	"75)K\337\220\252\264o\011(\333B\341NUi\333\354\336\260"
  87      DF90AAB4 
  87      6F0928DB 
  87      42E14E55 
  87      69DBECDE 
  88 0394 5ED9B8F1 		.ascii	"^\331\270\361\025es\253\273\353yB<j\247'\020\3605y\231"
  88      156573AB 
  88      BBEB7942 
  88      3C6AA727 
  88      10F03579 
  89 03a9 DDA36EE9 		.ascii	"\335\243n\351\362\373<\201\360K\246\000\336P0\030\332"
  89      F2FB3C81 
  89      F04BA600 
  89      DE503018 
  89      DA
  90 03ba AAF8B777 		.ascii	"\252\370\267w*/or+-\356\266\3266\245%\024\366+\255["
  90      2A2F6F72 
  90      2B2DEEB6 
  90      D636A525 
  90      14F62BAD 
  91 03cf BD81D77D 		.ascii	"\275\201\327}~\305\033T;T\317\253^oS;{\272\002}H\305"
  91      7EC51B54 
  91      3B54CFAB 
  91      5E6F533B 
  91      7BBA027D 
  92 03e5 25DC299E 		.ascii	"%\334)\236\025L\020\351X\214\324\256\356P\321\344\271"
  92      154C10E9 
ARM GAS  /tmp/ccDFYQwD.s 			page 7


  92      588CD4AE 
  92      EE50D1E4 
  92      B9
  93 03f6 CA1A8C3C 		.ascii	"\312\032\214<PE\213{;\332zQ\204\247\2539\210\0166\357"
  93      50458B7B 
  93      3BDA7A51 
  93      84A7AB39 
  93      880E36EF 
  94 040a 36B5C3D7 		.ascii	"6\265\303\327\320\301\254A\1770\024\336a\034\370\361"
  94      D0C1AC41 
  94      7F3014DE 
  94      611CF8F1 
  95 041a E05FF29A 		.ascii	"\340_\362\232\242%"
  95      A225
  96              		.text
  97              		.section	.gnu.lto_st_lld_init.79c1e2ae0ddf65d9,"",%progbits
  98 0000 789C9D94 		.ascii	"x\234\235\224\313OSA\024\207\3477\267\355-\024\225\260"
  98      CB4F5341 
  98      1487E737 
  98      B7ED2D14 
  98      95B0
  99 0012 D26E5CB8 		.ascii	"\322n\\\270`c\271\361\021\343\037\340\306\004V\260'"
  99      6063B9F1 
  99      11E31FE0 
  99      C60456B0 
  99      27
 100 0023 46172E48 		.ascii	"F\027.H0B\334\021n\245MX\030D$\001\253\210\206\200\017"
 100      3042DC11 
 100      6EA54D58 
 100      18442401 
 100      AB888680 
 101 0038 E4A14811 		.ascii	"\344\241H\021\024\251\200\212( AmBTL\244>\0224\267P"
 101      14A9808A 
 101      2820416D 
 101      42544CA4 
 101      3E1234B7 
 102 004d 622E06EB 		.ascii	"b.\006\353\234\271\245U\330@\233v\246\2353\375\276s"
 102      9CB9A555 
 102      D8409B76 
 102      A69D33FD 
 102      BE73
 103 005f CF3C14B6 		.ascii	"\317<\024\266\361\345\026\237\026;c\207E\017\205\201"
 103      F1E5169F 
 103      163B6387 
 103      450F8581 
 104 006f D74E32E6 		.ascii	"\327N2\346ur\200\2760\260J\216J|\347Q\216\332P{\243"
 104      757280BE 
 104      30B04A8E 
 104      4A7CE751 
 104      8EDA507B 
 105 0084 2BB755D7 		.ascii	"+\267U\327u\243\256a\227\177\247\311\031[\342\026\006"
 105      75A3AE61 
 105      977FA7C9 
 105      195BE216 
 105      06
 106 0095 3790CBC4 		.ascii	"7\220\313\304\234\250o5\354r\370\304\234l+\206\233p"
 106      9CA86F35 
ARM GAS  /tmp/ccDFYQwD.s 			page 8


 106      EC72F8C4 
 106      9C6C2B86 
 106      9B70
 107 00a7 40F45D39 		.ascii	"@\364]9!=\036o\271\262\320l\317\341\314\344\302%\032"
 107      213D1E6F 
 107      B9B2D06C 
 107      CFE1CCE4 
 107      C2251A
 108 00ba 3B350E6A 		.ascii	";5\016jTj\030\233\027\377!q\204s\352\225Y\014\007\243"
 108      546A189B 
 108      17FF2171 
 108      8473EA95 
 108      590C07A3 
 109 00ce 730789F2 		.ascii	"s\007\211\362\213S\022\343c\255\375\031\337\270\311"
 109      8B5312E3 
 109      63ADFD19 
 109      DFB8C9
 110 00dd B97EAD5A 		.ascii	"\271~\255Z\267\221sn~j\332)\207\030\375<\333v}\300\331"
 110      B791736E 
 110      7E6ADA29 
 110      8718FD3C 
 110      DB767DC0 
 111 00f2 84CB30B9 		.ascii	"\204\3130\271\202[p\3436\3342\360y%\020qy\332u\237\327"
 111      825B70E3 
 111      36DC32F0 
 111      79251071 
 111      79DA759F 
 112 0107 69721BDA 		.ascii	"ir\033\332\321\204E\231>\356\300\303fQ\025sX\036\305"
 112      D1844599 
 112      3EEEC0C3 
 112      66511573 
 112      581EC5
 113 011a 5205C291 		.ascii	"R\005\302\221\230B\\p\206\016\001\021\311\324\201\246"
 113      98425C70 
 113      860E0111 
 113      C9D481A6 
 114 012a 6CC1D299 		.ascii	"l\301\322\231\262t\301#\330D\011\302\022\3317\005\002"
 114      B274C123 
 114      D84409C2 
 114      12D93705 
 114      02
 115 013b 71BA539C 		.ascii	"q\272S\234\2732\333\341\340\205\210\315\302P>\023\013"
 115      BB32DBE1 
 115      E08588CD 
 115      C2503E13 
 115      0B
 116 014c D5175D94 		.ascii	"\325\027]\224\254]\357\366\257\253\213]\362\002\015"
 116      AC5DEFF6 
 116      AFAB8B5D 
 116      F2020D
 117 015b 7F9A5D96 		.ascii	"\177\232]\226\310\201{B\324\223\020-\366\030\203J*\343"
 117      C8817B42 
 117      D493102D 
 117      F618834A 
 117      2AE3
 118 016d FBD2446B 		.ascii	"\373\322Dk\206\336\377\353\242\012\325\206Bl\026\033"
 118      86DEFFEB 
ARM GAS  /tmp/ccDFYQwD.s 			page 9


 118      A20AD586 
 118      426C161B 
 119 017d 4C61FBA8 		.ascii	"La\373\250\020*Q\014\343\213OM\200\316\015,\327l\247"
 119      102A510C 
 119      E38B4F4D 
 119      80CE0D2C 
 119      D76CA7
 120 0190 7455BD5A 		.ascii	"tU\275Z_\367\004\252$\276y\027\177K*\257\256\207v\233"
 120      5FF704AA 
 120      24BE7917 
 120      7F4B2AAF 
 120      AE87769B 
 121 01a4 DC890742 		.ascii	"\334\211\007B\327\237\320\365\206/\3052\223\345\032"
 121      D79FD0F5 
 121      862FC532 
 121      93E51A
 122 01b3 9036B901 		.ascii	"\2206\271\001\037\302#\302}\365\321Q\225P\266\271\034"
 122      1FC223C2 
 122      7DF5D151 
 122      9550B6B9 
 122      1C
 123 01c4 8647D643 		.ascii	"\206G\326C\030\335_\223\372-\300\007%\\!\370c\011\257"
 123      18DD5F93 
 123      FA2DC007 
 123      255C21F8 
 123      6309AF
 124 01d7 EF1D6ADC 		.ascii	"\357\035j\334!\341\361\2708CC\011\272\221\026=$\351"
 124      21E1F1B8 
 124      38434309 
 124      BA91163D 
 124      24E9
 125 01e9 36A23F91 		.ascii	"6\242?\221\364d\025\304\030\206\3272_\330:;\003#\222"
 125      F46415C4 
 125      1886D732 
 125      5FD83A3B 
 125      032392
 126 01fc 2DF60385 		.ascii	"-\366\003\205\032c\313\376mZ\207X\240\320^\022\217\302"
 126      1A63CBFE 
 126      6D5A8758 
 126      A0D05E12 
 126      8FC2
 127 020e 833D6EB9 		.ascii	"\203=n\271\305\236BK\232\2144L6<\223&\007\301\236\013"
 127      C59E424B 
 127      9A8C344C 
 127      363C9326 
 127      07C19E0B 
 128 0222 6E32ED1F 		.ascii	"n2\355\037\351\300\306$L%\330\213\177`FZ\260q\011s\022"
 128      E9C0C624 
 128      4C25D88B 
 128      7F60465A 
 128      B0710973 
 129 0237 ECA5ACEF 		.ascii	"\354\245\254\357t\240\255\312Z=0\274ZK\364g:\354\011"
 129      74A0ADCA 
 129      5A3D30BC 
 129      5A4BF467 
 129      3AEC09
 130 024a C9CE20F6 		.ascii	"\311\316 \366\244H\224`\357\341\017\015\315\310\323"
ARM GAS  /tmp/ccDFYQwD.s 			page 10


 130      A4489460 
 130      EFE10F0D 
 130      CDC8D3
 131 0259 42F3AFCE 		.ascii	"B\363\257\316\324t\362\212\337b\213\213S\221\271D\007"
 131      D474F28A 
 131      DF628B8B 
 131      5391B944 
 131      07
 132 026a 0253A8A0 		.ascii	"\002S\250\240P\333\007\377\212\274\332\\\331\014\257"
 132      50DB07FF 
 132      8ABCDA5C 
 132      D90CAF
 133 0279 E1164353 		.ascii	"\341\026CS\237F\316g\311!q\005M\303m\362,\366\021\336"
 133      9F46CE67 
 133      C9217105 
 133      4DC36DF2 
 133      2CF611DE 
 134 028d D06AA1E4 		.ascii	"\320j\241\3441\2720A\027\245\330\351\207\362\362\264"
 134      31BA3041 
 134      17A5D8E9 
 134      87F2F2B4 
 135 029d E4BBB44C 		.ascii	"\344\273\264L;y\254D;Uz\272\274L+,*8\260_\313\317?\242"
 135      3B79AC44 
 135      3B557ABA 
 135      BC4C2B2C 
 135      2A38B05F 
 136 02b5 151D2D38 		.ascii	"\025\035-8\263\217\"\305e\345\305%%'\362\216\263\277"
 136      B38F22C5 
 136      65E5C525 
 136      2527F28E 
 136      B3BF
 137 02c7 FAF00B6D 		.ascii	"\372\360\013m"
 138              		.text
 139              		.section	.gnu.lto_.symbol_nodes.79c1e2ae0ddf65d9,"",%progbits
 140 0000 789C4DC9 		.ascii	"x\234M\311;\016\202P\020\205\341s\356\360\270\200K0"
 140      3B0E8250 
 140      1085E173 
 140      EEF0B880 
 140      4B30
 141 0012 71A94341 		.ascii	"q\251CAbb\345\012\014\205K!\330\271\006M(\361\375\254"
 141      6262E50A 
 141      0C854B21 
 141      D8B9064D 
 141      28F1FDAC 
 142 0026 8C706966 		.ascii	"\214pif\232?\337\031\0010'\246s=\025X\357\001Ulj\217"
 142      9A3FDF19 
 142      013027A6 
 142      733D1558 
 142      EF01556C 
 143 003c F84AD44E 		.ascii	"\370J\324N\305\235\250\264\017>\251n\032P\226\203\037"
 143      C59DA8B4 
 143      0F3EA96E 
 143      1A509683 
 143      1F
 144 004d 54B1BE53 		.ascii	"T\261\276S#\353\0175\266~S\023\353\0275\265\276Q\275"
 144      23EB0F35 
 144      B67E5313 
ARM GAS  /tmp/ccDFYQwD.s 			page 11


 144      EB1735B5 
 144      BE51BD
 145 0060 F5859A59 		.ascii	"\365\205\232Y\237\251\271\365\227Z\030\013\012l\017"
 145      9FA9B9F5 
 145      975A180B 
 145      0A6C0F
 146 006f 3F0A7274 		.ascii	"?\012rt\241\031\252\343X\217\246m\023A\212.4A\265\033"
 146      A119AAE3 
 146      588FA66D 
 146      13418A2E 
 146      3441B51B 
 147 0083 1BA359F6 		.ascii	"\033\243Y\366\013A\204.TP\255\206\272Y(\376LWP\021"
 147      0B41842E 
 147      5450AD86 
 147      BA5928FE 
 147      4C575011 
 148              		.text
 149              		.section	.gnu.lto_.refs.79c1e2ae0ddf65d9,"",%progbits
 150 0000 789C6366 		.ascii	"x\234cf``\340d\200\000&\006&Ff&F~\006\000\001K\000'"
 150      6060E064 
 150      80002606 
 150      26466626 
 150      467E0600 
 151              		.text
 152              		.section	.gnu.lto_.decls.79c1e2ae0ddf65d9,"",%progbits
 153 0000 789CB558 		.ascii	"x\234\265XyPTI\232\257|Y@Q\024`\240\323\335\303\354"
 153      79505449 
 153      9AAF7C59 
 153      40511460 
 153      A0D3DDC3 
 154 0015 6EDBCE2E 		.ascii	"n\333\316.\341\314:\342\021\335\333\023\023\023\335"
 154      E1CC3AE2 
 154      11DDDB13 
 154      1313DD
 155 0024 5AA012DB 		.ascii	"Z\240\022\333\264FaoL\314\374QCC)\304p\364\002v\333"
 155      B446616F 
 155      4CCCFC51 
 155      434329C4 
 155      70F40276 
 156 0039 B13B118F 		.ascii	"\261;\021\217cZ.\005\001\025\020\024\025\224C\005\274"
 156      635A2E05 
 156      01151014 
 156      15944305 
 156      BC
 157 004a 1A14A144 		.ascii	"\032\024\241DA\300\003P\020o\300\213K\020\224S\201\332"
 157      41C00350 
 157      106FC08B 
 157      4B109453 
 157      81DA
 158 005c 2F33DF7B 		.ascii	"/3\337{\365\252(\235\376c\266\202\257^}/\177\371\313"
 158      F5AA289D 
 158      FE63B682 
 158      AF5E7D2F 
 158      7FF9CB
 159 006f EF7A99DF 		.ascii	"\357z\231\337\003+\024\212SH\2410\301g\321/\024\212"
 159      032B148A 
 159      5348A130 
ARM GAS  /tmp/ccDFYQwD.s 			page 12


 159      C167D12F 
 159      148A
 160 0081 9FD92914 		.ascii	"\237\331)\024\030\356mP\260\353i\220u \347\025\354\243"
 160      18EE6D50 
 160      B0EB6990 
 160      7520E715 
 160      ECA3
 161 0093 01B90072 		.ascii	"\001\271\000r\021\244\011\244\031\244\025\344&H;H\007"
 161      11A409A4 
 161      19A415E4 
 161      26483B48 
 161      07
 162 00a4 C81D907B 		.ascii	"\310\035\220{ \367A\272A\200^\361Ta\371!\034\013\204"
 162      20F741BA 
 162      41805EF1 
 162      5461F921 
 162      1C0B84
 163 00b7 755C04DE 		.ascii	"u\\\004\336z\220\217@z\2055{@\372\004\033N\201\\\003"
 163      7A908F40 
 163      7A85357B 
 163      40FA041B 
 163      4E815C03 
 164 00cb E907A901 		.ascii	"\351\007\251\001\371\015\220\376;\310\020\374^\001\327"
 164      F90D90FE 
 164      3BC810FC 
 164      5E01D7
 165 00da 95200DC2 		.ascii	"\225 \015\302Z\037\300\327\317\2045\356\013\266\020"
 165      5A1FC0D7 
 165      CF8435EE 
 165      0BB610
 166 00e9 9B3E86FB 		.ascii	"\233>\206\373\377\001\362[\220\337\201|\206\230\275"
 166      FF01F25B 
 166      90DF817C 
 166      8698BD
 167 00f8 AB10B35D 		.ascii	"\253\020\263]\013Wo\304|Y\013W\037\220/\020\363\257"
 167      0B576FC4 
 167      7C590B57 
 167      1F902F10 
 167      F3AF
 168 010a 59F0D796 		.ascii	"Y\360\327\226/$\026\316\202/\304\376p\000\205\011\266"
 168      2F2416CE 
 168      822FC4FE 
 168      70008509 
 168      B6
 169 011b FD2F5CFF 		.ascii	"\375/\\\377\007\231\355\265\003\371+b\361\354\004Q\203"
 169      0799EDB5 
 169      03F92B62 
 169      F1EC0451 
 169      83
 170 012c 0481FE1D 		.ascii	"\004\201\376\035\310b\220\237\203\374\002\304\003\344"
 170      C862909F 
 170      83FC02C4 
 170      03E4
 171 013a 43907F06 		.ascii	"C\220\177\006\3717\220\177\001\341\204\265\272\025s"
 171      F937907F 
 171      01E184B5 
 171      BA1573
ARM GAS  /tmp/ccDFYQwD.s 			page 13


 172 0149 3F231C6A 		.ascii	"?#\034j(\311\3753\346\020\374T>\316);\343\212<\334\335"
 172      28C9FD33 
 172      E610FC54 
 172      3ECE293B 
 172      E38A3CDC 
 173 015e D5F93CCF 		.ascii	"\325\371<\317\307\363\237\243\022\244FG\020\226\315"
 173      C7F39FA3 
 173      12A44647 
 173      1096CD
 174 016d C884FB93 		.ascii	"\310\204\373\223\237\221\001\370\251\242\327x\236\217"
 174      9F9101F8 
 174      A9A2D778 
 174      9E8F
 175 017b E187D378 		.ascii	"\341\207\323x\374\201\002-qG\277rW\240B\344A\207\024"
 175      FC81022D 
 175      7147BF72 
 175      57A042E4 
 175      418714
 176 018e A818B9A3 		.ascii	"\250\030\271\243\"\344NVz\224>\222`\247\026\320\361"
 176      22E44E56 
 176      7A943E92 
 176      60A716D0 
 176      F1
 177 019f 7F0F5D59 		.ascii	"\177\017]Y\236:\345\322\313!\027\365:\242\336n\330\363"
 177      9E3AE5D2 
 177      CB2117F5 
 177      3AA2DE6E 
 177      D8F3
 178 01b1 31681AB5 		.ascii	"1h\032\265#\035<>z\315\211\016.$\352\331\264\206L{:"
 178      231D3C3E 
 178      7ACD890E 
 178      2E24EAD9 
 178      B4864C7B 
 179 01c6 AA246AFE 		.ascii	"\252$j\376\256\335G\355\250\252\"\352t\354\3408&\353"
 179      AEDD47ED 
 179      A8AA22EA 
 179      74ECE038 
 179      26EB
 180 01d8 F27C6A2C 		.ascii	"\362|j,\357\330\340\002\003\250\024V*\203\225\024\350"
 180      EFD8E002 
 180      03A81456 
 180      2A839514 
 180      E8
 181 01e9 045D79B1 		.ascii	"\004]y\261;*g\013\357j\353J\262wK\245p\236_\210h\020"
 181      3B2A670B 
 181      EF6AEB4A 
 181      B2774BA5 
 181      709E5F88 
 182 01ff 8E01FC38 		.ascii	"\216\001\3748\205\237Dn\342$\202\276qa\232W\311\321"
 182      859F446E 
 182      E22482BE 
 182      71619A57 
 182      C9D1
 183 0211 47DF85AE 		.ascii	"G\337\205\256\233\312\250Pk\022I\010\004SN!7\231-\247"
 183      9BCAA850 
 183      6B124908 
 183      04534E21 
ARM GAS  /tmp/ccDFYQwD.s 			page 14


 183      37992DA7 
 184 0225 11A9687A 		.ascii	"\021\251hz\005tM\365d\275\032;\220\334\240C\231\335"
 184      05744DF5 
 184      64BD1A3B 
 184      90DCA043 
 184      99DD
 185 0237 6DEA25C5 		.ascii	"m\352%\3054/F#g\316_r|W\243\032\277OA\321\207\317%;"
 185      342F4623 
 185      67CE5F72 
 185      7C57A31A 
 185      BF4F41D1 
 186 024f 80E31FA9 		.ascii	"\200\343\037\251\351P\347\336\251|G\252\222\347\324"
 186      E950E7DE 
 186      A97C47AA 
 186      92E7D4
 187 025e 156E710D 		.ascii	"\025nq\015\317\370C.\310\203&x\270)\255\376\237x^\211"
 187      CFF8432E 
 187      C8832678 
 187      B829ADFE 
 187      9F785E89 
 188 0272 AAC0E40A 		.ascii	"\252\300\344\012\204\321\217h\011Y\234\314&\237x\263"
 188      84D18F68 
 188      09599CCC 
 188      269F78B3 
 189 0282 990AC946 		.ascii	"\231\012\311Ft\016\222\365\221\232bQ%\334<K\243\306"
 189      740E92F5 
 189      919A6251 
 189      25DC3C4B 
 189      A3C6
 190 0294 D54D57C7 		.ascii	"\325MW\307\331!\265\207\355I\3256&Q\023\012c\323\336"
 190      D921B587 
 190      ED49D536 
 190      2651130A 
 190      63D3DE
 191 02a7 23269C07 		.ascii	"#&\234\007\023\316\230M\250B\202\015d\000<9\367\346"
 191      13CE984D 
 191      A842820D 
 191      64003C39 
 191      F7E6
 192 02b9 519BF2FD 		.ascii	"Q\233\362\375]B\012\347)\321\206\367dQ\253A\357\303"
 192      5D420AE7 
 192      29D186F7 
 192      6451AB41 
 192      EFC3
 193 02cb F79F942C 		.ascii	"\367\237\224, \225e\275\207\2248\222\006\344\374\216"
 193      209565BD 
 193      87943892 
 193      06E4FC8E 
 194 02db E856E5C2 		.ascii	"\350V\345\302}|^\331\360\364!\223c\026\237\027\303\317"
 194      7D7C5ED9 
 194      F0F42193 
 194      63169F17 
 194      C3CF
 195 02ed 9A4C88CE 		.ascii	"\232L\210\316AFiA\005\371\315\026\274\200\026\302\304"
 195      41466941 
 195      05F9CD16 
 195      BC8016C2 
ARM GAS  /tmp/ccDFYQwD.s 			page 15


 195      C4
 196 02fe 9BD969A7 		.ascii	"\233\331i\247\020>\211(\313\271\324\364n\015e\351\252"
 196      103E8928 
 196      CBB9D4F4 
 196      6E0D65E9 
 196      AA
 197 030f 6C3418E3 		.ascii	"l4\030\343\370i\223\0113\212Z\031E\255Hq\221R\334xY"
 197      F8699309 
 197      338A5A19 
 197      45AD4871 
 197      9152DC78 
 198 0324 C93BE01A 		.ascii	"\311;\340\032J\301mo\355\234U\"\017\015u:\363\310\253"
 198      4AC16D6F 
 198      ED9C5522 
 198      0F0D753A 
 198      F3C8AB
 199 0337 ADD1F074 		.ascii	"\255\321\360t\325#\015\272dvz\275\206\371,/\017\231"
 199      D5230DBA 
 199      64767ABD 
 199      86F92C2F 
 199      0F99
 200 0349 9FA80E82 		.ascii	"\237\250\016\202\270^#\240a\201\361\270\242\273.J(\005"
 200      B85E23A0 
 200      6181F1B8 
 200      A2BB2E4A 
 200      2805
 201 035b 4AF4275A 		.ascii	"J\364'Z\372i93\343.o\015T\003\015\324e$D\352\310\300"
 201      FA693933 
 201      E32E6F0D 
 201      54030DD4 
 201      652444EA 
 202 0371 D962473C 		.ascii	"\331bG<\306\234l?\236\336\340\010Nv\201}\215\217W\357"
 202      C69C6C3F 
 202      9EDEE008 
 202      4E76817D 
 202      8D8F57EF 
 203 0385 8C4DCDE7 		.ascii	"\214M\315\347\273L\246\017\351,\324(\363\263Q\364\263"
 203      BB4CA60F 
 203      E92CD428 
 203      F3B351F4 
 203      B3
 204 0396 89FA9999 		.ascii	"\211\372\231\231\230\031\257\261\250i\362\010\230\027"
 204      9819AFB1 
 204      A869F208 
 204      9817
 205 03a4 BDC26A1A 		.ascii	"\275\302j\032\220\246\231\254W\210\032|E2x8\271\244"
 205      90A699AC 
 205      57881A7C 
 205      45327838 
 205      B9A4
 206 03b6 DFF1AD06 		.ascii	"\337\361\255\006_\243\006_\025\015\276V\237>\346\212"
 206      5FA3065F 
 206      150DBE56 
 206      9F3EE68A 
 207 03c6 2BE96E85 		.ascii	"+\351n\205F\307;\322\\\250\301e\331%\023(\213? \346"
 207      46C73BD2 
 207      5CA8C165 
ARM GAS  /tmp/ccDFYQwD.s 			page 16


 207      D9251328 
 207      8B3F20E6 
 208 03da 1666A1EB 		.ascii	"\026f\241\3532\203\257\213\0067S\203\233\352\306{\235"
 208      3283AF8B 
 208      06375383 
 208      9BEAC67B 
 208      9D
 209 03eb F00BC672 		.ascii	"\360\013\306r\304\330\330\200\031K\362\340q9\013Io\213"
 209      C4D8D880 
 209      194BF2E0 
 209      71390B49 
 209      6F8B
 210 03fd 8CA54564 		.ascii	"\214\245Edi\245,\235Gsns\270\010S\226\264\353\211;\021"
 210      69A52C9D 
 210      47736E73 
 210      B8085396 
 210      B4EB893B 
 211 0412 65C9AB2C 		.ascii	"e\311\253,\370aa\003o4\231>\243\0147d\0147D\206\233"
 211      F8616103 
 211      6F34993E 
 211      A30C3764 
 211      0C374486 
 212 0427 9421C134 		.ascii	"\224!\3014T\241\306\227\030C\376\205\216~;fG\351\213"
 212      54A1C697 
 212      1843FE85 
 212      8E7E3B66 
 212      47E98B
 213 043a 52CECA8E 		.ascii	"R\316\312\2166\031K\233\310\322NYb\273\223LJ\374\232"
 213      36194B9B 
 213      C8D24E59 
 213      62BB934C 
 213      4AFC9A
 214 044d B13C7B1D 		.ascii	"\261<{\035S\356 x\263}\2167\267d,\267D\226\016\312\362"
 214      53EE2078 
 214      B37D8E37 
 214      B7642CB7 
 214      44960ECA 
 215 0462 6363ED53 		.ascii	"cc\355S\214\323\225\224\345hVw\242\340\315YKon\313\030"
 215      8CD39594 
 215      E5685677 
 215      A2E0CD59 
 215      4B6F6ECB 
 216 0477 6E8B0C77 		.ascii	"n\213\014w(C\321\331[\023\256\270\2201\344\216\216\274"
 216      2843D1D9 
 216      5B13AEB8 
 216      9031E48E 
 216      8EBC
 217 0489 42426E92 		.ascii	"BBn\222\346\344\346\256\214\345\256\310r\217\262\334"
 217      E6E4E6AE 
 217      8CE5AEC8 
 217      728FB2DC 
 218 0499 697F96E9 		.ascii	"i\177\226\351\324\303\341\035J\005\272O\357\304\037"
 218      D4C3E11D 
 218      4A05BA4F 
 218      EFC41F
 219 04a8 2BAB72A4 		.ascii	"+\253r\244EC\366\010V4\331-G\367j\244{\017\020\275y"
 219      4543F608 
ARM GAS  /tmp/ccDFYQwD.s 			page 17


 219      5634D92D 
 219      47F76AA4 
 219      7B0F10BD 
 220 04bd 2C65EC92 		.ascii	",e\354\222\346\255\225\324I+\351\241XI'\332J\366\251"
 220      E6AD95D4 
 220      492BE9A1 
 220      584927DA 
 220      4AF6A9
 221 04d0 7125B3B6 		.ascii	"q%\263\266\255&\272\320^\260\366\344\244Ff-\314B]2k"
 221      AD26BAD0 
 221      5EB0F6E4 
 221      A446662D 
 221      CC425D32 
 222 04e5 BB446BBB 		.ascii	"\273Dk\273\251mO\323v\015c<\305Xb\215u\351\030\307\330"
 222      A96D4FD3 
 222      760D633C 
 222      C558628D 
 222      75E918C7 
 223 04fa 51E5D483 		.ascii	"Q\345\324\203\316\"\365\207\251v\271pF\302\026Oc\222"
 223      CE22F587 
 223      A976B970 
 223      46C2164F 
 223      6392
 224 050c 71FABCEA 		.ascii	"q\372\274\352\227\007\370\226\274\341\351\307\246\237"
 224      9707F896 
 224      BCE1E9C7 
 224      A69F
 225 051a 47A7E6C5 		.ascii	"G\247\346\305\244\362$\260\364\014x\004\253\300\326"
 225      A4F224B0 
 225      F40C7804 
 225      ABC0D6
 226 0529 233B3A1E 		.ascii	"#;:\036\223\265\320\023\004O\340S\364K \250m\256\330"
 226      93B5D013 
 226      044FE053 
 226      F44B20A8 
 226      6DAED8
 227 053c CD1E9F75 		.ascii	"\315\036\237ub &j\352F\354\345>\303\376`\366\271\207"
 227      6220266A 
 227      EA46ECE5 
 227      3EC3FE60 
 227      F6B987
 228 054f FAFC4CF4 		.ascii	"\372\374L\364\371h\372\217F'\213\007\025\0002x\257p"
 228      F968FA8F 
 228      46278B07 
 228      15003278 
 228      AF70
 229 0561 F8F4D2C3 		.ascii	"\370\364\322\303\347jW\371E\316\002}\315\002\335'\240"
 229      E76A57F9 
 229      45CE027D 
 229      CD02DD27 
 229      A0
 230 0572 FB28FA61 		.ascii	"\373(\372a\2461Qi\201\256\261@\367\013\350~\212\256"
 230      A6315169 
 230      81AEB140 
 230      F70BE87E 
 230      8AAE
 231 0584 EFABDEA1 		.ascii	"\357\253\336\241\241\3077oO,+\253)Ip\244\007\366\237"
ARM GAS  /tmp/ccDFYQwD.s 			page 18


 231      A1C7376F 
 231      4F2C2BAB 
 231      294970A4 
 231      07F69F
 232 0597 895A5BB9 		.ascii	"\211Z[\271-W\211\263Y$\007k\363\267\222\303;\366\247"
 232      2D5789B3 
 232      5924076B 
 232      F3B792C3 
 232      3BF6A7
 233 05aa 9D2A3023 		.ascii	"\235*0#.\3134\206\361a6={\252\264\310\011\027\013J\326"
 233      2ECB3486 
 233      F161363D 
 233      7BAAB4C8 
 233      09170B4A 
 234 05bf E57B4A7C 		.ascii	"\345{J|\234)\311\315m)\216\370$S\016gL$\270\342\012"
 234      9C29C9CD 
 234      6D298EF8 
 234      24530E67 
 234      4C24B8E2 
 235 05d4 A65C7934 		.ascii	"\246\\y4\371JC\315\231G\324\2517mw8|\216\2155\335\352"
 235      F94A43CD 
 235      9947D4A9 
 235      376D7738 
 235      7C8E8D35 
 236 05ea 3E68876B 		.ascii	">h\207k\230\2225q\265\336\225\002?\240\331\330\033\033"
 236      98923571 
 236      B5DE9502 
 236      3FA0D9D8 
 236      1B1B
 237 05fc EB8AEBD8 		.ascii	"\353\212\353\330X\336\221\031\223\013\276\302\024\261"
 237      58DE9119 
 237      930BBEC2 
 237      14B1
 238 060a 5FD1B07E 		.ascii	"_\321\260~%\347B\177\2533nac\257\036\305\314\"\334\306"
 238      25E7427F 
 238      AB336E61 
 238      63AF1EC5 
 238      CC22DCC6 
 239 061e 94C247D7 		.ascii	"\224\302G\327\323\234)p1Q\367gLi\361m6tv$iT\205\357"
 239      D39C2970 
 239      3151F767 
 239      4C69F16D 
 239      36747624 
 240 0636 33A573A2 		.ascii	"3\245s\242\263\326\201\342\226\321\236\245*'\315\221"
 240      B3D681E2 
 240      96D19EA5 
 240      2A27CD91 
 241 0646 05940EEF 		.ascii	"\005\224\016\3578\236\377\212\031\206)\353\201\373W"
 241      389EFF8A 
 241      198629EB 
 241      81FB57
 242 0655 DFD101C5 		.ascii	"\337\321\001\305rB\007\024\303\321\000\346\016\264\024"
 242      72420714 
 242      C3D100E6 
 242      0EB414
 243 0664 BB9A7B9A 		.ascii	"\273\232{\232(\372\224Es\356h\224\302\34387q\022A\357"
 243      28FA9445 
ARM GAS  /tmp/ccDFYQwD.s 			page 19


 243      73EE6894 
 243      C2E33837 
 243      711241EF 
 244 0678 692F1C76 		.ascii	"i/\034v\220\243\207\336\205N\334\235Q\217p\027\363\242"
 244      90A387DE 
 244      854EDC9D 
 244      518F7017 
 244      F3A2
 245 068a 3DFAD92D 		.ascii	"=\372\331-\016?a\312\211C\005gX\021|N]\350hmw\300}B"
 245      0E3F61CA 
 245      89430567 
 245      58117C4E 
 245      5DE8686D 
 246 06a2 FC846650 		.ascii	"\374\204fP\303\232\301\306\323\333\215j<\310\306fJ\236"
 246      C39AC1C6 
 246      D3DB8D6A 
 246      3CC8C666 
 246      4A9E
 247 06b4 4C72F825 		.ascii	"Lr\370%Sz\252\237\363\034\005n \352\303\301\355\235"
 247      537AAA9F 
 247      F31C056E 
 247      20EAC3C1 
 247      ED9D
 248 06c6 2A3C66B9 		.ascii	"*<f\271\200\013[ 1\251\334\344\360\366\240\244\212A"
 248      800B5B20 
 248      31A9DCE4 
 248      F0F6A0A4 
 248      8A41
 249 06d8 F9158D49 		.ascii	"\371\025\215ItnA\027\026\274\314\023c\222\302\261\256"
 249      746E4117 
 249      16BCCC13 
 249      6392C2B1 
 249      AE
 250 06e9 51817652 		.ascii	"Q\201vR/SE/Gn\3075;\311\321C\357B_\033/\314\265\307"
 250      2F53452F 
 250      476EC735 
 250      3BC9D143 
 250      EF425F1B 
 251 0701 6F9895F1 		.ascii	"o\230\225\361U\031\207Y\030\376\000\352{\367\232\267"
 251      55198759 
 251      18FE00EA 
 251      7BF79AB7 
 252 0711 953AA345 		.ascii	"\225:\243E\3543\177\221\354\343\261(\217\217\213\035"
 252      EC337F91 
 252      ECE3B128 
 252      8F8F8B1D 
 253 0721 8EAFACF2 		.ascii	"\216\257\254\362\332y\344\007\276a\031]$\231\303(\207"
 253      DA79E407 
 253      BE61195D 
 253      2499C328 
 253      87
 254 0732 9B6F7E48 		.ascii	"\233o~H\266sd\305_\303\227\202\340\363v\224\007\032"
 254      B67364C5 
 254      5FC39782 
 254      E0F37694 
 254      071A
 255 0744 E330C526 		.ascii	"\3430\305&Yc\023)\266\024I\340\331R{\201w\012Ya_#K\336"
ARM GAS  /tmp/ccDFYQwD.s 			page 20


 255      59631329 
 255      B61449E0 
 255      D9527B81 
 255      770A5961 
 256 075c D712F495 		.ascii	"\327\022\364\2255t\324\012\232`6a\326\032;\203\254L"
 256      3574D40A 
 256      9A603661 
 256      D61A3B83 
 256      AC4C
 257 076e 98917827 		.ascii	"\230\221x'\255\261\023\326\330i\011;n\033Km\330)\224"
 257      ADB113D6 
 257      D869093B 
 257      6E1B4B6D 
 257      D82994
 258 0781 EAE7510A 		.ascii	"\352\347Q\0124\000\343\317\351\020A\303N\202\2128\017"
 258      3400E3CF 
 258      E91041C3 
 258      4E828A38 
 258      0F
 259 0792 B48F5B84 		.ascii	"\264\217[\204rA\362A\366\203d\202\024\200\354\005\311"
 259      7241F241 
 259      F6836482 
 259      1480EC05 
 259      C9
 260 07a3 06D90372 		.ascii	"\006\331\003r\000\244\020$\013\344 \310a\220# y \273"
 260      00A41024 
 260      0BE420C8 
 260      61902320 
 260      7920BB
 261 07b6 41768114 		.ascii	"Av\201\024\203\034\342\026\321#\203\032\370B2p\330\332"
 261      831CE216 
 261      D123831A 
 261      F8423270 
 261      D8DA
 262 07c8 C0C556BE 		.ascii	"\300\305V\276\014I\320\027"
 262      0C49D017 
 263 07d0 36A1E670 		.ascii	"6\241\346pNI\310\227\326\310r\353\010m7\207>\301v\366"
 263      4E49C897 
 263      D6C872EB 
 263      086D3787 
 263      3EC176F6 
 264 07e4 CDBC2689 		.ascii	"\315\274&\211\367\215\355\344\313x\023\315\274&k0o\301"
 264      F78DEDE4 
 264      CB7813CD 
 264      BC266B30 
 264      6FC1
 265 07f6 1B9D9755 		.ascii	"\033\235\227U\256$\3304\316\015\245\0136\210\217\006"
 265      AE24D834 
 265      CE0DA50B 
 265      36888F06 
 266 0806 CAB0B261 		.ascii	"\312\260\262aR\262a\304\266of\350\033\011:f\273\000"
 266      52B261C4 
 266      B66F66E8 
 266      1B093A66 
 266      BB00
 267 0818 2573A3F3 		.ascii	"%s\243\363\222\230\011\177\003\023~\020L\020w,\301\\"
 267      9298097F 
ARM GAS  /tmp/ccDFYQwD.s 			page 21


 267      03137E10 
 267      4C10772C 
 267      C15C
 268 082a 996FC966 		.ascii	"\231o\311f\337\266Y\307,\336\032\034o\006O\333\256m"
 268      DFB659C7 
 268      2CDE1A1C 
 268      6F064FDB 
 268      AE6D
 269 083c 6A31790F 		.ascii	"j1y\017\350\032,\265\347\021\201(\304\006C!\225JWf\371"
 269      E81A2CB5 
 269      E7118128 
 269      C4064321 
 269      954A5766 
 270 0851 13E89BF2 		.ascii	"\023\350\233\362j\021\345\332a\373\261f\013\303\373"
 270      6A11E5DA 
 270      61FBB166 
 270      0BC3FB
 271 0860 C5E5E1CA 		.ascii	"\305\345\341\312Y\214\346{\330\252mt\024J\372\377\273"
 271      598CE67B 
 271      D8AA6D74 
 271      144AFAFF 
 271      BB
 272 0871 BCA943D9 		.ascii	"\274\251C\331\345\032p\250\004\226\0324\277\326\020"
 272      E51A70A8 
 272      04961A34 
 272      BFD610
 273 0880 FFC497D5 		.ascii	"\377\304\227\325\363\373\353G\034,\332\204\022\231S"
 273      F3FBEB47 
 273      1C2CDA84 
 273      129953
 274 088f 0A748C63 		.ascii	"\012t\214cm\002\\\311\236k<v\323\201n\330\237\322\343"
 274      6D025CC9 
 274      9E6B3C76 
 274      D3816ED8 
 274      9FD2E3
 275 08a2 F550D700 		.ascii	"\365P\327\000\242;\243\003\355\271\377VQ\301\316\004"
 275      A23BA303 
 275      EDB9FF56 
 275      51C1CE04 
 276 08b2 DA43E4E7 		.ascii	"\332C\344\347\017\357v~\373v^.n\347e\354\214\033\214"
 276      0FEF767E 
 276      FB765E2E 
 276      6EE765EC 
 276      8C1B8C
 277 08c5 1D3836E7 		.ascii	"\03586\347-\3778\324@)\015\354\011\272C\323IT!\326<"
 277      2DFF38D4 
 277      40290DEC 
 277      09BA43D3 
 277      495421D6 
 278 08da 4C4AB56C 		.ascii	"LJ\265lq\032,Z\234\223\202\355'\251\355\325\373\032"
 278      711A2C5A 
 278      9C9382ED 
 278      27A9EDD5 
 278      FB1A
 279 08ec 66D5F88C 		.ascii	"f\325\370\214=\335\323+\006zc\310\273\225\261l8\353"
 279      3DDDD32B 
 279      067A63C8 
ARM GAS  /tmp/ccDFYQwD.s 			page 22


 279      BB95B16C 
 279      38EB
 280 08fe DC51EF0B 		.ascii	"\334Q\357\013\005\260]\223\246\032\3557\316\243\215"
 280      05B05D93 
 280      A61AED37 
 280      CEA38D
 281 090d D229CEDC 		.ascii	"\322)\316\334c\302o\326c\236\346H\217Y\320[\362\002"
 281      63C26FD6 
 281      639EE648 
 281      8F59D05B 
 281      F202
 282 091f E3E78CE8 		.ascii	"\343\347\214\350\345\315\333\223*JTVZz\030K\357\263"
 282      E5CDDB93 
 282      2A4A5456 
 282      5A7A184B 
 282      EFB3
 283 0931 AB29CB19 		.ascii	"\253)\313\031\031\313\031\221\345G\312\322\335\326\336"
 283      19CB1991 
 283      E547CAD2 
 283      DDD6DE
 284 0940 A2C6338C 		.ascii	"\242\3063\214%\277\270\370\201\232\261d6\226X\263T\310"
 284      25BFB8F8 
 284      819AB164 
 284      369658B3 
 284      54C8
 285 0952 582A4496 		.ascii	"X*D\226J\312\362\244m\204W\343T\366\037\211\303\203"
 285      4ACAF2A4 
 285      6D8457E3 
 285      54F61F89 
 285      C383
 286 0964 55BDCCA9 		.ascii	"U\275\314\251\274\244c\366\324\237\032\376#JqVFqV\244"
 286      BCA463F6 
 286      D49F1AFE 
 286      234A7156 
 286      467156A4 
 287 0978 38C72806 		.ascii	"8\307(\006\213\215N8\233Q\034\350\273\223\242\306\205"
 287      8B8D4E38 
 287      9B511CE8 
 287      BB93A2C6 
 287      85
 288 0989 4C19BC3C 		.ascii	"L\031\274<{\322\016\332[t\236\316 \377\363Ioy\343\302"
 288      7BD20EDA 
 288      5B749ECE 
 288      20FFF349 
 288      6F79E3C2 
 289 099d C236747E 		.ascii	"\3026t~x\301\271\023<{\367F\321ql\235*q\035T\315\301"
 289      78C1B913 
 289      3C7BF746 
 289      D1716C9D 
 289      2A711D54 
 290 09b3 0B4395B8 		.ascii	"\013C\225\270T\015]\312t\360\331(\302\243\214\275\246"
 290      540D5DCA 
 290      74F0D928 
 290      C2A38CBD 
 290      A6
 291 09c4 A461BBBD 		.ascii	"\244a\273\275\230\202'\276sS`\224\331l\024\211.P\242"
 291      988227BE 
ARM GAS  /tmp/ccDFYQwD.s 			page 23


 291      73536094 
 291      D96C1489 
 291      2E50A2
 292 09d7 D7972FC0 		.ascii	"\327\227/\300Q\031\257\242D#\007\367\226*\231\333\325"
 292      5119AFA2 
 292      442307F7 
 292      962A99DB 
 292      D5
 293 09e8 E4592706 		.ascii	"\344Y'\006\305\306s\302\277\003d$\265\"\311EJR{\250"
 293      C5C673C2 
 293      BF036424 
 293      B522C945 
 293      4A527BA8 
 294 09fc 638F03CE 		.ascii	"c\217\003\316\025H\236\226\2668\213y,\265\316\300%\031"
 294      15489E96 
 294      B6388B79 
 294      2CB5CEC0 
 294      2519
 295 0a0e CB2591A5 		.ascii	"\313%\221\245\216\262\354int\303e\214$\357\376\215\377"
 295      8EB2EC69 
 295      6E74C365 
 295      8C24EFFE 
 295      8DFF
 296 0a20 14B29870 		.ascii	"\024\262\230p\302\232\243^\306Q/r\\\246\034\373Z\036"
 296      C29AA35E 
 296      C6512F72 
 296      5CA61CFB 
 296      5A1E
 297 0a32 F429711D 		.ascii	"\364)q\035#\231\215m\351\264c\356\344Xe\261AF\321 R"
 297      23998D6D 
 297      E9B463EE 
 297      E45865B1 
 297      4146D120 
 298 0a47 34528AA6 		.ascii	"4R\212\246\213728\334\252zK\342L/\017fh\304\304\345"
 298      8B373238 
 298      DCAA7A4B 
 298      E24C2F0F 
 298      6668C4C4 
 299 0a5c DB485C93 		.ascii	"\333H\\\223\224\270+$qM\"\373U\312~uw\357:\372\330\033"
 299      94B82B24 
 299      714D22FB 
 299      55CA7E75 
 299      77EF3AFA 
 300 0a72 69F72A6E 		.ascii	"i\367*n\003\032\266\015d_\357H\260\303\017\331\3321"
 300      031AB60D 
 300      645FEF48 
 300      B0C30FD9 
 300      DA31
 301 0a84 2DCF1FBB 		.ascii	"-\317\037\273\342~\246\360)=q\030\0172%!-\266G\205_"
 301      E27EA6F0 
 301      293D7118 
 301      0F322521 
 301      2DB64785 
 302 0a99 32E56661 		.ascii	"2\345faj\274\012\2173e\352z\317i\214ML9\235\322\263"
 302      6ABC0A8F 
 302      3365EA7A 
 302      CF698C4D 
ARM GAS  /tmp/ccDFYQwD.s 			page 24


 302      4C399DD2 
 303 0aae 5F89E31D 		.ascii	"_\211\343\035\251R\327\361C\237=Na\312\235#\333\322"
 303      A952D7F1 
 303      439F3D4E 
 303      61CA9D23 
 303      DBD2
 304 0ac0 55780F53 		.ascii	"Ux\017Sv\026d\300A\261\237)5\365\327\017:\342|\246\214"
 304      761664C0 
 304      41B19F29 
 304      35F5D70F 
 304      3AE27CA6 
 305 0ad5 8DA5C470 		.ascii	"\215\245\304p\270\220)\215\371{\247\\p\031S\306{\232"
 305      B890298D 
 305      F97BA75C 
 305      701953C6 
 305      7B9A
 306 0ae7 8D089FA1 		.ascii	"\215\010\237\241\312\274\256\313\245\003\216H\336\277"
 306      CABCAECB 
 306      A5038E48 
 306      DEBF
 307 0af5 CD173BB8 		.ascii	"\315\027;\270\351\366\274%E$D\354\330h\201\330\364\275"
 307      E9F6BC25 
 307      452444EC 
 307      D86881D8 
 307      F4BD
 308 0b07 E3B84F28 		.ascii	"\343\270O(\021\317\271V\233H\331a\264W\202\336\263\206"
 308      11CFB956 
 308      9B48D961 
 308      B45782DE 
 308      B386
 309 0b19 CEE9B3B6 		.ascii	"\316\351\263\266K\330vk\354\25056K\302\336\261\306\316"
 309      4BD8766B 
 309      ECA83536 
 309      4BC2DEB1 
 309      C6CE
 310 0b2b E90C9224 		.ascii	"\351\014\222$\354Mk\354\234\356$\267D\336\036\365\315"
 310      EC4D6BEC 
 310      9CEE24B7 
 310      44DE1EF5 
 310      CD
 311 0b3c 6D22E4A7 		.ascii	"m\"\344\247\262\204m\263m\2579b\231\022\364\266ms\315"
 311      B2846DB3 
 311      6DAF3962 
 311      9912F4B6 
 311      6D73CD
 312 0b4f D044097A 		.ascii	"\320D\011z\303\266\265fh\266\004\275k;\270fh\212\004"
 312      C3B6B566 
 312      68B604BD 
 312      6B3BB866 
 312      688A04
 313 0b62 EDB086CA 		.ascii	"\355\260\206\312{X\371\341}\015\216\242\353\324\347"
 313      7B58F9E1 
 313      7D0D8EA2 
 313      EBD4E7
 314 0b71 3EE1E41E 		.ascii	">\341\344\036\200\223\373\001\234\270\017A\236\201<"
 314      8093FB01 
 314      9CB80F41 
ARM GAS  /tmp/ccDFYQwD.s 			page 25


 314      9E813C
 315 0b80 027902D2 		.ascii	"\002y\002\322\005\362\034\244\027\344)H7H\017H'H?\310"
 315      05F21CA4 
 315      17E42948 
 315      37480F48 
 315      27483FC8 
 316 0b94 6379039A 		.ascii	"cy\003\232#Yr\337\332\022Y\233F\017\363\331\"\322\235"
 316      235972DF 
 316      DA12599B 
 316      460FF3D9 
 316      22D29D
 317 0ba7 F4D9EE4E 		.ascii	"\364\331\356Nv\2244i\304W\216[\266}\372\265\320\232"
 317      76943469 
 317      C4578E5B 
 317      B67DFAB5 
 317      D09A
 318 0bb9 ECDC570B 		.ascii	"\354\334W\013\357\316\036\363)\351\276\277\250\320\020"
 318      EFCE1EF3 
 318      29E9BEBF 
 318      A8D010
 319 0bc8 609BA5BD 		.ascii	"`\233\245\275\205\256@?\266\334G\203\340\365?*\002\344"
 319      85AE403F 
 319      B6DC4783 
 319      E0F53F2A 
 319      02E4
 320 0bda 45792876 		.ascii	"Ey(v\310\262\001\031\262h@^\010\207\370\013z\210\357"
 320      C8B20119 
 320      B268405E 
 320      0887F80B 
 320      7A88EF
 321 0bed 297EDD67 		.ascii	")~\335g\207_\262\307\371\362\261\272\273\3168ZM\225"
 321      875FB2C7 
 321      F9F2B1BA 
 321      BBCE385A 
 321      4D95
 322 0bff 81F48119 		.ascii	"\201\364\201\031\027\034\317\224\252\303\333\252\235"
 322      171CCF94 
 322      AAC3DBAA 
 322      9D
 323 0c0c 700A55EC 		.ascii	"p\012U\354\257$_jr@\346\307\273k\240\300\034\252W\340"
 323      AF245F6A 
 323      7240E6C7 
 323      BB6BA0C0 
 323      1CAA57E0 
 324 0c20 F6F83B1F 		.ascii	"\366\370;\037\201\276\0021A-\326\330\305\266+\305\374"
 324      81BE0231 
 324      412DD6D8 
 324      C5B62BC5 
 324      FC
 325 0c31 AA3D2EC4 		.ascii	"\252=.\304i\022\3424\005~\217\201L\200\214\312+\240"
 325      6912E234 
 325      057E8F81 
 325      4C808CCA 
 325      2BA0
 326 0c43 5F5AE0A5 		.ascii	"_Z\340\245mc\314\025\360\260\200T\300\270\355\012\350"
 326      6D63CC15 
 326      F0B08054 
ARM GAS  /tmp/ccDFYQwD.s 			page 26


 326      C0B8ED0A 
 326      E8
 327 0c54 95B93562 		.ascii	"\225\2715b\323T\261\000n\265N$\272\212\005\360\334["
 327      D354B100 
 327      6EB54E24 
 327      BA8A05F0 
 327      DC5B
 328 0c66 85DE0074 		.ascii	"\205\336\000t\330\\\000\343\266\012@j\307_\2033\177"
 328      D85C00E3 
 328      B60A406A 
 328      C75F8333 
 328      7F
 329 0c77 CF31F25F 		.ascii	"\3171\362_\200\370\242\265\026y}c\221\327i!\257\323"
 329      80F8A2B5 
 329      16797D63 
 329      91D76921 
 329      AFD3
 330 0c89 34AFC939 		.ascii	"4\257\3119\035\271\226\377\262\356\264h\345f\0044\271"
 330      1DB996FF 
 330      B2EEB468 
 330      E5660434 
 330      B9
 331 0c9a 2A0382FC 		.ascii	"*\003\202\374#T[\202\303\242V\256\320G\331\257\375\362"
 331      23545B82 
 331      C3A256AE 
 331      D047D9AF 
 331      FDF2
 332 0cac AB855A85 		.ascii	"\253\205Z\205Z\257\027\357\374\306sKd\204gpX@\310\226"
 332      5AAF17EF 
 332      FCC6734B 
 332      64846770 
 332      5840C896 
 333 0cc0 40836798 		.ascii	"@\203g\230\341\273\220\340\257=C\375\003\202\202\303"
 333      E1BB90E0 
 333      AF3D43FD 
 333      038282C3 
 334 0cd0 0C9EFA40 		.ascii	"\014\236\372@\303&\377-!Q\372\250\357\2771D.\015R,\262"
 334      C326FF2D 
 334      2151FAA8 
 334      EFBF3144 
 334      2E0D522C 
 335 0ce5 858EFC3E 		.ascii	"\205\216\374>\322S\037\031\025\010\214\000Q\375\227"
 335      D2531F19 
 335      15088C00 
 335      51FD97
 336 0cf4 21202A3C 		.ascii	"! *<\342\323e\237,]\352)\375\205Gz\006\371\207x~\023"
 336      E2D3659F 
 336      2C5DEA29 
 336      FD85477A 
 336      06F98778 
 337 0d0a 1E1115E9 		.ascii	"\036\021\025\351\351\267\321w\345\012\317/\276\360\362"
 337      E9B7D177 
 337      E50ACF2F 
 337      BEF0F2
 338 0d19 DCE8E3FB 		.ascii	"\334\350\343\373\355r2\002\363\365!!\201K\003\024N\354"
 338      ED723202 
 338      F3F52121 
ARM GAS  /tmp/ccDFYQwD.s 			page 27


 338      814B0314 
 338      4EEC
 339 0d2b 973E382C 		.ascii	"\227>8,8J\025a\330\354\037\021\252\217Zb\305\025\020"
 339      384A1561 
 339      D8EC1F11 
 339      AA8F5A62 
 339      C51510
 340 0d3e 1E1A1A1E 		.ascii	"\036\032\032\036&\320\255\322\371j}\267z\006\004\005"
 340      26D0ADD2 
 340      F96A7DB7 
 340      7A060405 
 341 0d4e 844718C0 		.ascii	"\204G\030\300\0027=\271\257\017\216\370o\275\341\233"
 341      02373DB9 
 341      AF0F8EF8 
 341      6FBDE19B 
 342 0d5e E090F0CD 		.ascii	"\340\220\360\315[\014\313~\362|\375\267\237\204\002"
 342      5B0CCB7E 
 342      F27CFDB7 
 342      9F8402
 343 0d6d C73C7D54 		.ascii	"\307<}T\204\177\200A\037\034\031\241\0171\370\177k\370"
 343      847F8041 
 343      1F1C19A1 
 343      0F31F87F 
 343      6BF8
 344 0d7f 572B8688 		.ascii	"W+\206\210()\014\001A\024\013\263\026\350\003\277\336"
 344      28290C01 
 344      41140BB3 
 344      16E803BF 
 344      DE
 345 0d90 AC0F0832 		.ascii	"\254\017\0102\004\374\205\315\"\363\33793\320\360\365"
 345      04FC85CD 
 345      22F3DF39 
 345      33D0F0F5 
 346 0da0 96CD30D3 		.ascii	"\226\3150\323]6sKXH8\\6E\204\207\222\371n\001A~\337"
 346      5D36734B 
 346      5848385C 
 346      36458487 
 346      92F96E01 
 347 0db7 476E0C0E 		.ascii	"Gn\014\0165D\254\363\017\013\0141D\370,z\027%\244\003"
 347      3544ACF3 
 347      0F0B0C31 
 347      44F82C7A 
 347      1725A403 
 348 0dcb 083F909B 		.ascii	"\010?\220\233\"\247\223\333h\010\2132D\220\233rw\351"
 348      22A793DB 
 348      68088B32 
 348      44909B72 
 348      77E9
 349 0ddd CD7961DF 		.ascii	"\315ya\337\006\007x\207\371\177\035b`\371\\\372\326"
 349      06077887 
 349      F97F1D62 
 349      60F95CFA 
 349      D6
 350 0dee 6C0AB114 		.ascii	"l\012\261\024\242H\346\221*\320\3537m\011\013\320\353"
 350      A248E691 
 350      2AD0EB37 
 350      6D090BD0 
ARM GAS  /tmp/ccDFYQwD.s 			page 28


 350      EB
 351 0dff 9DC51F4B 		.ascii	"\235\305\037K?\371t\345rG\2618H\232CI\375\005Cv\261"
 351      3FF974E5 
 351      7247B138 
 351      489A4349 
 351      FD054376 
 352 0e14 56B71C64 		.ascii	"V\267\034d\205\322\317W\253Sz\371x\3538?\035\366^\253"
 352      85D2CF57 
 352      AB537AF9 
 352      78EB383F 
 352      1DF65EAB 
 353 0e28 B3D36A7D 		.ascii	"\263\323j}u\313\351\367\012\245V\353\255\303\332/7\342"
 353      75CBE9F7 
 353      0AA556EB 
 353      ADC3DA2F 
 353      37E2
 354 0e3a 0D7E5ABC 		.ascii	"\015~Z\274J\247\303:-\3500a\265\327F\035\366\"3}W\351"
 354      4AA7C33A 
 354      2DE83061 
 354      B5D7461D 
 354      F622337D 
 355 0e50 B8F56CD6 		.ascii	"\270\365l\326J\300\377A\367\361O\256A\311\034R@\341"
 355      4AC0FF41 
 355      F7F14FAE 
 355      41C91C52 
 355      40E1
 356 0e62 91FE2110 		.ascii	"\221\376!\020\363/ nk l>~:\353\210\023\"\202\"\241'"
 356      F32F206E 
 356      6B206C3E 
 356      7E3AEB88 
 356      13228222 
 357 0e78 57523234 		.ascii	"WR24O\2629n\264\014-\202\357(\335\202\270\004\006G\222"
 357      4FB2396E 
 357      B40C2D82 
 357      EF28DD82 
 357      B8040647 
 358 0e8d F8924275 		.ascii	"\370\222Bu\366\017\371\316\377\373H(\372\020x\356~o"
 358      F60FF9CE 
 358      FFFB4828 
 358      FA1078EE 
 358      7E6F
 359 0e9f BB5A0D5B 		.ascii	"\273Z\015[\243H\224=\265\276~>~\236Z(VO\0371\353\241"
 359      A348943D 
 359      B5BE7E3E 
 359      7E9E5A28 
 359      564F1F31 
 360 0eb5 91C191FA 		.ascii	"\221\301\221\372\315\001$\364\363\211=\353-\013f\201"
 360      CD0124F4 
 360      F3893DEB 
 360      2D0B6681 
 361 0ec5 E0D157B4 		.ascii	"\340\321W\264\264D\373\250\301\026\267\026P\373\254"
 361      B444FBA8 
 361      C116B716 
 361      50FBAC
 362 0ed4 0AD04976 		.ascii	"\012\320IvS\243\207\372\020\255v\322i\265\372\215\260"
 362      53A387FA 
 362      10AD76D2 
ARM GAS  /tmp/ccDFYQwD.s 			page 29


 362      69B5FA8D 
 362      B0
 363 0ee5 35781936 		.ascii	"5x\0316q\020\177\355\232\265\220\021\037\235j\325\206"
 363      71107FED 
 363      9AB59011 
 363      1F9D6AD5 
 363      86
 364 0ef6 D52B747E 		.ascii	"\325+t~\033\351\217\345\344\207\375\252u\253\275\277"
 364      1BE98FE5 
 364      E487FDAA 
 364      75ABBDBF 
 365 0f06 D4399001 		.ascii	"\3249\220\001\341\272\034\256\220:\222C?\270\261n5\301"
 365      E1BA1CAE 
 365      903A9243 
 365      3FB8B16E 
 365      35C1
 366 0f18 D9118A15 		.ascii	"\331\021\212\025\364{\245u\356dQ\360\333\310\362\267"
 366      F47BA575 
 366      EE6451F0 
 366      DBC8F2B7 
 367 0f28 66D9D6AD 		.ascii	"f\331\326\255,s\233\226\255\\\266\365\023\360\336\305"
 367      2C739B96 
 367      AD5CB6F5 
 367      13F0DEC5 
 368 0f38 6BF55A5F 		.ascii	"k\365Z_\355W\242Y\366>^\332\365^\336\366d\3015\177$"
 368      ED57A259 
 368      F63E5EDA 
 368      F55EDEF6 
 368      64C1357F 
 369 0f4d 97156BFE 		.ascii	"\227\025k\376\370\177\342{\327\257"
 369      F87FE27B 
 369      D7AF
 370              		.text
 371              		.section	.gnu.lto_.symtab.79c1e2ae0ddf65d9,"",%progbits
 372 0000 56656374 		.ascii	"Vector80\000\000\000\000\000\000\000\000\000\000\000"
 372      6F723830 
 372      00000000 
 372      00000000 
 372      000000
 373 0013 00C10000 		.ascii	"\000\301\000\000\000st_lld_init\000\000\000\000\000"
 373      0073745F 
 373      6C6C645F 
 373      696E6974 
 373      00000000 
 374 0028 00000000 		.ascii	"\000\000\000\000\000\000\000\303\000\000\000_port_i"
 374      000000C3 
 374      0000005F 
 374      706F7274 
 374      5F69
 375 003a 72715F65 		.ascii	"rq_epilogue\000\000\002\000\000\000\000\000\000\000"
 375      70696C6F 
 375      67756500 
 375      00020000 
 375      00000000 
 376 004f 0000CA00 		.ascii	"\000\000\312\000\000\000_trace_isr_leave\000\000\002"
 376      00005F74 
 376      72616365 
ARM GAS  /tmp/ccDFYQwD.s 			page 30


 376      5F697372 
 376      5F6C6561 
 377 0068 00000000 		.ascii	"\000\000\000\000\000\000\000\000\000\317\000\000\000"
 377      00000000 
 377      00CF0000 
 377      00
 378 0075 5F646267 		.ascii	"_dbg_check_leave_isr\000\000\002\000\000\000\000\000"
 378      5F636865 
 378      636B5F6C 
 378      65617665 
 378      5F697372 
 379 0091 00000000 		.ascii	"\000\000\000\000\321\000\000\000_dbg_check_unlock_f"
 379      D1000000 
 379      5F646267 
 379      5F636865 
 379      636B5F75 
 380 00ac 726F6D5F 		.ascii	"rom_isr\000\000\002\000\000\000\000\000\000\000\000"
 380      69737200 
 380      00020000 
 380      00000000 
 380      0000
 381 00be 00D30000 		.ascii	"\000\323\000\000\000chSysTimerHandlerI\000\000\002\000"
 381      00636853 
 381      79735469 
 381      6D657248 
 381      616E646C 
 382 00d9 00000000 		.ascii	"\000\000\000\000\000\000\000\000\325\000\000\000_db"
 382      00000000 
 382      D5000000 
 382      5F6462
 383 00e8 675F6368 		.ascii	"g_check_lock_from_isr\000\000\002\000\000\000\000\000"
 383      65636B5F 
 383      6C6F636B 
 383      5F66726F 
 383      6D5F6973 
 384 0105 00000000 		.ascii	"\000\000\000\000\327\000\000\000_dbg_check_enter_is"
 384      D7000000 
 384      5F646267 
 384      5F636865 
 384      636B5F65 
 385 0120 72000002 		.ascii	"r\000\000\002\000\000\000\000\000\000\000\000\000\331"
 385      00000000 
 385      00000000 
 385      00D9
 386 012e 0000005F 		.ascii	"\000\000\000_trace_isr_enter\000\000\002\000\000\000"
 386      74726163 
 386      655F6973 
 386      725F656E 
 386      74657200 
 387 0147 00000000 		.ascii	"\000\000\000\000\000\000\333\000\000\000nvicEnableV"
 387      0000DB00 
 387      00006E76 
 387      6963456E 
 387      61626C65 
 388 015c 6563746F 		.ascii	"ector\000\000\002\000\000\000\000\000\000\000\000\000"
 388      72000002 
 388      00000000 
ARM GAS  /tmp/ccDFYQwD.s 			page 31


 388      00000000 
 388      00
 389 016d E1000000 		.ascii	"\341\000\000\000"
 390              		.text
 391              		.section	.gnu.lto_.opts,"",%progbits
 392 0000 272D666E 		.ascii	"'-fno-trapv' '-mcpu=cortex-m0' '-mthumb' '-ggdb' '-"
 392      6F2D7472 
 392      61707627 
 392      20272D6D 
 392      6370753D 
 393 0033 4F332720 		.ascii	"O3' '-fomit-frame-pointer' '-falign-functions=16' '"
 393      272D666F 
 393      6D69742D 
 393      6672616D 
 393      652D706F 
 394 0066 2D666675 		.ascii	"-ffunction-sections' '-fdata-sections' '-fno-common"
 394      6E637469 
 394      6F6E2D73 
 394      65637469 
 394      6F6E7327 
 395 0099 2720272D 		.ascii	"' '-flto'\000"
 395      666C746F 
 395      2700
 396              		.text
 397              		.comm	__gnu_lto_v1,1,1
 398              		.comm	__gnu_lto_slim,1,1
 399              		.ident	"GCC: (15:4.9.3+svn231177-1) 4.9.3 20150529 (prerelease)"
ARM GAS  /tmp/ccDFYQwD.s 			page 32


DEFINED SYMBOLS
                            *ABS*:0000000000000000 hal_st_lld.c
                            *COM*:0000000000000001 __gnu_lto_v1
                            *COM*:0000000000000001 __gnu_lto_slim

NO UNDEFINED SYMBOLS
