ARM GAS  /tmp/cc8ijOmf.s 			page 1


   1              		.cpu cortex-m0
   2              		.fpu softvfp
   3              		.eabi_attribute 20, 1
   4              		.eabi_attribute 21, 1
   5              		.eabi_attribute 23, 3
   6              		.eabi_attribute 24, 1
   7              		.eabi_attribute 25, 1
   8              		.eabi_attribute 26, 1
   9              		.eabi_attribute 30, 2
  10              		.eabi_attribute 34, 0
  11              		.eabi_attribute 18, 4
  12              		.code	16
  13              		.file	"hal_lld.c"
  14              		.text
  15              	.Ltext0:
  16              		.section	.gnu.lto_.profile.a352a79b0b1071f6,"",%progbits
  17 0000 789C6366 		.ascii	"x\234cf```c\200\000F\206EL-\214\000\0049\0014"
  17      60606063 
  17      80004686 
  17      454C2D8C 
  17      00043901 
  18              		.text
  19              		.section	.gnu.lto_.jmpfuncs.a352a79b0b1071f6,"",%progbits
  20 0000 789C6366 		.ascii	"x\234cf\300\01663BhV f\204 \246\217L\214\323\372\257"
  20      C00E3633 
  20      42685620 
  20      668420A6 
  20      8F4C8CD3 
  21 0016 EC60AEFD 		.ascii	"\354`\256\375\3350\243\201\343'\023\303_&\220\354r\306"
  21      DD30A381 
  21      E32713C3 
  21      5F2690EC 
  21      72C6
  22 0028 5AA8ECAC 		.ascii	"Z\250\354\254\353O\2770\277`\372\311\304\310\304\000"
  22      EB4FBF30 
  22      BF60FAC9 
  22      C4C8C400 
  23 0038 E42EDAB3 		.ascii	"\344.\332\263w\007\223\376\332\206\011 \305L\177\231"
  23      770793FE 
  23      DA860920 
  23      C54C7F99 
  24 0048 18195730 		.ascii	"\030\031W0J\201\014\005\312u}\232\263\224\015f\0203"
  24      4A810C05 
  24      CA757D9A 
  24      B3940D66 
  24      1033
  25 005a E34A467D 		.ascii	"\343JF}\240\031\253\200&\201\015\372\273s\361\012f\024"
  25      A019AB80 
  25      26810DFA 
  25      BB73F10A 
  25      6614
  26 006c 9D2A308D 		.ascii	"\235*0\215\247\267o|\300\214\320\270\032\254q\015\334"
  26      A7B76F7C 
  26      C08CD0B8 
  26      1AAC710D 
  26      DC
  27 007d 09D81CB8 		.ascii	"\011\330\034\270\026fl\343\262\335=\354 \367\261\000"
ARM GAS  /tmp/cc8ijOmf.s 			page 2


  27      16666CE3 
  27      B2DD3DEC 
  27      20F7B100 
  28 008d 45D701DD 		.ascii	"E\327\001\335\302\202\333g@\235\214\353\341\306\356"
  28      C282DB67 
  28      409D8CEB 
  28      E1C6EE
  29 009c 9A746206 		.ascii	"\232tb\006\033\330g, G|\352<\375\204\023\305}\033\340"
  29      1BD8672C 
  29      20477CEA 
  29      3CFD8413 
  29      C57D1BE0 
  30 00b0 3E5B7577 		.ascii	">[uw\352-\026\204\0037\202\035\270\011\267\317Tq\370"
  30      EA2D1684 
  30      0337821D 
  30      B809B7CF 
  30      5471F8
  31 00c3 6C3358E3 		.ascii	"l3X\343\026\234>\0039p+\330X\260W\330\300\321\305\016"
  31      169C3E03 
  31      39702BD8 
  31      58B057D8 
  31      C0D1C50E 
  32 00d7 C4002B70 		.ascii	"\304\000+p\207&"
  32      8726
  33              		.text
  34              		.section	.gnu.lto_.inline.a352a79b0b1071f6,"",%progbits
  35 0000 789C6366 		.ascii	"x\234cf\300\016.AiV\006\0061!F\006&\265\023\277\031"
  35      C00E2E41 
  35      69560606 
  35      31214606 
  35      26B513BF 
  36 0015 19D816C8 		.ascii	"\031\330\026\3103\201\004\031\031\370\317\002\011\020"
  36      33810419 
  36      19F8CF02 
  36      0910
  37 0023 1B26C4C4 		.ascii	"\033&\304\304\015\024\236\340\007\246\030\030\271`\""
  37      0D149EE0 
  37      07A61818 
  37      B96022
  38 0032 0C180210 		.ascii	"\014\030\002\020\375,\024\233\300\306 k\016\224\324"
  38      FD2C149B 
  38      C0C6206B 
  38      0E94D4
  39 0041 DBF09C09 		.ascii	"\333\360\234\011\341..\024\202\235\301\366:\023PM\311"
  39      E12E2E14 
  39      829DC1F6 
  39      3A13504D 
  39      C9
  40 0052 8B8B9A70 		.ascii	"\213\213\232p5\014\000\346O\020\307"
  40      350C00E6 
  40      4F10C7
  41              		.text
  42              		.section	.gnu.lto_.pureconst.a352a79b0b1071f6,"",%progbits
  43 0000 789C6366 		.ascii	"x\234cf``\340f\200\000V\006)F\011\026\0116)v)\000\004"
  43      6060E066 
  43      80005606 
  43      29460916 
ARM GAS  /tmp/cc8ijOmf.s 			page 3


  43      09362976 
  44 0017 1C00A4   		.ascii	"\034\000\244"
  45              		.text
  46              		.section	.gnu.lto_hal_lld_backup_domain_init.a352a79b0b1071f6,"",%progbits
  47 0000 789C9D53 		.ascii	"x\234\235SMh\023A\024\2367\373\223\264IJ\242\010%\202"
  47      4D681341 
  47      149E37FB 
  47      93B4494A 
  47      A2082582 
  48 0014 D79E9288 		.ascii	"\327\236\222\210E\350\315\213\364\244'\275\213\350\301"
  48      45E8CD8B 
  48      F4A427BD 
  48      8BE8C1
  49 0023 43A0623D 		.ascii	"C\240b=\364\326\211\211\242\240\265\026\004Q\012\021"
  49      F4D68989 
  49      A2A0B516 
  49      04510A11 
  50 0033 69B5564D 		.ascii	"i\265VMS5\265i\215\261\266U\304\037bS\253\305_L\300"
  50      5335B569 
  50      8DB1B655 
  50      C41F6253 
  50      ABC55F4C 
  51 0048 DE362A68 		.ascii	"\3366*h\324R\337\233I\272\266\202\264\015\2337\273o"
  51      D452DF9B 
  51      49BAB682 
  51      B40D9B37 
  51      BB6F
  52 005a DE7EDFF7 		.ascii	"\336~\337\367\276y\253\261\177\177;\360_\324\031\333"
  52      BE79ABB1 
  52      7F7F3BF0 
  52      5FD419DB 
  53 006a 8A2B3818 		.ascii	"\212+8\030\360\316g\214E\234\234k\361&&juk\003\023n"
  53      F0CE678C 
  53      459C9C6B 
  53      F126266A 
  53      756B0313 
  54 007f 0D7495D6 		.ascii	"\015t\225\326\271\221\017a\332\034\335\204i\003L\225"
  54      B9910F61 
  54      DA1CDD84 
  54      69034C95 
  55 008f 3601E886 		.ascii	"6\001\350\206\001k\347\232n\230\320\016s\274\304\241"
  55      016BE79A 
  55      6E98D00E 
  55      73BCC4A1 
  56 009f 33DB7FCE 		.ascii	"3\333\177\316\325\320#\204\260\272\022\216\243\365e"
  56      D5D02384 
  56      B0BA128E 
  56      A3F565
  57 00ae CED857AE 		.ascii	"\316\330W\256\210\341240\254)\305\346g\\f\014k\274j"
  57      88E13234 
  57      30AC29C5 
  57      E6675C66 
  57      0C6BBC6A 
  58 00c2 0FAE8009 		.ascii	"\017\256\200\011\270&\326e\305\302\302\245\304\233!"
  58      B826D665 
  58      C5C2C2A5 
  58      C49B21
ARM GAS  /tmp/cc8ijOmf.s 			page 4


  59 00d1 7DBDCECA 		.ascii	"}\275\316\312\034\014\012\016\012N\012.\012n\012\036"
  59      1C0C0A0E 
  59      0A4E0A2E 
  59      0A6E0A1E 
  60 00e1 0A7514BC 		.ascii	"\012u\024\274\024|\024\030+ \030\251*rN\2536\013c\251"
  60      147C1418 
  60      2B2018A9 
  60      2A724EAB 
  60      360B63A9 
  61 00f5 646623C1 		.ascii	"df#\301\177\347:2G_Lm\377\314\313\234\213\017\021\241"
  61      7FE73A32 
  61      475F4C6D 
  61      FFCCCB9C 
  61      8B0F11A1 
  62 0109 9396F785 		.ascii	"\223\226\367\205\3479\247L1z\234I\237\370hv\303\005"
  62      E739A74C 
  62      317A9C49 
  62      9FF86876 
  62      C305
  63 011b 28730DFA 		.ascii	"(s\015\372\300\017W\301/7\006\317\026\246k\003\375\""
  63      C00F57C1 
  63      2F3706CF 
  63      16A66B03 
  63      FD22
  64 012d 167196B9 		.ascii	"\026q\226\271\016\375\320\015_d[p\015\002l\026\242\337"
  64      0EFDD00D 
  64      5F645B70 
  64      0D026C16 
  64      A2DF
  65 013f 4C456328 		.ascii	"LEc(\246\221'}\011N\270 8\203\353\210\202b\272\200j"
  65      A691277D 
  65      094EB820 
  65      3883EB88 
  65      8262BA80 
  66 0154 564173C3 		.ascii	"VAs\303\246I@\000\301\011%\225\333\246\250\034\370\302"
  66      A6494000 
  66      C1092595 
  66      DBA6A81C 
  66      F8C2
  67 0166 E3473DC3 		.ascii	"\343G=\3035\304c\210\370\361e-\031\022\362H\357\305"
  67      35C46388 
  67      F8F1652D 
  67      1912F248 
  67      EFC5
  68 0178 B4537199 		.ascii	"\264Sq\2310\200\\\311\012\327\247\237\347\213.\342\002"
  68      30805CC9 
  68      0AD7A79F 
  68      E78B2EE2 
  68      02
  69 0189 A21A9454 		.ascii	"\242\032\224Tt\012pSu\364\343X\236+\"\247\342\232\234"
  69      740A7053 
  69      75F4E358 
  69      9E2B22A7 
  69      E29A9C
  70 019c CB74B855 		.ascii	"\313t\270UO&\203[\0103\015\261\327Q\177\245\010+N[\271"
  70      4F26835B 
  70      08330DB1 
ARM GAS  /tmp/cc8ijOmf.s 			page 5


  70      D7517FA5 
  70      082B4E5B 
  71 01b1 5335AA42 		.ascii	"S5\252Bgp\233\210h\330\270\306\342Mt\032\2265^\322*"
  71      67709B88 
  71      68D8B8C6 
  71      E24D741A 
  71      96355ED2 
  72 01c6 1E547545 		.ascii	"\036TuE\204\310\326\377_[\312\3266\004\001\352:\365"
  72      84C8D6FF 
  72      5F5BCAD6 
  72      360401EA 
  72      3AF5
  73 01d8 F4B78778 		.ascii	"\364\267\207xtADw\224\275\326\300\304Z\320\207m\364"
  73      74414477 
  73      94BDD6C0 
  73      C45AD087 
  73      6DF4
  74 01ea B4445F34 		.ascii	"\264D_4\020?\022\030\221M\024\361\276:Q\245\227IM\265"
  74      103F1218 
  74      914D14F1 
  74      BE3A51A5 
  74      97494DB5 
  75 01fe EC5AB9BD 		.ascii	"\354Z\271\275\2436\311\335\345\366\272\025\322\374T"
  75      A336C9DD 
  75      E5F6BA15 
  75      D2FC54
  76 020d 87E552E6 		.ascii	"\207\345R\346\321\314d\224\277\257\252\376\272\261$"
  76      D1CC6494 
  76      BFAFAAFE 
  76      BAB124
  77 021c D23B72D2 		.ascii	"\322;r\322!K\020\347\336\242\275\006\313\207\224\264"
  77      214B10E7 
  77      DEA2BD06 
  77      CB8794B4 
  78 022c 9952459A 		.ascii	"\231RE\232gE\322\324\224emm\367\227\016s\035\002\311"
  78      6745D2D4 
  78      94656D6D 
  78      F7970E73 
  78      1D02C9
  79 023f 63FC7B78 		.ascii	"c\374{xW\012;f\303>\240\341\255\223\303{\346-(l\357"
  79      570A3B66 
  79      C33EA0E1 
  79      AD93C37B 
  79      E62D286C 
  80 0254 2AA0C66D 		.ascii	"*\240\306m\250\211\245\012}\010$\255Z\213\302I\033\366"
  80      A889A50A 
  80      7D0824AD 
  80      5A8BC249 
  80      1BF6
  81 0266 2129F449 		.ascii	"!)\364I7My\322\357 \222\375\325L\200\344q\001\2530\213"
  81      374D79D2 
  81      EF2092FD 
  81      D54C80E4 
  81      7101AB30 
  82 027b 9F626330 		.ascii	"\237bc0\030Z\274ZZC\007\366\206C\007[\016\035n\015\355"
  82      185ABC5A 
  82      5A4307F6 
ARM GAS  /tmp/cc8ijOmf.s 			page 6


  82      8643075B 
  82      0E1D6E0D 
  83 0290 DABDB371 		.ascii	"\332\275\263q\213\212\315\233\333\332hgO8\274?\270\217"
  83      8B8ACD9B 
  83      DBDA6867 
  83      4F38BC3F 
  83      B88F
  84 02a2 FD015D9F 		.ascii	"\375\001]\237\273\200"
  84      BB80
  85              		.text
  86              		.section	.gnu.lto_Vector68.a352a79b0b1071f6,"",%progbits
  87 0000 789C7D93 		.ascii	"x\234}\223_HSq\024\307\317\367\334\271\315ffV\020{\012"
  87      5F485371 
  87      14C7CFF7 
  87      DCB9CD66 
  87      6656107B 
  88 0015 0C7CCA45 		.ascii	"\014|\312EB\257\276\325SO\365.\322\202\036\006\206F"
  88      42AFBED5 
  88      534FF52E 
  88      D2821E06 
  88      8646
  89 0027 F832BCAB 		.ascii	"\3702\274\253\005A\221#JV\221\025\364G3gf\226\177\262"
  89      05419123 
  89      4A569115 
  89      F4473367 
  89      66967FB2 
  90 003b 6E56560F 		.ascii	"nVV\017\026\375A\213D\205\024\352E\264+\304%\346:g\177"
  90      16FD418B 
  90      448514EA 
  90      45B42BC4 
  90      25E63A67 
  91 0050 64D8746C 		.ascii	"d\330tl\273\367\374~\347\367\375~\316\271\347\032\364"
  91      BBF7FC7E 
  91      E7F7FD7E 
  91      CEB9E71A 
  91      F4
  92 0061 FFC72FBF 		.ascii	"\377\307/\277e\203\250F\2560\010\034{O\024\3612\240"
  92      6583A846 
  92      AE30081C 
  92      7B4F14F1 
  92      32A0
  93 0073 37046A66 		.ascii	"7\004jf4\343\027/2bVg\334Wy\3334\315\205\221!\327\351"
  93      34E3172F 
  93      32625667 
  93      DC5779DB 
  93      34CD8591 
  94 008a ED0E13D9 		.ascii	"\355\016\023\331\234\221\301]T\222\344\274\033\235("
  94      9C91C15D 
  94      5492E4BC 
  94      1B9D28
  95 0099 35F6426F 		.ascii	"5\366Bo\007\022Kc\276\237\3540vh8x\341m\334\255!\273"
  95      07124B63 
  95      BE9FEC30 
  95      76683878 
  95      E16DDCAD 
  96 00af 345CB8F4 		.ascii	"4\\\270\364\255\273\244\342\246i\236\234\231\372\021"
  96      ADBBA4E2 
ARM GAS  /tmp/cc8ijOmf.s 			page 7


  96      A6699E9C 
  96      99FA11
  97 00be B4A237CC 		.ascii	"\264\2427\314\345T\012\016\033h\207!\252\350\200\037"
  97      E5540A0E 
  97      1B688721 
  97      AAE8801F 
  98 00ce F7E0CF62 		.ascii	"\367\340\317b\312\211\305hr\302\347\216\212}\031:Q\221"
  98      CA89C568 
  98      72C2E78E 
  98      8A7D193A 
  98      5191
  99 00e0 CCB9E33E 		.ascii	"\314\271\343>\334 \342\354bw\271e\246R\275\363=gk\332"
  99      DC20E2EC 
  99      6277B965 
  99      A652BDF3 
  99      3D676BDA 
 100 00f4 D82715C9 		.ascii	"\330'\025\3112\321\254djAs\314z5&\021\265\206\337@\317"
 100      32D1AC64 
 100      6A4173CC 
 100      7A352611 
 100      B586DF40 
 101 0109 FE6143D4 		.ascii	"\376aC\324\333>\237Op\370\257y\306\364:\354\262Y\024"
 101      DB3E9F4F 
 101      70F8AF79 
 101      C6F43AEC 
 101      B25914
 102 011c D185B01A 		.ascii	"\321\205\260\032G\356\014\235\363(y\221\254%\340w\330"
 102      47EE0C9D 
 102      F3287991 
 102      AC25E077 
 102      D8
 103 012d 4DE3E0B4 		.ascii	"M\343\340\264\257\210\313y\232\204KCZ-\344\261\305\217"
 103      AF88CB79 
 103      9A844B43 
 103      5A2DE4B1 
 103      C58F
 104 013f D09D116A 		.ascii	"\320\235\021jm\371\322o\310V\\\267\274Z\200\256N\317"
 104      6DF9D26F 
 104      C8565CB7 
 104      BC5A80AE 
 104      4ECF
 105 0151 7EF8E855 		.ascii	"~\370\350Uyo:\354h\271\330\217k\270\032\211iV1\036 "
 105      796F3AEC 
 105      68B9D88F 
 105      6BB81A89 
 105      6956311E 
 106 0166 8C1EED83 		.ascii	"\214\036\355\203\354]\237m\217\373D@Z\357\305C\311J"
 106      EC5D9F6D 
 106      8FFB4440 
 106      5AEFC543 
 106      C94A
 107 0178 9BA21761 		.ascii	"\233\242\027a\2077\010\204Q\020\302g\013!\341\221@8"
 107      87370884 
 107      5110C267 
 107      0B21E191 
 107      4038
 108 018a 5C425AFA 		.ascii	"\\BZ\372'O\301\314\215\266<\034B_\001\334\322\244\266"
ARM GAS  /tmp/cc8ijOmf.s 			page 8


 108      274FC1CC 
 108      8DB63C1C 
 108      425F01DC 
 108      D2A4B6
 109 019d 241FB7B4 		.ascii	"$\037\267\264\000\356&<\026\334'Y\334\337\375\267Z\213"
 109      00EE263C 
 109      16DC2759 
 109      DCDFFDB7 
 109      5A8B
 110 01af 025D66CC 		.ascii	"\002]f\314\264v9\\\006M\304N\177\366y\232}\366\345\242"
 110      B476395C 
 110      064DC44E 
 110      7FF6799A 
 110      7DF6E5A2 
 111 01c3 B4BC6538 		.ascii	"\264\274e8\274\031\003\010d\312\031\324r\312\323\234"
 111      BC190308 
 111      64CA19D4 
 111      72CAD39C 
 112 01d3 5FD7E51C 		.ascii	"_\327\345\034Z\217s5\330\323<\260+\023sK\206\326\260"
 112      5A8F7335 
 112      D8D33CB0 
 112      2B13734B 
 112      86D6B0
 113 01e6 85351CFD 		.ascii	"\2055\034\375\236\034s\345q\016+\3473\344@\347\243\003"
 113      9E1C73E5 
 113      710E2BE7 
 113      33E440E7 
 113      A303
 114 01f8 33EE3CD0 		.ascii	"3\356<\320\3479P+\007z\312\232,\014*\255\327\241y\261"
 114      E739502B 
 114      077ACA9A 
 114      2C0C2AAD 
 114      D7A179B1 
 115 020c D2FA35C7 		.ascii	"\322\3725\307\304-i#\353\215\311\352\271x\271\326\\"
 115      C42D6923 
 115      EB8DC9EA 
 115      B978B9D6 
 115      5C
 116 021d BC5A998B 		.ascii	"\274Z\231\213\327\271\271(\354\272\325f\217\270\216"
 116      D7B9B928 
 116      ECBAD566 
 116      8FB88E
 117 022c 8AABCCB0 		.ascii	"\212\253\314\260\303\333h\012\021kz\177:\231\364\235"
 117      C3DB680A 
 117      116B7A7F 
 117      3A99F49D 
 118 023c 81BE2BE2 		.ascii	"\201\276+\342_]U\025X\371\3267\006\216\326\205\002\307"
 118      5F5D5515 
 118      58F9D637 
 118      068ED685 
 118      02C7
 119 024e EA1B8E37 		.ascii	"\352\033\2167\006\016\036:P\275'\363\277owS\223\356"
 119      060E1E3A 
 119      50BD27F3 
 119      BF6F7753 
 119      93EE
 120 0260 D48642C1 		.ascii	"\324\206B\301\252\303T\\\333Xw\342H\2606\324\360\017"
ARM GAS  /tmp/cc8ijOmf.s 			page 9


 120      AAC3545C 
 120      DB5877E2 
 120      48B036D4 
 120      F00F
 121 0272 12617AA2 		.ascii	"\022az\242"
 122              		.text
 123              		.section	.gnu.lto_Vector6C.a352a79b0b1071f6,"",%progbits
 124 0000 789C7D93 		.ascii	"x\234}\223]HSa\030\307\337\377s\346\234\0363\263\202"
 124      5D485361 
 124      18C7DFFF 
 124      73E69C1E 
 124      33B382
 125 0013 D85520E1 		.ascii	"\330U \341U.\022\352\262\273.\202\256\352^\244\005]"
 125      552E12EA 
 125      B2BB2E82 
 125      AEEA5EA4 
 125      055D
 126 0025 0C0C8DF0 		.ascii	"\014\014\215\360fx\246\013*#G\250\254\242/\350Cgn\226"
 126      6678A60B 
 126      2A2347A8 
 126      ACA22FE8 
 126      43676E96 
 127 0039 5953FB38 		.ascii	"YS\3738\225I\005\025Z\244\221T\220B\335i'\210C\350z"
 127      95490515 
 127      5AA49154 
 127      9042DD69 
 127      278843E8 
 128 004e 9EB30FC6 		.ascii	"\236\263\017\306\232\216m\347<\357\373\274\377\347\367"
 128      9A8E6DE7 
 128      3CEFFBBC 
 128      FFE7F7
 129 005d 3CE77F34 		.ascii	"<\347\1774\365\377\307\313\277\025M\251=|\205\246@\221"
 129      F5FFC7CB 
 129      BF154DA9 
 129      3D7C85A6 
 129      4091
 130 006f B74A853C 		.ascii	"\267J\205<\004\310\215\202j#\264\341'-\021\"\346@T\257"
 130      04C88D82 
 130      6A23B4E1 
 130      272D1122 
 130      E64054AF 
 131 0083 BD6118C6 		.ascii	"\275a\030\306b\373\224\353\304\026\233\224\262(-\203"
 131      62FB94EB 
 131      C4169B94 
 131      B2282D83 
 132 0093 5BA8559C 		.ascii	"[\250U\234\363jr\246R\333\005\271\035\215\377~\243\377"
 132      F36A72A6 
 132      52DB05B9 
 132      1D8DFF7E 
 132      A3FF
 133 00a5 209BB055 		.ascii	" \233\260U\302\261s/\243n\011\311%\341b\317\247DE\315"
 133      C2B1732F 
 133      A36E09C9 
 133      25E162CF 
 133      A74445CD 
 134 00b9 35C368FF 		.ascii	"5\303h\377vz\301o\206\257\032+\251\024l\322\320\007"
 134      767AC16F 
ARM GAS  /tmp/cc8ijOmf.s 			page 10


 134      86AF1A2B 
 134      A9146CD2 
 134      D007
 135 00cb 8D55D10F 		.ascii	"\215U\321\017/b\360f0\371\304RxyFw\207\271|\025\006"
 135      2F62F066 
 135      30F9C452 
 135      78794677 
 135      87B97C15 
 136 00e0 50B39CAD 		.ascii	"P\263\234\255\216\333pC)\312,&\252M#\225\032\236\230"
 136      8EDB7043 
 136      29CA2C26 
 136      AA4D2395 
 136      1A9E98
 137 00f3 EEDC1D23 		.ascii	"\356\334\035#\235;\342e\245\3469S\032Z \222\2536\207"
 137      9D3BE265 
 137      A5E63953 
 137      1A5A2092 
 137      AB3687
 138 0106 B0D9F31A 		.ascii	"\260\331\363\032r\366\017i\254~\371\375\3318\005\377"
 138      72F60F69 
 138      AC7EF9FD 
 138      D93805FF 
 139 0116 1A270D8F 		.ascii	"\032'\015\217M.\213X\021\203\010J\341\320\315\3613\245"
 139      4D2E8B58 
 139      1183084A 
 139      E1D0CDF1 
 139      33A5
 140 0128 425EC26B 		.ascii	"B^\302kqxmr\253\217 \247.\213\363y5\007\227\204\252"
 140      71786D72 
 140      AB8F20A7 
 140      2E8BF379 
 140      35079784 
 141 013d 50A8D4E2 		.ascii	"P\250\324\342z\012\211\264Po\327\207\244\306[Q\331\362"
 141      7A0A89B4 
 141      506FD787 
 141      A4C65B51 
 141      D9F2
 142 014f 4803B2FA 		.ascii	"H\003\262\372u\376\335\224G\344=N\330\337\325\235\304"
 142      75FEDD94 
 142      47E43D4E 
 142      D8DFD59D 
 142      C4
 143 0160 255C0C45 		.ascii	"%\\\014E$\253\014C\010\342\216\314\201\367\256\314\367"
 143      24AB0C43 
 143      08E28ECC 
 143      81F7AECC 
 143      F7
 144 0171 457516E0 		.ascii	"Eu\026\340\321{p\227\263\234\242\030F\320\246r\206\320"
 144      D17B7097 
 144      B39CA218 
 144      46D0A672 
 144      86D0
 145 0183 8A42E816 		.ascii	"\212B\350\026\023*\334c\010\233*\224\264~\241\274h\346"
 145      132ADC63 
 145      089B2A94 
 145      B47EA1BC 
 145      68E6
ARM GAS  /tmp/cc8ijOmf.s 			page 11


 146 0195 3A8B1F8E 		.ascii	":\213\037\216\302H\021\334\312e\031I>ne\021\334\365"
 146      C24811DC 
 146      CA651949 
 146      3E6E6511 
 146      DCF5
 147 01a7 B8CFB80F 		.ascii	"\270\317\270\0172\270\277\222\327{K|\203F\3040\267\333"
 147      32B8BF92 
 147      D77B4B7C 
 147      8346C430 
 147      B7DB
 148 01b9 540549C4 		.ascii	"T\005I\3046o\346y\032#\326\371\022G\336\324l\332\200"
 148      366FE679 
 148      1A23D6F9 
 148      1247DED4 
 148      6CDA80
 149 01cc 51F8D2ED 		.ascii	"Q\370\322\355\214I;\325\016\347\320\232\234\343kq\026"
 149      8C493BD5 
 149      0EE7D09A 
 149      9CE36B71 
 149      16
 150 01dd 823DCC03 		.ascii	"\202=\314\003\313yq\243\343\305\316\216\357\247\364"
 150      CB7971A3 
 150      E3C5CE8E 
 150      EFA7F4
 151 01ec 3CCE47C2 		.ascii	"<\316G\302\371\030Y\320X\367\334lY\036\350\223,\250"
 151      F91859D0 
 151      58F7DC6C 
 151      591EE893 
 151      2CA8
 152 01fe 9905ED30 		.ascii	"\231\005\3550g\213\203\362\350\3054Os\243_\325&nN{\266"
 152      678B83F2 
 152      E8C5344F 
 152      73A35FD5 
 152      266E4E7B 
 153 0213 964D0A7D 		.ascii	"\226M\012}\361|5_L\344|\361\"\353\213\342U7YT\312U'"
 153      F17C355F 
 153      4CE47CF1 
 153      22EB8BE2 
 153      55375954 
 154 022a B92A7BD8 		.ascii	"\271*{\330\246\315\352\013B\346\347}N\262\222w\006\362"
 154      A6CDEA0B 
 154      42E6E77D 
 154      4EB29277 
 154      06F2
 155 023c AE70FDFA 		.ascii	"\256p\375\372\272:_\356\333\324\342;\322\030\360\035"
 155      BA3A5FEE 
 155      DBD4E23B 
 155      D218F01D 
 156 024c 6D6A3ED6 		.ascii	"mj>\326\342;pp\177\375\316\364\377\336\035\255\255\262"
 156      E23B7070 
 156      7FFDCEF4 
 156      FFDE1DAD 
 156      ADB2
 157 025e D31008F8 		.ascii	"\323\020\010\370\353\016\251\262\206\226\306\343\207"
 157      EB0EA9B2 
 157      8696C6E3 
 157      87
ARM GAS  /tmp/cc8ijOmf.s 			page 12


 158 026b FD0D81E6 		.ascii	"\375\015\201\346\177\236\221x\010"
 158      7F9E9178 
 158      08
 159              		.text
 160              		.section	.gnu.lto_hal_lld_init.a352a79b0b1071f6,"",%progbits
 161 0000 789C9D95 		.ascii	"x\234\235\225\317O\023A\024\307\347\315\322\322\272"
 161      CF4F1341 
 161      14C7E7CD 
 161      D2D2BA
 162 000f 814A03A4 		.ascii	"\201J\003\244!\3369\225\032\211\027\377\000o\306\203"
 162      21DE3995 
 162      1A8917FF 
 162      006FC683 
 163 001f DE8DD183 		.ascii	"\336\215\321\203\007\022\210x\340B\230B\215\034\214"
 163      07128878 
 163      E0429842 
 163      8D1C8C
 164 002e 414F6AAD 		.ascii	"AOj\255\321\204\037j\221\012j\025\360GEE@\005*(\204"
 164      D1841F6A 
 164      910A6A15 
 164      F0474545 
 164      40052A28 
 165 0043 103C1412 		.ascii	"\020<\024\022\215\325\200\230\310j\352:of\353\2641$"
 165      8DD58098 
 165      C86AEA3A 
 165      6F66EBB4 
 165      3124
 166 0055 DD36ED77 		.ascii	"\3356\355w\333\335\227\317\367\373\366\315t5\362\377"
 166      DBDD97CF 
 166      F7FBF6CD 
 166      7435F2FF 
 167 0065 AB867FF6 		.ascii	"\253\206\177\366\225\022\262\227\037A#@\273\246\011"
 167      9512B297 
 167      1F412340 
 167      BBA609
 168 0074 09BA2800 		.ascii	"\011\272(\000~!@\332(\264\301g\272A\241+\021\275\250"
 168      7E2140DA 
 168      28B4C167 
 168      BA41A12B 
 168      11BDA8
 169 0087 D7F630C6 		.ascii	"\327\3660\306\326\207\014\337i\237A\011\331\244\022"
 169      D6870CDF 
 169      699F4109 
 169      D9A412
 170 0096 037D504B 		.ascii	"\003}PKx\315F(\263\240;C\274f\247\274\0067\300\011\374"
 170      78CD4628 
 170      B3A03B43 
 170      BC66A7BC 
 170      0637C009 
 171 00ab 18F32698 		.ascii	"\030\363&\230i\246\256\244\315\222]\224\030\224{qq\240"
 171      69A6AEA4 
 171      CD925D94 
 171      18947B71 
 171      71A0
 172 00bd 38515C28 		.ascii	"8Q\\(n\024\035\245\014\245\034\305\203R\201\342E\251"
 172      6E141DA5 
 172      0CA51CC5 
ARM GAS  /tmp/cc8ijOmf.s 			page 13


 172      835281E2 
 172      45A9
 173 00cf 44A942A9 		.ascii	"D\251B\251F\361\241\020\262\312\2550\357\032\245x\324"
 173      46F1A110 
 173      B2CAAD30 
 173      EF1AA578 
 173      D4
 174 00e0 96602C3E 		.ascii	"\226`,>\230\256G\363\237\024\263OM\364\014\273?Q\203"
 174      98AE47F3 
 174      9F14B34F 
 174      4DF40CBB 
 174      3F5183
 175 00f3 5276AD93 		.ascii	"Rv\255\223\225`\324\217\2533I\2278E\360g{\357\365\021"
 175      9560D48F 
 175      AB334997 
 175      3845F067 
 175      7BEFF511 
 176 0107 5704C260 		.ascii	"W\004\302`P\015nB\015\334\202\032q!\365\353\362\232"
 176      500D6E42 
 176      0DDC821A 
 176      7121F5EB 
 176      F29A
 177 0119 EE8FB250 		.ascii	"\356\217\262P\320e\320\022\210B\004\276\213\256\241"
 177      D065D012 
 177      884204BE 
 177      8BAEA1
 178 0128 1FFC6409 		.ascii	"\037\374d\011:~8\245\217&\255.E\372\2725\344\202i\236"
 178      3A7E38A5 
 178      8F26AD2E 
 178      45FABA35 
 178      E482699E 
 179 013c C97808DC 		.ascii	"\311x\010\334\346 \036\350\002`\231\015\247\001\345"
 179      E6201EE8 
 179      0260990D 
 179      A701E5
 180 014b 14033FE7 		.ascii	"\024\003?\347#%\016\322\314a\003tG\201\006e\344-+\262"
 180      23250ED2 
 180      CC610374 
 180      47810665 
 180      E42D2BB2 
 181 015f 05FA930E 		.ascii	"\005\372\223\016\307\034\"2c[\224\300P\221\211\357*"
 181      C71C2232 
 181      635B94C0 
 181      509189EF 
 181      2A
 182 0170 A37B98D8 		.ascii	"\243{\230\330\231\233\330U\020\010\220s_q\342\"\360"
 182      999BD855 
 182      10089073 
 182      5F71E222 
 182      F0
 183 0181 583C99D6 		.ascii	"X<\231\326$\306m#\317\003\301\301\345\007\017%\247\311"
 183      24C66D23 
 183      CF03C1C1 
 183      E5070F25 
 183      A7C9
 184 0193 6647C38A 		.ascii	"fG\303\2120\002~\\5a\243\333mM\3274\371tG\345\275\312"
 184      30027E5C 
ARM GAS  /tmp/cc8ijOmf.s 			page 14


 184      3561A3DB 
 184      6D4DD734 
 184      F97447E5 
 185 01a9 76A9DB80 		.ascii	"v\251\333\200?R\360\307\305\305{\242\010OE\274`\357"
 185      3F52F0C7 
 185      C5C57BA2 
 185      084F45BC 
 185      60EF
 186 01bb E8D95211 		.ascii	"\350\331R\021\217\237J\344G++|\000\317\024w\314\032"
 186      8F9F4AE4 
 186      472B2B7C 
 186      00CF1477 
 186      CC1A
 187 01cd C0F9AFD6 		.ascii	"\300\371\257\326\000\312m\344{.8\342\177\340E\376f\361"
 187      00CA6DE4 
 187      7B2E38E2 
 187      7FE045FE 
 187      66F1
 188 01df 48D0FCCA 		.ascii	"H\320\374\312\027sG\366v\342fyY\344\322\033WN\257p\351"
 188      177347F6 
 188      76E26679 
 188      59E4D21B 
 188      574EAF70 
 189 01f4 79723BAF 		.ascii	"yr;\257\260\001\232P\240\311\374\315\342\225\240\324"
 189      B0019A50 
 189      A0C9FCCD 
 189      E295A0D4 
 190 0204 787F2FB5 		.ascii	"x\177/\2656\013\343\233e\252\310\304\257\225\321\033"
 190      360BE39B 
 190      65AAC8C4 
 190      AF95D11B 
 191 0214 4CECCD4D 		.ascii	"L\354\315M\\Y\370\254\336*\316tv\263|\263fUe#\317\214"
 191      5C59F8AC 
 191      DE2ACE74 
 191      76B37CB3 
 191      66556523 
 192 022a E068C899 		.ascii	"\340h\310\231\315\237U\265\004M\266\247\326\364l\343"
 192      CD9F55B5 
 192      044DB6A7 
 192      D6F46CE3 
 193 023a 0C08248B 		.ascii	"\014\010$\213\354\374\235r\232\303\316\253s;\367\025"
 193      ECFC9D72 
 193      9AC3CEAB 
 193      733BF715 
 194 024a DEF9BCE2 		.ascii	"\336\371\274\342\274\347\211\227\241#1\353A\012\226"
 194      BCE78997 
 194      A12331EB 
 194      410A96
 195 0259 5E9D3B37 		.ascii	"^\235;7@[\177\263N\306=\035\233bC|\200V\376\274p\212"
 195      405B7FB3 
 195      4EC63D1D 
 195      9B62437C 
 195      8056FEBC 
 196 026f CAC56D2B 		.ascii	"\312\305m+\371\255\204\205\234\312\365m+\2715,Z\225"
 196      F9AD8485 
 196      9CCAF56D 
 196      2BB9352C 
ARM GAS  /tmp/cc8ijOmf.s 			page 15


 196      5A95
 197 0281 2B104C64 		.ascii	"+\020Ld\016\212J\202\017$\300\007\021G\325\327\325\005"
 197      0E8A4A82 
 197      0F24C007 
 197      1147D5D7 
 197      D505
 198 0293 FEBD1B9B 		.ascii	"\376\275\033\233\003'\2166\004\232\032O\236j\016\034"
 198      03278E36 
 198      049A1A4F 
 198      9E6A0E1C 
 199 02a3 3A7CA07E 		.ascii	":|\240~\217\324\375\273[Z\360\312\221\206\206\343u\307"
 199      8FD4FDBB 
 199      5B5AF0CA 
 199      918686E3 
 199      75C7
 200 02b5 C85F881F 		.ascii	"\310_\210\037r\361"
 200      72F1
 201              		.text
 202              		.section	.gnu.lto_stm32_clock_init.a352a79b0b1071f6,"",%progbits
 203 0000 789C9D97 		.ascii	"x\234\235\227]L\\E\024\307\347\314~\335\375bw\331\017"
 203      5D4C5C45 
 203      14C7E7CC 
 203      7EDDFD62 
 203      77D90F
 204 0013 BE525E4A 		.ascii	"\276R^Ji)\001\214M\337\335\027\337|\322\304Gc4\306\007"
 204      6929018C 
 204      4DDFDD17 
 204      DF7CD2C4 
 204      476334C6 
 205 0028 921AEB43 		.ascii	"\222\032\353C\337z\371\330F\222\032k\215\246\251\241"
 205      DF7AF9D8 
 205      46921A6B 
 205      8DA6A9A1 
 206 0038 D187622B 		.ascii	"\321\207b+\255\005D\024\352\307\332\"\320j\301V(-B["
 206      AD054414 
 206      EAC7DA22 
 206      D06AC156 
 206      282D425B 
 207 004c 65B7822D 		.ascii	"e\267\202-v\241\230v\033\310:g\316\335\235\335%iv\227"
 207      76A19876 
 207      1BC83A67 
 207      CEDD9DDD 
 207      25697697 
 208 0060 90FF2C73 		.ascii	"\220\377,s\356\376\317\231\337=3\367bb[\177\236\003"
 208      EEFECF99 
 208      DF3D33F7 
 208      62625B7F 
 208      9E03
 209 0072 C6965C8C 		.ascii	"\306\226\\\214\355\025\237\241\222\001?2\311X\233\306"
 209      ED159FA1 
 209      92013F32 
 209      C9589BC6 
 210 0082 C1441F4C 		.ascii	"\301D\037L\274\342\3608c\272\303\334ic\272\253\202\346"
 210      BCE2F038 
 210      63BAC3DC 
 210      6963BAAB 
 210      82E6
ARM GAS  /tmp/cc8ijOmf.s 			page 16


 211 0094 C366B050 		.ascii	"\303f\260P\334\302C\024\267\312x\210\346\303V\260Q\334"
 211      DCC24314 
 211      B7CA7888 
 211      E6C356B0 
 211      51DC
 212 00a6 C68314D7 		.ascii	"\306\203\024\327d<H\363a\015\354\024\267\363\000\305"
 212      643C48F3 
 212      610DEC14 
 212      B7F300C5 
 213 00b6 1D321EA0 		.ascii	"\0352\036\240\371\260\003\234\024wr?\305]2\356\247\371"
 213      F9B0039C 
 213      1477723F 
 213      C55D32EE 
 213      A7F9
 214 00c8 B00BDC14 		.ascii	"\260\013\334\024w\363r\212\227\311x9\315\207\313\300"
 214      77F3728A 
 214      97C97839 
 214      CD87CBC0 
 215 00d8 43710FF7 		.ascii	"Cq\017\367Q\334+\343>\232\017{\001pd\300\016rS\205\331"
 215      51DC2BE3 
 215      3E9A0F7B 
 215      017064C0 
 215      0E725385 
 216 00ed 12B2DA82 		.ascii	"\022\262\332\202\232=\340p\372]\356\3622\217\317\013"
 216      9A3DE070 
 216      FA5DEEF2 
 216      328FCF0B 
 217 00fd 07351311 		.ascii	"\0075\023\021\262\320`\243\301N\203\223\0067\015\036"
 217      B2D060A3 
 217      C14E8393 
 217      06370D1E 
 218 010d 1A96F92A 		.ascii	"\032\226\371*\207#\321\336c\316\235'u]O\254}P\025\251"
 218      8723D1DE 
 218      63CE9D27 
 218      755D4FAC 
 218      7D5015A9 
 219 0121 4C72C61E 		.ascii	"Lr\306\036r\272\000>\207\235L\\\263\332\2719\353\264"
 219      72BA003E 
 219      879D4C5C 
 219      B3DAB939 
 219      EBB4
 220 0133 768A6BBC 		.ascii	"v\212k\274\024\203S`\0257\202\235+\217\352\251\324\342"
 220      14835360 
 220      1537829D 
 220      2B8FEAA9 
 220      D4E2
 221 0145 8933C396 		.ascii	"\2113\303\226f\316\222\342.\240XP\254(6\024\015\305"
 221      66CE92E2 
 221      2EA05850 
 221      AC283614 
 221      0DC5
 222 0157 81E24471 		.ascii	"\201\342Dq\241\270Q\274(>\024?J\000%\210\022B\251D\251"
 222      A1B851BC 
 222      283E143F 
 222      4A002588 
 222      1242A944 
 223 016c 42A946A9 		.ascii	"B\251F\251A\331\206R\213\262\035\245\016e\007J=\312"
ARM GAS  /tmp/cc8ijOmf.s 			page 17


 223      41D98652 
 223      8BB21DA5 
 223      0E65074A 
 223      3DCA
 224 017e 2E940694 		.ascii	".\224\006\224\335(\215(M(\214\305D\325\002h\234s1\230"
 224      DD288D28 
 224      4D288CC5 
 224      44D50268 
 224      9C733198 
 225 0192 E6E0C250 		.ascii	"\346\340\302P\377\344\240\011\227\361\210#\205\313\023"
 225      FFE4A009 
 225      97F18823 
 225      85CB13
 226 01a1 2787ED4B 		.ascii	"'\207\355K<\311\271\376\351\273\272\031\027};6uU\223"
 226      3CC9B9FE 
 226      E9BBBA19 
 226      177D3B36 
 226      755593
 227 01b4 530CFF6C 		.ascii	"S\014\377l\357\371lD\353\206O \311Mp\032\252\341\013"
 227      EFF96C44 
 227      EB864F20 
 227      C94D701A 
 227      AAE10B
 228 01c7 51170616 		.ascii	"Q\027\006\026\237\034\217;\233z\365\3166-\311\315\320"
 228      9F1C8F3B 
 228      9B7AF5CE 
 228      362DC9CD 
 228      D0
 229 01d8 0BDDB026 		.ascii	"\013\335\260&\371\301\031\221}\016:\326\255\224\307"
 229      F9C11991 
 229      7D0E3AD6 
 229      AD94C7
 230 01e7 44A9C6BB 		.ascii	"D\251\306\273\227\006\314\350\013\300\340\2540\021\325"
 230      9706CCE8 
 230      0BC0E0AC 
 230      3011D5
 231 01f6 1C05BCA4 		.ascii	"\034\005\274\244\210,_\252,\347\240Ix\213Oq\241\242"
 231      882C5FAA 
 231      2CE7A049 
 231      788B4F71 
 231      A1A2
 232 0208 49E4EA56 		.ascii	"I\344\352V'\327\215\325Y\012r\0054\355S\246\375T\372"
 232      27D78DD5 
 232      590A7205 
 232      34ED53A6 
 232      FD54FA
 233 021b E343314E 		.ascii	"\343C1N6\206\323\361\331\370\272I\026\317\031\014\010"
 233      3686D3F1 
 233      D9F8BA49 
 233      16CF190C 
 233      08
 234 022c 9719E8BC 		.ascii	"\227\031\350\274\321\361\206q\215\270\240\255\347\374"
 234      D1F18671 
 234      8DB8A0AD 
 234      E7FC
 235 023a 619BBC40 		.ascii	"a\233\274@\270|\205i\030\322\257`\242\253!\316\315i"
 235      B87C8569 
ARM GAS  /tmp/cc8ijOmf.s 			page 18


 235      18D2AF60 
 235      A2AB21CE 
 235      CD69
 236 024c FCAB33D3 		.ascii	"\374\2533\323F\201\266\"\226=(+\304\316\203\257\215"
 236      4681B622 
 236      963D282B 
 236      C4CE83AF 
 236      8D
 237 025d 0A0DB81A 		.ascii	"\012\015\270\032\031\305'\333\273\3342\375F*\225\362"
 237      19C527DB 
 237      BBDC32FD 
 237      462A95F2 
 238 026d 30182A11 		.ascii	"0\030*\021\3607*\323\267\010X\223\200-\031\300\375\327"
 238      F0372AD3 
 238      B7085893 
 238      802D19C0 
 238      FDD7
 239 027f 6346FD8E 		.ascii	"cF\375\216\302\001\017+\323\2214\340\373\006`'9=\212"
 239      C2010F2B 
 239      D39134E0 
 239      FB066027 
 239      393D8A
 240 0292 24BA1C72 		.ascii	"$\272\034r\001.\006\347\011\360\3154`g\026\321\220A"
 240      012E06E7 
 240      09F0CD34 
 240      606716D1 
 240      9041
 241 02a4 D49A69E8 		.ascii	"\324\232i\350\371tC\273\212X\347w\352\236\177\237K\324"
 241      F97443BB 
 241      8A58E777 
 241      EA9E7F9F 
 241      4BD4
 242 02b6 4D46039B 		.ascii	"MF\003\233}\037:eAI\321\257?\224\210\363G\225&\2128"
 242      7D1F3A65 
 242      4149D1AF 
 242      3F9488F3 
 242      4795268A 
 243 02cb DDE89248 		.ascii	"\335\350\222H\314S\023d\031\265\351z\324\372t\212?)"
 243      CC531364 
 243      19B5E97A 
 243      D4FA748A 
 243      3F29
 244 02dd 8A17A029 		.ascii	"\212\027\240){\247\232\305\324E\252p\250?\236\306\341"
 244      7BA79AC5 
 244      D445AA70 
 244      A83F9EC6 
 244      E1
 245 02ee 2DA2CE51 		.ascii	"-\242\316QU\347\317\271\273\327GF\037\377w\352\264U"
 245      55E7CFB9 
 245      BBD74746 
 245      1FFF77EA 
 245      B455
 246 0300 E2D0C531 		.ascii	"\342\320\3051\001c%\362\030Wy&\220\207O\266\227M\265"
 246      016325F2 
 246      18577926 
 246      90874FB6 
 246      974DB5
ARM GAS  /tmp/cc8ijOmf.s 			page 19


 247 0313 D7DDF4FE 		.ascii	"\327\335\364\376\365\027\336^\227\224\351\345\374\375"
 247      F517DE5E 
 247      9794E9E5 
 247      FCFD
 248 0321 1B20A713 		.ascii	"\033 \247\023\217\317\266\233\215\3625\006\277\344\355"
 248      8FCFB69B 
 248      8DF23506 
 248      BFE4ED
 249 0330 E0405683 		.ascii	"\340@V\203\005\215\006\3232\015\2662j\324\024,b\245"
 249      058D06D3 
 249      320DB632 
 249      6AD4142C 
 249      62A5
 250 0342 BFCAA2E4 		.ascii	"\277\312\242\344C\343J.\321\2200*\371\000\234T\266S"
 250      43E34A2E 
 250      D190302A 
 250      F9009C54 
 250      B653
 251 0354 08302401 		.ascii	"\0100$\001\332\325\001\270\222\006XY8\300\337\224\351"
 251      DAD501B8 
 251      92065859 
 251      38C0DF94 
 251      E9
 252 0365 D5FCFD59 		.ascii	"\325\374\375Y%\234\266\234xUY\274\002\006/G\206\327"
 252      259CB69C 
 252      785559BC 
 252      02062F47 
 252      86D7
 253 0377 469A5775 		.ascii	"F\232Wu\021\013\273&k\300\363\034~\317\345U#\214J\346"
 253      110BBB26 
 253      6BC0F31C 
 253      7ECFE555 
 253      238C4AE6 
 254 038b 35AD6C67 		.ascii	"5\255lg\220W\215\344\345T\2746\322\347\331\266\302y"
 254      90578DE4 
 254      E554BC36 
 254      D2E7D9B6 
 254      C279
 255 039d 5D57A6B3 		.ascii	"]W\246\263\371\015W+\234\266\360\252\315\342\3457x\271"
 255      F90D572B 
 255      9CB6F0AA 
 255      CDE2E537 
 255      78B9
 256 03af 0C5E8944 		.ascii	"\014^\211D*V\302ipC\326`\306\032n\312\323`\352\316\305"
 256      2A56C269 
 256      7043D660 
 256      C61A6ECA 
 256      D360EACE 
 257 03c4 F75DF234 		.ascii	"\367]\3624\020\217\2509\302\225\350\033\215\227\340"
 257      108FA839 
 257      C295E81B 
 257      8D97E0
 258 03d3 FD873A69 		.ascii	"\375\207:i\346\245\367\340{\221\210|\274\230u=\300`"
 258      E6A5F7E0 
 258      7B91887C 
 258      BC98753D 
 258      C060
ARM GAS  /tmp/cc8ijOmf.s 			page 20


 259 03e5 21ED3E56 		.ascii	"!\355>V\212\373-\351\216\257kp[\272?\320\227\257x\244"
 259      8AFB2DE9 
 259      8EAF6B70 
 259      5BBA3FD0 
 259      97AF78A4 
 260 03f9 BB8FC11D 		.ascii	"\273\217\301\035\303;1\235\361\336\354\032;$7\257E\217"
 260      C33B319D 
 260      F1DEEC1A 
 260      3B2437AF 
 260      458F
 261 040b E6BFA458 		.ascii	"\346\277\244Xd\202\361k\367\372\313\214\354\342M\316"
 261      6482F16B 
 261      F7FACB8C 
 261      ECE24DCE 
 262 041b 0A7F8AEC 		.ascii	"\012\177\212\354\177\031\331\327:\0066!\223}Qf\267b"
 262      7F19D9D7 
 262      3A063621 
 262      937D5166 
 262      B762
 263 042d F698CCDE 		.ascii	"\366\230\314\336\263\020y\"_\201\314^q[\344m\212\213"
 263      B3107922 
 263      5F81CC5E 
 263      715BE46D 
 263      8A8B
 264 043f 733A7322 		.ascii	"s:s\"\315D,t\023\267g%\202\247'\271\253\222\374\235"
 264      CD442C74 
 264      13B76725 
 264      82A727B9 
 264      AB92FC9D 
 265 0453 6E9075A3 		.ascii	"n\220u\243A\352\204\223l\347\354'\\]V\203\224\033\015"
 265      41EA8493 
 265      6CE7EC27 
 265      5C5D5683 
 265      941B0D
 266 0466 52967967 		.ascii	"R\226yg\230\2371ztG\021\235\277\244n\342r\356\206\252"
 266      989F317A 
 266      7447119D 
 266      BFA46EE2 
 266      72EE86AA 
 267 047a 1746256F 		.ascii	"\027F%o\250\177\224\355=\334P\365\222\227G\361Z\210"
 267      A87F94ED 
 267      3DDC50F5 
 267      929747F1 
 267      5A88
 268 048c 1BC5EE2A 		.ascii	"\033\305\356*|C\335W\246+\371\007P\203p\332\362F\320"
 268      7C43DD57 
 268      A62BF907 
 268      508370DA 
 268      F246D0
 269 049f 202C468E 		.ascii	" ,F\216N\034\243G\222x \375\233\301\3473\360y3\347Q"
 269      4E1CA347 
 269      927820FD 
 269      9BC1E733 
 269      F07933E7 
 270 04b4 6C2F7D69 		.ascii	"l/}iw\021\313| +\302\177& \221K\257Q\030\225LoU\331"
 270      7711CB7C 
 270      202BC27F 
ARM GAS  /tmp/cc8ijOmf.s 			page 21


 270      2620914B 
 270      AF511895 
 271 04cc AE21BD46 		.ascii	"\256!\275F\371\314\006rn*\034\330C\345\263.\312\273"
 271      F9CC0672 
 271      6E2A1CD8 
 271      43E5B32E 
 271      CABB
 272 04de 056DD18F 		.ascii	"\005m\321\217^F\027b\000b\355\3428\337\323\334\334\222"
 272      5E461762 
 272      0062EDE2 
 272      38DFD3DC 
 272      DC92
 273 04f0 F9DDB7BF 		.ascii	"\371\335\267\277\345\315W[[\336\332\367\366;\373[^|"
 273      E5CD575B 
 273      5BDEDAF7 
 273      F63BFB5B 
 273      5E7C
 274 0502 E9853DCF 		.ascii	"\351\205=\317\222>\377\314\201\003\030y\245\265\365"
 274      923EFFCC 
 274      81031879 
 274      A5B5F5
 275 0511 F5E6D7D8 		.ascii	"\365\346\327\330\377)\326z\307"
 275      FF29D67A 
 275      C7
 276              		.text
 277              		.section	.gnu.lto_.symbol_nodes.a352a79b0b1071f6,"",%progbits
 278 0000 789C558B 		.ascii	"x\234U\213[N\002A\024D\253n\337\301\001\006\305\025"
 278      5B4E0241 
 278      1444AB6E 
 278      DFC10106 
 278      C515
 279 0012 B8D42284 		.ascii	"\270\324\"\204\030\277\214\033P\307d\226\302\267k\320"
 279      18BF8C1B 
 279      50C76496 
 279      C2B76BD0 
 280 0022 844F7C02 		.ascii	"\204O|\002\2765:\3035i\372\347\344\334\352\223\000\\"
 280      BE353AC3 
 280      3569FAE7 
 280      E4DCEA93 
 280      005C
 281 0034 12DB6777 		.ascii	"\022\333gw\024pv\015H8\257O*\330=\305\377\313E]\242"
 281      1470760D 
 281      4838AF4F 
 281      2AD83DC5 
 281      FFCB455D 
 282 0049 5813B529 		.ascii	"X\023\265)\025\257\344X\260\007\312v\366OZ\273\333#"
 282      15AFE458 
 282      B007CA76 
 282      F64F5ABB 
 282      DB23
 283 005b 95F2C19E 		.ascii	"\225\362\301\236(\337\371\271d\2722\201\037T\261\035"
 283      28DFF9B9 
 283      64BA3281 
 283      1F54B11D 
 284 006b 309994E0 		.ascii	"0\231\224\340;\325\313\375\215\332\313\375\205*s\337"
 284      3BD5CBFD 
 284      8DDACBFD 
ARM GAS  /tmp/cc8ijOmf.s 			page 22


 284      852A73DF 
 285 007b 50FDDC57 		.ascii	"P\375\334W\324 \367gj\230\3737U\345\376E\2152O<@s\363"
 285      D420F767 
 285      6A98FB37 
 285      55E5FE45 
 285      8D324F3C 
 286 0092 C3C47D2C 		.ascii	"\303\304},:\2160\273mY\241\011\316;\016\261\3508\300"
 286      3A8E30BB 
 286      6D59A109 
 286      CE3B0EB1 
 286      E838C0
 287 00a5 EC787994 		.ascii	"\354xy\224\330G\323\322\243\367\350=z\217\336\243\367"
 287      D847D3D2 
 287      A3F7E83D 
 287      7A8FDEA3 
 287      F7
 288 00b6 E83D7A8F 		.ascii	"\350=z\217\276\007LO[\036\242\3518\306\374\217\370\005"
 288      BE074C4F 
 288      5B1EA2E9 
 288      38C6FC8F 
 288      F805
 289 00c8 C02979E5 		.ascii	"\300)y\345"
 290              		.text
 291              		.section	.gnu.lto_.refs.a352a79b0b1071f6,"",%progbits
 292 0000 789C6366 		.ascii	"x\234cf``\220e\200\000\026F&&f&fV&f6&&\016\026\026&"
 292      60609065 
 292      80001646 
 292      26266626 
 292      66562666 
 293 001b 56188F95 		.ascii	"V\030\217\225\203\001\000\012B\000\204"
 293      8301000A 
 293      420084
 294              		.text
 295              		.section	.gnu.lto_.decls.a352a79b0b1071f6,"",%progbits
 296 0000 789CBD58 		.ascii	"x\234\275X{PTW\232\357sOw\3234-821\206M\215\306\244"
 296      7B505457 
 296      9AEF734F 
 296      77D3342D 
 296      38323186 
 297 0018 A84CC611 		.ascii	"\250L\306\021\243\033\313\332\332\252\004[\035\315\304"
 297      A31BCBDA 
 297      DAAA045B 
 297      1DCDC4
 298 0027 84699C64 		.ascii	"\204i\234dwSS=\010\255\260\341\341B\343\232\332?\366"
 298      7753533D 
 298      08ADB0E1 
 298      E142E39A 
 298      DA3FF6
 299 003a 02460189 		.ascii	"\002F\001\211`\373\002_\240B\020_\370\026\305 bD\036"
 299      60FB025F 
 299      A042105F 
 299      F816C520 
 299      62441E
 300 004d 0A4A7CA1 		.ascii	"\012J|\241\004[\021\001\005lE\021\020\350\375\3169\367"
 300      045B1101 
 300      056C4511 
 300      10E8FDCE 
ARM GAS  /tmp/cc8ijOmf.s 			page 23


 300      39F7
 301 005f D56DA333 		.ascii	"\325m\2433[[\333\305\307\275\347\236\337\371}\257s\276"
 301      5B5BDBC5 
 301      C7BDE79E 
 301      DFF97DAF 
 301      73BE
 302 0071 7BCEC52A 		.ascii	"{\316\305*\225\352'N\245r\302\357wo\253T1j\225J\013"
 302      95EA274E 
 302      A572C2EF 
 302      776FAB54 
 302      316A954A 
 303 0086 CF424034 		.ascii	"\317B@4 GA>\005\351\007\031\000\231\253b?_\220!\020"
 303      2047413E 
 303      05E90719 
 303      0099AB62 
 303      3F5F9021 
 304 009b 2708422A 		.ascii	"'\010B*\025\006\321\200\030@~\005\342\017\362&\310["
 304      1506D180 
 304      18407E05 
 304      E20FF226 
 304      C85B
 305 00ad 20FF00F2 		.ascii	" \377\000\3626\310o@&\200\200\012\325{p\375\035\310"
 305      36C86F40 
 305      2680800A 
 305      D57B70FD 
 305      1DC8
 306 00bf 6490A948 		.ascii	"d\220\251H\345\362#\274^\202\015\357\200\3743\364\377"
 306      E5F223BC 
 306      5E820DEF 
 306      80FC33F4 
 306      FF
 307 00d0 13C859B8 		.ascii	"\023\310Y\270_\010\3270\0200Y5\035\256\377\002\202\204"
 307      5F08D730 
 307      10305935 
 307      1DAEFF02 
 307      8284
 308 00e2 31EE3F62 		.ascii	"1\356?b\333X\201\207\330k\000\321\001\330\202\230\037"
 308      DB588187 
 308      D86B00D1 
 308      01D88298 
 308      1F
 309 00f3 11705D84 		.ascii	"\021p]\204\230\217G@\374\340~1\310\013\270\217\204k"
 309      988F4740 
 309      FCE07E31 
 309      C80BB88F 
 309      846B
 310 0105 14C86F91 		.ascii	"\024\310o\221\354\373\033\210\305\342\337\341\252\027"
 310      ECFB1B88 
 310      C5E2DFE1 
 310      AA17
 311 0113 6CD6097A 		.ascii	"l\326\011z\336\026\374|K\360\333_\210\203A\260U\364"
 311      DE16FC7C 
 311      4BF0DB5F 
 311      888341B0 
 311      55F4
 312 0125 57F92371 		.ascii	"W\371#q\373\377\260\017\241\327\3337\331\203}$\247\312"
 312      FBFFB00F 
ARM GAS  /tmp/cc8ijOmf.s 			page 24


 312      A1D7DB37 
 312      D9837D24 
 312      A7CA
 313 0137 3C88B127 		.ascii	"<\210\261'y\020\355 \271\3747\270\377\012\344\317 _"
 313      7910ED20 
 313      B9FC37B8 
 313      FF0AE4CF 
 313      205F
 314 0149 0BF92563 		.ascii	"\013\371%cIN&\010yw\377i^\301\235\002\327$\304l\017"
 314      494E2608 
 314      7977FF69 
 314      5EC19D02 
 314      D724C46C 
 315 015e 81EB9F40 		.ascii	"\201\353\237@\276\004Y\000b\002\371\013\310\177\201"
 315      BE045900 
 315      6202F90B 
 315      C87F81
 316 016d 9885DC6B 		.ascii	"\230\205\334k<\360?\346P\325\236\255\177\305\034\202"
 316      3CF03FE6 
 316      50D59EAD 
 316      7FC51C82 
 317 017d 5B75CB96 		.ascii	"[u\313\226\003\307\374P`@\200>\237\347\371T\376\023"
 317      03C7FC50 
 317      6040803E 
 317      9FE7F954 
 317      FE13
 318 018f B407E951 		.ascii	"\264\007\351Q!\302\212\021\331\360\274\357c\322\001"
 318      21C28A11 
 318      D9F0BCEF 
 318      63D201
 319 019e B73A7A4D 		.ascii	"\267:zM\345\371d\336a\343\3618\025\232\024\200~\033"
 319      E5F964DE 
 319      61E3F138 
 319      159A1480 
 319      7E1B
 320 01b0 A042BB50 		.ascii	"\240B\273P \355R\241\335(\000\025\241\000\242\351\356"
 320      20ED52A1 
 320      DD280015 
 320      A100A2E9 
 320      EE
 321 01c1 DAC7691A 		.ascii	"\332\307i\032\275\200N}\035\372\304\301\254~\337v\016"
 321      BD804E7D 
 321      1DFAC4C1 
 321      AC7EDF76 
 321      0E
 322 01d2 F9EAE792 		.ascii	"\371\352\347\222\346\215\252\215\037A\313\240\367\246"
 322      E68DAA8D 
 322      1F41CBA0 
 322      F7A6
 323 01e0 9DFB9F5E 		.ascii	"\235\373\237^\364\241\235\023H\363\244\255*[K{\325\244"
 323      F4A19D13 
 323      48F3A4AD 
 323      2A5B4B7B 
 323      D5A4
 324 01f2 99BF7EC3 		.ascii	"\231\277~\303^\015m\352Hs0\245\253\027\023\275<\237"
 324      5E0D6DEA 
 324      487330A5 
ARM GAS  /tmp/cc8ijOmf.s 			page 25


 324      AB1713BD 
 324      3C9F
 325 0204 95C27B57 		.ascii	"\225\302{W\371B\007*\006M\007@\223\012\035\242\232\337"
 325      F942072A 
 325      064D0740 
 325      930A1DA2 
 325      9ADF
 326 0216 0F400799 		.ascii	"\017@\007\231\342\365W\354\253\264c\262(\234\347' \032"
 326      E2F557EC 
 326      ABB463B2 
 326      289CE727 
 326      201A
 327 0228 847D00DF 		.ascii	"\204}\000\337O\341\207\321\030q\020A7\234\031\344uJ"
 327      4FE187D1 
 327      18711041 
 327      379C19E4 
 327      754A
 328 023a F4DE57A1 		.ascii	"\364\336W\241\317\365\257+\321\033\322I\010\004S\216"
 328      CFF5AF2B 
 328      D11BD249 
 328      0804538E 
 329 024a A0310A5B 		.ascii	"\2401\012[\216\"\003\235\362p%\226\234\332b\363\246"
 329      8E22039D 
 329      F2702596 
 329      9CDA62F3 
 329      A6
 330 025b 5EF2243F 		.ascii	"^\362$?\250\366n_\217\201\3725\2324wf\337\271\242\237"
 330      A8F66E5F 
 330      8F81FA35 
 330      9A347766 
 330      DFB9A29F 
 331 026f B49BA6AA 		.ascii	"\264\233\246\252|\206\234\321C;\013\216\261a\237\220"
 331      7C869CD1 
 331      433B0B8E 
 331      B1619F90 
 332 027f E6BDED25 		.ascii	"\346\275\355%\365\034\366\245\014I?\224fxA\327;z\212"
 332      F51CF6A5 
 332      0C493F94 
 332      667841D7 
 332      3B7A8A
 333 0292 BCBDB93F 		.ascii	"\274\275\271?\337\2336Ia\363#\217N\227\365U\352q\000"
 333      DF9B3649 
 333      61F3238F 
 333      4E97F555 
 333      EA7100
 334 02a5 4567A4DA 		.ascii	"Eg\244\332\253\365\370]r\317U\335\347w\372\242@:3\034"
 334      ABF5F85D 
 334      72CF55DD 
 334      E777FAA2 
 334      403A331C 
 335 02b9 CDB6CAB7 		.ascii	"\315\266\312\267y^\215\312\301\3272\204Q\011\232D\254"
 335      795E8DCA 
 335      C1D73284 
 335      51099A44 
 335      AC
 336 02ca 26ACE497 		.ascii	"&\254\344\227*\373\247\222\234C\247!\313\357\350)\026"
 336      2AFBA792 
ARM GAS  /tmp/cc8ijOmf.s 			page 26


 336      9C43A721 
 336      CBEFE829 
 336      16
 337 02db 95C2C353 		.ascii	"\225\302\303S4\334\334\271\301\262\345\032\244\017\364"
 337      34DCDCB9 
 337      C1B2E51A 
 337      A40FF4
 338 02ea 3CA8C2C3 		.ascii	"<\250\302\303 j\302\251\024\333Xb\302\0310\341G\331"
 338      206AC2A9 
 338      14DB5862 
 338      C21930E1 
 338      47D9
 339 02fc 8472A497 		.ascii	"\204r\244\227\342\320U\221\277\214\244=\345o\243\205"
 339      E2D05591 
 339      BF8CA43D 
 339      E56FA385 
 340 030c 112B73D7 		.ascii	"\021+s\327\364z\343\377\246\316\257Z\321s\302\017\247"
 340      F47AE3FF 
 340      A6CEAF5A 
 340      D173C20F 
 340      A7
 341 031d 20BA32B6 		.ascii	" \2722\266\035\351N\032\205&\372O\014\314\343\227\247"
 341      1DE94E1A 
 341      8526FA4F 
 341      0CCCE397 
 341      A7
 342 032e 38B20B5A 		.ascii	"8\262\013Z\346\331R\370\374q\350,\250?\007\352\317#"
 342      E6D952F8 
 342      FC71E82C 
 342      A83F07EA 
 342      CF23
 343 0340 7F99FD7D 		.ascii	"\177\231\375}\222\312b\222P\325\032:1\362\370O\254*"
 343      92CA6292 
 343      50D51A3A 
 343      31F2F84F 
 343      AC2A
 344 0352 7402B139 		.ascii	"t\002\2619\246\242h\320\215\252\301\214*4\021U\242\211"
 344      A6A268D0 
 344      8DAAC18C 
 344      2A341155 
 344      A289
 345 0364 D468429E 		.ascii	"\324hB\236\227Q\250\255\232B\211\177\362H\374\001\341"
 345      9751A8AD 
 345      9A42897F 
 345      F248FC01 
 345      E1
 346 0375 2531B0A7 		.ascii	"%1\260\247\027jyD\020*\301}i\016pi\027\035\325>(\320"
 346      176A7944 
 346      102AC17D 
 346      690E7069 
 346      171DD53E 
 347 038b 9FE2562F 		.ascii	"\237\342V/\326\241Z\3409)\307\211\014\242?O\006\242"
 347      D6A15AE0 
 347      3929C789 
 347      0CA23F4F 
 347      06A2
 348 039d 1AB06B24 		.ascii	"\032\260k$\033!4;zv\224\352\\fq\255\302J\025\272\300"
ARM GAS  /tmp/cc8ijOmf.s 			page 27


 348      1B21343B 
 348      7A7694EA 
 348      5C6671AD 
 348      C24A15BA 
 349 03b2 663120D7 		.ascii	"f1 \3274\366\\\361\302e4\210h\303\336\326!\003\256`"
 349      34F65CF1 
 349      C2653488 
 349      68C3DED6 
 349      2103AE60 
 350 03c6 8DF40DEB 		.ascii	"\215\364\015\353*\021\276\306\032\015G\206Rt\370&k\344"
 350      2A11BEC6 
 350      1A0D4786 
 350      5274F826 
 350      6BE4
 351 03d8 A6DA6EE9 		.ascii	"\246\332n\351\260\2355\016\367:*\364\270\2256\264i\275"
 351      B09D350E 
 351      F73A2AF4 
 351      B89536B4 
 351      69BD
 352 03ea B9E7119A 		.ascii	"\271\347\021\232\010i`y\260;\013j\014\274\020\254\006"
 352      08696079 
 352      B03B0B6A 
 352      0CBC10AC 
 352      06
 353 03fb 70EEAA32 		.ascii	"p\356\2522X,\324,\0154\260\303\005b`/{\306~ g\214\247"
 353      582CD42C 
 353      0D34B0C3 
 353      0562602F 
 353      7BC67E20 
 354 0412 013906FD 		.ascii	"\0019\006\375\307i\327U!\0327 \032\327!\032\327@\256"
 354      C769D755 
 354      211A3720 
 354      1AD7211A 
 354      D740AE
 355 0425 80FCACCC 		.ascii	"\200\374\254\314\334\220\244\340\222\273\202\367\335"
 355      DC90A4E0 
 355      92BB82F7 
 355      DD
 356 0432 6C1994A0 		.ascii	"l\031\224\240\365\036\241r\222\007\012H\222\257zJ\362"
 356      F51EA172 
 356      92070A48 
 356      92AF7A4A 
 356      F2
 357 0443 8AE2E2D5 		.ascii	"\212\342\342\325Z\344\037\350\311dt\023,}\235\325TA"
 357      5AE41FE8 
 357      C9647413 
 357      2C7D9DD5 
 357      5441
 358 0455 2ACC8E46 		.ascii	"*\314\216F\000\326\311\263\343\2528; \003\035Y\035\027"
 358      00D6C9B3 
 358      E3AA383B 
 358      20031D59 
 358      1D17
 359 0467 47B924BB 		.ascii	"G\271$\273\321%\331\267\244d\367t\036\265\340\007,o"
 359      D125D9B7 
 359      A464F774 
 359      1EB5E007 
ARM GAS  /tmp/cc8ijOmf.s 			page 28


 359      2C6F
 360 0479 9786B6F7 		.ascii	"\227\206\266\367h\361\023\326\330x\371\306q5\356\023"
 360      68F113D6 
 360      D878F9C6 
 360      7135EE13 
 361 0489 127FABE8 		.ascii	"\022\177\253\350\202\027\3469\227z4\226\325\243\325"
 361      8217E639 
 361      977A3496 
 361      D5A3D5
 362 0498 B59BCE60 		.ascii	"\265\233\316`\332t\322\242ckyZ\200\304\332\340\372\206"
 362      DA74D2A2 
 362      636B795A 
 362      80C4DAE0 
 362      FA86
 363 04aa 690197C6 		.ascii	"i\001\227\306\012+\330\016\306\334\021\013C\363\200"
 363      0A2BD80E 
 363      C6DC110B 
 363      43F380
 364 04b9 1D91C270 		.ascii	"\035\221\302p\027b{[vi\254T\0278\373\365\202?y&m\035"
 364      17627B5B 
 364      7669AC54 
 364      1738FBF5 
 364      823F7926 
 365 04cf 89F4544A 		.ascii	"\211\364TJ\355\033\204\364\036\2206\313\244w\025\325"
 365      ED1B84F4 
 365      1E9036CB 
 365      A47715D5 
 366 04df A6F8A4BD 		.ascii	"\246\370\244\275\003\341t\346WI\311\320\240\032g\261"
 366      03E174E6 
 366      5749C9D0 
 366      A01A67B1 
 367 04ef C6AEBB75 		.ascii	"\306\256\273u\266Q\264\036\277O\232i\253\333\217\351"
 367      B651B41E 
 367      BF4F9A69 
 367      ABDB8FE9 
 368 04ff F006D677 		.ascii	"\360\006\326w\373\371\355\012/\3327\2054\355\303[_x"
 368      FBF9ED0A 
 368      2FDA3785 
 368      34EDC35B 
 368      5F78
 369 0511 E13C2138 		.ascii	"\341<!8\345\373~f}3\240\351}\344X\211\323\013f?\231"
 369      E5FB7E66 
 369      7D33A0E9 
 369      7DE45889 
 369      D30B663F 
 370 0526 FE7401F0 		.ascii	"\376t\001\360\311\216\372\264\343\237\366$\363\031\343"
 370      C98EFAB4 
 370      E39FF624 
 370      F319E3
 371 0535 A8656D60 		.ascii	"\250em`\231\003\222#x\303&u\2730\351\370\344\274\346"
 371      99039223 
 371      78C32675 
 371      BB30E9F8 
 371      E4BCE6
 372 0548 0E4DF614 		.ascii	"\016M\366\024\212\354\360\204| !\3555\325utaArQ\223"
 372      8AECF084 
 372      7C2021ED 
ARM GAS  /tmp/cc8ijOmf.s 			page 29


 372      35D57574 
 372      61417251 
 373 055d 801DB9BC 		.ascii	"\200\035\271\274\271/\026\2070\355\236A8\037\303t{\004"
 373      B92F1687 
 373      30ED9E41 
 373      381FC374 
 373      7B04
 374 056f F214E409 		.ascii	"\362\024\344\011H\027H7H\217\264p\300\260\352\"\262"
 374      48174837 
 374      488FB470 
 374      C0B0EA22 
 374      B2
 375 0580 1AA06CA0 		.ascii	"\032\240l\240\213\036\225} \031v\263\250\316\207\027"
 375      8B1E957D 
 375      201976B3 
 375      A8CE8717 
 376 0590 9CB8EFC9 		.ascii	"\234\270\357\311\211b\331\335\333\222\273\017=!;ed-"
 376      8962D9DD 
 376      DB92BB0F 
 376      3D213B65 
 376      642D
 377 05a2 D54F5E25 		.ascii	"\325O^%\277\270\353WT\006\272Z\252\212\310rtxX\216\250"
 377      BFB8EB57 
 377      5406BA5A 
 377      AA8AC872 
 377      7478588E 
 378 05b7 E9C8B306 		.ascii	"\351\310\263\006\016\377B\223\307\235,\\ux\324Hk\263"
 378      0EFF4293 
 378      C79D2C5C 
 378      7578D448 
 378      6BB3
 379 05c9 0F02F3F7 		.ascii	"\017\002\363\367\004\211jn\217\322\241\3470\250W\236"
 379      04896A6E 
 379      8FD2A1E7 
 379      30A8579E 
 380 05d9 7F0EC53A 		.ascii	"\177\016\305:\035\276S\324h\360\027\324\345\215\244"
 380      1DBE53D4 
 380      68F017D4 
 380      E58DA4
 381 05e8 4EF55A5D 		.ascii	"N\365Z]\250\037\371\223*\334\225:\336e\325\367\273\254"
 381      A81FF993 
 381      2ADC953A 
 381      DE65D5F7 
 381      BBAC
 382 05fa FA0161A3 		.ascii	"\372\001a\2432@7*\245/\356^Q\277\271^\330a\215V\243"
 382      3240372A 
 382      A52FEE5E 
 382      51BFB95E 
 382      D8618D56 
 383 060f 90B10AEC 		.ascii	"\220\261\012\354\013\364&\374\377Z\315\354\314=T\363"
 383      0BF426FC 
 383      FF5ACDEC 
 383      CC3D54F3 
 384 061f 508D1D6C 		.ascii	"P\215\035l\212oo\370n\377\250\011\333\370\362\003\216"
 384      8A6F6FF8 
 384      6EFFA809 
 384      DBF8F203 
ARM GAS  /tmp/cc8ijOmf.s 			page 30


 384      8E
 385 0630 CDFB9A7D 		.ascii	"\315\373\232}s\370\274d~\330\011\213\237\014B\203\222"
 385      73F8BC64 
 385      7ED8098B 
 385      9F0C4283 
 385      92
 386 0641 A72A72CF 		.ascii	"\247*r\317\314\033B\023`\340\346\226\355\367\364\370"
 386      CC1B4213 
 386      60E0E696 
 386      EDF7F4F8 
 387 0651 34A62CFD 		.ascii	"4\246,\375U]W\020\260\344\035\2607\355\214(_\316\017"
 387      555D5710 
 387      B0E41DB0 
 387      37ED8C28 
 387      5FCE0F
 388 0664 3A9D9851 		.ascii	":\235\230Q\014+(\206E\012'\245\270w\260\253Y\203\253"
 388      0C2B2886 
 388      450A27A5 
 388      B877B0AB 
 388      5983AB
 389 0677 18454D7D 		.ascii	"\030EM}V\251/\245\310K\205\322\314\227;\235\037S\002"
 389      56A92FA5 
 389      C84B85D2 
 389      CC973B9D 
 389      1F5302
 390 068a 9E9309E0 		.ascii	"\236\223\011\340\236\021$q\204 3\253\3538\302\227\031"
 390      9E112471 
 390      842033AB 
 390      EB38C297 
 390      19
 391 069b C1F5828C 		.ascii	"\301\365\202\214$\003\263\241\366\274\305\305\206d\005"
 391      2403B3A1 
 391      F6BCC5C5 
 391      866405
 392 06aa 45B24891 		.ascii	"E\262H\221B)\012\013\257\355\323\340fF\361\244\374\366"
 392      42290A0B 
 392      AFEDD3E0 
 392      6646F1A4 
 392      FCF6
 393 06bc 4DCC6CC8 		.ascii	"M\314l\310,R\332\260\\A\260\\$\370\216\0224<9\301{\341"
 393      2C52DAB0 
 393      5C41B05C 
 393      24F88E12 
 393      343C39C1 
 394 06d2 479480FB 		.ascii	"G\224\200\373\376\362\355a5\0124\320\222\325W\334\263"
 394      FEF2ED61 
 394      350A34D0 
 394      92D557DC 
 394      B3
 395 06e3 2C09B6F0 		.ascii	",\011\266\360\251\234\001\255\220\010\320\027\0066c"
 395      A99C01AD 
 395      9008D017 
 395      063663
 396 06f2 94A95564 		.ascii	"\224\251Ud\013\255\344\002\001#\240AA\357\362\242\233"
 396      0BADE402 
 396      0123A041 
 396      41EFF2A2 
ARM GAS  /tmp/cc8ijOmf.s 			page 31


 396      9B
 397 0703 BE6A38FB 		.ascii	"\276j8\373P\242\257\351\376\332\266e\250\327w\304t\247"
 397      50A2AFE9 
 397      FEDAB665 
 397      A8D777C4 
 397      74A7
 398 0715 7324DD69 		.ascii	"s$\335i\234\220\357\302\207'w{\343\0025u\361\352\376"
 398      9C90EFC2 
 398      8727777B 
 398      E3023575 
 398      F1EAFE
 399 0728 B555DEE0 		.ascii	"\265U\336\340\242\035\354;X2)\373\020_A#\205\020\031"
 399      A21DEC3B 
 399      583229FB 
 399      105F4123 
 399      851019
 400 073b 8656291C 		.ascii	"\206V)\034]%:\232A\035\315N\317N5\270LH\262\321\226"
 400      5D253A9A 
 400      411DCD4E 
 400      CF4E35B8 
 400      4C48B2D1 
 401 0750 B57ECF89 		.ascii	"\265~\317\211\257!\347PN\017\242\026\177/Y\354\310\330"
 401      AF21E750 
 401      4E0FA216 
 401      7F2F59EC 
 401      C8D8
 402 0762 F3C07B44 		.ascii	"\363\300{D\2133\251\305\253E\213/V\256}\346\207;\230"
 402      8B33A9C5 
 402      AB458B2F 
 402      56AE7DE6 
 402      873B98
 403 0775 C54F7BAF 		.ascii	"\305O{\257\333|\251\305\007\006\016?\375M\016\277]\234"
 403      DB7CA9C5 
 403      07060E3F 
 403      FD4D0EBF 
 403      5D9C
 404 0787 A1300A65 		.ascii	"\2410\012e)\014\316\022\015^C\015\2569\327\333\356\203"
 404      290CCE12 
 404      0D5E430D 
 404      AE39D7DB 
 404      EE83
 405 0799 733594A5 		.ascii	"s5\224\245\260\274\272\0123\226\316\243\235o(XH~m\012"
 405      B0BCBA0A 
 405      3396CEA3 
 405      9D6F2858 
 405      487E6D0A 
 406 07ad 169BC8B2 		.ascii	"\026\233\310\262\226\262t\333\266\026\030\2503\260\322"
 406      96B274DB 
 406      B61618A8 
 406      33B0D2
 407 07bc 04679A6E 		.ascii	"\004g\232n=K\035y\265\255\247\316\254\023\235\311\337"
 407      3D4B1D79 
 407      B5ADA7CE 
 407      AC139DC9 
 407      DF
 408 07cd D95868   		.ascii	"\331Xh"
 409 07d0 C08DCC8C 		.ascii	"\300\215\314\214k\027/\365i\231\031\365EN\2540\003F"
ARM GAS  /tmp/cc8ijOmf.s 			page 32


 409      6B172FF5 
 409      699919F5 
 409      454EAC30 
 409      0346
 410 07e2 A10D0A33 		.ascii	"\241\015\01236\210fl\244f\034\257\256h\305\370!c\331"
 410      3688666C 
 410      A4661CAF 
 410      AE68C5F8 
 410      2163D9
 411 07f5 9B73271D 		.ascii	"\233s'\035\211\316\264\273;\223\255`\311\026Yr(K\321"
 411      89CEB4BB 
 411      3B93AD60 
 411      C9165972 
 411      284BD1
 412 0808 C96BCFFD 		.ascii	"\311k\317\3750\257\245,[\237>\356Ab`\035\356\201\335"
 412      30AFA52C 
 412      5B9F3EEE 
 412      4162601D 
 412      EE81DD
 413 081b A460D924 		.ascii	"\244`\331$\262l\246,\215W\357g\373\264qx\265Z\205\266"
 413      B26CA62C 
 413      8D57EF67 
 413      FBB47178 
 413      B55A85B6 
 414 082f 30DEDD29 		.ascii	"0\336\335)N\016\257a\274k6\356\332\244a\274'N\224\214"
 414      4E0EAF61 
 414      BC6B36EE 
 414      DAA461BC 
 414      274E948C 
 415 0843 75B36EAB 		.ascii	"u\263n\253\202w\253\310\273\215\262\264]\036j\361\305"
 415      8277ABC8 
 415      BB8DB2B4 
 415      5D1E6AF1 
 415      C5
 416 0854 F58CE5C2 		.ascii	"\365\214\345\302\212\326z\275\020\251\352\001\354\306"
 416      8AD67ABD 
 416      10A9EA01 
 416      ECC6
 417 0862 92AB60C9 		.ascii	"\222\253`\311\025Y\362(K\253m\275\003\343\353\214\345"
 417      1559F228 
 417      4BAB6DBD 
 417      03E3EB8C 
 417      E5
 418 0873 60636BAE 		.ascii	"`ck\256\026\333Y\243\355Z\356\017x|\267v+\034\233\341"
 418      16DB59A3 
 418      ED5AEE0F 
 418      787CB776 
 418      2B1C9BE1 
 419 0887 D4470F5B 		.ascii	"\324G\017[\031M\273\325\357n\347/\34596_|>.)+/9\213"
 419      194DBBD5 
 419      EF6EE72F 
 419      E539365F 
 419      7C3E2E29 
 420 089f 27AB9E1E 		.ascii	"'\253\236\036\013\267\203\026(U\212\323\344\016\242"
 420      0BB78316 
 420      28558AD3 
 420      E40EA2
ARM GAS  /tmp/cc8ijOmf.s 			page 33


 421 08ae 0BEDE4C6 		.ascii	"\013\355\344\306\253P>\367.YOw~\264\261-\002\257\241"
 421      AB503EF7 
 421      2E594F77 
 421      7EB4B12D 
 421      02AFA1
 422 08c1 3ACA3A79 		.ascii	":\312:y\216\236\020CHs\367\275\203\355\272\221O\276"
 422      8E9E1043 
 422      4873F7BD 
 422      83EDBA91 
 422      4FBE
 423 08d3 859C70F2 		.ascii	"\205\234p\362=\300\216?\271\225\247\347\310GY+}\333"
 423      3DC08E3F 
 423      B995A7E7 
 423      C847592B 
 423      7DDB
 424 08e5 147001E8 		.ascii	"\024p\001\350\007\216\240wqc\3041\364\230\274\262\261"
 424      078EA077 
 424      7163C431 
 424      F498BCB2 
 424      B1
 425 08f6 C15B89EE 		.ascii	"\301[\211\356\177\025\372\321\241\314Jo\334\307\"q\271"
 425      7F15FAD1 
 425      A1CC4A6F 
 425      DCC72271 
 425      B9
 426 0907 79638716 		.ascii	"yc\207\026\334v\360\260\201y\376\307u|\026T,\207\363"
 426      DC76F0B0 
 426      8179FEC7 
 426      757C1654 
 426      2C87F3
 427 091a E3F1A888 		.ascii	"\343\361\250\210\033\203v\263\340*\270v\263\020\243"
 427      1B8376B3 
 427      E02AB876 
 427      B310A3
 428 0929 3DD4E7CA 		.ascii	"=\324\347\312;\371~x\225\027er\332\356\345\340\3619"
 428      3BF97E78 
 428      95176572 
 428      DAEEE5E0 
 428      F139
 429 093b 5E8A9836 		.ascii	"^\212\2306\344:\227\210!\335\361\226\207\220B\361V\204"
 429      E43A9788 
 429      21DDF196 
 429      879042F1 
 429      5684
 430 094d 742F0DE9 		.ascii	"t/\015\351>\022\322\375\224\276\265sO\203\036\357d\374"
 430      3E12D2FD 
 430      94BEB573 
 430      4F831EEF 
 430      64FC
 431 095f 954F4BD3 		.ascii	"\225OK\323\264\343\017\023~\352\306\211\242\274\001"
 431      B4E30F13 
 431      7EEAC689 
 431      A2BC01
 432 096e 726086AD 		.ascii	"r`\206\255\002\337Y\342C\253\366\263]+\365\2400o\207"
 432      02DF59E2 
 432      43ABF6B3 
 432      5D2BF5A0 
ARM GAS  /tmp/cc8ijOmf.s 			page 34


 432      306F87
 433 0981 FDE611F2 		.ascii	"\375\346\021\362\362\241\363\204n&\212\005O\344\210"
 433      F2A1F384 
 433      6E268A05 
 433      4FE488
 434 0990 93270788 		.ascii	"\223'\007\210\256\203\340\030:D\025v\236\315\351\307"
 434      AE83E018 
 434      3A441576 
 434      9ECDE9C7 
 435 09a0 B89A294C 		.ascii	"\270\232)L\276\324\331\342\207\257\262\306\351\312\272"
 435      BED4D9E2 
 435      87AFB2C6 
 435      E9CABA
 436 09af 1DDEF806 		.ascii	"\035\336\370\006m\250\235\203I\015>\344\360#\034A\317"
 436      6DA89D83 
 436      490D3EE4 
 436      F0231C41 
 436      CF
 437 09c0 957E2A1F 		.ascii	"\225~*\037A\217\020M\334\010\333&8n<*\022\217\033G="
 437      418F104D 
 437      DC08DB26 
 437      386E3C2A 
 437      128F1B47 
 438 09d5 225F7558 		.ascii	"\"_uX%h\342\305\011x3\034\343&\242\343\234bS\322I\267"
 438      2568E2C5 
 438      0978331C 
 438      E326A2E3 
 438      9C6253D2 
 439 09eb 430079F9 		.ascii	"C\000y\371tr\177S\377j\275\264\003r;a\226\002\331+\211"
 439      74727F53 
 439      FF6ABDB4 
 439      03723B61 
 439      9602D92B 
 440 0a00 FB60B773 		.ascii	"\373`\267s\022\000\207\345W\027\321\"\356vZ\3164\354"
 440      120087E5 
 440      5717D122 
 440      EE765ACE 
 440      34EC
 441 0a12 D5BABC0E 		.ascii	"\325\272\274\016Nr\312\375\311)\366: W\262\2327\264"
 441      4E72CAFD 
 441      C929F63A 
 441      2057B29A 
 441      37B4
 442 0a24 CFA5ABA4 		.ascii	"\317\245\253\244\034+7\326\006\272\261F\233\352\256"
 442      1C2B37D6 
 442      06BAB146 
 442      9BEAAE
 443 0a33 A7697013 		.ascii	"\247ip\023\2139\237\331\266\034\343v\326H\263\245\264"
 443      8B399FD9 
 443      B61CE376 
 443      D648B3A5 
 443      B4
 444 0a44 E970176B 		.ascii	"\351p\027k\374\274++U\207\037\263F\177]\333Q\214\007"
 444      FCBC2B2B 
 444      55871FB3 
 444      467F5DDB 
 444      518C07
ARM GAS  /tmp/cc8ijOmf.s 			page 35


 445 0a57 58E36866 		.ascii	"X\343hf[\256\032\247\350h\343\334\365\025\035Z\234\316"
 445      5BAE1AA7 
 445      E868E3DC 
 445      F5151D5A 
 445      9CCE
 446 0a69 1A39CF2F 		.ascii	"\0329\317/T\372QM\343H\263\261p\345Z\035\266\261\276"
 446      54FA514D 
 446      E348B3B1 
 446      70E55A1D 
 446      B6B1BE
 447 0a7c 3505EBE0 		.ascii	"5\005\353\340\275\274\2115\304\017Z\006\366A\353\331"
 447      BDBC8935 
 447      C40F5A06 
 447      F641EBD9 
 448 0a8c B34CD829 		.ascii	"\263L\330)\344\352\\\316\017\006v~\250\316\337\334\357"
 448      E4EA5CCE 
 448      0F06767E 
 448      A8CEDFDC 
 448      EF
 449 0a9d 8B0B595F 		.ascii	"\213\013Y_o[}9\302\373t.\207\011\003;Ll\352/.\362\301"
 449      6F5B7D39 
 449      C2FB742E 
 449      8709033B 
 449      4C6CEA2F 
 450 0ab4 8769DF68 		.ascii	"\207i\337h\373\371\342\207\336\344\364 \375\374'\006"
 450      FBF9E287 
 450      DEE4F420 
 450      FDFC2706 
 451 0ac4 4EA4A7E8 		.ascii	"N\244\247\350\324=\362)\232L\244\246WL\244\264=\342"
 451      D43DF229 
 451      9A4CA4A6 
 451      574CA4B4 
 451      3DE2
 452 0ad6 442AF788 		.ascii	"D*\367\210T\034q7K\320\013\356\320Z\316\015\373\275"
 452      541C7137 
 452      4BD00BEE 
 452      D05ACE0D 
 452      FBBD
 453 0ae8 84FDC91D 		.ascii	"\204\375\311\035{\334\375\030\237\263G9\227]\260\325"
 453      7BDCFD18 
 453      9FB34739 
 453      975DB0D5 
 454 0af8 EEBCAB24 		.ascii	"\356\274\253$l\205;\366\245\317\003[%l\275;\266\316"
 454      6C853BF6 
 454      A5CF035B 
 454      256CBD3B 
 454      B6CE
 455 0b0a 9D3743C2 		.ascii	"\2357C\302\236\365l\257\034\261l\011Z\345\331\\\031"
 455      9EF56CAF 
 455      1CB16C09 
 455      5AE5D95C 
 455      19
 456 0b1b 9A2E41CF 		.ascii	"\232.A\317x\266V\206n\222\2405\236\203+C3%\350ywh%\347"
 456      78B65686 
 456      6E92A035 
 456      9E832B43 
 456      3325E879 
ARM GAS  /tmp/cc8ijOmf.s 			page 36


 457 0b33 BEF8D941 		.ascii	"\276\370\331A\345G(\275e\264\257IX\243\315\260F/\301"
 457      E54728BD 
 457      65B4AF49 
 457      58A3CDB0 
 457      462FC1
 458 0b46 1ABD0CD2 		.ascii	"\032\275\014\322\010r\025\344:\310\317 \267An\201\334"
 458      087215E4 
 458      3AC8CF20 
 458      B7416E81 
 458      DC
 459 0b57 00B90272 		.ascii	"\000\271\002r\023\244\001\344\027\220k\234\342\373\310"
 459      13A401E4 
 459      17906B9C 
 459      E2FBC8
 460 0b66 16C9928B 		.ascii	"\026\311\222\213\236#,\037\263\206i]iz\251\256\320\011"
 460      9E232C1F 
 460      B386695D 
 460      697AA9AE 
 460      D009
 461 0b78 BB5A3161 		.ascii	"\273Z1a\317y\366\2112A\021Z\263\255\242T#~\007\333\366"
 461      CF79F689 
 461      3241115A 
 461      B3ADA254 
 461      237E07DB 
 462 0b8d 8D0EDD01 		.ascii	"\215\016\335\001\354i\271\2464q.\337\301\\\335Gv\360"
 462      EC69B9A6 
 462      34712EDF 
 462      C15CDD47 
 462      76F0
 463 0b9f FAFF2A02 		.ascii	"\372\377*\002\344\225\331\235\322\355\345R\264\356\270"
 463      E495D99D 
 463      D2EDE552 
 463      B4EEB8
 464 0bae 14ADBB42 		.ascii	"\024\255\273B\321\272K\213VE}\311\006\266\217\235\253"
 464      D1BA4B8B 
 464      56457DC9 
 464      06B68F9D 
 464      AB
 465 0bbf 17767ECF 		.ascii	"\027v~\317O\237{\254U\356\374`\247.\017\277Gw~-\342"
 465      4F9F7BAC 
 465      55EEFC60 
 465      A72E0FBF 
 465      47777E2D 
 466 0bd4 CE6FEFDA 		.ascii	"\316o\357\332\343\345>.\332\000\240\200\267\012\332"
 466      E3E53E2E 
 466      DA00A080 
 466      B70ADA
 467 0be3 5A5989B4 		.ascii	"ZY\211\264\037<\313\271\2403]\320\367\005\364}\212n"
 467      1F3CCBB9 
 467      A0335DD0 
 467      F705F47D 
 467      8A6E
 468 0bf5 CE2E4F57 		.ascii	"\316.OW\273\240\311\266HF\267\011\3506\212\336\326\332"
 468      BBA0C9B6 
 468      4846B709 
 468      E8368ADE 
 468      D6DA
ARM GAS  /tmp/cc8ijOmf.s 			page 37


 469 0c07 BCCF15BD 		.ascii	"\274\317\025\275\336\205\273]@\267S\364\225#e<rA\223"
 469      DE85BB5D 
 469      40B753F4 
 469      9523653C 
 469      724193
 470 0c1a 5D818CEE 		.ascii	"]\201\214\356\020\320\035\024\235\324\274*\313\225;"
 470      10D01D14 
 470      9DD4BC2A 
 470      CB953B
 471 0c29 DD85FB81 		.ascii	"\335\205\373\201\200~@\321\225\027/\337C\364M\220\307"
 471      807E40D1 
 471      95172FDF 
 471      43F44D90 
 471      C7
 472 0c3a D1F3674B 		.ascii	"\321\363gKM-+\273\357\321\267o\371w\275\034>\316\252"
 472      4D2D2BBB 
 472      EFD1B76F 
 472      F977BD1C 
 472      3ECEAA
 473 0c4d 69FBEAEC 		.ascii	"i\373\352\354\224Q\370\034kTT\255-\366\301\325\254\321"
 473      9451F81C 
 473      6B5454AD 
 473      2DF6C1D5 
 473      ACD1
 474 0c5f 58F3A050 		.ascii	"X\363\240P\213\353X\343\207u\317\323\374\3605\326\260"
 474      8BEB58E3 
 474      8775CFD3 
 474      FCF035D6 
 474      B0
 475 0c70 6FA90BC3 		.ascii	"o\251\013\303\215\354\276\273\254{\330\0337\261\306"
 475      8DECBEBB 
 475      AC7BD81B 
 475      37B1C6
 476 0c7f A0ADFF3A 		.ascii	"\240\255\377:\207[Y\343h\365M^\207;h\303g\260\240{\275"
 476      875B59E3 
 476      68F54D5E 
 476      873B68C3 
 476      67B0A07B 
 477 0c94 462CCC81 		.ascii	"F,\314\201P\226\351\024?U(O\361G0]y\374\212J[%}1~\342"
 477      5096E914 
 477      3F55284F 
 477      F147305D 
 477      79FC8A4A 
 478 0cae 0E7DA97A 		.ascii	"\016}\251z\226I\330\307\356\330\227*b\255\204}\346\216"
 478      9649D8C7 
 478      EED8972A 
 478      62AD847D 
 478      E68E
 479 0cc0 752F5D3F 		.ascii	"u/]?JP\207gZ\031Z*A\273=:&#k$\344Sw\244\262r\321\265"
 479      4A508767 
 479      5A195A2A 
 479      41BB3D3A 
 479      26236B24 
 480 0cdc 7D827E0B 		.ascii	"}\202~\013\007\214\247\202q\272\320\365\015\347!D\262"
 480      078CA782 
 480      71BAD0F5 
 480      0DE72144 
ARM GAS  /tmp/cc8ijOmf.s 			page 38


 480      B2
 481 0ced D66A496B 		.ascii	"\326jIk\217g\255/}&~\010\365\242\223v\0214)\026CP,^"
 481      8F67AD2F 
 481      7D267E08 
 481      F5A29376 
 481      11342916 
 482 0d05 C0E2EF05 		.ascii	"\300\342\357\005\031\000\351\003\031\006y\016\342\004"
 482      1900E903 
 482      1906790E 
 482      E204
 483 0d13 1904E997 		.ascii	"\031\004\351\227\012\003\2671=\023&\241\353\307\"\221"
 483      0A03B731 
 483      3D1326A1 
 483      EBC72291 
 484 0d23 1425E3C0 		.ascii	"\024%\343\300\377\025/\015\313\205\305:\224\004\203"
 484      FF152F0D 
 484      CB85C53A 
 484      940483
 485 0d32 BBE49247 		.ascii	"\273\344\222Gb$V\244\256\226\2062\327\032\221\204\225"
 485      622456A4 
 485      AE968632 
 485      D71A9184 
 485      95
 486 0d43 152905B3 		.ascii	"\025)\005\263\325C\256\352\360\310\260x\355\037>\377"
 486      D543AEEA 
 486      F0C8B078 
 486      ED1F3EFF 
 487 0d53 F304A3CA 		.ascii	"\363\004\243\312g\326\374`\363\202o\227XfY\026\351\022"
 487      67D6FC60 
 487      F3826F97 
 487      58665916 
 487      E912
 488 0d65 A362ADD3 		.ascii	"\243b\255\323\246\232\255z\263Y\274\375}PbB|PTlxtb\204"
 488      A69AAD7A 
 488      B359BCFD 
 488      7D506242 
 488      7C50546C 
 489 0d7d 2528D6F2 		.ascii	"%(\326\362\237\321Q\013\203b\302\302#\243b-A\346\010"
 489      9FD1510B 
 489      8362C2C2 
 489      23A3622D 
 489      41E608
 490 0d90 CBA2B0C4 		.ascii	"\313\242\260\304h\253\331\012\004\011\223#U\023=\241"
 490      68ABD90A 
 490      04099323 
 490      55133DA1 
 491 0da0 13BE4D08 		.ascii	"\023\276M\0102'X#\200\021 x^\250I=o\216\321\364\321"
 491      32275823 
 491      80112078 
 491      5EA8493D 
 491      6F8ED1F4 
 492 0db5 E4C941D2 		.ascii	"\344\311A\322_\\BPx\\LL\\l\220e\2315(t\001\374\315\237"
 492      5F5C4250 
 492      785C4C4C 
 492      5C6C9065 
 492      99352874 
 493 0dcd 3675CE94 		.ascii	"6u\316\224e\313\202\022\2541\323\246.\2322m\312\262"
ARM GAS  /tmp/cc8ijOmf.s 			page 39


 493      65CB8212 
 493      AC31D3A6 
 493      2E9A326D 
 493      CAB2
 494 0ddf E9647844 		.ascii	"\351dxDL\230?\261\331\030\031\026\033k\211\026m\307"
 494      4C983FB1 
 494      D9181916 
 494      1B6B8916 
 494      6DC7
 495 0df1 46A34963 		.ascii	"F\243Ic\374|\326\002\223\332\030\022\014\377\346\007"
 495      FC7CD602 
 495      93DA1812 
 495      0CFFE607 
 496 0e01 9BBCC219 		.ascii	"\233\274\302\031F\023\036\023\226\360\215\027qi\206"
 496      46131E13 
 496      96F08D17 
 496      716986
 497 0e10 D9EACD9C 		.ascii	"\331\352\315\234\203;MDbL\314\267\232\204\310\250EV"
 497      833B4D44 
 497      624CCCB7 
 497      9A84C8A8 
 497      4556
 498 0e22 EF044BF4 		.ascii	"\357\004K\364\242\250\330\010\3132\355RK\2705.\336\335"
 498      A2A8D808 
 498      CB32ED52 
 498      4BB8352E 
 498      DEDD
 499 0e34 BCC8B0E8 		.ascii	"\274\310\260\350\240%q\361\326\004fZ\320g\237\315\012"
 499      A02571F1 
 499      D604665A 
 499      D0679FCD 
 499      0A
 500 0e45 023B967E 		.ascii	"\002;\226~\310\0144\203]`\336\030\251\001\036\307[\302"
 500      C80C3483 
 500      5D60DE18 
 500      A9011EC7 
 500      5BC2
 501 0e57 62CCD600 		.ascii	"b\314\326\000\030i\216\216\2160/\014\013\377&q\2119"
 501      18698E8E 
 501      8E302F0C 
 501      0BFF2671 
 501      8939
 502 0e69 222E262C 		.ascii	"\".&,*\326\034\025\033e\235\366\032\035r\020\004\216"
 502      2AD61C15 
 502      1B659DF6 
 502      1A1D7210 
 502      048E
 503 0e7b C9E12ADD 		.ascii	"\311\341*\335\227\324\274\3513\304\033\243AT@(G3\003"
 503      97D4BCE9 
 503      33C41BA3 
 503      41544028 
 503      473303
 504 0e8e C2A3E3C2 		.ascii	"\302\243\343\302\277\241\017t\361\226\305a\361`\307"
 504      BFA10F74 
 504      F196C561 
 504      F160C7
 505 0e9d 24CFF166 		.ascii	"$\317\361f\372\202M\363\215\363\227\005\205G\206\307"
ARM GAS  /tmp/cc8ijOmf.s 			page 40


 505      FA824DF3 
 505      8DF39705 
 505      854786C7 
 506 0ead C55B881F 		.ascii	"\305[\210\037f\362\334\034\025\377\037f\313\222\250"
 506      66F2DC1C 
 506      15FF1F66 
 506      CB92A8
 507 0ebc E8B8C589 		.ascii	"\350\270\305\211\226)\177\363x\363\322\3511\3001\332"
 507      96297FF3 
 507      78F3D2E9 
 507      31C031DA 
 508 0ecc 6C8D0F0B 		.ascii	"l\215\017\013\267\230\243\022\342\315\321\226\260\245"
 508      B798A312 
 508      E2CDD196 
 508      B0A5
 509 0eda 96F7DC18 		.ascii	"\226\367\334\030\342\255\322T\011\217\244X\030\365k"
 509      E2ADD254 
 509      098FA458 
 509      18F56B
 510 0ee9 73C4C2C5 		.ascii	"s\304\302\305\346\360H\013\330OG\221\361\257\034\031"
 510      E6F0480B 
 510      D84F4791 
 510      F1AF1C19 
 511 0ef9 615998B8 		.ascii	"aY\230\270\030F\376\012\242\036j\211_j\231\027k\265"
 511      1846FE0A 
 511      A21E6A89 
 511      5F6A9917 
 511      6BB5
 512 0f0b C4C7272E 		.ascii	"\304\307'.\261*\271,\344!\341R\232E\037z\201\227\363"
 512      B12AB92C 
 512      E421E152 
 512      9A451F7A 
 512      8197F3
 513 0f1e 2052AFCB 		.ascii	" R\257\313\270\333\224$\004\240\325\013\264\222\321"
 513      B8DB9424 
 513      04A0D50B 
 513      B492D1
 514 0f2d 3AB37951 		.ascii	":\263yQbl\270\331<J\274\231<}\306\264\217\274\305tA"
 514      626CB8D9 
 514      3C4ABC99 
 514      3C7DC6B4 
 514      8FBCC574 
 515 0f42 48DDE746 		.ascii	"H\335\347F\202\022\372\217SD\250Q\345\027\372m\202\325"
 515      8212FA8F 
 515      5344A851 
 515      E517FA6D 
 515      82D5
 516 0f54 12638458 		.ascii	"\022c\204X\032I\"\337\230\034\021f\015\233\354\366\324"
 516      1A4922DF 
 516      981C1166 
 516      0D9BECF6 
 516      D4
 517 0f65 27E42B93 		.ascii	"'\344+\2238\3759\243\011\033CM>&\243Q|\2446\316\371"
 517      38FD39A3 
 517      091B434D 
 517      3E26A351 
 517      7CA436CE 
ARM GAS  /tmp/cc8ijOmf.s 			page 41


 518 0f7a 033C9C67 		.ascii	"\003<\234g\322\005\207\314\234j\012]@o>$7\332\340\271"
 518      D20587CC 
 518      9C6A0A5D 
 518      406F3E24 
 518      37DAE0B9 
 519 0f8e 33677F6E 		.ascii	"3g\177n\362\"\035\302\365C\270\252g\3162Bc\356"
 519      F2221DC2 
 519      F543B8AA 
 519      67CE3242 
 519      63EE
 520 0fa0 4C82D190 		.ascii	"L\202\321\220\341S\351\377i\330h\232:j\316g\301\241"
 520      E153E9FF 
 520      69D8689A 
 520      3A6ACE67 
 520      C1A1
 521 0fb2 73A5E516 		.ascii	"s\245\345\026l4\251\3778\373_M^_\204, W.\324\304\005"
 521      6C34A9FF 
 521      38FB5F4D 
 521      5E5F842C 
 521      20572ED4 
 522 0fc8 9B74A6D9 		.ascii	"\233t\246\331\241\263M_\316\236\205\277\230iR\177e\012"
 522      A1B34D5F 
 522      CE9E85BF 
 522      9869527F 
 522      650A
 523 0fda 31FD0F46 		.ascii	"1\375\017F\256\304\253"
 523      AEC4AB
 524              		.text
 525              		.section	.gnu.lto_.symtab.a352a79b0b1071f6,"",%progbits
 526 0000 56656374 		.ascii	"Vector68\000\000\000\000\000\000\000\000\000\000\000"
 526      6F723638 
 526      00000000 
 526      00000000 
 526      000000
 527 0013 00FF0000 		.ascii	"\000\377\000\000\000Vector6C\000\000\000\000\000\000"
 527      00566563 
 527      746F7236 
 527      43000000 
 527      000000
 528 0026 00000000 		.ascii	"\000\000\000\000\000\000\001\001\000\000hal_lld_ini"
 528      00000101 
 528      00006861 
 528      6C5F6C6C 
 528      645F696E 
 529 003b 74000000 		.ascii	"t\000\000\000\000\000\000\000\000\000\000\000\000\003"
 529      00000000 
 529      00000000 
 529      0003
 530 0049 01000073 		.ascii	"\001\000\000stm32_clock_init\000\000\000\000\000\000"
 530      746D3332 
 530      5F636C6F 
 530      636B5F69 
 530      6E697400 
 531 0062 00000000 		.ascii	"\000\000\000\000\000\000\005\001\000\000SystemCoreC"
 531      00000501 
 531      00005379 
 531      7374656D 
ARM GAS  /tmp/cc8ijOmf.s 			page 42


 531      436F7265 
 532 0077 6C6F636B 		.ascii	"lock\000\000\000\000\000\000\000\000\000\000\000\000"
 532      00000000 
 532      00000000 
 532      00000000 
 533 0087 32010000 		.ascii	"2\001\000\000_stm32_dma_streams\000\000\002\000\000"
 533      5F73746D 
 533      33325F64 
 533      6D615F73 
 533      74726561 
 534 00a2 00000000 		.ascii	"\000\000\000\000\000\000\000+\001\000\000_port_irq_"
 534      0000002B 
 534      0100005F 
 534      706F7274 
 534      5F697271 
 535 00b7 6570696C 		.ascii	"epilogue\000\000\002\000\000\000\000\000\000\000\000"
 535      6F677565 
 535      00000200 
 535      00000000 
 535      000000
 536 00ca 000C0100 		.ascii	"\000\014\001\000\000_trace_isr_leave\000\000\002\000"
 536      005F7472 
 536      6163655F 
 536      6973725F 
 536      6C656176 
 537 00e3 00000000 		.ascii	"\000\000\000\000\000\000\000\000\021\001\000\000_db"
 537      00000000 
 537      11010000 
 537      5F6462
 538 00f2 675F6368 		.ascii	"g_check_leave_isr\000\000\002\000\000\000\000\000\000"
 538      65636B5F 
 538      6C656176 
 538      655F6973 
 538      72000002 
 539 010c 00000013 		.ascii	"\000\000\000\023\001\000\000dmaServeInterrupt\000\000"
 539      01000064 
 539      6D615365 
 539      72766549 
 539      6E746572 
 540 0126 02000000 		.ascii	"\002\000\000\000\000\000\000\000\000\000\027\001\000"
 540      00000000 
 540      00001701 
 540      00
 541 0133 005F6462 		.ascii	"\000_dbg_check_enter_isr\000\000\002\000\000\000\000"
 541      675F6368 
 541      65636B5F 
 541      656E7465 
 541      725F6973 
 542 014f 00000000 		.ascii	"\000\000\000\000\000\031\001\000\000_trace_isr_ente"
 542      00190100 
 542      005F7472 
 542      6163655F 
 542      6973725F 
 543 0167 72000002 		.ascii	"r\000\000\002\000\000\000\000\000\000\000\000\000\033"
 543      00000000 
 543      00000000 
 543      001B
ARM GAS  /tmp/cc8ijOmf.s 			page 43


 544 0175 01000069 		.ascii	"\001\000\000irqInit\000\000\002\000\000\000\000\000"
 544      7271496E 
 544      69740000 
 544      02000000 
 544      0000
 545 0187 00000000 		.ascii	"\000\000\000\000\036\001\000\000dmaInit\000\000\002"
 545      1E010000 
 545      646D6149 
 545      6E697400 
 545      0002
 546 0199 00000000 		.ascii	"\000\000\000\000\000\000\000\000\000 \001\000\000"
 546      00000000 
 546      00200100 
 546      00
 547              		.text
 548              		.section	.gnu.lto_.opts,"",%progbits
 549 0000 272D666E 		.ascii	"'-fno-trapv' '-mcpu=cortex-m0' '-mthumb' '-ggdb' '-"
 549      6F2D7472 
 549      61707627 
 549      20272D6D 
 549      6370753D 
 550 0033 4F332720 		.ascii	"O3' '-fomit-frame-pointer' '-falign-functions=16' '"
 550      272D666F 
 550      6D69742D 
 550      6672616D 
 550      652D706F 
 551 0066 2D666675 		.ascii	"-ffunction-sections' '-fdata-sections' '-fno-common"
 551      6E637469 
 551      6F6E2D73 
 551      65637469 
 551      6F6E7327 
 552 0099 2720272D 		.ascii	"' '-flto'\000"
 552      666C746F 
 552      2700
 553              		.text
 554              		.comm	__gnu_lto_v1,1,1
 555              		.comm	__gnu_lto_slim,1,1
 556              		.ident	"GCC: (15:4.9.3+svn231177-1) 4.9.3 20150529 (prerelease)"
ARM GAS  /tmp/cc8ijOmf.s 			page 44


DEFINED SYMBOLS
                            *ABS*:0000000000000000 hal_lld.c
                            *COM*:0000000000000001 __gnu_lto_v1
                            *COM*:0000000000000001 __gnu_lto_slim

NO UNDEFINED SYMBOLS
