ARM GAS  /tmp/ccfZXcLx.s 			page 1


   1              		.cpu cortex-m0
   2              		.fpu softvfp
   3              		.eabi_attribute 20, 1
   4              		.eabi_attribute 21, 1
   5              		.eabi_attribute 23, 3
   6              		.eabi_attribute 24, 1
   7              		.eabi_attribute 25, 1
   8              		.eabi_attribute 26, 1
   9              		.eabi_attribute 30, 2
  10              		.eabi_attribute 34, 0
  11              		.eabi_attribute 18, 4
  12              		.code	16
  13              		.file	"nvic.c"
  14              		.text
  15              	.Ltext0:
  16              		.section	.gnu.lto_.profile.a21666f219ec1c80,"",%progbits
  17 0000 789C6366 		.ascii	"x\234cf```a\200\000F\006'S\000\001-\000\200"
  17      60606061 
  17      80004606 
  17      27530001 
  17      2D0080
  18              		.text
  19              		.section	.gnu.lto_.jmpfuncs.a21666f219ec1c80,"",%progbits
  20 0000 789C6366 		.ascii	"x\234cf\300\016\314\2414\013\003\023##s}=#\020\3243"
  20      C00ECCA1 
  20      340B0313 
  20      2323737D 
  20      3D2310D4 
  21 0015 41D94C1F 		.ascii	"A\331L\037\231\030\247\365_\331\301\\\373\273aF\003"
  21      9918A7F5 
  21      5FD9C15C 
  21      FBBB6146 
  21      03
  22 0026 C74F2686 		.ascii	"\307O&\206\277L@\265\214\313\031k\031X@\012\031\000"
  22      BF4C40B5 
  22      8CCB196B 
  22      1958400A 
  22      1900
  23 0038 5F210D37 		.ascii	"_!\0157"
  24              		.text
  25              		.section	.gnu.lto_.inline.a21666f219ec1c80,"",%progbits
  26 0000 789C6366 		.ascii	"x\234cf\300\016\266Ci\026\006\006a!F&\006F\006\006F"
  26      C00EB643 
  26      69160606 
  26      61214626 
  26      06460606 
  27 0015 2066E579 		.ascii	" f\345y\020\313\300\266@\236\211A\240\241\226\205\201"
  27      10CBC0B6 
  27      409E8941 
  27      A0A19685 
  27      81
  28 0026 E9023F07 		.ascii	"\351\002?\007\210\340\001\253dd\340\347\003*\002*c\346"
  28      88E001AB 
  28      6464E0E7 
  28      032A022A 
  28      63E6
  29 0038 386087A4 		.ascii	"8`\207\244\014$\311\304 \"\312\310\302\220\366\221\211"
ARM GAS  /tmp/ccfZXcLx.s 			page 2


  29      0C24C9C4 
  29      2022CAC8 
  29      C290F691 
  29      89
  30 0049 F1C1EEDE 		.ascii	"\361\301\356\336\011\\/\230~21r30.g\224b`H\205P0K\340"
  30      095C2F98 
  30      7E323172 
  30      33302E67 
  30      94626048 
  31 0062 BA852EF4 		.ascii	"\272\205.\3640\012\200,P\000\021\006@\203\200<n\260"
  31      300A802C 
  31      50001106 
  31      4083803C 
  31      6EB0
  32 0074 552C0CEC 		.ascii	"U,\014\354lP\313\200R\020\345l\037\364 \2261\000\000"
  32      6C50CB80 
  32      5210E56C 
  32      1FF42096 
  32      310000
  33 0087 83F8198B 		.ascii	"\203\370\031\213"
  34              		.text
  35              		.section	.gnu.lto_.pureconst.a21666f219ec1c80,"",%progbits
  36 0000 789C6366 		.ascii	"x\234cf``\340d\200\000\026\006)F)&)\026)\000\002\307"
  36      6060E064 
  36      80001606 
  36      29462926 
  36      29162900 
  37 0016 0080     		.ascii	"\000\200"
  38              		.text
  39              		.section	.gnu.lto_nvicEnableVector.a21666f219ec1c80,"",%progbits
  40 0000 789C9553 		.ascii	"x\234\225S\337KSq\024\377\236\357\275\273\333\234\316"
  40      DF4B5371 
  40      14FF9EEF 
  40      BDBBDB9C 
  40      CE
  41 0011 39A16015 		.ascii	"9\241`\025\3652|r\227\360\241\307\212\240\227\020\244"
  41      F5327C72 
  41      97F0A1C7 
  41      8AA09710 
  41      A4
  42 0022 FF207C49 		.ascii	"\377 |IH'\032\321\233wn\255\207\"e\220\212\262\207\322"
  42      48271AD1 
  42      9B776EAD 
  42      87226590 
  42      8AB287D2 
  43 0036 E8873AD3 		.ascii	"\350\207:\3232ui]MS\2504qa\210\030\322\024+\211\324"
  43      3275695D 
  43      4D53A834 
  43      71618818 
  43      D2142B89 
  44 004b 812E0A3B 		.ascii	"\201.\012;\347{\257\012i\201c;\337\373=\367s\316\347"
  44      E77BAF0A 
  44      6981633B 
  44      DFFB3DF7 
  44      73CEE7
  45 005e 733EDFEF 		.ascii	"s>\337\357$\266\373\343\301_\237\314\330\011\\Ab\300"
  45      24B6FBE3 
ARM GAS  /tmp/ccfZXcLx.s 			page 3


  45      C15F9FCC 
  45      D8095C41 
  45      62C0
  46 0070 6BC7190B 		.ascii	"k\307\031\013\3308\000=0`U\034\252\340\013_\341P\253"
  46      D838003D 
  46      3060551C 
  46      AAE00B5F 
  46      E150AB
  47 0083 B73638F2 		.ascii	"\26768\362\356i\232\366#2\021(\322!\315\031[\343F\037"
  47      EE699AF6 
  47      23321128 
  47      D221CD19 
  47      5BE3461F 
  48 0097 B80F7988 		.ascii	"\270\017y\210I|\374\034\226\245\343\300\360\271/\226"
  48      497CFC1C 
  48      96A5E3C0 
  48      F0B92F96 
  49 00a7 7AE758E2 		.ascii	"z\347X\342i\016\307h\033\217\2145(\264\3452m\273\007"
  49      690EC768 
  49      1B8F8C35 
  49      28B4E532 
  49      6DBB07
  50 00ba 62AFB3BD 		.ascii	"b\257\263\275\315\232V\255\217ui\247\3444\227\340\001"
  50      CD9A56AD 
  50      8F7569A7 
  50      E43497E0 
  50      01
  51 00cb 48D80F1E 		.ascii	"H\330\017\036\202\007\036\201\207a\212A+x\021\375\276"
  51      82071E81 
  51      87618A41 
  51      2B7811FD 
  51      BE
  52 00dc 319590A5 		.ascii	"1\225\220\245\002\321w2\3666aV\316nU\266\355Q\331\016"
  52      02D17732 
  52      F6366156 
  52      CE6E55B6 
  52      ED51D90E 
  53 00f0 5E82AF84 		.ascii	"^\202\257\204~O;\224\020\312v\031j!\006\012\340\332"
  53      7E4F3B94 
  53      10CA7619 
  53      6A21060A 
  53      E0DA
  54 0102 E1D6B5CD 		.ascii	"\341\326\265\315\315\346\356\376N\371\000\000\021q,"
  54      CDE6EEFE 
  54      4EF90000 
  54      11712C
  55 0111 94650A16 		.ascii	"\224e\012\026\012\012\005+\006\213\015\203b\247\220"
  55      0A0A052B 
  55      068B0D83 
  55      62A790
  56 0120 41390750 		.ascii	"A9\007P\363Lz\314\242\340\244\340\242\220Ch7\205\\B"
  56      F34C7ACC 
  56      A2E0A4E0 
  56      A2904368 
  56      37855C42 
  57 0134 33964446 		.ascii	"3\226DFrr\201sZ\245\031\010\316\205\027G\355$b\235\363"
  57      72728173 
ARM GAS  /tmp/ccfZXcLx.s 			page 4


  57      5AA51908 
  57      CE851747 
  57      ED24629D 
  58 0149 75D4C7A1 		.ascii	"u\324\307\241qz!%\2215\026\234\241\003\365\317\300P"
  58      717A2125 
  58      9135169C 
  58      A103F5CF 
  58      C050
  59 015b 7CDE6B60 		.ascii	"|\336k`d\004\254~\323\2422\001\254\332PPs\322X\237\222"
  59      6404AC7E 
  59      D3A23201 
  59      ACDA5050 
  59      73D2589F 
  60 0170 13933691 		.ascii	"\023\2236\221b\264\275\373a\343\2533\012M\001M\323O"
  60      62B4BDFB 
  60      61E3AB33 
  60      0A4D014D 
  60      D34F
  61 0182 A6B90D1E 		.ascii	"\246\271\015\036\243\025\235\330\212^\246[n:\362[\265"
  61      A3159DD8 
  61      8A5EA65B 
  61      6E3AF25B 
  61      B5
  62 0193 109E981D 		.ascii	"\020\236\230\035\272 \012\253\342\324\360\315\215\372"
  62      BA200AAB 
  62      E2D4F0CD 
  62      8DFA
  63 01a1 C90D9BDA 		.ascii	"\311\015\233\332\256\205\002\372\2714\317\200'\220\217"
  63      AE8502FA 
  63      B934CF80 
  63      27908F
  64 01b0 AAC4813E 		.ascii	"\252\304\201>\005\025u\0047\302\313VC\210\305\020{+"
  64      05157504 
  64      37C2CB56 
  64      4388C510 
  64      7B2B
  65 01c2 D6B2964D 		.ascii	"\326\262\226M\3042z\334-\304\006\353\024\003B(\204\264"
  65      C4327ADC 
  65      2DC406EB 
  65      14034228 
  65      84B4
  66 01d4 DCAE6BB3 		.ascii	"\334\256k\263\010\210\215\3013\001\251\236\273\2360"
  66      08888DC1 
  66      3301A99E 
  66      BB9E30
  67 01e3 FB581147 		.ascii	"\373X\021GE\263f\221\215\232\276i\034\024\016(\233\300"
  67      45B36691 
  67      8D9ABE69 
  67      1C140E28 
  67      9BC0
  68 01f5 A0073C08 		.ascii	"\240\007<\010\243\252\237\341\204\211\262#\320\3203"
  68      A3AA9FE1 
  68      8489B223 
  68      D0D033
  69 0204 6C6632D0 		.ascii	"lf2\320\033\314\213V\341\357=f\367\314u\356\300\206"
  69      1BCC8B56 
  69      E1EF3D66 
ARM GAS  /tmp/ccfZXcLx.s 			page 5


  69      F7CC75EE 
  69      C086
  70 0216 916BBDBD 		.ascii	"\221k\275\275Na\251\302\240\327P9\033N\232\245Y\002"
  70      4E61A9C2 
  70      A0D75039 
  70      1B4E9AA5 
  70      5902
  71 0228 470CC154 		.ascii	"G\014\301Txq\272\300\310:E\317,r?r\3470\345\3762\326"
  71      7871BAC0 
  71      C83A45CF 
  71      2C723F72 
  71      E730E5FE 
  72 023e FA5F63FB 		.ascii	"\372_c\373\376a\354!26\276c\354sP\221\213\211\2330\336"
  72      FE61EC21 
  72      3236BE63 
  72      EC735091 
  72      8B899B30 
  73 0253 506470BB 		.ascii	"Pdp\273\014s\227\247\232\342\231B\266\205A\377\226s"
  73      0C7397A7 
  73      9AE29942 
  73      B68541FF 
  73      9673
  74 0265 BFB801CA 		.ascii	"\277\270\001\312A\220\360\300\034\303\215),\352\257"
  74      4190F0C0 
  74      1CC38D29 
  74      2CEAAF
  75 0274 A919B18A 		.ascii	"\251\031\261\212\242\243\014\006\266g\225\014P.\"F\243"
  75      A2A30C06 
  75      B667950C 
  75      502E2246 
  75      A3
  76 0285 4B5DE2FE 		.ascii	"K]\342\376\340\305\207\027\344\256[L9\177p\237S:\340"
  76      E0C58717 
  76      E4AE5B4C 
  76      397F709F 
  76      533AE0
  77 0298 A5981276 		.ascii	"\245\230\022vMy\204\246\324iJ\227\230r\220\246\314\025"
  77      4D7984A6 
  77      D4694A97 
  77      987290A6 
  77      CC15
  78 02aa 2C9D232B 		.ascii	",\235#+\226}\363\014\011\036\2767\317\253\035\236a\203"
  78      967DF30C 
  78      091EBE37 
  78      CFAB1D9E 
  78      6183
  79 02bc 670E027A 		.ascii	"g\016\002z\375Yb\241l\022\005\342\277\015\253}>\237"
  79      FD5962A1 
  79      6C1205E2 
  79      BF0DAB7D 
  79      3E9F
  80 02ce BAFDF557 		.ascii	"\272\375\365W\252\027/\\R\313\375\025\227+\325b\177"
  80      AA172F5C 
  80      52CBFD15 
  80      972BD562 
  80      7F
  81 02df 69A9BF4C 		.ascii	"i\251\277L=}\276\360L\341U\265\354JI\261\257\230A\231"
ARM GAS  /tmp/ccfZXcLx.s 			page 6


  81      3D7DBEF0 
  81      4CE155B5 
  81      EC4A49B1 
  81      AF984199 
  82 02f3 5C5E51E2 		.ascii	"\\^Q\342\377\003x\232\255\264"
  82      FF03789A 
  82      ADB4
  83              		.text
  84              		.section	.gnu.lto_nvicDisableVector.a21666f219ec1c80,"",%progbits
  85 0000 789C8D52 		.ascii	"x\234\215RKkSQ\020>s\356Mr\233\233&\352\306\022\025"
  85      4B6B5351 
  85      103E73EE 
  85      4D729B9B 
  85      26EAC612 
  86 0015 DD94AE9A 		.ascii	"\335\224\256\232\213\376\000Q\004\027BA\374\007\222"
  86      8BFE0051 
  86      04174241 
  86      FC0792
  87 0024 8D824DC4 		.ascii	"\215\202M\304\212\270\353I\023\343B\261\245`\354\203"
  87      8AB8EB49 
  87      13E342B1 
  87      A560EC83 
  88 0034 2CFAF099 		.ascii	",\372\360\2314\265\251Q\033[\211\001_X\225\242\245R"
  88      34B5A951 
  88      1B5B8901 
  88      5F5895A2 
  88      A552
  89 0046 A422A652 		.ascii	"\244\"\246R\037\013\373\300\366J%\316\234\023\025,\212"
  89      1F0BFBC0 
  89      F64A25CE 
  89      9C13152C 
  89      8A
  90 0057 97DC3977 		.ascii	"\227\3349w\346|3\363\315|\321\330\332\307\217\357\220"
  90      E67C33F3 
  90      CD7CD1D8 
  90      DAC78FEF 
  90      90
  91 0068 C6D80E3C 		.ascii	"\306\330\016<Ac\300\333\2361\02618\000}0`\315\034\232"
  91      4163C0DB 
  91      9E311631 
  91      38007D30 
  91      60CD1C9A 
  92 007c E1039FE7 		.ascii	"\341\003\237\347\320VHu\230u\027\205\020_z\207kN\325"
  92      D0564875 
  92      98751785 
  92      105F7A87 
  92      6B4ED5
  93 008f D89CB145 		.ascii	"\330\234\261E\256\312\300e\250C\310\313W\357\342\272"
  93      AECAC065 
  93      A843C8CB 
  93      57EFE2BA 
  94 009f B61D187E 		.ascii	"\266\035\030~\217d\226\236\232s\334\346\260\215\334"
  94      8F64969E 
  94      9A73DCE6 
  94      B08DDC
  95 00ae 7CFBA30E 		.ascii	"|\373\243\016'\271\\'77\226y\340\253\355\023\242\245"
  95      27B95C27 
ARM GAS  /tmp/ccfZXcLx.s 			page 7


  95      37379679 
  95      E0ABED13 
  95      A2A5
  96 00c0 F0382B76 		.ascii	"\3608+v\3516\327\340\012hX\017\256\202\037\256\201\237"
  96      E936D7E0 
  96      0A68580F 
  96      AE821FAE 
  96      819F
  97 00d2 6188410A 		.ascii	"a\210A\012j\011>\037\373>e:c\330{\235\352\011ip\002"
  97      6A093E1F 
  97      FB3E653A 
  97      63D87B9D 
  97      EA096970 
  98 00e7 9E831B0A 		.ascii	"\236\203\033\012\242\\\356\273\224\316\351\353\001\010"
  98      A25CEEBB 
  98      94CEE9EB 
  98      0108
  99 00f5 CE3151D7 		.ascii	"\3161Q\327\3208t2\0164N\203bUd\334dL2\036\272\255\246"
  99      D0387432 
  99      0E344E83 
  99      625564DC 
  99      644C321E 
 100 010c 5B2F191F 		.ascii	"[/\031\037\305\030+aq\232|\226s:\265i\210\316\304\337"
 100      C5182B61 
 100      719A7C96 
 100      733AB569 
 100      88CEC4DF 
 101 0120 77EEA77E 		.ascii	"w\356\247~\313\234/#\025\016\237_t\347=4\013V\207\001"
 101      CB9C2F23 
 101      150E9F5F 
 101      74E73D34 
 101      0B568701 
 102 0134 A43A0D2D 		.ascii	"\244:\015-3\247W\271\002i\010\302Ht\305\251|\035C\230"
 102      33A757B9 
 102      026908C2 
 102      4874C5A9 
 102      7C1D4398 
 103 0148 34DADA7A 		.ascii	"4\332\332z\337%\223\2662\310\310\244\350\353xIS \007"
 103      DF2593B6 
 103      32C8C8A4 
 103      E8EB7849 
 103      532007
 104 015b 221E26E7 		.ascii	"\"\036&\347\262:!p2\030\004?\246\"\250\330\376v#a\020"
 104      B23A2170 
 104      3218043F 
 104      A622A8D8 
 104      FE762361 
 105 0170 B0F04924 		.ascii	"\260\360I$%\300%\212Q\341\245\305\274)=\2370d\210\221"
 105      25C0258A 
 105      51E1A5C5 
 105      BC293D9F 
 105      30648891 
 106 0184 DB3BB9F2 		.ascii	"\333;\271\362\321\233\204\356\210\020\005\227\315\015"
 106      D19B84EE 
 106      88100597 
 106      CD0D
 107 0192 B88ECB1C 		.ascii	"\270\216\313\034\302fti\367\2375\353S\"\0066\257\202"
ARM GAS  /tmp/ccfZXcLx.s 			page 8


 107      C2667469 
 107      F79F35EB 
 107      53220636 
 107      AF82
 108 01a4 2C246141 		.ascii	",$aA\252\2077g.L\254\030\326\200\210E\012[l\356\206"
 108      AA873767 
 108      2E4CAC18 
 108      D6808845 
 108      0A5B6CEE 
 109 01b9 61A8C761 		.ascii	"a\250\307a\245\2607\300BvL\356\341kg\002\024]C-\242"
 109      A5B037C0 
 109      42764CEE 
 109      E16B6702 
 109      145D432D 
 110 01ce 6B6A7649 		.ascii	"kjvI\2233\241n99S1\337S\2530U\177\360\331\371\017>&"
 110      9333A16E 
 110      39395331 
 110      DF53AB30 
 110      557FF0D9 
 111 01e6 DC947C60 		.ascii	"\334\224|`\015\237}\304\347\026\3611$\237\333`\311\345"
 111      0D9F7DC4 
 111      E716F131 
 111      249FDB60 
 111      C9E5
 112 01f8 C64B2ED5 		.ascii	"\306K.\325\306\255\250\234\313\364/\372\210\012j\017"
 112      C6ADA89C 
 112      CBF42FFA 
 112      880A6A0F 
 113 0208 236ABD89 		.ascii	"#j\275\211\212\002&\242\020\322\177>\221vH\210\301 "
 113      8A0226A2 
 113      10D27F3E 
 113      91764888 
 113      C120
 114 021a FF53B6F1 		.ascii	"\377S\266\361J\035\017\342\244&\225\244j*\372\244\353"
 114      4A1D0FE2 
 114      A42695A4 
 114      6A2AFAA4 
 114      EB
 115 022b 9E9CCF59 		.ascii	"\236\234\317YFI\356\220$\036\312\372\026\037\257\240"
 115      4649EE90 
 115      241ECAFA 
 115      161FAFA0 
 116 023b BC08547C 		.ascii	"\274\010T|V\035*\342\303\3111.\225\353\331\\Q\356\177"
 116      561D2AE2 
 116      C3C9312E 
 116      95EBD95C 
 116      51EE7F
 117 024e 753161F4 		.ascii	"u1a\364/{\330D{\030\373\275\207\273\244\213\217\315"
 117      2F7BD844 
 117      7B18FBBD 
 117      87BBA48B 
 117      8FCD
 118 0260 40A430B9 		.ascii	"@\2440\271\227\272P\264\204\211\370\257E\345\002\201"
 118      97BA50B4 
 118      8489F8AF 
 118      45E50281 
 119 0270 80F5EB17 		.ascii	"\200\365\353\027n\262\016\035<b\035\015\037;\336d\005"
ARM GAS  /tmp/ccfZXcLx.s 			page 9


 119      6EB20E1D 
 119      3C621D0D 
 119      1F3BDE64 
 119      05
 120 0281 C38D8DE1 		.ascii	"\303\215\215\341\220\265\373@\303\236\206\223V\350\304"
 120      90B5FB40 
 120      C39E8693 
 120      56E8C4
 121 0290 E16020C8 		.ascii	"\341` \310 \364\003\024AQh"
 121      20F40314 
 121      415168
 122              		.text
 123              		.section	.gnu.lto_nvicSetSystemHandlerPriority.a21666f219ec1c80,"",%progbits
 124 0000 789C7D93 		.ascii	"x\234}\223ML\023A\024\200\347\315n\333\245[Z \036\020"
 124      4D4C1341 
 124      1480E7CD 
 124      6EDBA55B 
 124      5A201E10 
 125 0014 13F44238 		.ascii	"\023\364B8\301\306x\362`\242\361\340\211\213Go\004M"
 125      C1C678F2 
 125      60A2F1E0 
 125      898B476F 
 125      044D
 126 0026 20014AC0 		.ascii	" \001J\300\030/\304\001\012z\220\2374H\010\210F\301"
 126      182FC401 
 126      0A7A909F 
 126      34480888 
 126      46C1
 127 0038 08024550 		.ascii	"\010\002EP\241\024\177\012\022BPQ\"\212!\015?\011\030"
 127      A1147F0A 
 127      12425051 
 127      228A210D 
 127      3F0918
 128 004b 8D078536 		.ascii	"\215\007\2056\201*P\337\233-\032\1777\355\233\2357\337"
 128      812A50DF 
 128      9B2D1A7F 
 128      37ED9B9D 
 128      37DF
 129 005d FB9F55D8 		.ascii	"\373\237U\330\237\317!\374\227\251\214\035\301\025,"
 129      9FCF21FC 
 129      97A98C1D 
 129      C1152C
 130 006c 0C78C334 		.ascii	"\014x\3034c\025\032\347J \235\011\273\372\326`\302\241"
 130      63151AE7 
 130      4A209D09 
 130      BBFAD660 
 130      C2A1
 131 007e 806AAA55 		.ascii	"\200j\252U\000za\300.pE\205\013\360\221\257qh\010v7"
 131      007A61C0 
 131      2E704585 
 131      0BF091AF 
 131      71680876 
 132 0093 EB99B784 		.ascii	"\353\231\267\204\020_n\016\245V\247F9can\372\207\333"
 132      105F6E0E 
 132      A556A746 
 132      3963616E 
 132      FA87DB
ARM GAS  /tmp/ccfZXcLx.s 			page 10


 133 00a6 9089C8F5 		.ascii	"\220\211\310\365\316\271\036\227r\020\030\276\017\373"
 133      CEB91E97 
 133      721018BE 
 133      0FFB
 134 00b4 222FF40F 		.ascii	"\"/\364\017<\312\341\000m\003\336\311f+m\271J\333\376"
 134      3CCAE100 
 134      6D03DEC9 
 134      662B6DB9 
 134      4ADBFE
 135 00c7 2DCF1664 		.ascii	"-\317\026d\264\013Q\031\014\015\210\243j\224+\320\011"
 135      B40B5119 
 135      0C0D88A3 
 135      6A942BD0 
 135      09
 136 00d8 0AFA832E 		.ascii	"\012\372\203.H\203;\220\306P\305\240\0332\220~\325\022"
 136      48833B90 
 136      C650C5A0 
 136      1B32907E 
 136      D512
 137 00ea 995595C3 		.ascii	"\231U\225\303\322\357\214\357\371\254\313\264\334\331"
 137      D2EF8CEF 
 137      F9ACCBB4 
 137      DCD9
 138 00f8 B5ECF98B 		.ascii	"\265\354\371\213e/d\020\276\346\331\236\323\255\036"
 138      652F6410 
 138      BEE6D99E 
 138      D3AD1E
 139 0107 CC3A697B 		.ascii	"\314:i{7a\360\201\025pAE_JP\304b\355\023\243m6\330\303"
 139      3761F081 
 139      15704145 
 139      5F4A50C4 
 139      62ED13A3 
 140 011f 81E259D0 		.ascii	"\201\342Y\320^\265\222\260\221\320H$\220\260\223\320"
 140      5EB592B0 
 140      91D04824 
 140      90B093D0 
 141 012f 51581C28 		.ascii	"QX\034(\254\211$\234\244s\001EK\242\327d\022)$\030["
 141      AC89249C 
 141      A4730145 
 141      4BA2D764 
 141      12292418 
 142 0144 C158D4C7 		.ascii	"\301X\324\307U\316iU\336\200g\272*\\\253P\370\015N-"
 142      55CE6955 
 142      DE8067BA 
 142      2A5CAB50 
 142      F80D4E2D 
 143 0158 5D1AA96D 		.ascii	"]\032\251m\260SS\024\235A\037fN\317*f\037HWB\240\022"
 143      B0535314 
 143      9D411F66 
 143      4ECF2A66 
 143      1F485742 
 144 016e 48355C7B 		.ascii	"H5\\{]\347\343\345\337\304%\241E\271-\314)\367\273P"
 144      5DE7E3E5 
 144      DFC425A1 
 144      45B92DCC 
 144      29F7BB50 
 145 0182 4E474DF5 		.ascii	"NGM\365\263~\005\217\232\351H\243\012I\273\270\362r"
ARM GAS  /tmp/ccfZXcLx.s 			page 11


 145      B37E058F 
 145      9AE948A3 
 145      0A49BBB8 
 145      F272
 146 0194 4623BF9A 		.ascii	"F#\277\232\334v\3257\372\241\015Z+\032\210J\200~(\207"
 146      DC76D537 
 146      FAA10D5A 
 146      2B1A884A 
 146      807E2887 
 147 01a8 018A4623 		.ascii	"\001\212F#[\351l\326\321\001\216S\203{H\311\240p\037"
 147      5BE96CD6 
 147      D1018E53 
 147      837B48C9 
 147      A0701F
 148 01bb CAA3DC2E 		.ascii	"\312\243\334.\263Qe\362\363P\265Y\263\323:\010f\366"
 148      B35165F2 
 148      F350B559 
 148      B3D33A08 
 148      66F6
 149 01cd 16B38077 		.ascii	"\026\263\200wK\225Sr\310\252\213\301\003t\211\230\327"
 149      4B955372 
 149      C8AA8BC1 
 149      03748998 
 149      D7
 150 01de 6A224421 		.ascii	"j\"D!\022~\377\271K\225\310f,\026Cl\320\304\026\342"
 150      127EFFB9 
 150      4B95C866 
 150      2C16436C 
 150      D0C416E2 
 151 01f2 980D49C4 		.ascii	"\230\015I\304Z\346V#\012a\026\034\344\220D\306\0027"
 151      5AE65623 
 151      0A61161C 
 151      E49044C6 
 151      0237
 152 0204 B24C4643 		.ascii	"\262LFC\340\323z\335\242\354\225.\346\253\204\363\227"
 152      E0D37ADD 
 152      A2EC952E 
 152      E6AB84F3 
 152      97
 153 0215 3275594A 		.ascii	"2uYJ\377Tl\312Ae\012\021\314\211r\007\370\361>\014\307"
 153      FF546CCA 
 153      41650A11 
 153      CC897207 
 153      F8F13E0C 
 154 022a EBAC0B4F 		.ascii	"\353\254\013O.'du\013\017Dy\"\004\260\320uyw\361\310"
 154      2E276475 
 154      0B0F4479 
 154      2204B0D0 
 154      757977F1 
 155 023f 37DD7E39 		.ascii	"7\335~9\321\350\025\236\212\340\251(w\302\010daZ\362"
 155      D1E8159E 
 155      8AE0A928 
 155      77C20864 
 155      615AF2
 156 0252 5A3F0483 		.ascii	"Z?\004\203\311\312C{\315L\022\314\272\353|\035a\227"
 156      C9CA437B 
 156      CD4C12CC 
ARM GAS  /tmp/ccfZXcLx.s 			page 12


 156      BAEB7C1D 
 156      6197
 157 0264 2C0A6FDA 		.ascii	",\012o\332#\263\240\246xAv\244\020\351\270\322\324c"
 157      23B3A0A6 
 157      784176A4 
 157      10E9B8D2 
 157      D463
 158 0276 9188C6E0 		.ascii	"\221\210\306\340\261D*\027.\216\307\375\350\310\221"
 158      B1442A17 
 158      2E8EC7FD 
 158      E8C891
 159 0285 51286EE4 		.ascii	"Q(n\344 \247\317ZFe\013\2541`\360\004\322\020#\253\257"
 159      20A7CF5A 
 159      46650BAC 
 159      3160F004 
 159      D21023AB 
 160 029a 35E3A926 		.ascii	"5\343\251&\225\210\240\231O\304fj\234\330\034\324KW"
 160      9588A099 
 160      4FC4666A 
 160      9CD81CD4 
 160      4B57
 161 02ac 3513571B 		.ascii	"5\023W\033\343\343I\332\340.\364\350\255\366\373\235"
 161      E3E349DA 
 161      E02EF4E8 
 161      ADF6FB9D 
 162 02bc B2A938D2 		.ascii	"\262\2518\322\240\231f\250&\024\267M\226\034\205\250"
 162      A09966A8 
 162      2614B74D 
 162      961C85A8 
 163 02cc 8AE068BD 		.ascii	"\212\340h\275qu\212\364\232L\003\360.\357'\335o\275"
 163      71758AF4 
 163      9A4C03F0 
 163      2EEF27DD 
 163      6FBD
 164 02de B5FEBFB7 		.ascii	"\265\376\277\267\243\377\350\355>\352\355\330\317\336"
 164      A3FFE8ED 
 164      3EEAEDD8 
 164      CFDE
 165 02ec 3E050383 		.ascii	">\005\003\203\261\005\250\010\266\235\220\267\216\321"
 165      B105A808 
 165      B69D90B7 
 165      8ED1
 166 02fa 370374DD 		.ascii	"7\003t\335\320<;;\333\370\361s\227\031\371\271\205F"
 166      D03C3B3B 
 166      DBF8F173 
 166      9719F9B9 
 166      8546
 167 030c 89BBF46C 		.ascii	"\211\273\364l\231\221\347.*r\027\033\307N\346\034\317"
 167      9991E72E 
 167      2A72171B 
 167      C74EE61C 
 167      CF
 168 031d 396F149F 		.ascii	"9o\024\237+\310\313\316c\266\374\334\342\323\205gJ\325"
 168      2BC8CBCE 
 168      63B6FCDC 
 168      E2D38567 
 168      4AD5
ARM GAS  /tmp/ccfZXcLx.s 			page 13


 169 032f 92D202F7 		.ascii	"\222\322\002\367w\216\217\236\374"
 169      778E8F9E 
 169      FC
 170              		.text
 171              		.section	.gnu.lto_nvicClearPending.a21666f219ec1c80,"",%progbits
 172 0000 789C6551 		.ascii	"x\234eQMKTQ\030~\237\367\334\27132b\321J\006\242\026"
 172      4D4B5451 
 172      187E9FF7 
 172      DCB93332 
 172      62D14A06 
 173 0016 892BE762 		.ascii	"\211+\347b\277\240h\321J\210\376\201\314\306 g\"#\334"
 173      BFA068D1 
 173      4A88FE81 
 173      CCC62067 
 173      2223DC
 174 0029 79C6996C 		.ascii	"y\306\231l\221\240\270I\220\331TR9:\226\321\"K\270\010"
 174      91A0B849 
 174      90D95452 
 174      393A96D1 
 174      224BB808 
 175 003d 859B8A51 		.ascii	"\205\233\212Q#\021\031\027N\320\207\0135\303\271\013"
 175      23111917 
 175      4ED0870B 
 175      35C3B90B 
 176 004d 3FDEF7DE 		.ascii	"?\336\367\336h\323\345\334s\316\363\234\347y?\3161\364"
 176      68D3E5DC 
 176      73CEF39C 
 176      E7793FCE 
 176      31F4
 177 005f FF9792FF 		.ascii	"\377\227\222\377\017\210.\312\012C\340\321OD\371\004"
 177      0F882ECA 
 177      0A43E0D1 
 177      4F44F904 
 178 006f 03BA21D0 		.ascii	"\003\272!\320\000c\000?x\2271\352\227\307\223\355\223"
 178      0063003F 
 178      789731EA 
 178      97C793ED 
 178      93
 179 0080 D6DA9DE5 		.ascii	"\326\332\235\345\267\255\367Z\003&\372\315Q\030<E\273"
 179      B7ADF75A 
 179      0326FACD 
 179      51183C45 
 179      BB
 180 0091 4856D7B6 		.ascii	"HV\327\266\206\034\323\011\222\375\233\312\376\307\344"
 180      861CD309 
 180      92FD9BCA 
 180      FEC7E4
 181 00a0 770E18E7 		.ascii	"w\016\030\347\025\316\217-\215\273\012\331Q\370z\241"
 181      15CE8F2D 
 181      8DBB0AD9 
 181      51F87AA1 
 182 00b0 F2E154DB 		.ascii	"\362\341T\333ck\007\375\2459{\311\011\330\340\031\214"
 182      636B07FD 
 182      A5397BC9 
 182      09D8E019 
 182      8C
 183 00c1 C4C373A4 		.ascii	"\304\303s\2440\205\024\011E(\243M\345\273\305\303\257"
ARM GAS  /tmp/ccfZXcLx.s 			page 14


 183      30851409 
 183      4528A34D 
 183      E5BBC5C3 
 183      AF
 184 00d2 49B728B9 		.ascii	"I\267(\271OG91\015W\312\246\3313\276=>\336\232\034^"
 184      4F473931 
 184      0D57CAA6 
 184      D933BE3D 
 184      3EDE9A1C 
 185 00e7 709A0095 		.ascii	"p\232\000\225\263\030\035#S\314\321)\246\223\253\034"
 185      B3181D23 
 185      53CCD129 
 185      A693AB1C 
 186 00f7 515D9CDA 		.ascii	"Q]\234\332\3267f]\315:\012\265\241\243\3225\015v\300"
 186      D637665D 
 186      CD3A0AB5 
 186      A1A3D235 
 186      0D76C0
 187 010a 7C207918 		.ascii	"| y\030\333+\023\363\315Z\250X1#u\254c\260v\177\325"
 187      DB2B13F3 
 187      CD5AA858 
 187      312375AC 
 187      63B0767F 
 188 011f 44222322 		.ascii	"D\"#\"a\012\0157\302\216Pbz72\362>\036\232\316\021*"
 188      610A0D37 
 188      C28E5062 
 188      7A3732F2 
 188      3E1E9ACE 
 189 0135 A1A9B0F1 		.ascii	"\241\251\260\361W\022\303\205\224\010\2438\373\034\221"
 189      5712C385 
 189      9408A338 
 189      FB1C91
 190 0144 CA0BB338 		.ascii	"\312\013\2638\006\305\022a\357\227-9\032\301\265\213"
 190      06C51261 
 190      EF972D39 
 190      1AC1B58B 
 191 0154 05DBA24D 		.ascii	"\005\333\242Mo\326?W\023!E\012\037}i\374l)a\"o\255\037"
 191      6FD63F57 
 191      1321450A 
 191      1F7D69FC 
 191      6C296122 
 192 016b 0F388E59 		.ascii	"\0178\216Y\271\250\027\222K\017\203'\303\311\216\262"
 192      B9A81792 
 192      4B0F8327 
 192      C3C98EB2 
 193 017b 2D22E004 		.ascii	"-\"\340\004^\242\204\275\360e\344\344\301\303j#\341"
 193      5EA284BD 
 193      F065E4E4 
 193      C1C36A23 
 193      E1
 194 018c CDD862DE 		.ascii	"\315\330b\336?\033p\023\346\320!\275\206\217\366\012"
 194      3F1B7013 
 194      E6D021BD 
 194      868FF60A 
 195 019c 9E544235 		.ascii	"\236TB5\344\375\352U\255C\331\2724(\227#\212t:\355\375"
 195      E4FDEA55 
 195      AD43D9BA 
ARM GAS  /tmp/ccfZXcLx.s 			page 15


 195      34289723 
 195      8A743AED 
 196 01b1 1BB93EAF 		.ascii	"\033\271>\257\247\373\246w+w\373N\237\227\311\365\366"
 196      A7FBA677 
 196      2B77FB4E 
 196      9F97C9F5 
 196      F6
 197 01c2 E6B2DEE5 		.ascii	"\346\262\336\345\353]W\272\372\275\354\335\033\231t"
 197      EB5D57BA 
 197      FABDECDD 
 197      1B9974
 198 01d1 86903D01 		.ascii	"\206\220=\001\356L\273?"
 198      EE4CBB3F 
 199              		.text
 200              		.section	.gnu.lto_.symbol_nodes.a21666f219ec1c80,"",%progbits
 201 0000 789C55C9 		.ascii	"x\234U\311;\021\2000\020\006\341\375\357\310L\004a\011"
 201      3B118030 
 201      1006E1FD 
 201      EFC84C04 
 201      6109
 202 0012 1D170928 		.ascii	"\035\027\011(`\"\002\011\324(\341\351\200\002\212\260"
 202      60220209 
 202      D428E1E9 
 202      80028AB0 
 203 0022 E5B70E0C 		.ascii	"\345\267\016\014|\331\246\200q\205\010\246\232\261]"
 203      7CD9A680 
 203      718508A6 
 203      9AB15D
 204 0031 A11F1C0A 		.ascii	"\241\037\034\012k!\335\242Z\270\235\012o\207.E\367\002"
 204      6B21DDA2 
 204      5AB89D0A 
 204      6F872E45 
 204      F702
 205 0043 A564DC12 		.ascii	"\245d\334\022\313\334\363\000\000\355\034\340"
 205      CBDCF300 
 205      00ED1CE0 
 206              		.text
 207              		.section	.gnu.lto_.refs.a21666f219ec1c80,"",%progbits
 208 0000 789C6366 		.ascii	"x\234cf```c\200\000F&&f&\006\000\000\301\000\024"
 208      60606063 
 208      80004626 
 208      26662606 
 208      0000C100 
 209              		.text
 210              		.section	.gnu.lto_.decls.a21666f219ec1c80,"",%progbits
 211 0000 789C9D56 		.ascii	"x\234\235VkP\023Y\026\356\3337\011I\010\340j\225Z\224"
 211      6B501359 
 211      16EEDB37 
 211      094908E0 
 211      6A955A94 
 212 0014 33225345 		.ascii	"3\"SE\251\343\022G\267\266\346\307V\351l\264V\266\312"
 212      A9E31247 
 212      B7B6E6C7 
 212      56E96CB4 
 212      56B6CA
 213 0027 290A76FC 		.ascii	")\012v\374\263?\262\014f\026j\021\246 \356j\325\376"
 213      B33FB20C 
ARM GAS  /tmp/ccfZXcLx.s 			page 16


 213      66166A11 
 213      A620EE6A 
 213      D5FE
 214 0039 688842C0 		.ascii	"h\210B\300\240\010\342\200\210DA\345!\212\202/\004\304"
 214      A008E280 
 214      884441E5 
 214      218A822F 
 214      04C4
 215 004b 070882C2 		.ascii	"\007\010\202\302\314\340\012\313\314\030\337\257U\003"
 215      CCE00ACB 
 215      CC18DFAF 
 215      5503
 216 0059 88E003B2 		.ascii	"\210\340\003\262\347\336\333\2354\275\300\270\323\225"
 216      E7DEDB9D 
 216      34BDC0B8 
 216      D395
 217 0067 93DBA7EF 		.ascii	"\223\333\247\357w\317\371\316\271}\316m\314q\\\003\342"
 217      77CFF9CE 
 217      B97DCE6D 
 217      CC715C03 
 217      E2
 218 0078 380F5C1F 		.ascii	"8\017\\\037\316\340\270\331<\307\251\341Y$\010\334r"
 218      CEE0B8D9 
 218      3CC7A9E1 
 218      592408DC 
 218      72
 219 0089 27411A39 		.ascii	"'A\0329v\221\347\227@\256\200\264\203t\200t\203\300"
 219      7691E797 
 219      40AE80B4 
 219      83748074 
 219      83C0
 220 009b 72AE879B 		.ascii	"r\256\207\233x\021\234A\264\023(\336\023;\013@\376\010"
 220      78119C41 
 220      B41328DE 
 220      133B0B40 
 220      FE08
 221 00ad B206440B 		.ascii	"\262\006D\013\0135 #p\337\013\322\017\202A\336\200\274"
 221      0B352023 
 221      70DF0BD2 
 221      0F8241DE 
 221      80BC
 222 00bf 05F188B6 		.ascii	"\005\361\210\266/q\377{]\371?\354\367\213\366G\304\230"
 222      2F71FF7B 
 222      5DF93FEC 
 222      F78BF647 
 222      C498
 223 00d1 C6451F48 		.ascii	"\306E\037H\264\243\274HlA?c[\207Xn\352@\256\203,\006"
 223      B4A3BC48 
 223      6C413F63 
 223      5B87586E 
 223      EA40AE83 
 224 00e7 7D214830 		.ascii	"}!H0b\276\210\355\020\304\374\265O\223'\222C\3754\276"
 224      62BE88ED 
 224      10C4FCB5 
 224      4F932792 
 224      43FD34BE 
 225 00fb 94312031 		.ascii	"\2241 17H\\\253\274\006x\324VU\374\027\314#\270U\335"
ARM GAS  /tmp/ccfZXcLx.s 			page 17


 225      37485CAB 
 225      BC0678D4 
 225      5655FC17 
 225      CC23B855 
 226 0110 DD5B732A 		.ascii	"\335[s*\010\205\005\007\353\313\004A\260\013+Q\025\322"
 226      08850507 
 226      EBCB0441 
 226      B00B2B51 
 226      15D2
 227 0122 A3C308CB 		.ascii	"\243\303\010\313V\024\300\363\321\025d\002n\265t\264"
 227      5614C0F3 
 227      D1156402 
 227      6EB574B4 
 228 0132 0B429AE0 		.ascii	"\013B\232\340\316\025\360\\\016-\011F\213\2029T\216"
 228      CE15F05C 
 228      0E2D0946 
 228      8B823954 
 228      8E
 229 0143 C2E81487 		.ascii	"\302\350\024\207*Q0\252@\301\304\323\235\274\201L\265"
 229      2A5130AA 
 229      40C1C4D3 
 229      9DBC814C 
 229      B5
 230 0154 5E44DB7F 		.ascii	"^D\333\177\016\235~3\375&~\304\243@\375#B\016\025\225"
 230      0E9D7E33 
 230      FD267EC4 
 230      A340FD23 
 230      420E1595 
 231 0168 DC7C1E00 		.ascii	"\334|\036\000\272A\377\001Q\317\036}y\315\237N\207\020"
 231      BA41FF01 
 231      51CF1E7D 
 231      79CD9F4E 
 231      8710
 232 017a B53EB7AD 		.ascii	"\265>\267\255@CgUD=\321\360h8\210\252\363\210j\353K"
 232      40436755 
 232      443DD1F0 
 232      683888AA 
 232      F3886AEB 
 233 018f 4D0B229E 		.ascii	"M\013\"\236\005!\307&\350\332\002a\002\035\003_5\340"
 233      0521C726 
 233      E8DA0261 
 233      021D035F 
 233      35E0
 234 01a1 8B4327A8 		.ascii	"\213C'\250\357\205\301\3508s}\355\321\371l\315\314\034"
 234      EF85C1E8 
 234      38737DED 
 234      D1F96CCD 
 234      CC1C
 235 01b3 0A178410 		.ascii	"\012\027\204\020D\323P\015\360\243\024^\213fJ\213\010"
 235      44D3500D 
 235      F0A3145E 
 235      8B664A8B 
 235      08
 236 01c4 FA48E5D0 		.ascii	"\372H\345\320\236 9\372\310t\350\246\241\324\002\265"
 236      9E2039FA 
 236      C874E8A6 
 236      A1D402B5 
ARM GAS  /tmp/ccfZXcLx.s 			page 18


 237 01d4 218B2441 		.ascii	"!\213$A\244R\207f\312\270\234DdO\351\010\350\363M\243"
 237      A4528766 
 237      CAB89C44 
 237      644FE908 
 237      E8F34DA3 
 238 01e8 AD7AEC47 		.ascii	"\255z\354G\023PZp\273G\277\244\222\356Ls3\357\333A\207"
 238      13505A70 
 238      BB47BFA4 
 238      92EE4C73 
 238      33EFDB41 
 239 01fd DDD5AEC7 		.ascii	"\335\325\256\307s((\365\3209\207\037\004\276@O\247n"
 239      732828F5 
 239      D039871F 
 239      04BE404F 
 239      A76E
 240 020f 15BD2ED3 		.ascii	"\025\275.\323Q\225Tl\020<\342\333\036\010\245\201(\214"
 240      5195546C 
 240      103CE2DB 
 240      1E08A581 
 240      288C
 241 0221 6EB1FB6A 		.ascii	"n\261\373jn\353<AP\241\006\240|\006at\032-!\316\311"
 241      6EEB3C41 
 241      50A106A0 
 241      7C066174 
 241      1A2D21CE 
 242 0236 6A72D97D 		.ascii	"jr\331}49/Gt\016\266k\201\236b\321YxXO\263\306\267\274"
 242      34392F47 
 242      740EB66B 
 242      819E62D1 
 242      5978584F 
 243 024e 6BDAA246 		.ascii	"k\332\242F\372\260\311\0275M\262\210R(\267\345\316&"
 243      FAB0C917 
 243      354DB288 
 243      5228B7E5 
 243      CE26
 244 0260 141A81C2 		.ascii	"\024\032\201\302)\037\205\006$r \023\020\211\275\272"
 244      291F8506 
 244      24722013 
 244      1089BDBA 
 245 0270 A641A7E2 		.ascii	"\246A\247\342\231\216\376LwyO\367\221\"\203\367\331"
 245      998EFE4C 
 245      77794FF7 
 245      912283F7 
 245      D9
 246 0281 79441F56 		.ascii	"yD\037V\357\030\276l\230\223/\356\365\014\025\212\234"
 246      EF18BE6C 
 246      98932FEE 
 246      F50C158A 
 246      9C
 247 0292 2D4BEF05 		.ascii	"-K\357\0054\007\376\233\001J\363s\242\247j\237\036\247"
 247      3407FE9B 
 247      014AF373 
 247      A2A76A9F 
 247      1EA7
 248 02a4 D0D4D5F4 		.ascii	"\320\324\325\364\364U\342\220}\202\263\306\3558\270"
 248      F455E290 
 248      7D82B3C6 
ARM GAS  /tmp/ccfZXcLx.s 			page 19


 248      ED38B8
 249 02b3 0F170ACE 		.ascii	"\017\027\012\3164a\334\343At\021\272\350\245\306\221"
 249      3461DCE3 
 249      417411BA 
 249      E8A5C691 
 250 02c3 7B46ED12 		.ascii	"{F\355\022\012\231\202Z\177\355\370\363\240)Y\264P\026"
 250      0A99825A 
 250      7FEDF8F3 
 250      A02959B4 
 250      5016
 251 02d5 9725169D 		.ascii	"\227%\026\235\216\214\026\003\256E\224Fc\307\205WjJ"
 251      8E8C1603 
 251      AE459446 
 251      63C78557 
 251      6A4A
 252 02e7 C3B9A754 		.ascii	"\303\271\247T\323&4{<+\310\002\324*c\320*1\270B\031"
 252      D326347B 
 252      3C2BC802 
 252      D42A63D0 
 252      2A31B842 
 253 02fc EC3A73D6 		.ascii	"\354:s\326\026\200[\230\201\232g\0056?f\240\336k\200"
 253      16805B98 
 253      819A6705 
 253      363F66A0 
 253      DE6B80
 254 030f 84D02633 		.ascii	"\204\320&3\320&\031h\247\006\372\034\302\250\012\337"
 254      D0261968 
 254      A706FA1C 
 254      C2A80ADF 
 255 031f 61065E37 		.ascii	"a\006^7\217<\025\015\3748\201\301U\231\201\253\222\201"
 255      8F3C150D 
 255      FC3881C1 
 255      559981AB 
 255      9281
 256 0331 0E6AA020 		.ascii	"\016j\240 \253\300n\230\360Z\223*\360E\334\311^k@z\306"
 256      ABC06E98 
 256      F05A932A 
 256      F045DCC9 
 256      5E6B407A 
 257 0346 0A8710CD 		.ascii	"\012\207\020\315\026<\023\263\345vT=\321M\231\255\353"
 257      163C13B3 
 257      E576543D 
 257      D14D99AD 
 257      EB
 258 0357 345BD7A4 		.ascii	"4[\327\244l\035\313\273=\250\305C\214\353\341\223\367"
 258      6C1DCBBB 
 258      3DA8C543 
 258      8CEBE193 
 258      F7
 259 0368 6B107075 		.ascii	"k\020pu\011\356\261\207\203+w\332r\312\004\227\3073"
 259      09EEB187 
 259      832B77DA 
 259      72CA0497 
 259      C733
 260 037a 9FAE425D 		.ascii	"\237\256B]2\302]\022\341nJ\370~n\276\033\343b\332\370"
 260      32C25D12 
 260      E16E4AF8 
ARM GAS  /tmp/ccfZXcLx.s 			page 20


 260      7E6EBE1B 
 260      E362DAF8 
 261 038e 50DDBD8C 		.ascii	"P\335\275\214\007*|\210)\333{\207\363\203\346\327\361"
 261      072A7C88 
 261      29DB7B87 
 261      F383E6D7 
 261      F1
 262 039f C5D0DEA0 		.ascii	"\305\320\336\2406\351\236\\\031u\370}\264_\350v\272"
 262      36E99E5C 
 262      1975F87D 
 262      B45FE876 
 262      BA
 263 03b0 1D5B5FCC 		.ascii	"\035[_\314M\315q\246\345\010$+\264x\277\005/\220FY\315"
 263      4DCD71A6 
 263      E508242B 
 263      B478BF05 
 263      2F904659 
 264 03c5 7F477CA1 		.ascii	"\177G|\241\357\021\320\350A\037\201\201W\371\265\351"
 264      EF11D0E8 
 264      411F8181 
 264      57F9B5E9 
 265 03d5 01B45B09 		.ascii	"\001\264[\011\313\210\301\314\352\226B?\332\237\234"
 265      CB88C1CC 
 265      EA96423F 
 265      DA9F9C
 266 03e4 1AA2675C 		.ascii	"\032\242g\\\275\331\247\301\3371\002\317.\226m\"\315"
 266      BDD9A7C1 
 266      DF3102CF 
 266      2E966D22 
 266      CD
 267 03f5 CAF67E55 		.ascii	"\312\366~U\004+\262\266\035\367\370M\335\337\372\244"
 267      042BB2B6 
 267      1DF7F84D 
 267      DDDFFAA4 
 268 0405 FEB690A2 		.ascii	"\376\266\220\242\257\274\316}n\020\033\226M\010\261"
 268      AFBCCE7D 
 268      6E101B96 
 268      4D08B1
 269 0414 D2D7D687 		.ascii	"\322\327\326\207\3767mX}R\303j\034\350\356W\311\321"
 269      FE376D58 
 269      7D52C36A 
 269      1CE8EE57 
 269      C9D1
 270 0426 BDD3A17F 		.ascii	"\275\323\241\177\252\254\277\354\217\177`\201\244\216"
 270      AAACBFEC 
 270      8F7F6081 
 270      A48E
 271 0434 666E55D3 		.ascii	"fnU\323\250]~D\277\361\242\267IO\243\376'Qw\344\215"
 271      A85D7E44 
 271      BFF1A2B7 
 271      494FA3FE 
 271      275177E4 
 272 0449 D5F254FD 		.ascii	"\325\362T\375\220\250-#\203\025\201S\007\341\222\202"
 272      90A82D23 
 272      83158153 
 272      07E19282 
 273 0459 B8C5626E 		.ascii	"\270\305bn\257l\337\206}m\227E\361#\300\177\242\360"
ARM GAS  /tmp/ccfZXcLx.s 			page 21


 273      AF6CDF86 
 273      7D6D9745 
 273      F123C07F 
 273      A2F0
 274 046b DB94974B 		.ascii	"\333\224\227K\342U\326\273c/\306\267\031\257\214\275"
 274      E255D6BB 
 274      632FC6B7 
 274      19AF8CBD 
 275 047b 9E0301F8 		.ascii	"\236\003\001\370)S\362\033\366\346\352(\013\201\352"
 275      2953F21B 
 275      F6E6EA28 
 275      0B81EA
 276 048a D7F6159F 		.ascii	"\327\366\025\237\306\330\315&\355-\243\335*\374\232"
 276      C6D8CD26 
 276      ED2DA3DD 
 276      2AFC9A
 277 0499 29E73A2B 		.ascii	")\347:+\2161\276\002O\364\007\325\255\245\201x\234M"
 277      8E31BE02 
 277      4FF407D5 
 277      ADA58178 
 277      9C4D
 278 04ab BE7A7CE1 		.ascii	"\276z|\341\220\037\266cVAy\231\371\3544\0220}\347O\025"
 278      901FB663 
 278      56417999 
 278      F9EC3412 
 278      307DE74F 
 279 04c0 B407E06C 		.ascii	"\264\007\340l6\351\252\357,\321\262wa\006\321\357u\335"
 279      36E9AAEF 
 279      2CD1B277 
 279      6106D1EF 
 279      75DD
 280 04d2 6862EFC2 		.ascii	"hb\357\302\012\242:G\306\242\246\316\302s)\013\317X"
 280      0AA23A47 
 280      C6A2A6CE 
 280      C273290B 
 280      CF58
 281 04e4 162E1716 		.ascii	"\026.\027\026\235\326*\263\360\037\200?\244\360\027"
 281      9DD62AB3 
 281      F01F803F 
 281      A4F017
 282 04f3 340BCFA5 		.ascii	"4\013\317\245,\274\035\257x\021\200\277a<v\270\277\315"
 282      2CBC1DAF 
 282      781180BF 
 282      613C76B8 
 282      BFCD
 283 0505 160357C9 		.ascii	"\026\003W\311\303\013\024\303\223NX\003;aGJ]O\021U\351"
 283      C30B14C3 
 283      934E5803 
 283      3B61474A 
 283      5D4F1155 
 284 051a 5EBAC673 		.ascii	"^\272\306s\204i\216\324a\211\347K\306\263\366\304HW"
 284      84698ED4 
 284      6189E74B 
 284      C6B3F6C4 
 284      4857
 285 052c A092E720 		.ascii	"\240\222\347 \300\207(\374\025\3459,\361t<y\371N-G\367"
 285      C08728FC 
ARM GAS  /tmp/ccfZXcLx.s 			page 22


 285      15E5392C 
 285      F1743C79 
 285      F94E2D47 
 286 0541 4E872EE9 		.ascii	"N\207.\351\031(2\340\375,\252\326\307M\333\015,*RY\206"
 286      192832E0 
 286      FD2CAAD6 
 286      C74DDB0D 
 286      2C2A5259 
 287 0556 672D8397 		.ascii	"g-\203\227\375Q\250t\315\012\015s\012[R\335\235\325"
 287      FD51A874 
 287      CD0A0D73 
 287      0A5B52DD 
 287      9DD5
 288 0568 77A37205 		.ascii	"w\243r\005\241l.\032\201\012\036\205\012\266\361\263"
 288      A16C2E1A 
 288      810A1E85 
 288      0AB6F1B3 
 289 0578 BC2ED06B 		.ascii	"\274.\320k\352g1\374q\004\356\314\252\322\264-E\375"
 289      EA6731FC 
 289      7104EECC 
 289      AAD2B42D 
 289      45FD
 290 058a 007D2C42 		.ascii	"\000},B\275%\371D\001\265{\241\017\224\320\207r\250"
 290      BD25F944 
 290      01B57BA1 
 290      0F94D087 
 290      72A8
 291 059c 20381D1F 		.ascii	" 8\035\037\003\022\266\010\271E\244\264qh@at\274B2z"
 291      0312B608 
 291      B945A4B4 
 291      71684061 
 291      74BC4232 
 292 05b1 5769F49E 		.ascii	"Wi\364\236\002\372\316\013\375A\011]8\321\375\330\""
 292      02FACE0B 
 292      FD41095D 
 292      38D1FDD8 
 292      22
 293 05c2 00429DA0 		.ascii	"\000B\235\240;\"P\252\036\006<\206\274H\217\204\274"
 293      3B2250AA 
 293      1E063C86 
 293      BC488F84 
 293      BC
 294 05d3 AF4432EF 		.ascii	"\257D2\3572h\346\307\"\364\221\022\372P\006\335)n\355"
 294      3268E6C7 
 294      22F49112 
 294      FA5006DD 
 294      296EED
 295 05e6 4A2B876E 		.ascii	"J+\207n\000\340_t\216\300\241\265\241\255|\030\362\240"
 295      00E05F74 
 295      8EC0A1B5 
 295      A1AD7C18 
 295      F2A0
 296 05f8 5024F0A1 		.ascii	"P$\360\241h\034\306T\030\337\301\230\006\343[\030\267"
 296      681CC654 
 296      18DFC198 
 296      06E35B18 
 296      B7
ARM GAS  /tmp/ccfZXcLx.s 			page 23


 297 0609 C03806E3 		.ascii	"\3008\006\343\033\024J[:u\274Mr\374T\351\370\211\314"
 297      1B144A5B 
 297      3A75BC4D 
 297      72FC54E9 
 297      F889CC
 298 061c 31F9E470 		.ascii	"1\371\344p\275\251\320\010\210`8\351t\220\276\245\370"
 298      BDA9D008 
 298      886038E9 
 298      7490BEA5 
 298      F8
 299 062d 03B72E96 		.ascii	"\003\267.\226k\320\254\260\311\010\242\014\340\365K"
 299      6BD0ACB0 
 299      C908A20C 
 299      E0F54B
 300 063c 3952C7DB 		.ascii	"9R\307\333\267!-J\007\0137}\037:\204\206\364%\227\357"
 300      B7212D4A 
 300      070B377D 
 300      1F3A8486 
 300      F42597EF 
 301 0650 E9CF9878 		.ascii	"\351\317\230x\212\246\313\366\217Cv\236}\034\302H>\033"
 301      8AA6CBF6 
 301      8F43769E 
 301      7D1CC248 
 301      3E1B
 302 0662 5CC72FF1 		.ascii	"\\\307/\361\023\320\344\314\363\2413Et&E\277\331\372"
 302      13D0E4CC 
 302      F3A13345 
 302      742645BF 
 302      D9FA
 303 0674 7D3A2BEF 		.ascii	"}:+\357fZ\336\345w\256\347\262\357\351\205\364K\350"
 303      665ADEE5 
 303      77AEE7B2 
 303      EFE985F4 
 303      4BE8
 304 0686 61767A10 		.ascii	"avz\020\276\315\212(\313\326^\251\227\216 \373{\035"
 304      BECD8A28 
 304      CBD65EA9 
 304      978E20FB 
 304      7B1D
 305 0698 418D5D47 		.ascii	"A\215]G/\006\341'l}\307\313\346\032\035v3\245,\177\367"
 305      2F06E127 
 305      6C7DC7CB 
 305      E61A1D76 
 305      33A52C7F 
 306 06ad 113575A4 		.ascii	"\0215u\244\245gm\247\255I\203\207\331\\]\346\311k\032"
 306      A5676DA7 
 306      AD498387 
 306      D95C5DE6 
 306      C96B1A
 307 06c0 FC565C75 		.ascii	"\374V\\ugt\210\225.\355\213Y\273w\301g\216\207\315]"
 307      67748895 
 307      2EED8B59 
 307      BB77C167 
 307      8E87CD5D 
 308 06d4 170A7202 		.ascii	"\027\012r\002\261ME\225\302\221\316V\366u?\227R/=xJ"
 308      B14D4595 
 308      C291CE56 
ARM GAS  /tmp/ccfZXcLx.s 			page 24


 308      F6753F97 
 308      522F3D78 
 309 06e9 47235BF9 		.ascii	"G#[\371\036\207a\001/v\246E\224wj\361A\227t\2148\245"
 309      1E876101 
 309      2F76A645 
 309      94776AF1 
 309      4197748C 
 310 06ff C6F40D1F 		.ascii	"\306\364\015\037\214rx\202.\344gJk\010z\240wK\227\277"
 310      8C727882 
 310      2EE4674A 
 310      6B087AA0 
 310      774B97BF 
 311 0713 1CDD3B1D 		.ascii	"\034\335;\035\372\374\313A\217?\316f\244\273[/\365\373"
 311      FAFCCB41 
 311      8F3FCE66 
 311      A4BB5B2F 
 311      F5FB
 312 0725 E39D54F1 		.ascii	"\343\235T\361?\225Z\002\237\274\244\035\261\2134%\233"
 312      3F955A02 
 312      9FBCA41D 
 312      B18B3425 
 312      9B
 313 0736 ABA1E3AA 		.ascii	"\253\241\343\252A\200\267\230\030\335\305cT\"/\336<"
 313      4180B798 
 313      18DDC563 
 313      54222FDE 
 313      3C
 314 0747 5E5E695B 		.ascii	"^^i[l\316s\264\321\020l\356\344\330\305\312J\313\002"
 314      6CCE73B4 
 314      D1106CEE 
 314      E4D8C5CA 
 314      4ACB02
 315 075a A2DBE854 		.ascii	"\242\333\350T\211\370\026\037\206\267x?\274\251\007"
 315      89F8161F 
 315      86B7783F 
 315      BCA907
 316 0769 400E8194 		.ascii	"@\016\201\224\202\354\003)\006)\003q\202\034\344\245"
 316      82EC0329 
 316      06290371 
 316      821CE4A5 
 317 0779 2A83EED2 		.ascii	"*\203\356\322D\252l\017?\023\025\211>\245\340\321\356"
 317      44AA6C0F 
 317      3F131589 
 317      3EA5E0D1 
 317      EE
 318 078a 09FC76D9 		.ascii	"\011\374v\331\234\307(\277l^\217\266+\371\311\033\021"
 318      9CC728BF 
 318      6C5E8FB6 
 318      2BF9C91B 
 318      11
 319 079b 4472C61B 		.ascii	"Dr\306\033\311\216I\221\262\240\353\275\320\235Jh\316"
 319      C98E4991 
 319      B2A0EBBD 
 319      D09D4A68 
 319      CE
 320 07ac 0402429A 		.ascii	"\004\002B\232\263\221b\311~\346+\261\273\371\211\014"
 320      B39162C9 
ARM GAS  /tmp/ccfZXcLx.s 			page 25


 320      7EE62BB1 
 320      BBF9890C 
 321 07bc CE7BCDEE 		.ascii	"\316{\315\356UB\207\220\302\354Y\257Y\3227'\241\260"
 321      55428790 
 321      C2EC59AF 
 321      59D23727 
 321      A1B0
 322 07ce D8DB     		.ascii	"\330\333"
 323 07d0 68AAAB48 		.ascii	"h\252\253H\243)\231\254\321\344\325\325\016bE\243\221"
 323      A32999AC 
 323      D1E4D5D5 
 323      0E6245A3 
 323      91
 324 07e1 F60755C0 		.ascii	"\366\007U\300\266\374\222-\242N\333\376\246E\345\260"
 324      B6FC922D 
 324      A24EDBFE 
 324      A645E5B0 
 325 07f1 D8C17B7B 		.ascii	"\330\301{{L\211\254\307t\014\275\352\321M\350\032\345"
 325      4C89ACC7 
 325      740CBDEA 
 325      D14DE81A 
 325      E5
 326 0802 137A4CA5 		.ascii	"\023zL\245\3305\310\250\212\215\213I\326n\214O\264."
 326      D835C8A8 
 326      8A8D8B49 
 326      D66E8C4F 
 326      B42E
 327 0814 5F66B66A 		.ascii	"_f\266j\376\360\371\027!&No6KO~m\334\230\222l\214O\214"
 327      FEF0F917 
 327      21264E6F 
 327      364B4F7E 
 327      6DDC9892 
 328 082c 4DD8B8DE 		.ascii	"M\330\270\336bL\264\374#!\376K\343\206\230\330\270\370"
 328      624CB4FC 
 328      2321FE4B 
 328      E38698D8 
 328      B8F8
 329 083e 448BD1BC 		.ascii	"D\213\321\274\336\362U\314\306\004\253\331\272\371k"
 329      DEF255CC 
 329      C604ABD9 
 329      BAF96B
 330 084d 4B4A781C 		.ascii	"KJx\034\027:\031:es\212\321\234b]\017\026\0012#\361"
 330      173A193A 
 330      65738AD1 
 330      9C625D0F 
 330      16013223 
 331 0862 EFF1B1AB 		.ascii	"\357\361\261\253\023c\276L\260\254\263\304Z\223\222"
 331      1363BE4C 
 331      B0ACB3C4 
 331      5A9392
 332 0871 C3C3C38D 		.ascii	"\303\303\303\215\336_R\2121.&\301\370uR\2625\305\030"
 332      DE5F528A 
 332      312E26C1 
 332      F87552B2 
 332      35C518
 333 0884 9BB46143 		.ascii	"\233\264aCR\242\361\263\250\265\246\265\233\214d]x,"
 333      52A2F1B3 
ARM GAS  /tmp/ccfZXcLx.s 			page 26


 333      A8B5A6B5 
 333      9B8C645D 
 333      782C
 334 0896 F72B32AE 		.ascii	"\367+2\256\212O\361\031\230G\236D[\254\321\233S\254"
 334      8A4FF119 
 334      98479E44 
 334      5BACD19B 
 334      53AC
 335 08a8 960D6B62 		.ascii	"\226\015kb\022\327'X\222#\223\343\223\222\343\255\233"
 335      12D72758 
 335      922393E3 
 335      9392E3AD 
 335      9B
 336 08b9 A93B5382 		.ascii	"\251;S\202%&9\322\222\010\024\376\252\213\215\003\340"
 336      252639D2 
 336      920814FE 
 336      AA8B8D03 
 336      E0
 337 08ca 9A9804EB 		.ascii	"\232\230\004\353|\205\343d\253\227yl\0340\325\232\315"
 337      7C85E364 
 337      AB97796C 
 337      1C30D59A 
 337      CD
 338 08db 5F6D4C8C 		.ascii	"_mL\2145\233\003\244\233\360\337~\272\374\323\017\246"
 338      359B03A4 
 338      9BF0DF7E 
 338      BAFCD30F 
 338      A6
 339 08ec 73C7E93E 		.ascii	"s\307\351>_\027a2\377\011\362\241\212\210^\035\245\213"
 339      5F176132 
 339      FF09F2A1 
 339      8A885E1D 
 339      A58B
 340 08fe 5A0DFFEB 		.ascii	"Z\015\377\353V\257Z\252\2120\255\216\322F1\355\023\230"
 340      56AF5AAA 
 340      8A30AD8E 
 340      D24631ED 
 340      1398
 341 0910 8CF44D2E 		.ascii	"\214\364M.\203I\231\272\334{\367\033>\"\362w\012\232"
 341      834999BA 
 341      DC7BF71B 
 341      3E22F277 
 341      0A9A
 342 0922 62562C9B 		.ascii	"bV,\233\254$3F\323\332\350\210h\243))\331b\214\220\330"
 342      AC243346 
 342      D3DAE888 
 342      68A32929 
 342      D9628C90 
 343 0937 83628EDD 		.ascii	"\203b\216\335\260\224\304\020m\372=e\2436E~\021\261"
 343      B094C410 
 343      6DFA3D65 
 343      A336457E 
 343      11B1
 344 0949 0AFC4447 		.ascii	"\012\374DG\251?\213\2102E\341h\020\223\311\347\365\023"
 344      A93F8B88 
 344      3245E168 
 344      1093C9E7 
ARM GAS  /tmp/ccfZXcLx.s 			page 27


 344      F513
 345 095b 1CBD2652 		.ascii	"\034\275&R\035\275\006\020\377\005\227\021h\323"
 345      1DBD0610 
 345      FF059711 
 345      68D3
 346              		.text
 347              		.section	.gnu.lto_.symtab.a21666f219ec1c80,"",%progbits
 348 0000 6E766963 		.ascii	"nvicEnableVector\000\000\000\000\000\000\000\000\000"
 348      456E6162 
 348      6C655665 
 348      63746F72 
 348      00000000 
 349 0019 000000C3 		.ascii	"\000\000\000\303\000\000\000nvicDisableVector\000\000"
 349      0000006E 
 349      76696344 
 349      69736162 
 349      6C655665 
 350 0033 00000000 		.ascii	"\000\000\000\000\000\000\000\000\000\000\307\000\000"
 350      00000000 
 350      0000C700 
 350      00
 351 0040 006E7669 		.ascii	"\000nvicSetSystemHandlerPriority\000\000\000\000\000"
 351      63536574 
 351      53797374 
 351      656D4861 
 351      6E646C65 
 352 0062 00000000 		.ascii	"\000\000\000\000\000\000\000\311\000\000\000nvicCle"
 352      000000C9 
 352      0000006E 
 352      76696343 
 352      6C65
 353 0074 61725065 		.ascii	"arPending\000\000\000\000\000\000\000\000\000\000\000"
 353      6E64696E 
 353      67000000 
 353      00000000 
 353      00000000 
 354 0088 00CB0000 		.ascii	"\000\313\000\000\000chSysHalt\000\000\002\000\000\000"
 354      00636853 
 354      79734861 
 354      6C740000 
 354      02000000 
 355 009c 00000000 		.ascii	"\000\000\000\000\000\000\320\000\000\000"
 355      0000D000 
 355      0000
 356              		.text
 357              		.section	.gnu.lto_.opts,"",%progbits
 358 0000 272D666E 		.ascii	"'-fno-trapv' '-mcpu=cortex-m0' '-mthumb' '-ggdb' '-"
 358      6F2D7472 
 358      61707627 
 358      20272D6D 
 358      6370753D 
 359 0033 4F332720 		.ascii	"O3' '-fomit-frame-pointer' '-falign-functions=16' '"
 359      272D666F 
 359      6D69742D 
 359      6672616D 
 359      652D706F 
 360 0066 2D666675 		.ascii	"-ffunction-sections' '-fdata-sections' '-fno-common"
ARM GAS  /tmp/ccfZXcLx.s 			page 28


 360      6E637469 
 360      6F6E2D73 
 360      65637469 
 360      6F6E7327 
 361 0099 2720272D 		.ascii	"' '-flto'\000"
 361      666C746F 
 361      2700
 362              		.text
 363              		.comm	__gnu_lto_v1,1,1
 364              		.comm	__gnu_lto_slim,1,1
 365              		.ident	"GCC: (15:4.9.3+svn231177-1) 4.9.3 20150529 (prerelease)"
ARM GAS  /tmp/ccfZXcLx.s 			page 29


DEFINED SYMBOLS
                            *ABS*:0000000000000000 nvic.c
                            *COM*:0000000000000001 __gnu_lto_v1
                            *COM*:0000000000000001 __gnu_lto_slim

NO UNDEFINED SYMBOLS
