ARM GAS  /tmp/ccNziz3x.s 			page 1


   1              		.cpu cortex-m0
   2              		.fpu softvfp
   3              		.eabi_attribute 20, 1
   4              		.eabi_attribute 21, 1
   5              		.eabi_attribute 23, 3
   6              		.eabi_attribute 24, 1
   7              		.eabi_attribute 25, 1
   8              		.eabi_attribute 26, 1
   9              		.eabi_attribute 30, 2
  10              		.eabi_attribute 34, 0
  11              		.eabi_attribute 18, 4
  12              		.code	16
  13              		.file	"stm32_isr.c"
  14              		.text
  15              	.Ltext0:
  16              		.section	.gnu.lto_.profile.c03e82bc2bd0d6d2,"",%progbits
  17 0000 789C6366 		.ascii	"x\234cf```a\200\000F\006OA\000\001\027\000c"
  17      60606061 
  17      80004606 
  17      4F410001 
  17      170063
  18              		.text
  19              		.section	.gnu.lto_.jmpfuncs.c03e82bc2bd0d6d2,"",%progbits
  20 0000 789C6366 		.ascii	"x\234cf\300\016\032\2404\023\0103}db\374\376\347x+\377"
  20      C00E1AA0 
  20      34130833 
  20      7D6462FC 
  20      FEE7782B 
  21 0015 0BA69F4C 		.ascii	"\013\246\237L\014\354\014\214\313\031\245\030@\202\353"
  21      0CEC0C8C 
  21      CB19A518 
  21      4082EB
  22 0024 E77FFDC7 		.ascii	"\347\177\375\307\010\026df`\\\001\022\004\211~\376\367"
  22      08166466 
  22      605C0112 
  22      04897EFE 
  22      F7
  23 0035 792F1358 		.ascii	"y/\023X\224\215\201q%H\024!\327\337\262\355\036\033"
  23      948D8171 
  23      25481421 
  23      D7DFB2ED 
  23      1E1B
  24 0047 588E9581 		.ascii	"X\216\225\201q\025\\\216\221\201\201\221\011l,\220Z"
  24      71155C8E 
  24      91818191 
  24      096C2C90 
  24      5A
  25 0058 09A140B2 		.ascii	"\011\241@\262\014\000\177\300\037\343"
  25      0C007FC0 
  25      1FE3
  26              		.text
  27              		.section	.gnu.lto_.inline.c03e82bc2bd0d6d2,"",%progbits
  28 0000 789C6366 		.ascii	"x\234cf\300\016|\2414\023\003\003\217\032#\210b`[ \017"
  28      C00E7CA1 
  28      34130303 
  28      8F1A2388 
  28      62605B20 
ARM GAS  /tmp/ccNziz3x.s 			page 2


  29 0015 A2189879 		.ascii	"\242\030\230y\300\302\250\024#\003\2472\2522&n\220("
  29      C0C2A814 
  29      2303A732 
  29      AA32266E 
  29      9028
  30 0027 32C90000 		.ascii	"2\311\000\000\203\313\002\243"
  30      83CB02A3 
  31              		.text
  32              		.section	.gnu.lto_.pureconst.c03e82bc2bd0d6d2,"",%progbits
  33 0000 789C6366 		.ascii	"x\234cf```e\200\000&\006\011F\011\000\000\361\000<"
  33      60606065 
  33      80002606 
  33      09460900 
  33      00F1003C 
  34              		.text
  35              		.section	.gnu.lto_irqInit.c03e82bc2bd0d6d2,"",%progbits
  36 0000 789C6366 		.ascii	"x\234cf\300\004R@\354\305\310\300`\016\244\031\231\031"
  36      C0045240 
  36      ECC5C8C0 
  36      600EA419 
  36      9919
  37 0012 1899269C 		.ascii	"\030\231&\234c`h\344`bd\0041\030\030\031\352\231\030"
  37      636068E4 
  37      60626404 
  37      31181819 
  37      EA9918
  38 0025 EB195F32 		.ascii	"\353\031_2}db\234p`\365\014n\365\245\015\015\015\037"
  38      7D64629C 
  38      7060F50C 
  38      6EF5A50D 
  38      0D0D1F
  39 0038 9AAE4AB4 		.ascii	"\232\256J\264J\374db`\370\314\0041\206q9\243:\003P\315"
  39      4AFC6462 
  39      60F8CC04 
  39      31867139 
  39      A33A0350 
  40 004d C796BFD7 		.ascii	"\307\226\277\327\271\331Z\200j\004 r\214+\030\331\200"
  40      B9D95A80 
  40      6A042072 
  40      8C2B18D9 
  40      80
  41 005e C633AC17 		.ascii	"\3063\254\027:\320\360\377\377\342i\177\256\262\260"
  41      3AD0F0FF 
  41      FFE2697F 
  41      AEB2B0
  42 006d 32303C01 		.ascii	"20<\001J\201\314\177\312\304\004\242\231\3570\266\036"
  42      4A81CC7F 
  42      CAC404A2 
  42      99EF30B6 
  42      1E
  43 007e B87E8A11 		.ascii	"\270~\212\021\244\030d\312\274\313}\353\230j\1777t4"
  43      A41864CA 
  43      BCCB7DEB 
  43      986A7F37 
  43      7434
  44 0090 70FC6462 		.ascii	"p\374db\374\314\0044\200q%c-H\252\277e\333=\266\027"
  44      FCCC0434 
ARM GAS  /tmp/ccNziz3x.s 			page 3


  44      80712563 
  44      2D48AABF 
  44      65DB3DB6 
  45 00a5 4C3F9998 		.ascii	"L?\231\230X\031\030W1J\001\205\326\317\377\372\217\021"
  45      58191857 
  45      314A0185 
  45      D6CFFFFA 
  45      8F11
  46 00b7 2C0474FF 		.ascii	",\004t\377jF\251\237@\032d\340\015.|\346\255\201\230"
  46      6A46A99F 
  46      401A64E0 
  46      0D2E7CE6 
  46      AD8198
  47 00ca F7F9DFE7 		.ascii	"\367\371\337\347\275L`\315l\014\214k\031\245\220\015"
  47      BD4C60CD 
  47      6C0C8C6B 
  47      19A5900D 
  48 00da B885D780 		.ascii	"\270\205\327\200u\020\003\276\3779\336\312\0176\200"
  48      751003BE 
  48      FF39DECA 
  48      0F3680
  49 00e9 9D81713D 		.ascii	"\235\201q=\302\200{\214\215\007\356{\201\015`\000y\230"
  49      C2807B8C 
  49      8D07EE7B 
  49      810D6000 
  49      7998
  50 00fb 11E451A0 		.ascii	"\021\344Q\240\267M\365\364\364\341(\277X?#1G\277 \277"
  50      B74DF5F4 
  50      F4E128BF 
  50      583F2331 
  50      47BF20BF 
  51 010f A8A4583F 		.ascii	"\250\244X?8\304\327\330\010B\272\031TT\350\027\227\344"
  51      38C4D7D8 
  51      0842BA19 
  51      5454E817 
  51      97E4
  52 0121 1A1BC567 		.ascii	"\032\033\305g\026\027\351%3\000\000\226i\204I"
  52      1617E925 
  52      33000096 
  52      698449
  53              		.text
  54              		.section	.gnu.lto_irqDeinit.c03e82bc2bd0d6d2,"",%progbits
  55 0000 789C6366 		.ascii	"x\234cf\300\004R@\254\317\310\300`\016\244\031\231\031"
  55      C0045240 
  55      ACCFC8C0 
  55      600EA419 
  55      9919
  56 0012 1899269C 		.ascii	"\030\231&\234c`h\344`bd\0041\030\030\031\352\231\030"
  56      636068E4 
  56      60626404 
  56      31181819 
  56      EA9918
  57 0025 EB195F32 		.ascii	"\353\031_2}db\234p`\365\014n\365\245\015\015\015\037"
  57      7D64629C 
  57      7060F50C 
  57      6EF5A50D 
  57      0D0D1F
ARM GAS  /tmp/ccNziz3x.s 			page 4


  58 0038 1E5D9768 		.ascii	"\036]\227h\225\370\311\304\300\360\231\011b\014\343"
  58      95F8C9C4 
  58      C0F09909 
  58      620CE3
  59 0047 72467506 		.ascii	"rFu\006\240\232\217-\177\257s\263\265\000\325\010@\344"
  59      A09A8F2D 
  59      7FAF73B3 
  59      B500D508 
  59      40E4
  60 0059 185730B2 		.ascii	"\030W0\262\001\215gX/t\240\341\377\377\305\323\357\334"
  60      018D6758 
  60      2F74A0E1 
  60      FFFFC5D3 
  60      EFDC
  61 006b 64616560 		.ascii	"dae`x\002\224\002\231\377\224\211\011D3\337al90\371"
  61      78029402 
  61      99FF9489 
  61      094433DF 
  61      616C3930 
  62 0080 34234831 		.ascii	"4#H1\310\224y\227\373\3261\325\376n\350h\340\370\311"
  62      C8947997 
  62      FBD631D5 
  62      FE6EE868 
  62      E0F8C9
  63 0093 C4F89909 		.ascii	"\304\370\231\011h\000\343J\306Z\220T\177\313\266{l/"
  63      6800E34A 
  63      C65A9054 
  63      7FCBB67B 
  63      6C2F
  64 00a5 987E3231 		.ascii	"\230~21\26120\256b\224\372\311\304\314\000\322=\205"
  64      B13230AE 
  64      6294FAC9 
  64      C4CC00D2 
  64      3D85
  65 00b7 1B9FE6D5 		.ascii	"\033\237\346\325\020\315\237\377}\336\313\004\326\314"
  65      10CD9FFF 
  65      7DDECB04 
  65      D6CC
  66 00c5 C6C0B806 		.ascii	"\306\300\270\006\241y\032^\315k!\232\277\3779\336\312"
  66      A1791A5E 
  66      CD6B219A 
  66      BFFF39DE 
  66      CA
  67 00d6 0FD6CCCE 		.ascii	"\017\326\314\316\300\270\016\242\371\036c\343\201\331"
  67      C0B80EA2 
  67      F91E63E3 
  67      81D9
  68 00e4 DE60CD0C 		.ascii	"\336`\315\014 _1\202|\003\364\233\251\236\236>\034\345"
  68      205F3182 
  68      7C03F49B 
  68      A99E9E3E 
  68      1CE5
  69 00f6 17EB6724 		.ascii	"\027\353g$\346\350\027\344\027\225\024\353\007\207\370"
  69      E6E817E4 
  69      179514EB 
  69      0787F8
  70 0105 1A1B4148 		.ascii	"\032\033AH7\203\212\012\375\342\222\\c\243\370\314\342"
ARM GAS  /tmp/ccNziz3x.s 			page 5


  70      37838A0A 
  70      FDE2925C 
  70      63A3F8CC 
  70      E2
  71 0116 22BD6406 		.ascii	"\"\275d\006\000B\300z\355"
  71      0042C07A 
  71      ED
  72              		.text
  73              		.section	.gnu.lto_.symbol_nodes.c03e82bc2bd0d6d2,"",%progbits
  74 0000 789C4DC8 		.ascii	"x\234M\310\273\021\2000\014\004\321=9\241`r\271\004"
  74      BB118030 
  74      0C04D13D 
  74      39A16072 
  74      B904
  75 0012 2A60085C 		.ascii	"*`\010\\\01215\020\020\362\351\200\301\036\024X\311"
  75      0A313510 
  75      10F2E980 
  75      C11E1458 
  75      C9
  76 0023 D36D0246 		.ascii	"\323m\002F\342\354\224\303\264\201;\3632`\227\\}\320"
  76      E2EC94C3 
  76      B4813BF3 
  76      3260975C 
  76      7DD0
  77 0035 2DB73F90 		.ascii	"-\267?\220s\335\217<u;a\224\375Us\015\217f\375J\270"
  77      73DD8F3C 
  77      753B6194 
  77      FD55730D 
  77      8F66FD4A 
  78 004a 86ADF301 		.ascii	"\206\255\363\001\334>#>"
  78      DC3E233E 
  79              		.text
  80              		.section	.gnu.lto_.refs.c03e82bc2bd0d6d2,"",%progbits
  81 0000 789C6366 		.ascii	"x\234cf```d\200\002\000\000=\000\005"
  81      60606064 
  81      80020000 
  81      3D0005
  82              		.text
  83              		.section	.gnu.lto_.decls.c03e82bc2bd0d6d2,"",%progbits
  84 0000 789C7592 		.ascii	"x\234u\222ML\023A\024\307g\272k\261\353\006\320\003"
  84      4D4C1341 
  84      14C767BA 
  84      6BB1EB06 
  84      D003
  85 0012 24C4C4EA 		.ascii	"$\304\304\352\201\023v\025\342Y\015\250\361\200!*^<"
  85      81137615 
  85      E2590DA8 
  85      F180212A 
  85      5E3C
  86 0024 3450D6B0 		.ascii	"4P\326\260I\331bw\253p\033\250\321\306\324\000MH\370"
  86      49D96277 
  86      AB701BA8 
  86      D1C6D400 
  86      4D48F8
  87 0037 5024A12A 		.ascii	"P$\241*\337V>\252P\332B\"X\023ML\204\240\361 xP\017"
  87      DF563EAA 
  87      50DA4222 
ARM GAS  /tmp/ccNziz3x.s 			page 6


  87      58134D4C 
  87      84A0F120 
  88 004e 8660A2A8 		.ascii	"\206`\242\250Q\251o\247--\261\235\364\355\314\274y\377"
  88      51A96FA7 
  88      2D2DB19D 
  88      F4EDCCBC 
  88      79FF
  89 0060 FFFCE6A5 		.ascii	"\377\374\346\245\014B\250\037\"\012\243\222A(\013#\004"
  89      0C42A81F 
  89      220AA392 
  89      41280B23 
  89      04
  90 0071 13AA8080 		.ascii	"\023\252\200\200%\362\241\330`!& \374\020\001\2100\372"
  90      25F2A1D8 
  90      60212620 
  90      FC100188 
  90      30FA
  91 0083 7F4CC4EB 		.ascii	"\177L\304\3534\355l\\;\025?\323\305\317\003it\376\024"
  91      34ED6C5C 
  91      3B153FD3 
  91      C5CF0369 
  91      74FE14
  92 0096 DD5C5C17 		.ascii	"\335\\\\\027L\321\3713\334\367U\207\247F\277\275\334"
  92      4CD1F933 
  92      DCF75587 
  92      A746BFBD 
  92      DC
  93 00a7 F55987B3 		.ascii	"\365Y\207\2639\243\266\235\366D:\364\260\3459V\333\206"
  93      39A3B69D 
  93      F6443AF4 
  93      B0E53956 
  93      DB86
  94 00b9 433F1738 		.ascii	"C?\0278F\207\265u_\307\352\"W4H\010q\221\33178i\341"
  94      4687B575 
  94      5FC7EA22 
  94      57344808 
  94      7191D937 
  95 00d0 76AD3CE7 		.ascii	"v\255<\347\230=\264\250\351~\300\235\005\372\375\034"
  95      983DB4A8 
  95      E97EC09D 
  95      05FAFD1C 
  96 00e0 3D7ADFFD 		.ascii	"=z\337\375\313k\240[\255=9\220\322E>\222\276l\\\310"
  96      CB6BA05B 
  96      AD3D3990 
  96      D2453E92 
  96      BE6C5CC8 
  97 00f4 79C1683D 		.ascii	"y\301h=\350Y\330K\010\213\037b\016\017a\006\017\342"
  97      E859D84B 
  97      088B1F62 
  97      0E0F6106 
  97      0FE2
  98 0106 22AD6D9A 		.ascii	"\"\255m\232Z\033.B\232I\253\223\030\"\331\010?\300\005"
  98      5A1B2E42 
  98      9A49AB93 
  98      1822D908 
  98      3FC005
  99 0119 B81F1720 		.ascii	"\270\037\027 <\212\013\241\202\326\342aH\216@\022\214"
ARM GAS  /tmp/ccNziz3x.s 			page 7


  99      3C8A0BA1 
  99      82D6E261 
  99      488E4012 
  99      8C
 100 012a E7FF84AE 		.ascii	"\347\377\204\256\355\300\\az\321\2434\"\212\320\355"
 100      EDC05C61 
 100      7AD1A334 
 100      228AD0ED 
 101 013a F4E46908 		.ascii	"\364\344i\010>@\030H\"\000Q\214A;\200\227\004~\177X"
 101      3E401848 
 101      2200518C 
 101      413B8097 
 101      047E7F58 
 102 014e 64F3DB41 		.ascii	"d\363\333A\241y\347\262\270\"o\313\034\3411\234\017"
 102      A179E7B2 
 102      B8226FCB 
 102      1CE1319C 
 102      0F
 103 015f DF8B6CAC 		.ascii	"\337\213l\254!\003\203\316\250\216\221iC\226\226\275"
 103      210383CE 
 103      A88E9169 
 103      439696BD 
 104 016f 8FB38C3D 		.ascii	"\217\263\214=\244\327\267\276\346\034<\334Iz\233\311"
 104      A4D7B7BE 
 104      E61C3CDC 
 104      497A9BC9 
 105 017f 66348AA9 		.ascii	"f4\212\251\006\217o]\210\264u\354\302\011l\004\341f"
 105      068F6F5D 
 105      88B475EC 
 105      C2096C04 
 105      E166
 106 0191 D7DB5596 		.ascii	"\327\333U\226\031\306\324\305\263\321\371\203\247.\275"
 106      19C6D4C5 
 106      B3D1F983 
 106      A72EBD
 107 01a0 A17BFA08 		.ascii	"\241{\372\010\231\215F\217R\203\311\024\203\311\204"
 107      998D468F 
 107      5283C914 
 107      83C984
 108 01af 819F1AB8 		.ascii	"\201\237\032\270F|3\006V\027{\201\306\006\271\256W\303"
 108      467C3306 
 108      56177B81 
 108      C606B9AE 
 108      57C3
 109 01c1 DDFC56EE 		.ascii	"\335\374V\3561\246\311\221\226\357O\371\214O\233\242"
 109      31A6C991 
 109      96EF4FF9 
 109      8C4F9BA2 
 110 01d1 4F7B82E3 		.ascii	"O{\202\343o\033[\034\352\341\030\177\014k1\334\324\257"
 110      6F1B5B1C 
 110      EAE1187F 
 110      0C6B31DC 
 110      D4AF
 111 01e3 07AC15B2 		.ascii	"\007\254\025\262\336\362\354\323\2616g\253\227\254D"
 111      DEF2ECD3 
 111      B13667AB 
 111      97AC44
ARM GAS  /tmp/ccNziz3x.s 			page 8


 112 01f2 A3FBA80A 		.ascii	"\243\373\250\012O\247\260M'\330\002\031\331\336\215"
 112      4FA7B04D 
 112      27D80219 
 112      D9DE8D
 113 0201 6FAEE564 		.ascii	"o\256\345d\304\010R\214\231\004\306\013\367\215y\236"
 113      C408528C 
 113      9904C60B 
 113      F78D799E 
 114 0211 D98861B4 		.ascii	"\331\210a\264\266}\371\233C1z\357\366]7\306\333\003"
 114      B67DF99B 
 114      43317AEF 
 114      F65D37C6 
 114      DB03
 115 0223 0A1C4A41 		.ascii	"\012\034JA\010%\020\302\024\301}{\371\016\317\337L\376"
 115      082510C2 
 115      14C17D7B 
 115      F90ECFDF 
 115      4CFE
 116 0235 592873F2 		.ascii	"Y(s\362\302Y\314\323j\230\241\372u\373\255%\303\266"
 116      C259CCD3 
 116      6A98A1FA 
 116      75FBAD25 
 116      C3B6
 117 0247 EAE0B6EA 		.ascii	"\352\340\266\352\271x\2656\357tH\262ZRlV\365\247\316"
 117      B978B536 
 117      EF7448B2 
 117      5A526C56 
 117      F5A7CE
 118 025a 541A4B11 		.ascii	"T\032K\021g6'2\007\005\207b\027$\331bu\324\210\202,"
 118      67362732 
 118      07058762 
 118      1724D962 
 118      75D48882 
 119 026f 5EB54AD5 		.ascii	"^\265J\325B]\225\245V\222E\301\\#^\252rXU\263\332X/"
 119      425D95A5 
 119      569245C1 
 119      5C235EAA 
 119      725855B3 
 120 0286 2AA65A74 		.ascii	"*\246Zt ]\265\322\250\010fE\255\001G(\311\222\354\227"
 120      205DB5D2 
 120      A8086645 
 120      AD014728 
 120      C992EC97 
 121 029a 4FCB927A 		.ascii	"O\313\222z\304d\022\266~6E\250\255\262\012\3656\273"
 121      C46412B6 
 121      7E3645A8 
 121      ADB20AF5 
 121      36BB
 122 02ac AA08E7CE 		.ascii	"\252\010\347\316\227\227\024\307\276'\01754\010\212"
 122      979714C7 
 122      BE270F35 
 122      34088A
 123 02bb 5A072492 		.ascii	"Z\007$\222b7Y\220\001\324e\242\004\372\\\371\212d9!"
 123      62375990 
 123      01D465A2 
 123      04FA5CF9 
 123      8A643921 
ARM GAS  /tmp/ccNziz3x.s 			page 9


 124 02cf 57555BC5 		.ascii	"WU[\305\013\242E\265\331M\031\015-\266\272:\233,\034"
 124      0BA245B5 
 124      D94D190D 
 124      2DB6BA3A 
 124      9B2C1C
 125 02e2 3F5B5E5A 		.ascii	"?[^Z\336 h:\340\330\255\315e\222\2224\370\007\011\026"
 125      DE20683A 
 125      E0D8ADCD 
 125      65929234 
 125      F8070916 
 126 02f6 68F0     		.ascii	"h\360"
 127              		.text
 128              		.section	.gnu.lto_.symtab.c03e82bc2bd0d6d2,"",%progbits
 129 0000 69727149 		.ascii	"irqInit\000\000\000\000\000\000\000\000\000\000\000"
 129      6E697400 
 129      00000000 
 129      00000000 
 129      0000
 130 0012 00B40000 		.ascii	"\000\264\000\000\000irqDeinit\000\000\000\000\000\000"
 130      00697271 
 130      4465696E 
 130      69740000 
 130      00000000 
 131 0026 00000000 		.ascii	"\000\000\000\000\000\000\266\000\000\000nvicEnableV"
 131      0000B600 
 131      00006E76 
 131      6963456E 
 131      61626C65 
 132 003b 6563746F 		.ascii	"ector\000\000\002\000\000\000\000\000\000\000\000\000"
 132      72000002 
 132      00000000 
 132      00000000 
 132      00
 133 004c BB000000 		.ascii	"\273\000\000\000nvicDisableVector\000\000\002\000\000"
 133      6E766963 
 133      44697361 
 133      626C6556 
 133      6563746F 
 134 0066 00000000 		.ascii	"\000\000\000\000\000\000\000\277\000\000\000"
 134      000000BF 
 134      000000
 135              		.text
 136              		.section	.gnu.lto_.opts,"",%progbits
 137 0000 272D666E 		.ascii	"'-fno-trapv' '-mcpu=cortex-m0' '-mthumb' '-ggdb' '-"
 137      6F2D7472 
 137      61707627 
 137      20272D6D 
 137      6370753D 
 138 0033 4F332720 		.ascii	"O3' '-fomit-frame-pointer' '-falign-functions=16' '"
 138      272D666F 
 138      6D69742D 
 138      6672616D 
 138      652D706F 
 139 0066 2D666675 		.ascii	"-ffunction-sections' '-fdata-sections' '-fno-common"
 139      6E637469 
 139      6F6E2D73 
 139      65637469 
ARM GAS  /tmp/ccNziz3x.s 			page 10


 139      6F6E7327 
 140 0099 2720272D 		.ascii	"' '-flto'\000"
 140      666C746F 
 140      2700
 141              		.text
 142              		.comm	__gnu_lto_v1,1,1
 143              		.comm	__gnu_lto_slim,1,1
 144              		.ident	"GCC: (15:4.9.3+svn231177-1) 4.9.3 20150529 (prerelease)"
ARM GAS  /tmp/ccNziz3x.s 			page 11


DEFINED SYMBOLS
                            *ABS*:0000000000000000 stm32_isr.c
                            *COM*:0000000000000001 __gnu_lto_v1
                            *COM*:0000000000000001 __gnu_lto_slim

NO UNDEFINED SYMBOLS
